#! /usr/bin/vvp
:ivl_version "10.1 (stable)";
:ivl_delay_selection "TYPICAL";
:vpi_time_precision + 0;
:vpi_module "system";
:vpi_module "vhdl_sys";
:vpi_module "v2005_math";
:vpi_module "va_math";
S_0x560373c1c740 .scope module, "top" "top" 2 2;
 .timescale 0 0;
v0x560373c3cef0_0 .var "a", 15 0;
v0x560373c3cfd0_0 .var "direction", 0 0;
v0x560373c3d0a0_0 .net "out", 15 0, L_0x560373c3d270;  1 drivers
v0x560373c3d1a0_0 .var "select", 3 0;
S_0x560373c1c8c0 .scope module, "b1" "bshift" 2 8, 3 2 0, S_0x560373c1c740;
 .timescale 0 0;
    .port_info 0 /INPUT 16 "a"
    .port_info 1 /INPUT 4 "select"
    .port_info 2 /INPUT 1 "direction"
    .port_info 3 /OUTPUT 16 "out"
L_0x560373c3d270 .functor BUFZ 16, v0x560373c3caa0_0, C4<0000000000000000>, C4<0000000000000000>, C4<0000000000000000>;
v0x560373c1ca40_0 .net "a", 15 0, v0x560373c3cef0_0;  1 drivers
v0x560373c3c840_0 .net "direction", 0 0, v0x560373c3cfd0_0;  1 drivers
v0x560373c3c900_0 .net "out", 15 0, L_0x560373c3d270;  alias, 1 drivers
v0x560373c3c9c0_0 .net "select", 3 0, v0x560373c3d1a0_0;  1 drivers
v0x560373c3caa0_0 .var "w0", 15 0;
v0x560373c3cbd0_0 .var "w1", 15 0;
v0x560373c3ccb0_0 .var "w2", 15 0;
v0x560373c3cd90_0 .var "w3", 15 0;
E_0x560373c11170/0 .event edge, v0x560373c3c840_0, v0x560373c3c9c0_0, v0x560373c1ca40_0, v0x560373c3cd90_0;
E_0x560373c11170/1 .event edge, v0x560373c3ccb0_0, v0x560373c3cbd0_0;
E_0x560373c11170 .event/or E_0x560373c11170/0, E_0x560373c11170/1;
    .scope S_0x560373c1c8c0;
T_0 ;
    %wait E_0x560373c11170;
    %load/vec4 v0x560373c3c840_0;
    %flag_set/vec4 8;
    %jmp/0xz  T_0.0, 8;
    %load/vec4 v0x560373c3c9c0_0;
    %parti/s 1, 0, 2;
    %flag_set/vec4 8;
    %jmp/0 T_0.2, 8;
    %pushi/vec4 0, 0, 1;
    %load/vec4 v0x560373c1ca40_0;
    %parti/s 15, 1, 2;
    %concat/vec4; draw_concat_vec4
    %jmp/1 T_0.3, 8;
T_0.2 ; End of true expr.
    %load/vec4 v0x560373c1ca40_0;
    %jmp/0 T_0.3, 8;
 ; End of false expr.
    %blend;
T_0.3;
    %assign/vec4 v0x560373c3cd90_0, 0;
    %load/vec4 v0x560373c3c9c0_0;
    %parti/s 1, 1, 2;
    %flag_set/vec4 8;
    %jmp/0 T_0.4, 8;
    %pushi/vec4 0, 0, 2;
    %load/vec4 v0x560373c3cd90_0;
    %parti/s 14, 2, 3;
    %concat/vec4; draw_concat_vec4
    %jmp/1 T_0.5, 8;
T_0.4 ; End of true expr.
    %load/vec4 v0x560373c3cd90_0;
    %jmp/0 T_0.5, 8;
 ; End of false expr.
    %blend;
T_0.5;
    %assign/vec4 v0x560373c3ccb0_0, 0;
    %load/vec4 v0x560373c3c9c0_0;
    %parti/s 1, 2, 3;
    %flag_set/vec4 8;
    %jmp/0 T_0.6, 8;
    %pushi/vec4 0, 0, 4;
    %load/vec4 v0x560373c3ccb0_0;
    %parti/s 12, 4, 4;
    %concat/vec4; draw_concat_vec4
    %jmp/1 T_0.7, 8;
T_0.6 ; End of true expr.
    %load/vec4 v0x560373c3ccb0_0;
    %jmp/0 T_0.7, 8;
 ; End of false expr.
    %blend;
T_0.7;
    %assign/vec4 v0x560373c3cbd0_0, 0;
    %load/vec4 v0x560373c3c9c0_0;
    %parti/s 1, 3, 3;
    %flag_set/vec4 8;
    %jmp/0 T_0.8, 8;
    %pushi/vec4 0, 0, 8;
    %load/vec4 v0x560373c3cbd0_0;
    %parti/s 8, 8, 5;
    %concat/vec4; draw_concat_vec4
    %jmp/1 T_0.9, 8;
T_0.8 ; End of true expr.
    %load/vec4 v0x560373c3cbd0_0;
    %jmp/0 T_0.9, 8;
 ; End of false expr.
    %blend;
T_0.9;
    %assign/vec4 v0x560373c3caa0_0, 0;
    %jmp T_0.1;
T_0.0 ;
    %load/vec4 v0x560373c3c9c0_0;
    %parti/s 1, 0, 2;
    %flag_set/vec4 8;
    %jmp/0 T_0.10, 8;
    %load/vec4 v0x560373c1ca40_0;
    %parti/s 15, 0, 2;
    %concati/vec4 0, 0, 1;
    %jmp/1 T_0.11, 8;
T_0.10 ; End of true expr.
    %load/vec4 v0x560373c1ca40_0;
    %jmp/0 T_0.11, 8;
 ; End of false expr.
    %blend;
T_0.11;
    %assign/vec4 v0x560373c3cd90_0, 0;
    %load/vec4 v0x560373c3c9c0_0;
    %parti/s 1, 1, 2;
    %flag_set/vec4 8;
    %jmp/0 T_0.12, 8;
    %load/vec4 v0x560373c3cd90_0;
    %parti/s 14, 0, 2;
    %concati/vec4 0, 0, 2;
    %jmp/1 T_0.13, 8;
T_0.12 ; End of true expr.
    %load/vec4 v0x560373c3cd90_0;
    %jmp/0 T_0.13, 8;
 ; End of false expr.
    %blend;
T_0.13;
    %assign/vec4 v0x560373c3ccb0_0, 0;
    %load/vec4 v0x560373c3c9c0_0;
    %parti/s 1, 2, 3;
    %flag_set/vec4 8;
    %jmp/0 T_0.14, 8;
    %load/vec4 v0x560373c3ccb0_0;
    %parti/s 12, 0, 2;
    %concati/vec4 0, 0, 4;
    %jmp/1 T_0.15, 8;
T_0.14 ; End of true expr.
    %load/vec4 v0x560373c3ccb0_0;
    %jmp/0 T_0.15, 8;
 ; End of false expr.
    %blend;
T_0.15;
    %assign/vec4 v0x560373c3cbd0_0, 0;
    %load/vec4 v0x560373c3c9c0_0;
    %parti/s 1, 3, 3;
    %flag_set/vec4 8;
    %jmp/0 T_0.16, 8;
    %load/vec4 v0x560373c3cbd0_0;
    %parti/s 8, 0, 2;
    %concati/vec4 0, 0, 8;
    %jmp/1 T_0.17, 8;
T_0.16 ; End of true expr.
    %load/vec4 v0x560373c3cbd0_0;
    %jmp/0 T_0.17, 8;
 ; End of false expr.
    %blend;
T_0.17;
    %assign/vec4 v0x560373c3caa0_0, 0;
T_0.1 ;
    %jmp T_0;
    .thread T_0, $push;
    .scope S_0x560373c1c740;
T_1 ;
    %pushi/vec4 11, 0, 16;
    %store/vec4 v0x560373c3cef0_0, 0, 16;
    %pushi/vec4 2, 0, 4;
    %store/vec4 v0x560373c3d1a0_0, 0, 4;
    %pushi/vec4 0, 0, 1;
    %store/vec4 v0x560373c3cfd0_0, 0, 1;
    %end;
    .thread T_1;
    .scope S_0x560373c1c740;
T_2 ;
    %vpi_call 2 15 "$monitor", "a=%b   out=%b", v0x560373c3cef0_0, v0x560373c3d0a0_0 {0 0 0};
    %end;
    .thread T_2;
# The file index is used to find the file name in the following table.
:file_names 4;
    "N/A";
    "<interactive>";
    "tb.v";
    "./bshift.v";
