#! /usr/local/Cellar/icarus-verilog/10.2_1/bin/vvp
:ivl_version "10.2 (stable)" "(v10_2)";
:ivl_delay_selection "TYPICAL";
:vpi_time_precision + 0;
:vpi_module "system";
:vpi_module "vhdl_sys";
:vpi_module "v2005_math";
:vpi_module "va_math";
S_0x7fa5f6f038d0 .scope module, "top" "top" 2 3;
 .timescale 0 0;
v0x7fa5f6f36e00_0 .var "a", 15 0;
v0x7fa5f6f36e90_0 .var "b", 15 0;
v0x7fa5f6f36f30_0 .var "cin", 0 0;
v0x7fa5f6f37000_0 .net "overflow", 0 0, L_0x7fa5f6f527e0;  1 drivers
v0x7fa5f6f37090_0 .net "sum", 15 0, L_0x7fa5f6f52100;  1 drivers
S_0x7fa5f6f03a30 .scope module, "main_0" "RCA" 2 11, 3 5 0, S_0x7fa5f6f038d0;
 .timescale 0 0;
    .port_info 0 /INPUT 16 "a"
    .port_info 1 /INPUT 16 "b"
    .port_info 2 /OUTPUT 1 "overflow"
    .port_info 3 /INPUT 1 "cin"
    .port_info 4 /OUTPUT 16 "sum"
L_0x7fa5f6f52100 .functor XOR 16, L_0x7fa5f6f37160, L_0x7fa5f6f50530, C4<0000000000000000>, C4<0000000000000000>;
L_0x7fa5f6f522f0 .functor XOR 1, L_0x7fa5f6f521b0, L_0x7fa5f6f52250, C4<0>, C4<0>;
L_0x7fa5f6f52500 .functor AND 1, L_0x7fa5f6f522f0, L_0x7fa5f6f523e0, C4<1>, C4<1>;
L_0x7fa5f6f526f0 .functor AND 1, L_0x7fa5f6f525b0, L_0x7fa5f6f52650, C4<1>, C4<1>;
v0x7fa5f6f360b0_0 .net *"_s10", 0 0, L_0x7fa5f6f52500;  1 drivers
v0x7fa5f6f36170_0 .net *"_s13", 0 0, L_0x7fa5f6f525b0;  1 drivers
v0x7fa5f6f36210_0 .net *"_s15", 0 0, L_0x7fa5f6f52650;  1 drivers
v0x7fa5f6f362c0_0 .net *"_s16", 0 0, L_0x7fa5f6f526f0;  1 drivers
v0x7fa5f6f36370_0 .net *"_s3", 0 0, L_0x7fa5f6f521b0;  1 drivers
v0x7fa5f6f36460_0 .net *"_s5", 0 0, L_0x7fa5f6f52250;  1 drivers
v0x7fa5f6f36510_0 .net *"_s6", 0 0, L_0x7fa5f6f522f0;  1 drivers
v0x7fa5f6f365c0_0 .net *"_s9", 0 0, L_0x7fa5f6f523e0;  1 drivers
v0x7fa5f6f36670_0 .net "a", 15 0, v0x7fa5f6f36e00_0;  1 drivers
v0x7fa5f6f36780_0 .net "b", 15 0, v0x7fa5f6f36e90_0;  1 drivers
v0x7fa5f6f36850_0 .net "cin", 0 0, v0x7fa5f6f36f30_0;  1 drivers
v0x7fa5f6f368e0_0 .net "final_kgp", 15 0, L_0x7fa5f6f50530;  1 drivers
v0x7fa5f6f36970_0 .net "kgp_one", 16 0, L_0x7fa5f6f3c1c0;  1 drivers
v0x7fa5f6f36a40_0 .net "kgp_two", 16 0, L_0x7fa5f6f3c070;  1 drivers
v0x7fa5f6f36b20_0 .net "overflow", 0 0, L_0x7fa5f6f527e0;  alias, 1 drivers
v0x7fa5f6f36bb0_0 .net "sum", 15 0, L_0x7fa5f6f52100;  alias, 1 drivers
v0x7fa5f6f36c50_0 .net "xor_output", 15 0, L_0x7fa5f6f37160;  1 drivers
L_0x7fa5f6f521b0 .part v0x7fa5f6f36e00_0, 15, 1;
L_0x7fa5f6f52250 .part v0x7fa5f6f36e90_0, 15, 1;
L_0x7fa5f6f523e0 .part L_0x7fa5f6f50530, 15, 1;
L_0x7fa5f6f525b0 .part v0x7fa5f6f36e00_0, 15, 1;
L_0x7fa5f6f52650 .part v0x7fa5f6f36e90_0, 15, 1;
L_0x7fa5f6f527e0 .arith/sum 1, L_0x7fa5f6f52500, L_0x7fa5f6f526f0;
S_0x7fa5f6f03b90 .scope module, "generate_kgp" "KGP" 3 17, 4 1 0, S_0x7fa5f6f03a30;
 .timescale 0 0;
    .port_info 0 /INPUT 16 "a"
    .port_info 1 /INPUT 16 "b"
    .port_info 2 /OUTPUT 17 "kgp_one"
    .port_info 3 /OUTPUT 17 "kgp_two"
    .port_info 4 /INPUT 1 "cin"
L_0x7fa5f6f3bfc0 .functor BUFZ 1, v0x7fa5f6f36f30_0, C4<0>, C4<0>, C4<0>;
v0x7fa5f6f1a860_0 .net *"_s132", 0 0, L_0x7fa5f6f3bfc0;  1 drivers
L_0x10a7b0008 .functor BUFT 1, C4<0>, C4<0>, C4<0>, C4<0>;
v0x7fa5f6f1a920_0 .net/2u *"_s136", 0 0, L_0x10a7b0008;  1 drivers
v0x7fa5f6f1a9c0_0 .net "a", 15 0, v0x7fa5f6f36e00_0;  alias, 1 drivers
v0x7fa5f6f1aa70_0 .net "b", 15 0, v0x7fa5f6f36e90_0;  alias, 1 drivers
v0x7fa5f6f1ab20_0 .net "cin", 0 0, v0x7fa5f6f36f30_0;  alias, 1 drivers
v0x7fa5f6f1ac00_0 .net "kgp_one", 16 0, L_0x7fa5f6f3c1c0;  alias, 1 drivers
v0x7fa5f6f1acb0_0 .net "kgp_two", 16 0, L_0x7fa5f6f3c070;  alias, 1 drivers
L_0x7fa5f6f37330 .part v0x7fa5f6f36e00_0, 0, 1;
L_0x7fa5f6f373d0 .part v0x7fa5f6f36e90_0, 0, 1;
L_0x7fa5f6f37560 .part v0x7fa5f6f36e00_0, 0, 1;
L_0x7fa5f6f37600 .part v0x7fa5f6f36e90_0, 0, 1;
L_0x7fa5f6f377d0 .part v0x7fa5f6f36e00_0, 1, 1;
L_0x7fa5f6f378a0 .part v0x7fa5f6f36e90_0, 1, 1;
L_0x7fa5f6f37a50 .part v0x7fa5f6f36e00_0, 1, 1;
L_0x7fa5f6f37c30 .part v0x7fa5f6f36e90_0, 1, 1;
L_0x7fa5f6f37df0 .part v0x7fa5f6f36e00_0, 2, 1;
L_0x7fa5f6f37ee0 .part v0x7fa5f6f36e90_0, 2, 1;
L_0x7fa5f6f38070 .part v0x7fa5f6f36e00_0, 2, 1;
L_0x7fa5f6f38170 .part v0x7fa5f6f36e90_0, 2, 1;
L_0x7fa5f6f38300 .part v0x7fa5f6f36e00_0, 3, 1;
L_0x7fa5f6f38410 .part v0x7fa5f6f36e90_0, 3, 1;
L_0x7fa5f6f385a0 .part v0x7fa5f6f36e00_0, 3, 1;
L_0x7fa5f6f386c0 .part v0x7fa5f6f36e90_0, 3, 1;
L_0x7fa5f6f38800 .part v0x7fa5f6f36e00_0, 4, 1;
L_0x7fa5f6f38930 .part v0x7fa5f6f36e90_0, 4, 1;
L_0x7fa5f6f38a90 .part v0x7fa5f6f36e00_0, 4, 1;
L_0x7fa5f6f38bd0 .part v0x7fa5f6f36e90_0, 4, 1;
L_0x7fa5f6f38d10 .part v0x7fa5f6f36e00_0, 5, 1;
L_0x7fa5f6f38b30 .part v0x7fa5f6f36e90_0, 5, 1;
L_0x7fa5f6f38f90 .part v0x7fa5f6f36e00_0, 5, 1;
L_0x7fa5f6f39230 .part v0x7fa5f6f36e90_0, 5, 1;
L_0x7fa5f6f37d10 .part v0x7fa5f6f36e00_0, 6, 1;
L_0x7fa5f6f395a0 .part v0x7fa5f6f36e90_0, 6, 1;
L_0x7fa5f6f396c0 .part v0x7fa5f6f36e00_0, 6, 1;
L_0x7fa5f6f39840 .part v0x7fa5f6f36e90_0, 6, 1;
L_0x7fa5f6f39920 .part v0x7fa5f6f36e00_0, 7, 1;
L_0x7fa5f6f39ab0 .part v0x7fa5f6f36e90_0, 7, 1;
L_0x7fa5f6f39bd0 .part v0x7fa5f6f36e00_0, 7, 1;
L_0x7fa5f6f39d70 .part v0x7fa5f6f36e90_0, 7, 1;
L_0x7fa5f6f39e10 .part v0x7fa5f6f36e00_0, 8, 1;
L_0x7fa5f6f39c70 .part v0x7fa5f6f36e90_0, 8, 1;
L_0x7fa5f6f3a0b0 .part v0x7fa5f6f36e00_0, 8, 1;
L_0x7fa5f6f39eb0 .part v0x7fa5f6f36e90_0, 8, 1;
L_0x7fa5f6f3a2f0 .part v0x7fa5f6f36e00_0, 9, 1;
L_0x7fa5f6f3a150 .part v0x7fa5f6f36e90_0, 9, 1;
L_0x7fa5f6f3a580 .part v0x7fa5f6f36e00_0, 9, 1;
L_0x7fa5f6f3a390 .part v0x7fa5f6f36e90_0, 9, 1;
L_0x7fa5f6f3a7e0 .part v0x7fa5f6f36e00_0, 10, 1;
L_0x7fa5f6f3a620 .part v0x7fa5f6f36e90_0, 10, 1;
L_0x7fa5f6f3aa70 .part v0x7fa5f6f36e00_0, 10, 1;
L_0x7fa5f6f3a880 .part v0x7fa5f6f36e90_0, 10, 1;
L_0x7fa5f6f3acf0 .part v0x7fa5f6f36e00_0, 11, 1;
L_0x7fa5f6f3ab10 .part v0x7fa5f6f36e90_0, 11, 1;
L_0x7fa5f6f3af80 .part v0x7fa5f6f36e00_0, 11, 1;
L_0x7fa5f6f3ad90 .part v0x7fa5f6f36e90_0, 11, 1;
L_0x7fa5f6f3b1e0 .part v0x7fa5f6f36e00_0, 12, 1;
L_0x7fa5f6f3b020 .part v0x7fa5f6f36e90_0, 12, 1;
L_0x7fa5f6f3b450 .part v0x7fa5f6f36e00_0, 12, 1;
L_0x7fa5f6f3b280 .part v0x7fa5f6f36e90_0, 12, 1;
L_0x7fa5f6f3b6d0 .part v0x7fa5f6f36e00_0, 13, 1;
L_0x7fa5f6f3b4f0 .part v0x7fa5f6f36e90_0, 13, 1;
L_0x7fa5f6f3b960 .part v0x7fa5f6f36e00_0, 13, 1;
L_0x7fa5f6f3b770 .part v0x7fa5f6f36e90_0, 13, 1;
L_0x7fa5f6f392d0 .part v0x7fa5f6f36e00_0, 14, 1;
L_0x7fa5f6f39370 .part v0x7fa5f6f36e90_0, 14, 1;
L_0x7fa5f6f39070 .part v0x7fa5f6f36e00_0, 14, 1;
L_0x7fa5f6f39110 .part v0x7fa5f6f36e90_0, 14, 1;
L_0x7fa5f6f3bc90 .part v0x7fa5f6f36e00_0, 15, 1;
L_0x7fa5f6f3ba00 .part v0x7fa5f6f36e90_0, 15, 1;
L_0x7fa5f6f3bf20 .part v0x7fa5f6f36e00_0, 15, 1;
L_0x7fa5f6f3bd30 .part v0x7fa5f6f36e90_0, 15, 1;
LS_0x7fa5f6f3c1c0_0_0 .concat8 [ 1 1 1 1], L_0x7fa5f6f3bfc0, L_0x7fa5f6f37470, L_0x7fa5f6f37940, L_0x7fa5f6f37f80;
LS_0x7fa5f6f3c1c0_0_4 .concat8 [ 1 1 1 1], L_0x7fa5f6f384b0, L_0x7fa5f6f38640, L_0x7fa5f6f38e60, L_0x7fa5f6f37af0;
LS_0x7fa5f6f3c1c0_0_8 .concat8 [ 1 1 1 1], L_0x7fa5f6f39760, L_0x7fa5f6f39fc0, L_0x7fa5f6f3a1f0, L_0x7fa5f6f3a6c0;
LS_0x7fa5f6f3c1c0_0_12 .concat8 [ 1 1 1 1], L_0x7fa5f6f3abb0, L_0x7fa5f6f3b0c0, L_0x7fa5f6f3b590, L_0x7fa5f6f39410;
LS_0x7fa5f6f3c1c0_0_16 .concat8 [ 1 0 0 0], L_0x7fa5f6f3baa0;
LS_0x7fa5f6f3c1c0_1_0 .concat8 [ 4 4 4 4], LS_0x7fa5f6f3c1c0_0_0, LS_0x7fa5f6f3c1c0_0_4, LS_0x7fa5f6f3c1c0_0_8, LS_0x7fa5f6f3c1c0_0_12;
LS_0x7fa5f6f3c1c0_1_4 .concat8 [ 1 0 0 0], LS_0x7fa5f6f3c1c0_0_16;
L_0x7fa5f6f3c1c0 .concat8 [ 16 1 0 0], LS_0x7fa5f6f3c1c0_1_0, LS_0x7fa5f6f3c1c0_1_4;
LS_0x7fa5f6f3c070_0_0 .concat8 [ 1 1 1 1], L_0x10a7b0008, L_0x7fa5f6f376a0, L_0x7fa5f6f37230, L_0x7fa5f6f38210;
LS_0x7fa5f6f3c070_0_4 .concat8 [ 1 1 1 1], L_0x7fa5f6f383a0, L_0x7fa5f6f388a0, L_0x7fa5f6f38db0, L_0x7fa5f6f394d0;
LS_0x7fa5f6f3c070_0_8 .concat8 [ 1 1 1 1], L_0x7fa5f6f399c0, L_0x7fa5f6f39f50, L_0x7fa5f6f3a430, L_0x7fa5f6f3a920;
LS_0x7fa5f6f3c070_0_12 .concat8 [ 1 1 1 1], L_0x7fa5f6f3ae30, L_0x7fa5f6f3b320, L_0x7fa5f6f3b810, L_0x7fa5f6f3bbe0;
LS_0x7fa5f6f3c070_0_16 .concat8 [ 1 0 0 0], L_0x7fa5f6f3bdd0;
LS_0x7fa5f6f3c070_1_0 .concat8 [ 4 4 4 4], LS_0x7fa5f6f3c070_0_0, LS_0x7fa5f6f3c070_0_4, LS_0x7fa5f6f3c070_0_8, LS_0x7fa5f6f3c070_0_12;
LS_0x7fa5f6f3c070_1_4 .concat8 [ 1 0 0 0], LS_0x7fa5f6f3c070_0_16;
L_0x7fa5f6f3c070 .concat8 [ 16 1 0 0], LS_0x7fa5f6f3c070_1_0, LS_0x7fa5f6f3c070_1_4;
S_0x7fa5f6f03d70 .scope generate, "genblk1[1]" "genblk1[1]" 4 12, 4 12 0, S_0x7fa5f6f03b90;
 .timescale 0 0;
P_0x7fa5f6f03ed0 .param/l "i" 0 4 12, +C4<01>;
L_0x7fa5f6f37470 .functor AND 1, L_0x7fa5f6f37330, L_0x7fa5f6f373d0, C4<1>, C4<1>;
L_0x7fa5f6f376a0 .functor XOR 1, L_0x7fa5f6f37560, L_0x7fa5f6f37600, C4<0>, C4<0>;
v0x7fa5f6f03f50_0 .net *"_s0", 0 0, L_0x7fa5f6f37330;  1 drivers
v0x7fa5f6f13fe0_0 .net *"_s1", 0 0, L_0x7fa5f6f373d0;  1 drivers
v0x7fa5f6f14090_0 .net *"_s2", 0 0, L_0x7fa5f6f37470;  1 drivers
v0x7fa5f6f14150_0 .net *"_s4", 0 0, L_0x7fa5f6f37560;  1 drivers
v0x7fa5f6f14200_0 .net *"_s5", 0 0, L_0x7fa5f6f37600;  1 drivers
v0x7fa5f6f142f0_0 .net *"_s6", 0 0, L_0x7fa5f6f376a0;  1 drivers
S_0x7fa5f6f143a0 .scope generate, "genblk1[2]" "genblk1[2]" 4 12, 4 12 0, S_0x7fa5f6f03b90;
 .timescale 0 0;
P_0x7fa5f6f14570 .param/l "i" 0 4 12, +C4<010>;
L_0x7fa5f6f37940 .functor AND 1, L_0x7fa5f6f377d0, L_0x7fa5f6f378a0, C4<1>, C4<1>;
L_0x7fa5f6f37230 .functor XOR 1, L_0x7fa5f6f37a50, L_0x7fa5f6f37c30, C4<0>, C4<0>;
v0x7fa5f6f145f0_0 .net *"_s0", 0 0, L_0x7fa5f6f377d0;  1 drivers
v0x7fa5f6f14690_0 .net *"_s1", 0 0, L_0x7fa5f6f378a0;  1 drivers
v0x7fa5f6f14740_0 .net *"_s2", 0 0, L_0x7fa5f6f37940;  1 drivers
v0x7fa5f6f14800_0 .net *"_s4", 0 0, L_0x7fa5f6f37a50;  1 drivers
v0x7fa5f6f148b0_0 .net *"_s5", 0 0, L_0x7fa5f6f37c30;  1 drivers
v0x7fa5f6f149a0_0 .net *"_s6", 0 0, L_0x7fa5f6f37230;  1 drivers
S_0x7fa5f6f14a50 .scope generate, "genblk1[3]" "genblk1[3]" 4 12, 4 12 0, S_0x7fa5f6f03b90;
 .timescale 0 0;
P_0x7fa5f6f14c10 .param/l "i" 0 4 12, +C4<011>;
L_0x7fa5f6f37f80 .functor AND 1, L_0x7fa5f6f37df0, L_0x7fa5f6f37ee0, C4<1>, C4<1>;
L_0x7fa5f6f38210 .functor XOR 1, L_0x7fa5f6f38070, L_0x7fa5f6f38170, C4<0>, C4<0>;
v0x7fa5f6f14ca0_0 .net *"_s0", 0 0, L_0x7fa5f6f37df0;  1 drivers
v0x7fa5f6f14d50_0 .net *"_s1", 0 0, L_0x7fa5f6f37ee0;  1 drivers
v0x7fa5f6f14e00_0 .net *"_s2", 0 0, L_0x7fa5f6f37f80;  1 drivers
v0x7fa5f6f14ec0_0 .net *"_s4", 0 0, L_0x7fa5f6f38070;  1 drivers
v0x7fa5f6f14f70_0 .net *"_s5", 0 0, L_0x7fa5f6f38170;  1 drivers
v0x7fa5f6f15060_0 .net *"_s6", 0 0, L_0x7fa5f6f38210;  1 drivers
S_0x7fa5f6f15110 .scope generate, "genblk1[4]" "genblk1[4]" 4 12, 4 12 0, S_0x7fa5f6f03b90;
 .timescale 0 0;
P_0x7fa5f6f152d0 .param/l "i" 0 4 12, +C4<0100>;
L_0x7fa5f6f384b0 .functor AND 1, L_0x7fa5f6f38300, L_0x7fa5f6f38410, C4<1>, C4<1>;
L_0x7fa5f6f383a0 .functor XOR 1, L_0x7fa5f6f385a0, L_0x7fa5f6f386c0, C4<0>, C4<0>;
v0x7fa5f6f15370_0 .net *"_s0", 0 0, L_0x7fa5f6f38300;  1 drivers
v0x7fa5f6f15400_0 .net *"_s1", 0 0, L_0x7fa5f6f38410;  1 drivers
v0x7fa5f6f154b0_0 .net *"_s2", 0 0, L_0x7fa5f6f384b0;  1 drivers
v0x7fa5f6f15570_0 .net *"_s4", 0 0, L_0x7fa5f6f385a0;  1 drivers
v0x7fa5f6f15620_0 .net *"_s5", 0 0, L_0x7fa5f6f386c0;  1 drivers
v0x7fa5f6f15710_0 .net *"_s6", 0 0, L_0x7fa5f6f383a0;  1 drivers
S_0x7fa5f6f157c0 .scope generate, "genblk1[5]" "genblk1[5]" 4 12, 4 12 0, S_0x7fa5f6f03b90;
 .timescale 0 0;
P_0x7fa5f6f159c0 .param/l "i" 0 4 12, +C4<0101>;
L_0x7fa5f6f38640 .functor AND 1, L_0x7fa5f6f38800, L_0x7fa5f6f38930, C4<1>, C4<1>;
L_0x7fa5f6f388a0 .functor XOR 1, L_0x7fa5f6f38a90, L_0x7fa5f6f38bd0, C4<0>, C4<0>;
v0x7fa5f6f15a40_0 .net *"_s0", 0 0, L_0x7fa5f6f38800;  1 drivers
v0x7fa5f6f15ad0_0 .net *"_s1", 0 0, L_0x7fa5f6f38930;  1 drivers
v0x7fa5f6f15b80_0 .net *"_s2", 0 0, L_0x7fa5f6f38640;  1 drivers
v0x7fa5f6f15c40_0 .net *"_s4", 0 0, L_0x7fa5f6f38a90;  1 drivers
v0x7fa5f6f15cf0_0 .net *"_s5", 0 0, L_0x7fa5f6f38bd0;  1 drivers
v0x7fa5f6f15de0_0 .net *"_s6", 0 0, L_0x7fa5f6f388a0;  1 drivers
S_0x7fa5f6f15e90 .scope generate, "genblk1[6]" "genblk1[6]" 4 12, 4 12 0, S_0x7fa5f6f03b90;
 .timescale 0 0;
P_0x7fa5f6f16050 .param/l "i" 0 4 12, +C4<0110>;
L_0x7fa5f6f38e60 .functor AND 1, L_0x7fa5f6f38d10, L_0x7fa5f6f38b30, C4<1>, C4<1>;
L_0x7fa5f6f38db0 .functor XOR 1, L_0x7fa5f6f38f90, L_0x7fa5f6f39230, C4<0>, C4<0>;
v0x7fa5f6f160f0_0 .net *"_s0", 0 0, L_0x7fa5f6f38d10;  1 drivers
v0x7fa5f6f16180_0 .net *"_s1", 0 0, L_0x7fa5f6f38b30;  1 drivers
v0x7fa5f6f16230_0 .net *"_s2", 0 0, L_0x7fa5f6f38e60;  1 drivers
v0x7fa5f6f162f0_0 .net *"_s4", 0 0, L_0x7fa5f6f38f90;  1 drivers
v0x7fa5f6f163a0_0 .net *"_s5", 0 0, L_0x7fa5f6f39230;  1 drivers
v0x7fa5f6f16490_0 .net *"_s6", 0 0, L_0x7fa5f6f38db0;  1 drivers
S_0x7fa5f6f16540 .scope generate, "genblk1[7]" "genblk1[7]" 4 12, 4 12 0, S_0x7fa5f6f03b90;
 .timescale 0 0;
P_0x7fa5f6f16700 .param/l "i" 0 4 12, +C4<0111>;
L_0x7fa5f6f37af0 .functor AND 1, L_0x7fa5f6f37d10, L_0x7fa5f6f395a0, C4<1>, C4<1>;
L_0x7fa5f6f394d0 .functor XOR 1, L_0x7fa5f6f396c0, L_0x7fa5f6f39840, C4<0>, C4<0>;
v0x7fa5f6f167a0_0 .net *"_s0", 0 0, L_0x7fa5f6f37d10;  1 drivers
v0x7fa5f6f16830_0 .net *"_s1", 0 0, L_0x7fa5f6f395a0;  1 drivers
v0x7fa5f6f168e0_0 .net *"_s2", 0 0, L_0x7fa5f6f37af0;  1 drivers
v0x7fa5f6f169a0_0 .net *"_s4", 0 0, L_0x7fa5f6f396c0;  1 drivers
v0x7fa5f6f16a50_0 .net *"_s5", 0 0, L_0x7fa5f6f39840;  1 drivers
v0x7fa5f6f16b40_0 .net *"_s6", 0 0, L_0x7fa5f6f394d0;  1 drivers
S_0x7fa5f6f16bf0 .scope generate, "genblk1[8]" "genblk1[8]" 4 12, 4 12 0, S_0x7fa5f6f03b90;
 .timescale 0 0;
P_0x7fa5f6f16db0 .param/l "i" 0 4 12, +C4<01000>;
L_0x7fa5f6f39760 .functor AND 1, L_0x7fa5f6f39920, L_0x7fa5f6f39ab0, C4<1>, C4<1>;
L_0x7fa5f6f399c0 .functor XOR 1, L_0x7fa5f6f39bd0, L_0x7fa5f6f39d70, C4<0>, C4<0>;
v0x7fa5f6f16e40_0 .net *"_s0", 0 0, L_0x7fa5f6f39920;  1 drivers
v0x7fa5f6f16f00_0 .net *"_s1", 0 0, L_0x7fa5f6f39ab0;  1 drivers
v0x7fa5f6f16fa0_0 .net *"_s2", 0 0, L_0x7fa5f6f39760;  1 drivers
v0x7fa5f6f17050_0 .net *"_s4", 0 0, L_0x7fa5f6f39bd0;  1 drivers
v0x7fa5f6f17100_0 .net *"_s5", 0 0, L_0x7fa5f6f39d70;  1 drivers
v0x7fa5f6f171f0_0 .net *"_s6", 0 0, L_0x7fa5f6f399c0;  1 drivers
S_0x7fa5f6f172a0 .scope generate, "genblk1[9]" "genblk1[9]" 4 12, 4 12 0, S_0x7fa5f6f03b90;
 .timescale 0 0;
P_0x7fa5f6f15980 .param/l "i" 0 4 12, +C4<01001>;
L_0x7fa5f6f39fc0 .functor AND 1, L_0x7fa5f6f39e10, L_0x7fa5f6f39c70, C4<1>, C4<1>;
L_0x7fa5f6f39f50 .functor XOR 1, L_0x7fa5f6f3a0b0, L_0x7fa5f6f39eb0, C4<0>, C4<0>;
v0x7fa5f6f17530_0 .net *"_s0", 0 0, L_0x7fa5f6f39e10;  1 drivers
v0x7fa5f6f175f0_0 .net *"_s1", 0 0, L_0x7fa5f6f39c70;  1 drivers
v0x7fa5f6f17690_0 .net *"_s2", 0 0, L_0x7fa5f6f39fc0;  1 drivers
v0x7fa5f6f17740_0 .net *"_s4", 0 0, L_0x7fa5f6f3a0b0;  1 drivers
v0x7fa5f6f177f0_0 .net *"_s5", 0 0, L_0x7fa5f6f39eb0;  1 drivers
v0x7fa5f6f178e0_0 .net *"_s6", 0 0, L_0x7fa5f6f39f50;  1 drivers
S_0x7fa5f6f17990 .scope generate, "genblk1[10]" "genblk1[10]" 4 12, 4 12 0, S_0x7fa5f6f03b90;
 .timescale 0 0;
P_0x7fa5f6f17b50 .param/l "i" 0 4 12, +C4<01010>;
L_0x7fa5f6f3a1f0 .functor AND 1, L_0x7fa5f6f3a2f0, L_0x7fa5f6f3a150, C4<1>, C4<1>;
L_0x7fa5f6f3a430 .functor XOR 1, L_0x7fa5f6f3a580, L_0x7fa5f6f3a390, C4<0>, C4<0>;
v0x7fa5f6f17be0_0 .net *"_s0", 0 0, L_0x7fa5f6f3a2f0;  1 drivers
v0x7fa5f6f17ca0_0 .net *"_s1", 0 0, L_0x7fa5f6f3a150;  1 drivers
v0x7fa5f6f17d40_0 .net *"_s2", 0 0, L_0x7fa5f6f3a1f0;  1 drivers
v0x7fa5f6f17df0_0 .net *"_s4", 0 0, L_0x7fa5f6f3a580;  1 drivers
v0x7fa5f6f17ea0_0 .net *"_s5", 0 0, L_0x7fa5f6f3a390;  1 drivers
v0x7fa5f6f17f90_0 .net *"_s6", 0 0, L_0x7fa5f6f3a430;  1 drivers
S_0x7fa5f6f18040 .scope generate, "genblk1[11]" "genblk1[11]" 4 12, 4 12 0, S_0x7fa5f6f03b90;
 .timescale 0 0;
P_0x7fa5f6f18200 .param/l "i" 0 4 12, +C4<01011>;
L_0x7fa5f6f3a6c0 .functor AND 1, L_0x7fa5f6f3a7e0, L_0x7fa5f6f3a620, C4<1>, C4<1>;
L_0x7fa5f6f3a920 .functor XOR 1, L_0x7fa5f6f3aa70, L_0x7fa5f6f3a880, C4<0>, C4<0>;
v0x7fa5f6f18290_0 .net *"_s0", 0 0, L_0x7fa5f6f3a7e0;  1 drivers
v0x7fa5f6f18350_0 .net *"_s1", 0 0, L_0x7fa5f6f3a620;  1 drivers
v0x7fa5f6f183f0_0 .net *"_s2", 0 0, L_0x7fa5f6f3a6c0;  1 drivers
v0x7fa5f6f184a0_0 .net *"_s4", 0 0, L_0x7fa5f6f3aa70;  1 drivers
v0x7fa5f6f18550_0 .net *"_s5", 0 0, L_0x7fa5f6f3a880;  1 drivers
v0x7fa5f6f18640_0 .net *"_s6", 0 0, L_0x7fa5f6f3a920;  1 drivers
S_0x7fa5f6f186f0 .scope generate, "genblk1[12]" "genblk1[12]" 4 12, 4 12 0, S_0x7fa5f6f03b90;
 .timescale 0 0;
P_0x7fa5f6f188b0 .param/l "i" 0 4 12, +C4<01100>;
L_0x7fa5f6f3abb0 .functor AND 1, L_0x7fa5f6f3acf0, L_0x7fa5f6f3ab10, C4<1>, C4<1>;
L_0x7fa5f6f3ae30 .functor XOR 1, L_0x7fa5f6f3af80, L_0x7fa5f6f3ad90, C4<0>, C4<0>;
v0x7fa5f6f18940_0 .net *"_s0", 0 0, L_0x7fa5f6f3acf0;  1 drivers
v0x7fa5f6f18a00_0 .net *"_s1", 0 0, L_0x7fa5f6f3ab10;  1 drivers
v0x7fa5f6f18aa0_0 .net *"_s2", 0 0, L_0x7fa5f6f3abb0;  1 drivers
v0x7fa5f6f18b50_0 .net *"_s4", 0 0, L_0x7fa5f6f3af80;  1 drivers
v0x7fa5f6f18c00_0 .net *"_s5", 0 0, L_0x7fa5f6f3ad90;  1 drivers
v0x7fa5f6f18cf0_0 .net *"_s6", 0 0, L_0x7fa5f6f3ae30;  1 drivers
S_0x7fa5f6f18da0 .scope generate, "genblk1[13]" "genblk1[13]" 4 12, 4 12 0, S_0x7fa5f6f03b90;
 .timescale 0 0;
P_0x7fa5f6f18f60 .param/l "i" 0 4 12, +C4<01101>;
L_0x7fa5f6f3b0c0 .functor AND 1, L_0x7fa5f6f3b1e0, L_0x7fa5f6f3b020, C4<1>, C4<1>;
L_0x7fa5f6f3b320 .functor XOR 1, L_0x7fa5f6f3b450, L_0x7fa5f6f3b280, C4<0>, C4<0>;
v0x7fa5f6f18ff0_0 .net *"_s0", 0 0, L_0x7fa5f6f3b1e0;  1 drivers
v0x7fa5f6f190b0_0 .net *"_s1", 0 0, L_0x7fa5f6f3b020;  1 drivers
v0x7fa5f6f19150_0 .net *"_s2", 0 0, L_0x7fa5f6f3b0c0;  1 drivers
v0x7fa5f6f19200_0 .net *"_s4", 0 0, L_0x7fa5f6f3b450;  1 drivers
v0x7fa5f6f192b0_0 .net *"_s5", 0 0, L_0x7fa5f6f3b280;  1 drivers
v0x7fa5f6f193a0_0 .net *"_s6", 0 0, L_0x7fa5f6f3b320;  1 drivers
S_0x7fa5f6f19450 .scope generate, "genblk1[14]" "genblk1[14]" 4 12, 4 12 0, S_0x7fa5f6f03b90;
 .timescale 0 0;
P_0x7fa5f6f19610 .param/l "i" 0 4 12, +C4<01110>;
L_0x7fa5f6f3b590 .functor AND 1, L_0x7fa5f6f3b6d0, L_0x7fa5f6f3b4f0, C4<1>, C4<1>;
L_0x7fa5f6f3b810 .functor XOR 1, L_0x7fa5f6f3b960, L_0x7fa5f6f3b770, C4<0>, C4<0>;
v0x7fa5f6f196a0_0 .net *"_s0", 0 0, L_0x7fa5f6f3b6d0;  1 drivers
v0x7fa5f6f19760_0 .net *"_s1", 0 0, L_0x7fa5f6f3b4f0;  1 drivers
v0x7fa5f6f19800_0 .net *"_s2", 0 0, L_0x7fa5f6f3b590;  1 drivers
v0x7fa5f6f198b0_0 .net *"_s4", 0 0, L_0x7fa5f6f3b960;  1 drivers
v0x7fa5f6f19960_0 .net *"_s5", 0 0, L_0x7fa5f6f3b770;  1 drivers
v0x7fa5f6f19a50_0 .net *"_s6", 0 0, L_0x7fa5f6f3b810;  1 drivers
S_0x7fa5f6f19b00 .scope generate, "genblk1[15]" "genblk1[15]" 4 12, 4 12 0, S_0x7fa5f6f03b90;
 .timescale 0 0;
P_0x7fa5f6f19cc0 .param/l "i" 0 4 12, +C4<01111>;
L_0x7fa5f6f39410 .functor AND 1, L_0x7fa5f6f392d0, L_0x7fa5f6f39370, C4<1>, C4<1>;
L_0x7fa5f6f3bbe0 .functor XOR 1, L_0x7fa5f6f39070, L_0x7fa5f6f39110, C4<0>, C4<0>;
v0x7fa5f6f19d50_0 .net *"_s0", 0 0, L_0x7fa5f6f392d0;  1 drivers
v0x7fa5f6f19e10_0 .net *"_s1", 0 0, L_0x7fa5f6f39370;  1 drivers
v0x7fa5f6f19eb0_0 .net *"_s2", 0 0, L_0x7fa5f6f39410;  1 drivers
v0x7fa5f6f19f60_0 .net *"_s4", 0 0, L_0x7fa5f6f39070;  1 drivers
v0x7fa5f6f1a010_0 .net *"_s5", 0 0, L_0x7fa5f6f39110;  1 drivers
v0x7fa5f6f1a100_0 .net *"_s6", 0 0, L_0x7fa5f6f3bbe0;  1 drivers
S_0x7fa5f6f1a1b0 .scope generate, "genblk1[16]" "genblk1[16]" 4 12, 4 12 0, S_0x7fa5f6f03b90;
 .timescale 0 0;
P_0x7fa5f6f1a370 .param/l "i" 0 4 12, +C4<010000>;
L_0x7fa5f6f3baa0 .functor AND 1, L_0x7fa5f6f3bc90, L_0x7fa5f6f3ba00, C4<1>, C4<1>;
L_0x7fa5f6f3bdd0 .functor XOR 1, L_0x7fa5f6f3bf20, L_0x7fa5f6f3bd30, C4<0>, C4<0>;
v0x7fa5f6f1a400_0 .net *"_s0", 0 0, L_0x7fa5f6f3bc90;  1 drivers
v0x7fa5f6f1a4c0_0 .net *"_s1", 0 0, L_0x7fa5f6f3ba00;  1 drivers
v0x7fa5f6f1a560_0 .net *"_s2", 0 0, L_0x7fa5f6f3baa0;  1 drivers
v0x7fa5f6f1a610_0 .net *"_s4", 0 0, L_0x7fa5f6f3bf20;  1 drivers
v0x7fa5f6f1a6c0_0 .net *"_s5", 0 0, L_0x7fa5f6f3bd30;  1 drivers
v0x7fa5f6f1a7b0_0 .net *"_s6", 0 0, L_0x7fa5f6f3bdd0;  1 drivers
S_0x7fa5f6f1ade0 .scope module, "get_output" "XOR_sum" 3 16, 5 1 0, S_0x7fa5f6f03a30;
 .timescale 0 0;
    .port_info 0 /INPUT 16 "a"
    .port_info 1 /INPUT 16 "b"
    .port_info 2 /OUTPUT 16 "out"
L_0x7fa5f6f37160 .functor XOR 16, v0x7fa5f6f36e00_0, v0x7fa5f6f36e90_0, C4<0000000000000000>, C4<0000000000000000>;
v0x7fa5f6f1afe0_0 .net "a", 15 0, v0x7fa5f6f36e00_0;  alias, 1 drivers
v0x7fa5f6f1b090_0 .net "b", 15 0, v0x7fa5f6f36e90_0;  alias, 1 drivers
v0x7fa5f6f1b140_0 .net "out", 15 0, L_0x7fa5f6f37160;  alias, 1 drivers
S_0x7fa5f6f1b230 .scope module, "parallel_prefix01" "Parallel_Prefix" 3 18, 6 1 0, S_0x7fa5f6f03a30;
 .timescale 0 0;
    .port_info 0 /INPUT 17 "kgp_one"
    .port_info 1 /INPUT 17 "kgp_two"
    .port_info 2 /OUTPUT 16 "final_kgp"
v0x7fa5f6f355b0_0 .net *"_s451", 0 0, L_0x7fa5f6f513e0;  1 drivers
v0x7fa5f6f35670_0 .net *"_s456", 0 0, L_0x7fa5f6f519b0;  1 drivers
v0x7fa5f6f35710_0 .net *"_s460", 0 0, L_0x7fa5f6f51a90;  1 drivers
v0x7fa5f6f357c0_0 .net *"_s465", 0 0, L_0x7fa5f6f52020;  1 drivers
o0x10a783d08 .functor BUFZ 2, C4<zz>; HiZ drive
; Elide local net with no drivers, v0x7fa5f6f35870_0 name=_s468
o0x10a783d38 .functor BUFZ 4, C4<zzzz>; HiZ drive
; Elide local net with no drivers, v0x7fa5f6f35960_0 name=_s471
v0x7fa5f6f35a10_0 .net "final_kgp", 15 0, L_0x7fa5f6f50530;  alias, 1 drivers
v0x7fa5f6f35ac0_0 .net "kgp_eight", 15 0, L_0x7fa5f6f52e00;  1 drivers
v0x7fa5f6f35b70_0 .net "kgp_five", 15 0, L_0x7fa5f6f51b30;  1 drivers
v0x7fa5f6f35c80_0 .net "kgp_four", 15 0, L_0x7fa5f6f514c0;  1 drivers
v0x7fa5f6f35d30_0 .net "kgp_one", 16 0, L_0x7fa5f6f3c1c0;  alias, 1 drivers
v0x7fa5f6f35df0_0 .net "kgp_seven", 15 0, L_0x7fa5f6f4d620;  1 drivers
v0x7fa5f6f35e80_0 .net "kgp_six", 15 0, L_0x7fa5f6f52960;  1 drivers
v0x7fa5f6f35f10_0 .net "kgp_three", 15 0, L_0x7fa5f6f50f30;  1 drivers
v0x7fa5f6f35fb0_0 .net "kgp_two", 16 0, L_0x7fa5f6f3c070;  alias, 1 drivers
L_0x7fa5f6f3cc00 .part L_0x7fa5f6f3c1c0, 14, 1;
L_0x7fa5f6f3cd20 .part L_0x7fa5f6f3c070, 15, 1;
L_0x7fa5f6f3ceb0 .part L_0x7fa5f6f3c1c0, 15, 1;
L_0x7fa5f6f3d050 .part L_0x7fa5f6f3c070, 15, 1;
L_0x7fa5f6f3d0f0 .part L_0x7fa5f6f3c070, 14, 1;
L_0x7fa5f6f3d280 .part L_0x7fa5f6f3c1c0, 13, 1;
L_0x7fa5f6f3d320 .part L_0x7fa5f6f3c070, 14, 1;
L_0x7fa5f6f3d4f0 .part L_0x7fa5f6f3c1c0, 14, 1;
L_0x7fa5f6f3d6d0 .part L_0x7fa5f6f3c070, 14, 1;
L_0x7fa5f6f3d8c0 .part L_0x7fa5f6f3c070, 13, 1;
L_0x7fa5f6f3d9a0 .part L_0x7fa5f6f3c1c0, 12, 1;
L_0x7fa5f6f3dba0 .part L_0x7fa5f6f3c070, 13, 1;
L_0x7fa5f6f3dc80 .part L_0x7fa5f6f3c1c0, 13, 1;
L_0x7fa5f6f3de70 .part L_0x7fa5f6f3c070, 13, 1;
L_0x7fa5f6f3df10 .part L_0x7fa5f6f3c070, 12, 1;
L_0x7fa5f6f3e0b0 .part L_0x7fa5f6f3c1c0, 11, 1;
L_0x7fa5f6f3e150 .part L_0x7fa5f6f3c070, 12, 1;
L_0x7fa5f6f3e2f0 .part L_0x7fa5f6f3c1c0, 12, 1;
L_0x7fa5f6f3e4d0 .part L_0x7fa5f6f3c070, 12, 1;
L_0x7fa5f6f3e610 .part L_0x7fa5f6f3c070, 11, 1;
L_0x7fa5f6f3e730 .part L_0x7fa5f6f3c1c0, 10, 1;
L_0x7fa5f6f3e570 .part L_0x7fa5f6f3c070, 11, 1;
L_0x7fa5f6f3ea80 .part L_0x7fa5f6f3c1c0, 11, 1;
L_0x7fa5f6f3ece0 .part L_0x7fa5f6f3c070, 11, 1;
L_0x7fa5f6f3ed80 .part L_0x7fa5f6f3c070, 10, 1;
L_0x7fa5f6f3eef0 .part L_0x7fa5f6f3c1c0, 9, 1;
L_0x7fa5f6f3ef90 .part L_0x7fa5f6f3c070, 10, 1;
L_0x7fa5f6f3f180 .part L_0x7fa5f6f3c1c0, 10, 1;
L_0x7fa5f6f3f2c0 .part L_0x7fa5f6f3c070, 10, 1;
L_0x7fa5f6f3f450 .part L_0x7fa5f6f3c070, 9, 1;
L_0x7fa5f6f3f530 .part L_0x7fa5f6f3c1c0, 8, 1;
L_0x7fa5f6f3f7d0 .part L_0x7fa5f6f3c070, 9, 1;
L_0x7fa5f6f3f870 .part L_0x7fa5f6f3c1c0, 9, 1;
L_0x7fa5f6f3fa60 .part L_0x7fa5f6f3c070, 9, 1;
L_0x7fa5f6f3fb00 .part L_0x7fa5f6f3c070, 8, 1;
L_0x7fa5f6f3fcc0 .part L_0x7fa5f6f3c1c0, 7, 1;
L_0x7fa5f6f3fd60 .part L_0x7fa5f6f3c070, 8, 1;
L_0x7fa5f6f3ff30 .part L_0x7fa5f6f3c1c0, 8, 1;
L_0x7fa5f6f40110 .part L_0x7fa5f6f3c070, 8, 1;
L_0x7fa5f6f3fe00 .part L_0x7fa5f6f3c070, 7, 1;
L_0x7fa5f6f40370 .part L_0x7fa5f6f3c1c0, 6, 1;
L_0x7fa5f6f401b0 .part L_0x7fa5f6f3c070, 7, 1;
L_0x7fa5f6f405e0 .part L_0x7fa5f6f3c1c0, 7, 1;
L_0x7fa5f6f407e0 .part L_0x7fa5f6f3c070, 7, 1;
L_0x7fa5f6f40880 .part L_0x7fa5f6f3c070, 6, 1;
L_0x7fa5f6f40a90 .part L_0x7fa5f6f3c1c0, 5, 1;
L_0x7fa5f6f40b30 .part L_0x7fa5f6f3c070, 6, 1;
L_0x7fa5f6f409a0 .part L_0x7fa5f6f3c1c0, 6, 1;
L_0x7fa5f6f40e50 .part L_0x7fa5f6f3c070, 6, 1;
L_0x7fa5f6f40bd0 .part L_0x7fa5f6f3c070, 5, 1;
L_0x7fa5f6f40ef0 .part L_0x7fa5f6f3c1c0, 4, 1;
L_0x7fa5f6f3e880 .part L_0x7fa5f6f3c070, 5, 1;
L_0x7fa5f6f41130 .part L_0x7fa5f6f3c1c0, 5, 1;
L_0x7fa5f6f41070 .part L_0x7fa5f6f3c070, 5, 1;
L_0x7fa5f6f41380 .part L_0x7fa5f6f3c070, 4, 1;
L_0x7fa5f6f412c0 .part L_0x7fa5f6f3c1c0, 3, 1;
L_0x7fa5f6f415e0 .part L_0x7fa5f6f3c070, 4, 1;
L_0x7fa5f6f41510 .part L_0x7fa5f6f3c1c0, 4, 1;
L_0x7fa5f6f41990 .part L_0x7fa5f6f3c070, 4, 1;
L_0x7fa5f6f41680 .part L_0x7fa5f6f3c070, 3, 1;
L_0x7fa5f6f41c10 .part L_0x7fa5f6f3c1c0, 2, 1;
L_0x7fa5f6f41a30 .part L_0x7fa5f6f3c070, 3, 1;
L_0x7fa5f6f41ea0 .part L_0x7fa5f6f3c1c0, 3, 1;
L_0x7fa5f6f41d50 .part L_0x7fa5f6f3c070, 3, 1;
L_0x7fa5f6f41df0 .part L_0x7fa5f6f3c070, 2, 1;
L_0x7fa5f6f42240 .part L_0x7fa5f6f3c1c0, 1, 1;
L_0x7fa5f6f422e0 .part L_0x7fa5f6f3c070, 2, 1;
L_0x7fa5f6f42030 .part L_0x7fa5f6f3c1c0, 2, 1;
L_0x7fa5f6f42680 .part L_0x7fa5f6f3c070, 2, 1;
L_0x7fa5f6f42380 .part L_0x7fa5f6f3c070, 1, 1;
L_0x7fa5f6f42950 .part L_0x7fa5f6f3c1c0, 0, 1;
L_0x7fa5f6f3f5d0 .part L_0x7fa5f6f3c070, 1, 1;
L_0x7fa5f6f3f6f0 .part L_0x7fa5f6f3c1c0, 1, 1;
L_0x7fa5f6f42800 .part L_0x7fa5f6f3c070, 1, 1;
L_0x7fa5f6f428a0 .part L_0x7fa5f6f3c070, 0, 1;
L_0x7fa5f6f42d80 .part L_0x7fa5f6f50f30, 13, 1;
L_0x7fa5f6f42e20 .part L_0x7fa5f6f514c0, 15, 1;
L_0x7fa5f6f42b20 .part L_0x7fa5f6f50f30, 15, 1;
L_0x7fa5f6f43270 .part L_0x7fa5f6f514c0, 15, 1;
L_0x7fa5f6f42f00 .part L_0x7fa5f6f514c0, 13, 1;
L_0x7fa5f6f43090 .part L_0x7fa5f6f50f30, 12, 1;
L_0x7fa5f6f435e0 .part L_0x7fa5f6f514c0, 14, 1;
L_0x7fa5f6f43770 .part L_0x7fa5f6f50f30, 14, 1;
L_0x7fa5f6f43430 .part L_0x7fa5f6f514c0, 14, 1;
L_0x7fa5f6f434d0 .part L_0x7fa5f6f514c0, 12, 1;
L_0x7fa5f6f43be0 .part L_0x7fa5f6f50f30, 11, 1;
L_0x7fa5f6f43c80 .part L_0x7fa5f6f514c0, 13, 1;
L_0x7fa5f6f439c0 .part L_0x7fa5f6f50f30, 13, 1;
L_0x7fa5f6f44040 .part L_0x7fa5f6f514c0, 13, 1;
L_0x7fa5f6f43d20 .part L_0x7fa5f6f514c0, 11, 1;
L_0x7fa5f6f43e40 .part L_0x7fa5f6f50f30, 10, 1;
L_0x7fa5f6f43ee0 .part L_0x7fa5f6f514c0, 12, 1;
L_0x7fa5f6f445b0 .part L_0x7fa5f6f50f30, 12, 1;
L_0x7fa5f6f44280 .part L_0x7fa5f6f514c0, 12, 1;
L_0x7fa5f6f44320 .part L_0x7fa5f6f514c0, 10, 1;
L_0x7fa5f6f44a50 .part L_0x7fa5f6f50f30, 9, 1;
L_0x7fa5f6f44af0 .part L_0x7fa5f6f514c0, 11, 1;
L_0x7fa5f6f44880 .part L_0x7fa5f6f50f30, 11, 1;
L_0x7fa5f6f44ea0 .part L_0x7fa5f6f514c0, 11, 1;
L_0x7fa5f6f44b90 .part L_0x7fa5f6f514c0, 9, 1;
L_0x7fa5f6f44d40 .part L_0x7fa5f6f50f30, 8, 1;
L_0x7fa5f6f44de0 .part L_0x7fa5f6f514c0, 10, 1;
L_0x7fa5f6f454b0 .part L_0x7fa5f6f50f30, 10, 1;
L_0x7fa5f6f45060 .part L_0x7fa5f6f514c0, 10, 1;
L_0x7fa5f6f45100 .part L_0x7fa5f6f514c0, 8, 1;
L_0x7fa5f6f458e0 .part L_0x7fa5f6f50f30, 7, 1;
L_0x7fa5f6f45980 .part L_0x7fa5f6f514c0, 9, 1;
L_0x7fa5f6f45660 .part L_0x7fa5f6f50f30, 9, 1;
L_0x7fa5f6f45d80 .part L_0x7fa5f6f514c0, 9, 1;
L_0x7fa5f6f45a20 .part L_0x7fa5f6f514c0, 7, 1;
L_0x7fa5f6f45b60 .part L_0x7fa5f6f50f30, 6, 1;
L_0x7fa5f6f45c00 .part L_0x7fa5f6f514c0, 8, 1;
L_0x7fa5f6f46220 .part L_0x7fa5f6f50f30, 8, 1;
L_0x7fa5f6f45e60 .part L_0x7fa5f6f514c0, 8, 1;
L_0x7fa5f6f45f00 .part L_0x7fa5f6f514c0, 6, 1;
L_0x7fa5f6f46090 .part L_0x7fa5f6f50f30, 5, 1;
L_0x7fa5f6f46860 .part L_0x7fa5f6f514c0, 7, 1;
L_0x7fa5f6f46560 .part L_0x7fa5f6f50f30, 7, 1;
L_0x7fa5f6f46720 .part L_0x7fa5f6f514c0, 7, 1;
L_0x7fa5f6f467c0 .part L_0x7fa5f6f514c0, 5, 1;
L_0x7fa5f6f46df0 .part L_0x7fa5f6f50f30, 4, 1;
L_0x7fa5f6f46900 .part L_0x7fa5f6f514c0, 6, 1;
L_0x7fa5f6f46ad0 .part L_0x7fa5f6f50f30, 6, 1;
L_0x7fa5f6f47270 .part L_0x7fa5f6f514c0, 6, 1;
L_0x7fa5f6f47310 .part L_0x7fa5f6f514c0, 4, 1;
L_0x7fa5f6f46f80 .part L_0x7fa5f6f50f30, 3, 1;
L_0x7fa5f6f47020 .part L_0x7fa5f6f514c0, 5, 1;
L_0x7fa5f6f473b0 .part L_0x7fa5f6f50f30, 5, 1;
L_0x7fa5f6f47530 .part L_0x7fa5f6f514c0, 5, 1;
L_0x7fa5f6f475d0 .part L_0x7fa5f6f514c0, 3, 1;
L_0x7fa5f6f45270 .part L_0x7fa5f6f50f30, 2, 1;
L_0x7fa5f6f45310 .part L_0x7fa5f6f514c0, 4, 1;
L_0x7fa5f6f477e0 .part L_0x7fa5f6f50f30, 4, 1;
L_0x7fa5f6f479c0 .part L_0x7fa5f6f514c0, 4, 1;
L_0x7fa5f6f47a60 .part L_0x7fa5f6f514c0, 2, 1;
L_0x7fa5f6f47bf0 .part L_0x7fa5f6f50f30, 1, 1;
L_0x7fa5f6f47c90 .part L_0x7fa5f6f514c0, 3, 1;
L_0x7fa5f6f47e40 .part L_0x7fa5f6f50f30, 3, 1;
L_0x7fa5f6f48020 .part L_0x7fa5f6f514c0, 3, 1;
L_0x7fa5f6f480c0 .part L_0x7fa5f6f514c0, 1, 1;
L_0x7fa5f6f48250 .part L_0x7fa5f6f50f30, 0, 1;
L_0x7fa5f6f482f0 .part L_0x7fa5f6f514c0, 2, 1;
L_0x7fa5f6f484c0 .part L_0x7fa5f6f50f30, 2, 1;
L_0x7fa5f6f486a0 .part L_0x7fa5f6f514c0, 2, 1;
L_0x7fa5f6f48740 .part L_0x7fa5f6f514c0, 0, 1;
L_0x7fa5f6f488f0 .part L_0x7fa5f6f51b30, 0, 1;
L_0x7fa5f6f48990 .part L_0x7fa5f6f51b30, 1, 1;
L_0x7fa5f6f48a90 .part L_0x7fa5f6f51b30, 2, 1;
L_0x7fa5f6f48b30 .part L_0x7fa5f6f51b30, 3, 1;
L_0x7fa5f6f48c70 .part L_0x7fa5f6f51b30, 11, 1;
L_0x7fa5f6f48d30 .part L_0x7fa5f6f52960, 15, 1;
L_0x7fa5f6f48f00 .part L_0x7fa5f6f51b30, 15, 1;
L_0x7fa5f6f490e0 .part L_0x7fa5f6f52960, 15, 1;
L_0x7fa5f6f491c0 .part L_0x7fa5f6f52960, 11, 1;
L_0x7fa5f6f49350 .part L_0x7fa5f6f51b30, 10, 1;
L_0x7fa5f6f493f0 .part L_0x7fa5f6f52960, 14, 1;
L_0x7fa5f6f495e0 .part L_0x7fa5f6f51b30, 14, 1;
L_0x7fa5f6f49880 .part L_0x7fa5f6f52960, 14, 1;
L_0x7fa5f6f49920 .part L_0x7fa5f6f52960, 10, 1;
L_0x7fa5f6f49a70 .part L_0x7fa5f6f51b30, 9, 1;
L_0x7fa5f6f49b10 .part L_0x7fa5f6f52960, 13, 1;
L_0x7fa5f6f49ce0 .part L_0x7fa5f6f51b30, 13, 1;
L_0x7fa5f6f49ec0 .part L_0x7fa5f6f52960, 13, 1;
L_0x7fa5f6f4a060 .part L_0x7fa5f6f52960, 9, 1;
L_0x7fa5f6f4a180 .part L_0x7fa5f6f51b30, 8, 1;
L_0x7fa5f6f4a220 .part L_0x7fa5f6f52960, 12, 1;
L_0x7fa5f6f4a3f0 .part L_0x7fa5f6f51b30, 12, 1;
L_0x7fa5f6f4a5d0 .part L_0x7fa5f6f52960, 12, 1;
L_0x7fa5f6f4a670 .part L_0x7fa5f6f52960, 8, 1;
L_0x7fa5f6f4a800 .part L_0x7fa5f6f51b30, 7, 1;
L_0x7fa5f6f4a8a0 .part L_0x7fa5f6f52960, 11, 1;
L_0x7fa5f6f4aa70 .part L_0x7fa5f6f51b30, 11, 1;
L_0x7fa5f6f4ac50 .part L_0x7fa5f6f52960, 11, 1;
L_0x7fa5f6f4acf0 .part L_0x7fa5f6f52960, 7, 1;
L_0x7fa5f6f4ae80 .part L_0x7fa5f6f51b30, 6, 1;
L_0x7fa5f6f4af20 .part L_0x7fa5f6f52960, 10, 1;
L_0x7fa5f6f4b200 .part L_0x7fa5f6f51b30, 10, 1;
L_0x7fa5f6f4b4e0 .part L_0x7fa5f6f52960, 10, 1;
L_0x7fa5f6f4b580 .part L_0x7fa5f6f52960, 6, 1;
L_0x7fa5f6f4b710 .part L_0x7fa5f6f51b30, 5, 1;
L_0x7fa5f6f4b7b0 .part L_0x7fa5f6f52960, 9, 1;
L_0x7fa5f6f4b980 .part L_0x7fa5f6f51b30, 9, 1;
L_0x7fa5f6f4bb60 .part L_0x7fa5f6f52960, 9, 1;
L_0x7fa5f6f4bc00 .part L_0x7fa5f6f52960, 5, 1;
L_0x7fa5f6f4bd90 .part L_0x7fa5f6f51b30, 4, 1;
L_0x7fa5f6f4be30 .part L_0x7fa5f6f52960, 8, 1;
L_0x7fa5f6f4c000 .part L_0x7fa5f6f51b30, 8, 1;
L_0x7fa5f6f4c1e0 .part L_0x7fa5f6f52960, 8, 1;
L_0x7fa5f6f4c280 .part L_0x7fa5f6f52960, 4, 1;
L_0x7fa5f6f4c410 .part L_0x7fa5f6f51b30, 3, 1;
L_0x7fa5f6f4c4b0 .part L_0x7fa5f6f52960, 7, 1;
L_0x7fa5f6f4c680 .part L_0x7fa5f6f51b30, 7, 1;
L_0x7fa5f6f4c860 .part L_0x7fa5f6f52960, 7, 1;
L_0x7fa5f6f4c900 .part L_0x7fa5f6f52960, 3, 1;
L_0x7fa5f6f4cab0 .part L_0x7fa5f6f51b30, 2, 1;
L_0x7fa5f6f4cb50 .part L_0x7fa5f6f52960, 6, 1;
L_0x7fa5f6f4cd20 .part L_0x7fa5f6f51b30, 6, 1;
L_0x7fa5f6f4cf00 .part L_0x7fa5f6f52960, 6, 1;
L_0x7fa5f6f4cfa0 .part L_0x7fa5f6f52960, 2, 1;
L_0x7fa5f6f4d130 .part L_0x7fa5f6f51b30, 1, 1;
L_0x7fa5f6f4d1d0 .part L_0x7fa5f6f52960, 5, 1;
L_0x7fa5f6f4d3a0 .part L_0x7fa5f6f51b30, 5, 1;
L_0x7fa5f6f4d580 .part L_0x7fa5f6f52960, 5, 1;
L_0x7fa5f6f4afc0 .part L_0x7fa5f6f52960, 1, 1;
LS_0x7fa5f6f4d620_0_0 .concat8 [ 1 1 1 1], L_0x7fa5f6f488f0, L_0x7fa5f6f48990, L_0x7fa5f6f48a90, L_0x7fa5f6f48b30;
LS_0x7fa5f6f4d620_0_4 .concat8 [ 1 1 1 1], L_0x7fa5f6f4dd60, L_0x7fa5f6f4d440, L_0x7fa5f6f4cdc0, L_0x7fa5f6f4c720;
LS_0x7fa5f6f4d620_0_8 .concat8 [ 1 1 1 1], L_0x7fa5f6f4c0a0, L_0x7fa5f6f4ba20, L_0x7fa5f6f49680, L_0x7fa5f6f4ab10;
LS_0x7fa5f6f4d620_0_12 .concat8 [ 1 1 1 1], L_0x7fa5f6f4a490, L_0x7fa5f6f49d80, L_0x7fa5f6f49780, L_0x7fa5f6f48fa0;
L_0x7fa5f6f4d620 .concat8 [ 4 4 4 4], LS_0x7fa5f6f4d620_0_0, LS_0x7fa5f6f4d620_0_4, LS_0x7fa5f6f4d620_0_8, LS_0x7fa5f6f4d620_0_12;
L_0x7fa5f6f4da90 .part L_0x7fa5f6f51b30, 0, 1;
L_0x7fa5f6f4db30 .part L_0x7fa5f6f52960, 4, 1;
L_0x7fa5f6f4dcc0 .part L_0x7fa5f6f51b30, 4, 1;
L_0x7fa5f6f4dee0 .part L_0x7fa5f6f52960, 4, 1;
L_0x7fa5f6f4df80 .part L_0x7fa5f6f52960, 0, 1;
L_0x7fa5f6f4e110 .part L_0x7fa5f6f4d620, 0, 1;
L_0x7fa5f6f4e1f0 .part L_0x7fa5f6f4d620, 1, 1;
L_0x7fa5f6f4e290 .part L_0x7fa5f6f4d620, 2, 1;
L_0x7fa5f6f4e3b0 .part L_0x7fa5f6f4d620, 3, 1;
L_0x7fa5f6f4e450 .part L_0x7fa5f6f4d620, 4, 1;
L_0x7fa5f6f4e4f0 .part L_0x7fa5f6f4d620, 5, 1;
L_0x7fa5f6f4e590 .part L_0x7fa5f6f4d620, 6, 1;
L_0x7fa5f6f4e730 .part L_0x7fa5f6f4d620, 7, 1;
L_0x7fa5f6f4e7d0 .part L_0x7fa5f6f4d620, 7, 1;
L_0x7fa5f6f4e870 .part L_0x7fa5f6f52e00, 15, 1;
L_0x7fa5f6f4e950 .part L_0x7fa5f6f4d620, 15, 1;
L_0x7fa5f6f4eb30 .part L_0x7fa5f6f4d620, 6, 1;
L_0x7fa5f6f4ebd0 .part L_0x7fa5f6f52e00, 14, 1;
L_0x7fa5f6f4eda0 .part L_0x7fa5f6f4d620, 14, 1;
L_0x7fa5f6f4ef80 .part L_0x7fa5f6f4d620, 5, 1;
L_0x7fa5f6f4f020 .part L_0x7fa5f6f52e00, 13, 1;
L_0x7fa5f6f4f1b0 .part L_0x7fa5f6f4d620, 13, 1;
L_0x7fa5f6f4f390 .part L_0x7fa5f6f4d620, 4, 1;
L_0x7fa5f6f4e630 .part L_0x7fa5f6f52e00, 12, 1;
L_0x7fa5f6f4f720 .part L_0x7fa5f6f4d620, 12, 1;
L_0x7fa5f6f4f900 .part L_0x7fa5f6f4d620, 3, 1;
L_0x7fa5f6f4f9a0 .part L_0x7fa5f6f52e00, 11, 1;
L_0x7fa5f6f4fb30 .part L_0x7fa5f6f4d620, 11, 1;
L_0x7fa5f6f4fd10 .part L_0x7fa5f6f4d620, 2, 1;
L_0x7fa5f6f4fdb0 .part L_0x7fa5f6f52e00, 10, 1;
L_0x7fa5f6f4ff40 .part L_0x7fa5f6f4d620, 10, 1;
L_0x7fa5f6f50120 .part L_0x7fa5f6f4d620, 1, 1;
L_0x7fa5f6f501c0 .part L_0x7fa5f6f52e00, 9, 1;
L_0x7fa5f6f50350 .part L_0x7fa5f6f4d620, 9, 1;
LS_0x7fa5f6f50530_0_0 .concat8 [ 1 1 1 1], L_0x7fa5f6f4e110, L_0x7fa5f6f4e1f0, L_0x7fa5f6f4e290, L_0x7fa5f6f4e3b0;
LS_0x7fa5f6f50530_0_4 .concat8 [ 1 1 1 1], L_0x7fa5f6f4e450, L_0x7fa5f6f4e4f0, L_0x7fa5f6f4e590, L_0x7fa5f6f4e730;
LS_0x7fa5f6f50530_0_8 .concat8 [ 1 1 1 1], L_0x7fa5f6f50db0, L_0x7fa5f6f503f0, L_0x7fa5f6f4ffe0, L_0x7fa5f6f4fbd0;
LS_0x7fa5f6f50530_0_12 .concat8 [ 1 1 1 1], L_0x7fa5f6f4f7c0, L_0x7fa5f6f4f250, L_0x7fa5f6f4ee40, L_0x7fa5f6f4e9f0;
L_0x7fa5f6f50530 .concat8 [ 4 4 4 4], LS_0x7fa5f6f50530_0_0, LS_0x7fa5f6f50530_0_4, LS_0x7fa5f6f50530_0_8, LS_0x7fa5f6f50530_0_12;
L_0x7fa5f6f50a60 .part L_0x7fa5f6f4d620, 0, 1;
L_0x7fa5f6f50b00 .part L_0x7fa5f6f52e00, 8, 1;
L_0x7fa5f6f50d10 .part L_0x7fa5f6f4d620, 8, 1;
LS_0x7fa5f6f50f30_0_0 .concat8 [ 1 1 1 1], L_0x7fa5f6f513e0, L_0x7fa5f6f42720, L_0x7fa5f6f425a0, L_0x7fa5f6f41cb0;
LS_0x7fa5f6f50f30_0_4 .concat8 [ 1 1 1 1], L_0x7fa5f6f41850, L_0x7fa5f6f40f90, L_0x7fa5f6f40d50, L_0x7fa5f6f40410;
LS_0x7fa5f6f50f30_0_8 .concat8 [ 1 1 1 1], L_0x7fa5f6f3ffd0, L_0x7fa5f6f3da40, L_0x7fa5f6f3f220, L_0x7fa5f6f3ebe0;
LS_0x7fa5f6f50f30_0_12 .concat8 [ 1 1 1 1], L_0x7fa5f6f3e390, L_0x7fa5f6f3dd90, L_0x7fa5f6f3d590, L_0x7fa5f6f3cf50;
L_0x7fa5f6f50f30 .concat8 [ 4 4 4 4], LS_0x7fa5f6f50f30_0_0, LS_0x7fa5f6f50f30_0_4, LS_0x7fa5f6f50f30_0_8, LS_0x7fa5f6f50f30_0_12;
L_0x7fa5f6f513e0 .part L_0x7fa5f6f3c1c0, 0, 1;
LS_0x7fa5f6f514c0_0_0 .concat8 [ 1 1 1 1], L_0x7fa5f6f519b0, L_0x7fa5f6f42c50, L_0x7fa5f6f42420, L_0x7fa5f6f42150;
LS_0x7fa5f6f514c0_0_4 .concat8 [ 1 1 1 1], L_0x7fa5f6f41720, L_0x7fa5f6f411d0, L_0x7fa5f6f3ea10, L_0x7fa5f6f40680;
LS_0x7fa5f6f514c0_0_8 .concat8 [ 1 1 1 1], L_0x7fa5f6f3fea0, L_0x7fa5f6f3f910, L_0x7fa5f6f3f030, L_0x7fa5f6f3e810;
LS_0x7fa5f6f514c0_0_12 .concat8 [ 1 1 1 1], L_0x7fa5f6f3e1f0, L_0x7fa5f6f3dd20, L_0x7fa5f6f3cdc0, L_0x7fa5f6f3d190;
L_0x7fa5f6f514c0 .concat8 [ 4 4 4 4], LS_0x7fa5f6f514c0_0_0, LS_0x7fa5f6f514c0_0_4, LS_0x7fa5f6f514c0_0_8, LS_0x7fa5f6f514c0_0_12;
L_0x7fa5f6f519b0 .part L_0x7fa5f6f3c070, 0, 1;
L_0x7fa5f6f51a90 .part L_0x7fa5f6f50f30, 0, 1;
LS_0x7fa5f6f51b30_0_0 .concat8 [ 1 1 1 1], L_0x7fa5f6f51a90, L_0x7fa5f6f52020, L_0x7fa5f6f48560, L_0x7fa5f6f47ee0;
LS_0x7fa5f6f51b30_0_4 .concat8 [ 1 1 1 1], L_0x7fa5f6f47880, L_0x7fa5f6f47450, L_0x7fa5f6f46b70, L_0x7fa5f6f46600;
LS_0x7fa5f6f51b30_0_8 .concat8 [ 1 1 1 1], L_0x7fa5f6f44650, L_0x7fa5f6f45700, L_0x7fa5f6f44f40, L_0x7fa5f6f44920;
LS_0x7fa5f6f51b30_0_12 .concat8 [ 1 1 1 1], L_0x7fa5f6f441e0, L_0x7fa5f6f43a60, L_0x7fa5f6f43350, L_0x7fa5f6f43170;
L_0x7fa5f6f51b30 .concat8 [ 4 4 4 4], LS_0x7fa5f6f51b30_0_0, LS_0x7fa5f6f51b30_0_4, LS_0x7fa5f6f51b30_0_8, LS_0x7fa5f6f51b30_0_12;
L_0x7fa5f6f52020 .part L_0x7fa5f6f50f30, 1, 1;
LS_0x7fa5f6f52960_0_0 .concat [ 2 1 1 1], o0x10a783d08, L_0x7fa5f6f487e0, L_0x7fa5f6f48160, L_0x7fa5f6f47b00;
LS_0x7fa5f6f52960_0_4 .concat [ 1 1 1 1], L_0x7fa5f6f47670, L_0x7fa5f6f46e90, L_0x7fa5f6f46cc0, L_0x7fa5f6f45fa0;
LS_0x7fa5f6f52960_0_8 .concat [ 1 1 1 1], L_0x7fa5f6f45820, L_0x7fa5f6f451a0, L_0x7fa5f6f44c30, L_0x7fa5f6f443c0;
LS_0x7fa5f6f52960_0_12 .concat [ 1 1 1 0], L_0x7fa5f6f43680, L_0x7fa5f6f43570, L_0x7fa5f6f42fa0;
L_0x7fa5f6f52960 .concat [ 5 4 4 3], LS_0x7fa5f6f52960_0_0, LS_0x7fa5f6f52960_0_4, LS_0x7fa5f6f52960_0_8, LS_0x7fa5f6f52960_0_12;
LS_0x7fa5f6f52e00_0_0 .concat [ 4 1 1 1], o0x10a783d38, L_0x7fa5f6f4e020, L_0x7fa5f6f4b060, L_0x7fa5f6f4d040;
LS_0x7fa5f6f52e00_0_4 .concat [ 1 1 1 1], L_0x7fa5f6f4c9a0, L_0x7fa5f6f4c320, L_0x7fa5f6f4bca0, L_0x7fa5f6f4b620;
LS_0x7fa5f6f52e00_0_8 .concat [ 1 1 1 1], L_0x7fa5f6f4ad90, L_0x7fa5f6f4a710, L_0x7fa5f6f49490, L_0x7fa5f6f499c0;
LS_0x7fa5f6f52e00_0_12 .concat [ 1 0 0 0], L_0x7fa5f6f49260;
L_0x7fa5f6f52e00 .concat [ 7 4 4 1], LS_0x7fa5f6f52e00_0_0, LS_0x7fa5f6f52e00_0_4, LS_0x7fa5f6f52e00_0_8, LS_0x7fa5f6f52e00_0_12;
S_0x7fa5f6f1b450 .scope generate, "genblk1[1]" "genblk1[1]" 6 18, 6 18 0, S_0x7fa5f6f1b230;
 .timescale 0 0;
P_0x7fa5f6f1b610 .param/l "i" 0 6 18, +C4<01>;
L_0x7fa5f6f42510 .functor AND 1, L_0x7fa5f6f42950, L_0x7fa5f6f3f5d0, C4<1>, C4<1>;
L_0x7fa5f6f42c50 .functor AND 1, L_0x7fa5f6f42800, L_0x7fa5f6f428a0, C4<1>, C4<1>;
v0x7fa5f6f1b6b0_0 .net *"_s0", 0 0, L_0x7fa5f6f42950;  1 drivers
v0x7fa5f6f1b760_0 .net *"_s1", 0 0, L_0x7fa5f6f3f5d0;  1 drivers
v0x7fa5f6f1b810_0 .net *"_s2", 0 0, L_0x7fa5f6f42510;  1 drivers
v0x7fa5f6f1b8d0_0 .net *"_s4", 0 0, L_0x7fa5f6f3f6f0;  1 drivers
v0x7fa5f6f1b980_0 .net *"_s5", 0 0, L_0x7fa5f6f42720;  1 drivers
v0x7fa5f6f1ba70_0 .net *"_s7", 0 0, L_0x7fa5f6f42800;  1 drivers
v0x7fa5f6f1bb20_0 .net *"_s8", 0 0, L_0x7fa5f6f428a0;  1 drivers
v0x7fa5f6f1bbd0_0 .net *"_s9", 0 0, L_0x7fa5f6f42c50;  1 drivers
L_0x7fa5f6f42720 .arith/sum 1, L_0x7fa5f6f42510, L_0x7fa5f6f3f6f0;
S_0x7fa5f6f1bc80 .scope generate, "genblk1[2]" "genblk1[2]" 6 18, 6 18 0, S_0x7fa5f6f1b230;
 .timescale 0 0;
P_0x7fa5f6f1be50 .param/l "i" 0 6 18, +C4<010>;
L_0x7fa5f6f41f40 .functor AND 1, L_0x7fa5f6f42240, L_0x7fa5f6f422e0, C4<1>, C4<1>;
L_0x7fa5f6f42420 .functor AND 1, L_0x7fa5f6f42680, L_0x7fa5f6f42380, C4<1>, C4<1>;
v0x7fa5f6f1bed0_0 .net *"_s0", 0 0, L_0x7fa5f6f42240;  1 drivers
v0x7fa5f6f1bf70_0 .net *"_s1", 0 0, L_0x7fa5f6f422e0;  1 drivers
v0x7fa5f6f1c020_0 .net *"_s2", 0 0, L_0x7fa5f6f41f40;  1 drivers
v0x7fa5f6f1c0e0_0 .net *"_s4", 0 0, L_0x7fa5f6f42030;  1 drivers
v0x7fa5f6f1c190_0 .net *"_s5", 0 0, L_0x7fa5f6f425a0;  1 drivers
v0x7fa5f6f1c280_0 .net *"_s7", 0 0, L_0x7fa5f6f42680;  1 drivers
v0x7fa5f6f1c330_0 .net *"_s8", 0 0, L_0x7fa5f6f42380;  1 drivers
v0x7fa5f6f1c3e0_0 .net *"_s9", 0 0, L_0x7fa5f6f42420;  1 drivers
L_0x7fa5f6f425a0 .arith/sum 1, L_0x7fa5f6f41f40, L_0x7fa5f6f42030;
S_0x7fa5f6f1c490 .scope generate, "genblk1[3]" "genblk1[3]" 6 18, 6 18 0, S_0x7fa5f6f1b230;
 .timescale 0 0;
P_0x7fa5f6f1c650 .param/l "i" 0 6 18, +C4<011>;
L_0x7fa5f6f41ad0 .functor AND 1, L_0x7fa5f6f41c10, L_0x7fa5f6f41a30, C4<1>, C4<1>;
L_0x7fa5f6f42150 .functor AND 1, L_0x7fa5f6f41d50, L_0x7fa5f6f41df0, C4<1>, C4<1>;
v0x7fa5f6f1c6e0_0 .net *"_s0", 0 0, L_0x7fa5f6f41c10;  1 drivers
v0x7fa5f6f1c790_0 .net *"_s1", 0 0, L_0x7fa5f6f41a30;  1 drivers
v0x7fa5f6f1c840_0 .net *"_s2", 0 0, L_0x7fa5f6f41ad0;  1 drivers
v0x7fa5f6f1c900_0 .net *"_s4", 0 0, L_0x7fa5f6f41ea0;  1 drivers
v0x7fa5f6f1c9b0_0 .net *"_s5", 0 0, L_0x7fa5f6f41cb0;  1 drivers
v0x7fa5f6f1caa0_0 .net *"_s7", 0 0, L_0x7fa5f6f41d50;  1 drivers
v0x7fa5f6f1cb50_0 .net *"_s8", 0 0, L_0x7fa5f6f41df0;  1 drivers
v0x7fa5f6f1cc00_0 .net *"_s9", 0 0, L_0x7fa5f6f42150;  1 drivers
L_0x7fa5f6f41cb0 .arith/sum 1, L_0x7fa5f6f41ad0, L_0x7fa5f6f41ea0;
S_0x7fa5f6f1ccb0 .scope generate, "genblk1[4]" "genblk1[4]" 6 18, 6 18 0, S_0x7fa5f6f1b230;
 .timescale 0 0;
P_0x7fa5f6f1ce70 .param/l "i" 0 6 18, +C4<0100>;
L_0x7fa5f6f41420 .functor AND 1, L_0x7fa5f6f412c0, L_0x7fa5f6f415e0, C4<1>, C4<1>;
L_0x7fa5f6f41720 .functor AND 1, L_0x7fa5f6f41990, L_0x7fa5f6f41680, C4<1>, C4<1>;
v0x7fa5f6f1cf10_0 .net *"_s0", 0 0, L_0x7fa5f6f412c0;  1 drivers
v0x7fa5f6f1cfa0_0 .net *"_s1", 0 0, L_0x7fa5f6f415e0;  1 drivers
v0x7fa5f6f1d050_0 .net *"_s2", 0 0, L_0x7fa5f6f41420;  1 drivers
v0x7fa5f6f1d110_0 .net *"_s4", 0 0, L_0x7fa5f6f41510;  1 drivers
v0x7fa5f6f1d1c0_0 .net *"_s5", 0 0, L_0x7fa5f6f41850;  1 drivers
v0x7fa5f6f1d2b0_0 .net *"_s7", 0 0, L_0x7fa5f6f41990;  1 drivers
v0x7fa5f6f1d360_0 .net *"_s8", 0 0, L_0x7fa5f6f41680;  1 drivers
v0x7fa5f6f1d410_0 .net *"_s9", 0 0, L_0x7fa5f6f41720;  1 drivers
L_0x7fa5f6f41850 .arith/sum 1, L_0x7fa5f6f41420, L_0x7fa5f6f41510;
S_0x7fa5f6f1d4c0 .scope generate, "genblk1[5]" "genblk1[5]" 6 18, 6 18 0, S_0x7fa5f6f1b230;
 .timescale 0 0;
P_0x7fa5f6f1d6c0 .param/l "i" 0 6 18, +C4<0101>;
L_0x7fa5f6f3e920 .functor AND 1, L_0x7fa5f6f40ef0, L_0x7fa5f6f3e880, C4<1>, C4<1>;
L_0x7fa5f6f411d0 .functor AND 1, L_0x7fa5f6f41070, L_0x7fa5f6f41380, C4<1>, C4<1>;
v0x7fa5f6f1d740_0 .net *"_s0", 0 0, L_0x7fa5f6f40ef0;  1 drivers
v0x7fa5f6f1d7d0_0 .net *"_s1", 0 0, L_0x7fa5f6f3e880;  1 drivers
v0x7fa5f6f1d880_0 .net *"_s2", 0 0, L_0x7fa5f6f3e920;  1 drivers
v0x7fa5f6f1d940_0 .net *"_s4", 0 0, L_0x7fa5f6f41130;  1 drivers
v0x7fa5f6f1d9f0_0 .net *"_s5", 0 0, L_0x7fa5f6f40f90;  1 drivers
v0x7fa5f6f1dae0_0 .net *"_s7", 0 0, L_0x7fa5f6f41070;  1 drivers
v0x7fa5f6f1db90_0 .net *"_s8", 0 0, L_0x7fa5f6f41380;  1 drivers
v0x7fa5f6f1dc40_0 .net *"_s9", 0 0, L_0x7fa5f6f411d0;  1 drivers
L_0x7fa5f6f40f90 .arith/sum 1, L_0x7fa5f6f3e920, L_0x7fa5f6f41130;
S_0x7fa5f6f1dcf0 .scope generate, "genblk1[6]" "genblk1[6]" 6 18, 6 18 0, S_0x7fa5f6f1b230;
 .timescale 0 0;
P_0x7fa5f6f1deb0 .param/l "i" 0 6 18, +C4<0110>;
L_0x7fa5f6f40770 .functor AND 1, L_0x7fa5f6f40a90, L_0x7fa5f6f40b30, C4<1>, C4<1>;
L_0x7fa5f6f3ea10 .functor AND 1, L_0x7fa5f6f40e50, L_0x7fa5f6f40bd0, C4<1>, C4<1>;
v0x7fa5f6f1df50_0 .net *"_s0", 0 0, L_0x7fa5f6f40a90;  1 drivers
v0x7fa5f6f1dfe0_0 .net *"_s1", 0 0, L_0x7fa5f6f40b30;  1 drivers
v0x7fa5f6f1e090_0 .net *"_s2", 0 0, L_0x7fa5f6f40770;  1 drivers
v0x7fa5f6f1e150_0 .net *"_s4", 0 0, L_0x7fa5f6f409a0;  1 drivers
v0x7fa5f6f1e200_0 .net *"_s5", 0 0, L_0x7fa5f6f40d50;  1 drivers
v0x7fa5f6f1e2f0_0 .net *"_s7", 0 0, L_0x7fa5f6f40e50;  1 drivers
v0x7fa5f6f1e3a0_0 .net *"_s8", 0 0, L_0x7fa5f6f40bd0;  1 drivers
v0x7fa5f6f1e450_0 .net *"_s9", 0 0, L_0x7fa5f6f3ea10;  1 drivers
L_0x7fa5f6f40d50 .arith/sum 1, L_0x7fa5f6f40770, L_0x7fa5f6f409a0;
S_0x7fa5f6f1e500 .scope generate, "genblk1[7]" "genblk1[7]" 6 18, 6 18 0, S_0x7fa5f6f1b230;
 .timescale 0 0;
P_0x7fa5f6f1e6c0 .param/l "i" 0 6 18, +C4<0111>;
L_0x7fa5f6f40250 .functor AND 1, L_0x7fa5f6f40370, L_0x7fa5f6f401b0, C4<1>, C4<1>;
L_0x7fa5f6f40680 .functor AND 1, L_0x7fa5f6f407e0, L_0x7fa5f6f40880, C4<1>, C4<1>;
v0x7fa5f6f1e760_0 .net *"_s0", 0 0, L_0x7fa5f6f40370;  1 drivers
v0x7fa5f6f1e7f0_0 .net *"_s1", 0 0, L_0x7fa5f6f401b0;  1 drivers
v0x7fa5f6f1e8a0_0 .net *"_s2", 0 0, L_0x7fa5f6f40250;  1 drivers
v0x7fa5f6f1e960_0 .net *"_s4", 0 0, L_0x7fa5f6f405e0;  1 drivers
v0x7fa5f6f1ea10_0 .net *"_s5", 0 0, L_0x7fa5f6f40410;  1 drivers
v0x7fa5f6f1eb00_0 .net *"_s7", 0 0, L_0x7fa5f6f407e0;  1 drivers
v0x7fa5f6f1ebb0_0 .net *"_s8", 0 0, L_0x7fa5f6f40880;  1 drivers
v0x7fa5f6f1ec60_0 .net *"_s9", 0 0, L_0x7fa5f6f40680;  1 drivers
L_0x7fa5f6f40410 .arith/sum 1, L_0x7fa5f6f40250, L_0x7fa5f6f405e0;
S_0x7fa5f6f1ed10 .scope generate, "genblk1[8]" "genblk1[8]" 6 18, 6 18 0, S_0x7fa5f6f1b230;
 .timescale 0 0;
P_0x7fa5f6f1eed0 .param/l "i" 0 6 18, +C4<01000>;
L_0x7fa5f6f3fba0 .functor AND 1, L_0x7fa5f6f3fcc0, L_0x7fa5f6f3fd60, C4<1>, C4<1>;
L_0x7fa5f6f3fea0 .functor AND 1, L_0x7fa5f6f40110, L_0x7fa5f6f3fe00, C4<1>, C4<1>;
v0x7fa5f6f1ef60_0 .net *"_s0", 0 0, L_0x7fa5f6f3fcc0;  1 drivers
v0x7fa5f6f1f020_0 .net *"_s1", 0 0, L_0x7fa5f6f3fd60;  1 drivers
v0x7fa5f6f1f0c0_0 .net *"_s2", 0 0, L_0x7fa5f6f3fba0;  1 drivers
v0x7fa5f6f1f170_0 .net *"_s4", 0 0, L_0x7fa5f6f3ff30;  1 drivers
v0x7fa5f6f1f220_0 .net *"_s5", 0 0, L_0x7fa5f6f3ffd0;  1 drivers
v0x7fa5f6f1f310_0 .net *"_s7", 0 0, L_0x7fa5f6f40110;  1 drivers
v0x7fa5f6f1f3c0_0 .net *"_s8", 0 0, L_0x7fa5f6f3fe00;  1 drivers
v0x7fa5f6f1f470_0 .net *"_s9", 0 0, L_0x7fa5f6f3fea0;  1 drivers
L_0x7fa5f6f3ffd0 .arith/sum 1, L_0x7fa5f6f3fba0, L_0x7fa5f6f3ff30;
S_0x7fa5f6f1f520 .scope generate, "genblk1[9]" "genblk1[9]" 6 18, 6 18 0, S_0x7fa5f6f1b230;
 .timescale 0 0;
P_0x7fa5f6f1d680 .param/l "i" 0 6 18, +C4<01001>;
L_0x7fa5f6f3f360 .functor AND 1, L_0x7fa5f6f3f530, L_0x7fa5f6f3f7d0, C4<1>, C4<1>;
L_0x7fa5f6f3f910 .functor AND 1, L_0x7fa5f6f3fa60, L_0x7fa5f6f3fb00, C4<1>, C4<1>;
v0x7fa5f6f1f7b0_0 .net *"_s0", 0 0, L_0x7fa5f6f3f530;  1 drivers
v0x7fa5f6f1f870_0 .net *"_s1", 0 0, L_0x7fa5f6f3f7d0;  1 drivers
v0x7fa5f6f1f910_0 .net *"_s2", 0 0, L_0x7fa5f6f3f360;  1 drivers
v0x7fa5f6f1f9c0_0 .net *"_s4", 0 0, L_0x7fa5f6f3f870;  1 drivers
v0x7fa5f6f1fa70_0 .net *"_s5", 0 0, L_0x7fa5f6f3da40;  1 drivers
v0x7fa5f6f1fb60_0 .net *"_s7", 0 0, L_0x7fa5f6f3fa60;  1 drivers
v0x7fa5f6f1fc10_0 .net *"_s8", 0 0, L_0x7fa5f6f3fb00;  1 drivers
v0x7fa5f6f1fcc0_0 .net *"_s9", 0 0, L_0x7fa5f6f3f910;  1 drivers
L_0x7fa5f6f3da40 .arith/sum 1, L_0x7fa5f6f3f360, L_0x7fa5f6f3f870;
S_0x7fa5f6f1fd70 .scope generate, "genblk1[10]" "genblk1[10]" 6 18, 6 18 0, S_0x7fa5f6f1b230;
 .timescale 0 0;
P_0x7fa5f6f1ff30 .param/l "i" 0 6 18, +C4<01010>;
L_0x7fa5f6f3f110 .functor AND 1, L_0x7fa5f6f3eef0, L_0x7fa5f6f3ef90, C4<1>, C4<1>;
L_0x7fa5f6f3f030 .functor AND 1, L_0x7fa5f6f3f2c0, L_0x7fa5f6f3f450, C4<1>, C4<1>;
v0x7fa5f6f1ffc0_0 .net *"_s0", 0 0, L_0x7fa5f6f3eef0;  1 drivers
v0x7fa5f6f20080_0 .net *"_s1", 0 0, L_0x7fa5f6f3ef90;  1 drivers
v0x7fa5f6f20120_0 .net *"_s2", 0 0, L_0x7fa5f6f3f110;  1 drivers
v0x7fa5f6f201d0_0 .net *"_s4", 0 0, L_0x7fa5f6f3f180;  1 drivers
v0x7fa5f6f20280_0 .net *"_s5", 0 0, L_0x7fa5f6f3f220;  1 drivers
v0x7fa5f6f20370_0 .net *"_s7", 0 0, L_0x7fa5f6f3f2c0;  1 drivers
v0x7fa5f6f20420_0 .net *"_s8", 0 0, L_0x7fa5f6f3f450;  1 drivers
v0x7fa5f6f204d0_0 .net *"_s9", 0 0, L_0x7fa5f6f3f030;  1 drivers
L_0x7fa5f6f3f220 .arith/sum 1, L_0x7fa5f6f3f110, L_0x7fa5f6f3f180;
S_0x7fa5f6f20580 .scope generate, "genblk1[11]" "genblk1[11]" 6 18, 6 18 0, S_0x7fa5f6f1b230;
 .timescale 0 0;
P_0x7fa5f6f20740 .param/l "i" 0 6 18, +C4<01011>;
L_0x7fa5f6f3d770 .functor AND 1, L_0x7fa5f6f3e730, L_0x7fa5f6f3e570, C4<1>, C4<1>;
L_0x7fa5f6f3e810 .functor AND 1, L_0x7fa5f6f3ece0, L_0x7fa5f6f3ed80, C4<1>, C4<1>;
v0x7fa5f6f207d0_0 .net *"_s0", 0 0, L_0x7fa5f6f3e730;  1 drivers
v0x7fa5f6f20890_0 .net *"_s1", 0 0, L_0x7fa5f6f3e570;  1 drivers
v0x7fa5f6f20930_0 .net *"_s2", 0 0, L_0x7fa5f6f3d770;  1 drivers
v0x7fa5f6f209e0_0 .net *"_s4", 0 0, L_0x7fa5f6f3ea80;  1 drivers
v0x7fa5f6f20a90_0 .net *"_s5", 0 0, L_0x7fa5f6f3ebe0;  1 drivers
v0x7fa5f6f20b80_0 .net *"_s7", 0 0, L_0x7fa5f6f3ece0;  1 drivers
v0x7fa5f6f20c30_0 .net *"_s8", 0 0, L_0x7fa5f6f3ed80;  1 drivers
v0x7fa5f6f20ce0_0 .net *"_s9", 0 0, L_0x7fa5f6f3e810;  1 drivers
L_0x7fa5f6f3ebe0 .arith/sum 1, L_0x7fa5f6f3d770, L_0x7fa5f6f3ea80;
S_0x7fa5f6f20d90 .scope generate, "genblk1[12]" "genblk1[12]" 6 18, 6 18 0, S_0x7fa5f6f1b230;
 .timescale 0 0;
P_0x7fa5f6f20f50 .param/l "i" 0 6 18, +C4<01100>;
L_0x7fa5f6f3e280 .functor AND 1, L_0x7fa5f6f3e0b0, L_0x7fa5f6f3e150, C4<1>, C4<1>;
L_0x7fa5f6f3e1f0 .functor AND 1, L_0x7fa5f6f3e4d0, L_0x7fa5f6f3e610, C4<1>, C4<1>;
v0x7fa5f6f20fe0_0 .net *"_s0", 0 0, L_0x7fa5f6f3e0b0;  1 drivers
v0x7fa5f6f210a0_0 .net *"_s1", 0 0, L_0x7fa5f6f3e150;  1 drivers
v0x7fa5f6f21140_0 .net *"_s2", 0 0, L_0x7fa5f6f3e280;  1 drivers
v0x7fa5f6f211f0_0 .net *"_s4", 0 0, L_0x7fa5f6f3e2f0;  1 drivers
v0x7fa5f6f212a0_0 .net *"_s5", 0 0, L_0x7fa5f6f3e390;  1 drivers
v0x7fa5f6f21390_0 .net *"_s7", 0 0, L_0x7fa5f6f3e4d0;  1 drivers
v0x7fa5f6f21440_0 .net *"_s8", 0 0, L_0x7fa5f6f3e610;  1 drivers
v0x7fa5f6f214f0_0 .net *"_s9", 0 0, L_0x7fa5f6f3e1f0;  1 drivers
L_0x7fa5f6f3e390 .arith/sum 1, L_0x7fa5f6f3e280, L_0x7fa5f6f3e2f0;
S_0x7fa5f6f215a0 .scope generate, "genblk1[13]" "genblk1[13]" 6 18, 6 18 0, S_0x7fa5f6f1b230;
 .timescale 0 0;
P_0x7fa5f6f21760 .param/l "i" 0 6 18, +C4<01101>;
L_0x7fa5f6f3cca0 .functor AND 1, L_0x7fa5f6f3d9a0, L_0x7fa5f6f3dba0, C4<1>, C4<1>;
L_0x7fa5f6f3dd20 .functor AND 1, L_0x7fa5f6f3de70, L_0x7fa5f6f3df10, C4<1>, C4<1>;
v0x7fa5f6f217f0_0 .net *"_s0", 0 0, L_0x7fa5f6f3d9a0;  1 drivers
v0x7fa5f6f218b0_0 .net *"_s1", 0 0, L_0x7fa5f6f3dba0;  1 drivers
v0x7fa5f6f21950_0 .net *"_s2", 0 0, L_0x7fa5f6f3cca0;  1 drivers
v0x7fa5f6f21a00_0 .net *"_s4", 0 0, L_0x7fa5f6f3dc80;  1 drivers
v0x7fa5f6f21ab0_0 .net *"_s5", 0 0, L_0x7fa5f6f3dd90;  1 drivers
v0x7fa5f6f21ba0_0 .net *"_s7", 0 0, L_0x7fa5f6f3de70;  1 drivers
v0x7fa5f6f21c50_0 .net *"_s8", 0 0, L_0x7fa5f6f3df10;  1 drivers
v0x7fa5f6f21d00_0 .net *"_s9", 0 0, L_0x7fa5f6f3dd20;  1 drivers
L_0x7fa5f6f3dd90 .arith/sum 1, L_0x7fa5f6f3cca0, L_0x7fa5f6f3dc80;
S_0x7fa5f6f21db0 .scope generate, "genblk1[14]" "genblk1[14]" 6 18, 6 18 0, S_0x7fa5f6f1b230;
 .timescale 0 0;
P_0x7fa5f6f21f70 .param/l "i" 0 6 18, +C4<01110>;
L_0x7fa5f6f3d400 .functor AND 1, L_0x7fa5f6f3d280, L_0x7fa5f6f3d320, C4<1>, C4<1>;
L_0x7fa5f6f3cdc0 .functor AND 1, L_0x7fa5f6f3d6d0, L_0x7fa5f6f3d8c0, C4<1>, C4<1>;
v0x7fa5f6f22000_0 .net *"_s0", 0 0, L_0x7fa5f6f3d280;  1 drivers
v0x7fa5f6f220c0_0 .net *"_s1", 0 0, L_0x7fa5f6f3d320;  1 drivers
v0x7fa5f6f22160_0 .net *"_s2", 0 0, L_0x7fa5f6f3d400;  1 drivers
v0x7fa5f6f22210_0 .net *"_s4", 0 0, L_0x7fa5f6f3d4f0;  1 drivers
v0x7fa5f6f222c0_0 .net *"_s5", 0 0, L_0x7fa5f6f3d590;  1 drivers
v0x7fa5f6f223b0_0 .net *"_s7", 0 0, L_0x7fa5f6f3d6d0;  1 drivers
v0x7fa5f6f22460_0 .net *"_s8", 0 0, L_0x7fa5f6f3d8c0;  1 drivers
v0x7fa5f6f22510_0 .net *"_s9", 0 0, L_0x7fa5f6f3cdc0;  1 drivers
L_0x7fa5f6f3d590 .arith/sum 1, L_0x7fa5f6f3d400, L_0x7fa5f6f3d4f0;
S_0x7fa5f6f225c0 .scope generate, "genblk1[15]" "genblk1[15]" 6 18, 6 18 0, S_0x7fa5f6f1b230;
 .timescale 0 0;
P_0x7fa5f6f22780 .param/l "i" 0 6 18, +C4<01111>;
L_0x7fa5f6f3ce40 .functor AND 1, L_0x7fa5f6f3cc00, L_0x7fa5f6f3cd20, C4<1>, C4<1>;
L_0x7fa5f6f3d190 .functor AND 1, L_0x7fa5f6f3d050, L_0x7fa5f6f3d0f0, C4<1>, C4<1>;
v0x7fa5f6f22810_0 .net *"_s0", 0 0, L_0x7fa5f6f3cc00;  1 drivers
v0x7fa5f6f228d0_0 .net *"_s1", 0 0, L_0x7fa5f6f3cd20;  1 drivers
v0x7fa5f6f22970_0 .net *"_s2", 0 0, L_0x7fa5f6f3ce40;  1 drivers
v0x7fa5f6f22a20_0 .net *"_s4", 0 0, L_0x7fa5f6f3ceb0;  1 drivers
v0x7fa5f6f22ad0_0 .net *"_s5", 0 0, L_0x7fa5f6f3cf50;  1 drivers
v0x7fa5f6f22bc0_0 .net *"_s7", 0 0, L_0x7fa5f6f3d050;  1 drivers
v0x7fa5f6f22c70_0 .net *"_s8", 0 0, L_0x7fa5f6f3d0f0;  1 drivers
v0x7fa5f6f22d20_0 .net *"_s9", 0 0, L_0x7fa5f6f3d190;  1 drivers
L_0x7fa5f6f3cf50 .arith/sum 1, L_0x7fa5f6f3ce40, L_0x7fa5f6f3ceb0;
S_0x7fa5f6f22dd0 .scope generate, "genblk2[2]" "genblk2[2]" 6 25, 6 25 0, S_0x7fa5f6f1b230;
 .timescale 0 0;
P_0x7fa5f6f22f90 .param/l "i" 0 6 25, +C4<010>;
L_0x7fa5f6f48390 .functor AND 1, L_0x7fa5f6f48250, L_0x7fa5f6f482f0, C4<1>, C4<1>;
L_0x7fa5f6f487e0 .functor AND 1, L_0x7fa5f6f486a0, L_0x7fa5f6f48740, C4<1>, C4<1>;
v0x7fa5f6f23030_0 .net *"_s0", 0 0, L_0x7fa5f6f48250;  1 drivers
v0x7fa5f6f230c0_0 .net *"_s1", 0 0, L_0x7fa5f6f482f0;  1 drivers
v0x7fa5f6f23170_0 .net *"_s2", 0 0, L_0x7fa5f6f48390;  1 drivers
v0x7fa5f6f23230_0 .net *"_s4", 0 0, L_0x7fa5f6f484c0;  1 drivers
v0x7fa5f6f232e0_0 .net *"_s5", 0 0, L_0x7fa5f6f48560;  1 drivers
v0x7fa5f6f233d0_0 .net *"_s7", 0 0, L_0x7fa5f6f486a0;  1 drivers
v0x7fa5f6f23480_0 .net *"_s8", 0 0, L_0x7fa5f6f48740;  1 drivers
v0x7fa5f6f23530_0 .net *"_s9", 0 0, L_0x7fa5f6f487e0;  1 drivers
L_0x7fa5f6f48560 .arith/sum 1, L_0x7fa5f6f48390, L_0x7fa5f6f484c0;
S_0x7fa5f6f235e0 .scope generate, "genblk2[3]" "genblk2[3]" 6 25, 6 25 0, S_0x7fa5f6f1b230;
 .timescale 0 0;
P_0x7fa5f6f238a0 .param/l "i" 0 6 25, +C4<011>;
L_0x7fa5f6f47d30 .functor AND 1, L_0x7fa5f6f47bf0, L_0x7fa5f6f47c90, C4<1>, C4<1>;
L_0x7fa5f6f48160 .functor AND 1, L_0x7fa5f6f48020, L_0x7fa5f6f480c0, C4<1>, C4<1>;
v0x7fa5f6f23920_0 .net *"_s0", 0 0, L_0x7fa5f6f47bf0;  1 drivers
v0x7fa5f6f239b0_0 .net *"_s1", 0 0, L_0x7fa5f6f47c90;  1 drivers
v0x7fa5f6f23a40_0 .net *"_s2", 0 0, L_0x7fa5f6f47d30;  1 drivers
v0x7fa5f6f23ad0_0 .net *"_s4", 0 0, L_0x7fa5f6f47e40;  1 drivers
v0x7fa5f6f23b70_0 .net *"_s5", 0 0, L_0x7fa5f6f47ee0;  1 drivers
v0x7fa5f6f23c60_0 .net *"_s7", 0 0, L_0x7fa5f6f48020;  1 drivers
v0x7fa5f6f23d10_0 .net *"_s8", 0 0, L_0x7fa5f6f480c0;  1 drivers
v0x7fa5f6f23dc0_0 .net *"_s9", 0 0, L_0x7fa5f6f48160;  1 drivers
L_0x7fa5f6f47ee0 .arith/sum 1, L_0x7fa5f6f47d30, L_0x7fa5f6f47e40;
S_0x7fa5f6f23e70 .scope generate, "genblk2[4]" "genblk2[4]" 6 25, 6 25 0, S_0x7fa5f6f1b230;
 .timescale 0 0;
P_0x7fa5f6f24030 .param/l "i" 0 6 25, +C4<0100>;
L_0x7fa5f6f453b0 .functor AND 1, L_0x7fa5f6f45270, L_0x7fa5f6f45310, C4<1>, C4<1>;
L_0x7fa5f6f47b00 .functor AND 1, L_0x7fa5f6f479c0, L_0x7fa5f6f47a60, C4<1>, C4<1>;
v0x7fa5f6f240d0_0 .net *"_s0", 0 0, L_0x7fa5f6f45270;  1 drivers
v0x7fa5f6f24160_0 .net *"_s1", 0 0, L_0x7fa5f6f45310;  1 drivers
v0x7fa5f6f24210_0 .net *"_s2", 0 0, L_0x7fa5f6f453b0;  1 drivers
v0x7fa5f6f242d0_0 .net *"_s4", 0 0, L_0x7fa5f6f477e0;  1 drivers
v0x7fa5f6f24380_0 .net *"_s5", 0 0, L_0x7fa5f6f47880;  1 drivers
v0x7fa5f6f24470_0 .net *"_s7", 0 0, L_0x7fa5f6f479c0;  1 drivers
v0x7fa5f6f24520_0 .net *"_s8", 0 0, L_0x7fa5f6f47a60;  1 drivers
v0x7fa5f6f245d0_0 .net *"_s9", 0 0, L_0x7fa5f6f47b00;  1 drivers
L_0x7fa5f6f47880 .arith/sum 1, L_0x7fa5f6f453b0, L_0x7fa5f6f477e0;
S_0x7fa5f6f24680 .scope generate, "genblk2[5]" "genblk2[5]" 6 25, 6 25 0, S_0x7fa5f6f1b230;
 .timescale 0 0;
P_0x7fa5f6f24840 .param/l "i" 0 6 25, +C4<0101>;
L_0x7fa5f6f470c0 .functor AND 1, L_0x7fa5f6f46f80, L_0x7fa5f6f47020, C4<1>, C4<1>;
L_0x7fa5f6f47670 .functor AND 1, L_0x7fa5f6f47530, L_0x7fa5f6f475d0, C4<1>, C4<1>;
v0x7fa5f6f248e0_0 .net *"_s0", 0 0, L_0x7fa5f6f46f80;  1 drivers
v0x7fa5f6f24970_0 .net *"_s1", 0 0, L_0x7fa5f6f47020;  1 drivers
v0x7fa5f6f24a20_0 .net *"_s2", 0 0, L_0x7fa5f6f470c0;  1 drivers
v0x7fa5f6f24ae0_0 .net *"_s4", 0 0, L_0x7fa5f6f473b0;  1 drivers
v0x7fa5f6f24b90_0 .net *"_s5", 0 0, L_0x7fa5f6f47450;  1 drivers
v0x7fa5f6f24c80_0 .net *"_s7", 0 0, L_0x7fa5f6f47530;  1 drivers
v0x7fa5f6f24d30_0 .net *"_s8", 0 0, L_0x7fa5f6f475d0;  1 drivers
v0x7fa5f6f24de0_0 .net *"_s9", 0 0, L_0x7fa5f6f47670;  1 drivers
L_0x7fa5f6f47450 .arith/sum 1, L_0x7fa5f6f470c0, L_0x7fa5f6f473b0;
S_0x7fa5f6f24e90 .scope generate, "genblk2[6]" "genblk2[6]" 6 25, 6 25 0, S_0x7fa5f6f1b230;
 .timescale 0 0;
P_0x7fa5f6f25050 .param/l "i" 0 6 25, +C4<0110>;
L_0x7fa5f6f469a0 .functor AND 1, L_0x7fa5f6f46df0, L_0x7fa5f6f46900, C4<1>, C4<1>;
L_0x7fa5f6f46e90 .functor AND 1, L_0x7fa5f6f47270, L_0x7fa5f6f47310, C4<1>, C4<1>;
v0x7fa5f6f250f0_0 .net *"_s0", 0 0, L_0x7fa5f6f46df0;  1 drivers
v0x7fa5f6f25180_0 .net *"_s1", 0 0, L_0x7fa5f6f46900;  1 drivers
v0x7fa5f6f25230_0 .net *"_s2", 0 0, L_0x7fa5f6f469a0;  1 drivers
v0x7fa5f6f252f0_0 .net *"_s4", 0 0, L_0x7fa5f6f46ad0;  1 drivers
v0x7fa5f6f253a0_0 .net *"_s5", 0 0, L_0x7fa5f6f46b70;  1 drivers
v0x7fa5f6f25490_0 .net *"_s7", 0 0, L_0x7fa5f6f47270;  1 drivers
v0x7fa5f6f25540_0 .net *"_s8", 0 0, L_0x7fa5f6f47310;  1 drivers
v0x7fa5f6f255f0_0 .net *"_s9", 0 0, L_0x7fa5f6f46e90;  1 drivers
L_0x7fa5f6f46b70 .arith/sum 1, L_0x7fa5f6f469a0, L_0x7fa5f6f46ad0;
S_0x7fa5f6f256a0 .scope generate, "genblk2[7]" "genblk2[7]" 6 25, 6 25 0, S_0x7fa5f6f1b230;
 .timescale 0 0;
P_0x7fa5f6f25860 .param/l "i" 0 6 25, +C4<0111>;
L_0x7fa5f6f46130 .functor AND 1, L_0x7fa5f6f46090, L_0x7fa5f6f46860, C4<1>, C4<1>;
L_0x7fa5f6f46cc0 .functor AND 1, L_0x7fa5f6f46720, L_0x7fa5f6f467c0, C4<1>, C4<1>;
v0x7fa5f6f25900_0 .net *"_s0", 0 0, L_0x7fa5f6f46090;  1 drivers
v0x7fa5f6f25990_0 .net *"_s1", 0 0, L_0x7fa5f6f46860;  1 drivers
v0x7fa5f6f25a40_0 .net *"_s2", 0 0, L_0x7fa5f6f46130;  1 drivers
v0x7fa5f6f25b00_0 .net *"_s4", 0 0, L_0x7fa5f6f46560;  1 drivers
v0x7fa5f6f25bb0_0 .net *"_s5", 0 0, L_0x7fa5f6f46600;  1 drivers
v0x7fa5f6f25ca0_0 .net *"_s7", 0 0, L_0x7fa5f6f46720;  1 drivers
v0x7fa5f6f25d50_0 .net *"_s8", 0 0, L_0x7fa5f6f467c0;  1 drivers
v0x7fa5f6f25e00_0 .net *"_s9", 0 0, L_0x7fa5f6f46cc0;  1 drivers
L_0x7fa5f6f46600 .arith/sum 1, L_0x7fa5f6f46130, L_0x7fa5f6f46560;
S_0x7fa5f6f25eb0 .scope generate, "genblk2[8]" "genblk2[8]" 6 25, 6 25 0, S_0x7fa5f6f1b230;
 .timescale 0 0;
P_0x7fa5f6f26070 .param/l "i" 0 6 25, +C4<01000>;
L_0x7fa5f6f45ca0 .functor AND 1, L_0x7fa5f6f45b60, L_0x7fa5f6f45c00, C4<1>, C4<1>;
L_0x7fa5f6f45fa0 .functor AND 1, L_0x7fa5f6f45e60, L_0x7fa5f6f45f00, C4<1>, C4<1>;
v0x7fa5f6f26100_0 .net *"_s0", 0 0, L_0x7fa5f6f45b60;  1 drivers
v0x7fa5f6f261c0_0 .net *"_s1", 0 0, L_0x7fa5f6f45c00;  1 drivers
v0x7fa5f6f26260_0 .net *"_s2", 0 0, L_0x7fa5f6f45ca0;  1 drivers
v0x7fa5f6f26310_0 .net *"_s4", 0 0, L_0x7fa5f6f46220;  1 drivers
v0x7fa5f6f263c0_0 .net *"_s5", 0 0, L_0x7fa5f6f44650;  1 drivers
v0x7fa5f6f264b0_0 .net *"_s7", 0 0, L_0x7fa5f6f45e60;  1 drivers
v0x7fa5f6f26560_0 .net *"_s8", 0 0, L_0x7fa5f6f45f00;  1 drivers
v0x7fa5f6f26610_0 .net *"_s9", 0 0, L_0x7fa5f6f45fa0;  1 drivers
L_0x7fa5f6f44650 .arith/sum 1, L_0x7fa5f6f45ca0, L_0x7fa5f6f46220;
S_0x7fa5f6f266c0 .scope generate, "genblk2[9]" "genblk2[9]" 6 25, 6 25 0, S_0x7fa5f6f1b230;
 .timescale 0 0;
P_0x7fa5f6f26880 .param/l "i" 0 6 25, +C4<01001>;
L_0x7fa5f6f45550 .functor AND 1, L_0x7fa5f6f458e0, L_0x7fa5f6f45980, C4<1>, C4<1>;
L_0x7fa5f6f45820 .functor AND 1, L_0x7fa5f6f45d80, L_0x7fa5f6f45a20, C4<1>, C4<1>;
v0x7fa5f6f26910_0 .net *"_s0", 0 0, L_0x7fa5f6f458e0;  1 drivers
v0x7fa5f6f269d0_0 .net *"_s1", 0 0, L_0x7fa5f6f45980;  1 drivers
v0x7fa5f6f26a70_0 .net *"_s2", 0 0, L_0x7fa5f6f45550;  1 drivers
v0x7fa5f6f26b20_0 .net *"_s4", 0 0, L_0x7fa5f6f45660;  1 drivers
v0x7fa5f6f26bd0_0 .net *"_s5", 0 0, L_0x7fa5f6f45700;  1 drivers
v0x7fa5f6f26cc0_0 .net *"_s7", 0 0, L_0x7fa5f6f45d80;  1 drivers
v0x7fa5f6f26d70_0 .net *"_s8", 0 0, L_0x7fa5f6f45a20;  1 drivers
v0x7fa5f6f26e20_0 .net *"_s9", 0 0, L_0x7fa5f6f45820;  1 drivers
L_0x7fa5f6f45700 .arith/sum 1, L_0x7fa5f6f45550, L_0x7fa5f6f45660;
S_0x7fa5f6f26ed0 .scope generate, "genblk2[10]" "genblk2[10]" 6 25, 6 25 0, S_0x7fa5f6f1b230;
 .timescale 0 0;
P_0x7fa5f6f27090 .param/l "i" 0 6 25, +C4<01010>;
L_0x7fa5f6f440e0 .functor AND 1, L_0x7fa5f6f44d40, L_0x7fa5f6f44de0, C4<1>, C4<1>;
L_0x7fa5f6f451a0 .functor AND 1, L_0x7fa5f6f45060, L_0x7fa5f6f45100, C4<1>, C4<1>;
v0x7fa5f6f27120_0 .net *"_s0", 0 0, L_0x7fa5f6f44d40;  1 drivers
v0x7fa5f6f271e0_0 .net *"_s1", 0 0, L_0x7fa5f6f44de0;  1 drivers
v0x7fa5f6f27280_0 .net *"_s2", 0 0, L_0x7fa5f6f440e0;  1 drivers
v0x7fa5f6f27330_0 .net *"_s4", 0 0, L_0x7fa5f6f454b0;  1 drivers
v0x7fa5f6f273e0_0 .net *"_s5", 0 0, L_0x7fa5f6f44f40;  1 drivers
v0x7fa5f6f274d0_0 .net *"_s7", 0 0, L_0x7fa5f6f45060;  1 drivers
v0x7fa5f6f27580_0 .net *"_s8", 0 0, L_0x7fa5f6f45100;  1 drivers
v0x7fa5f6f27630_0 .net *"_s9", 0 0, L_0x7fa5f6f451a0;  1 drivers
L_0x7fa5f6f44f40 .arith/sum 1, L_0x7fa5f6f440e0, L_0x7fa5f6f454b0;
S_0x7fa5f6f276e0 .scope generate, "genblk2[11]" "genblk2[11]" 6 25, 6 25 0, S_0x7fa5f6f1b230;
 .timescale 0 0;
P_0x7fa5f6f278a0 .param/l "i" 0 6 25, +C4<01011>;
L_0x7fa5f6f44750 .functor AND 1, L_0x7fa5f6f44a50, L_0x7fa5f6f44af0, C4<1>, C4<1>;
L_0x7fa5f6f44c30 .functor AND 1, L_0x7fa5f6f44ea0, L_0x7fa5f6f44b90, C4<1>, C4<1>;
v0x7fa5f6f27930_0 .net *"_s0", 0 0, L_0x7fa5f6f44a50;  1 drivers
v0x7fa5f6f279f0_0 .net *"_s1", 0 0, L_0x7fa5f6f44af0;  1 drivers
v0x7fa5f6f27a90_0 .net *"_s2", 0 0, L_0x7fa5f6f44750;  1 drivers
v0x7fa5f6f27b40_0 .net *"_s4", 0 0, L_0x7fa5f6f44880;  1 drivers
v0x7fa5f6f27bf0_0 .net *"_s5", 0 0, L_0x7fa5f6f44920;  1 drivers
v0x7fa5f6f27ce0_0 .net *"_s7", 0 0, L_0x7fa5f6f44ea0;  1 drivers
v0x7fa5f6f27d90_0 .net *"_s8", 0 0, L_0x7fa5f6f44b90;  1 drivers
v0x7fa5f6f27e40_0 .net *"_s9", 0 0, L_0x7fa5f6f44c30;  1 drivers
L_0x7fa5f6f44920 .arith/sum 1, L_0x7fa5f6f44750, L_0x7fa5f6f44880;
S_0x7fa5f6f27ef0 .scope generate, "genblk2[12]" "genblk2[12]" 6 25, 6 25 0, S_0x7fa5f6f1b230;
 .timescale 0 0;
P_0x7fa5f6f280b0 .param/l "i" 0 6 25, +C4<01100>;
L_0x7fa5f6f444c0 .functor AND 1, L_0x7fa5f6f43e40, L_0x7fa5f6f43ee0, C4<1>, C4<1>;
L_0x7fa5f6f443c0 .functor AND 1, L_0x7fa5f6f44280, L_0x7fa5f6f44320, C4<1>, C4<1>;
v0x7fa5f6f28140_0 .net *"_s0", 0 0, L_0x7fa5f6f43e40;  1 drivers
v0x7fa5f6f28200_0 .net *"_s1", 0 0, L_0x7fa5f6f43ee0;  1 drivers
v0x7fa5f6f282a0_0 .net *"_s2", 0 0, L_0x7fa5f6f444c0;  1 drivers
v0x7fa5f6f28350_0 .net *"_s4", 0 0, L_0x7fa5f6f445b0;  1 drivers
v0x7fa5f6f28400_0 .net *"_s5", 0 0, L_0x7fa5f6f441e0;  1 drivers
v0x7fa5f6f284f0_0 .net *"_s7", 0 0, L_0x7fa5f6f44280;  1 drivers
v0x7fa5f6f285a0_0 .net *"_s8", 0 0, L_0x7fa5f6f44320;  1 drivers
v0x7fa5f6f28650_0 .net *"_s9", 0 0, L_0x7fa5f6f443c0;  1 drivers
L_0x7fa5f6f441e0 .arith/sum 1, L_0x7fa5f6f444c0, L_0x7fa5f6f445b0;
S_0x7fa5f6f28700 .scope generate, "genblk2[13]" "genblk2[13]" 6 25, 6 25 0, S_0x7fa5f6f1b230;
 .timescale 0 0;
P_0x7fa5f6f288c0 .param/l "i" 0 6 25, +C4<01101>;
L_0x7fa5f6f43890 .functor AND 1, L_0x7fa5f6f43be0, L_0x7fa5f6f43c80, C4<1>, C4<1>;
L_0x7fa5f6f43680 .functor AND 1, L_0x7fa5f6f44040, L_0x7fa5f6f43d20, C4<1>, C4<1>;
v0x7fa5f6f28950_0 .net *"_s0", 0 0, L_0x7fa5f6f43be0;  1 drivers
v0x7fa5f6f28a10_0 .net *"_s1", 0 0, L_0x7fa5f6f43c80;  1 drivers
v0x7fa5f6f28ab0_0 .net *"_s2", 0 0, L_0x7fa5f6f43890;  1 drivers
v0x7fa5f6f28b60_0 .net *"_s4", 0 0, L_0x7fa5f6f439c0;  1 drivers
v0x7fa5f6f28c10_0 .net *"_s5", 0 0, L_0x7fa5f6f43a60;  1 drivers
v0x7fa5f6f28d00_0 .net *"_s7", 0 0, L_0x7fa5f6f44040;  1 drivers
v0x7fa5f6f28db0_0 .net *"_s8", 0 0, L_0x7fa5f6f43d20;  1 drivers
v0x7fa5f6f28e60_0 .net *"_s9", 0 0, L_0x7fa5f6f43680;  1 drivers
L_0x7fa5f6f43a60 .arith/sum 1, L_0x7fa5f6f43890, L_0x7fa5f6f439c0;
S_0x7fa5f6f28f10 .scope generate, "genblk2[14]" "genblk2[14]" 6 25, 6 25 0, S_0x7fa5f6f1b230;
 .timescale 0 0;
P_0x7fa5f6f290d0 .param/l "i" 0 6 25, +C4<01110>;
L_0x7fa5f6f43700 .functor AND 1, L_0x7fa5f6f43090, L_0x7fa5f6f435e0, C4<1>, C4<1>;
L_0x7fa5f6f43570 .functor AND 1, L_0x7fa5f6f43430, L_0x7fa5f6f434d0, C4<1>, C4<1>;
v0x7fa5f6f29160_0 .net *"_s0", 0 0, L_0x7fa5f6f43090;  1 drivers
v0x7fa5f6f29220_0 .net *"_s1", 0 0, L_0x7fa5f6f435e0;  1 drivers
v0x7fa5f6f292c0_0 .net *"_s2", 0 0, L_0x7fa5f6f43700;  1 drivers
v0x7fa5f6f29370_0 .net *"_s4", 0 0, L_0x7fa5f6f43770;  1 drivers
v0x7fa5f6f29420_0 .net *"_s5", 0 0, L_0x7fa5f6f43350;  1 drivers
v0x7fa5f6f29510_0 .net *"_s7", 0 0, L_0x7fa5f6f43430;  1 drivers
v0x7fa5f6f295c0_0 .net *"_s8", 0 0, L_0x7fa5f6f434d0;  1 drivers
v0x7fa5f6f29670_0 .net *"_s9", 0 0, L_0x7fa5f6f43570;  1 drivers
L_0x7fa5f6f43350 .arith/sum 1, L_0x7fa5f6f43700, L_0x7fa5f6f43770;
S_0x7fa5f6f29720 .scope generate, "genblk2[15]" "genblk2[15]" 6 25, 6 25 0, S_0x7fa5f6f1b230;
 .timescale 0 0;
P_0x7fa5f6f298e0 .param/l "i" 0 6 25, +C4<01111>;
L_0x7fa5f6f429f0 .functor AND 1, L_0x7fa5f6f42d80, L_0x7fa5f6f42e20, C4<1>, C4<1>;
L_0x7fa5f6f42fa0 .functor AND 1, L_0x7fa5f6f43270, L_0x7fa5f6f42f00, C4<1>, C4<1>;
v0x7fa5f6f29970_0 .net *"_s0", 0 0, L_0x7fa5f6f42d80;  1 drivers
v0x7fa5f6f29a30_0 .net *"_s1", 0 0, L_0x7fa5f6f42e20;  1 drivers
v0x7fa5f6f29ad0_0 .net *"_s2", 0 0, L_0x7fa5f6f429f0;  1 drivers
v0x7fa5f6f29b80_0 .net *"_s4", 0 0, L_0x7fa5f6f42b20;  1 drivers
v0x7fa5f6f29c30_0 .net *"_s5", 0 0, L_0x7fa5f6f43170;  1 drivers
v0x7fa5f6f29d20_0 .net *"_s7", 0 0, L_0x7fa5f6f43270;  1 drivers
v0x7fa5f6f29dd0_0 .net *"_s8", 0 0, L_0x7fa5f6f42f00;  1 drivers
v0x7fa5f6f29e80_0 .net *"_s9", 0 0, L_0x7fa5f6f42fa0;  1 drivers
L_0x7fa5f6f43170 .arith/sum 1, L_0x7fa5f6f429f0, L_0x7fa5f6f42b20;
S_0x7fa5f6f29f30 .scope generate, "genblk3[0]" "genblk3[0]" 6 30, 6 30 0, S_0x7fa5f6f1b230;
 .timescale 0 0;
P_0x7fa5f6f2a0f0 .param/l "i" 0 6 30, +C4<00>;
v0x7fa5f6f2a190_0 .net *"_s0", 0 0, L_0x7fa5f6f488f0;  1 drivers
S_0x7fa5f6f2a220 .scope generate, "genblk3[1]" "genblk3[1]" 6 30, 6 30 0, S_0x7fa5f6f1b230;
 .timescale 0 0;
P_0x7fa5f6f2a3e0 .param/l "i" 0 6 30, +C4<01>;
v0x7fa5f6f2a480_0 .net *"_s0", 0 0, L_0x7fa5f6f48990;  1 drivers
S_0x7fa5f6f2a530 .scope generate, "genblk3[2]" "genblk3[2]" 6 30, 6 30 0, S_0x7fa5f6f1b230;
 .timescale 0 0;
P_0x7fa5f6f2a6f0 .param/l "i" 0 6 30, +C4<010>;
v0x7fa5f6f2a790_0 .net *"_s0", 0 0, L_0x7fa5f6f48a90;  1 drivers
S_0x7fa5f6f2a840 .scope generate, "genblk3[3]" "genblk3[3]" 6 30, 6 30 0, S_0x7fa5f6f1b230;
 .timescale 0 0;
P_0x7fa5f6f237a0 .param/l "i" 0 6 30, +C4<011>;
v0x7fa5f6f2ac00_0 .net *"_s0", 0 0, L_0x7fa5f6f48b30;  1 drivers
S_0x7fa5f6f2ac90 .scope generate, "genblk4[4]" "genblk4[4]" 6 33, 6 33 0, S_0x7fa5f6f1b230;
 .timescale 0 0;
P_0x7fa5f6f2ae40 .param/l "i" 0 6 33, +C4<0100>;
L_0x7fa5f6f4dbd0 .functor AND 1, L_0x7fa5f6f4da90, L_0x7fa5f6f4db30, C4<1>, C4<1>;
L_0x7fa5f6f4e020 .functor AND 1, L_0x7fa5f6f4dee0, L_0x7fa5f6f4df80, C4<1>, C4<1>;
v0x7fa5f6f2aec0_0 .net *"_s0", 0 0, L_0x7fa5f6f4da90;  1 drivers
v0x7fa5f6f2af60_0 .net *"_s1", 0 0, L_0x7fa5f6f4db30;  1 drivers
v0x7fa5f6f2b010_0 .net *"_s2", 0 0, L_0x7fa5f6f4dbd0;  1 drivers
v0x7fa5f6f2b0d0_0 .net *"_s4", 0 0, L_0x7fa5f6f4dcc0;  1 drivers
v0x7fa5f6f2b180_0 .net *"_s5", 0 0, L_0x7fa5f6f4dd60;  1 drivers
v0x7fa5f6f2b270_0 .net *"_s7", 0 0, L_0x7fa5f6f4dee0;  1 drivers
v0x7fa5f6f2b320_0 .net *"_s8", 0 0, L_0x7fa5f6f4df80;  1 drivers
v0x7fa5f6f2b3d0_0 .net *"_s9", 0 0, L_0x7fa5f6f4e020;  1 drivers
L_0x7fa5f6f4dd60 .arith/sum 1, L_0x7fa5f6f4dbd0, L_0x7fa5f6f4dcc0;
S_0x7fa5f6f2b480 .scope generate, "genblk4[5]" "genblk4[5]" 6 33, 6 33 0, S_0x7fa5f6f1b230;
 .timescale 0 0;
P_0x7fa5f6f2b640 .param/l "i" 0 6 33, +C4<0101>;
L_0x7fa5f6f4d270 .functor AND 1, L_0x7fa5f6f4d130, L_0x7fa5f6f4d1d0, C4<1>, C4<1>;
L_0x7fa5f6f4b060 .functor AND 1, L_0x7fa5f6f4d580, L_0x7fa5f6f4afc0, C4<1>, C4<1>;
v0x7fa5f6f2b6e0_0 .net *"_s0", 0 0, L_0x7fa5f6f4d130;  1 drivers
v0x7fa5f6f2b770_0 .net *"_s1", 0 0, L_0x7fa5f6f4d1d0;  1 drivers
v0x7fa5f6f2b820_0 .net *"_s2", 0 0, L_0x7fa5f6f4d270;  1 drivers
v0x7fa5f6f2b8e0_0 .net *"_s4", 0 0, L_0x7fa5f6f4d3a0;  1 drivers
v0x7fa5f6f2b990_0 .net *"_s5", 0 0, L_0x7fa5f6f4d440;  1 drivers
v0x7fa5f6f2ba80_0 .net *"_s7", 0 0, L_0x7fa5f6f4d580;  1 drivers
v0x7fa5f6f2bb30_0 .net *"_s8", 0 0, L_0x7fa5f6f4afc0;  1 drivers
v0x7fa5f6f2bbe0_0 .net *"_s9", 0 0, L_0x7fa5f6f4b060;  1 drivers
L_0x7fa5f6f4d440 .arith/sum 1, L_0x7fa5f6f4d270, L_0x7fa5f6f4d3a0;
S_0x7fa5f6f2bc90 .scope generate, "genblk4[6]" "genblk4[6]" 6 33, 6 33 0, S_0x7fa5f6f1b230;
 .timescale 0 0;
P_0x7fa5f6f2be50 .param/l "i" 0 6 33, +C4<0110>;
L_0x7fa5f6f4cbf0 .functor AND 1, L_0x7fa5f6f4cab0, L_0x7fa5f6f4cb50, C4<1>, C4<1>;
L_0x7fa5f6f4d040 .functor AND 1, L_0x7fa5f6f4cf00, L_0x7fa5f6f4cfa0, C4<1>, C4<1>;
v0x7fa5f6f2bef0_0 .net *"_s0", 0 0, L_0x7fa5f6f4cab0;  1 drivers
v0x7fa5f6f2bf80_0 .net *"_s1", 0 0, L_0x7fa5f6f4cb50;  1 drivers
v0x7fa5f6f2c030_0 .net *"_s2", 0 0, L_0x7fa5f6f4cbf0;  1 drivers
v0x7fa5f6f2c0f0_0 .net *"_s4", 0 0, L_0x7fa5f6f4cd20;  1 drivers
v0x7fa5f6f2c1a0_0 .net *"_s5", 0 0, L_0x7fa5f6f4cdc0;  1 drivers
v0x7fa5f6f2c290_0 .net *"_s7", 0 0, L_0x7fa5f6f4cf00;  1 drivers
v0x7fa5f6f2c340_0 .net *"_s8", 0 0, L_0x7fa5f6f4cfa0;  1 drivers
v0x7fa5f6f2c3f0_0 .net *"_s9", 0 0, L_0x7fa5f6f4d040;  1 drivers
L_0x7fa5f6f4cdc0 .arith/sum 1, L_0x7fa5f6f4cbf0, L_0x7fa5f6f4cd20;
S_0x7fa5f6f2c4a0 .scope generate, "genblk4[7]" "genblk4[7]" 6 33, 6 33 0, S_0x7fa5f6f1b230;
 .timescale 0 0;
P_0x7fa5f6f2c660 .param/l "i" 0 6 33, +C4<0111>;
L_0x7fa5f6f4c550 .functor AND 1, L_0x7fa5f6f4c410, L_0x7fa5f6f4c4b0, C4<1>, C4<1>;
L_0x7fa5f6f4c9a0 .functor AND 1, L_0x7fa5f6f4c860, L_0x7fa5f6f4c900, C4<1>, C4<1>;
v0x7fa5f6f2c700_0 .net *"_s0", 0 0, L_0x7fa5f6f4c410;  1 drivers
v0x7fa5f6f2c790_0 .net *"_s1", 0 0, L_0x7fa5f6f4c4b0;  1 drivers
v0x7fa5f6f2c840_0 .net *"_s2", 0 0, L_0x7fa5f6f4c550;  1 drivers
v0x7fa5f6f2c900_0 .net *"_s4", 0 0, L_0x7fa5f6f4c680;  1 drivers
v0x7fa5f6f2c9b0_0 .net *"_s5", 0 0, L_0x7fa5f6f4c720;  1 drivers
v0x7fa5f6f2caa0_0 .net *"_s7", 0 0, L_0x7fa5f6f4c860;  1 drivers
v0x7fa5f6f2cb50_0 .net *"_s8", 0 0, L_0x7fa5f6f4c900;  1 drivers
v0x7fa5f6f2cc00_0 .net *"_s9", 0 0, L_0x7fa5f6f4c9a0;  1 drivers
L_0x7fa5f6f4c720 .arith/sum 1, L_0x7fa5f6f4c550, L_0x7fa5f6f4c680;
S_0x7fa5f6f2ccb0 .scope generate, "genblk4[8]" "genblk4[8]" 6 33, 6 33 0, S_0x7fa5f6f1b230;
 .timescale 0 0;
P_0x7fa5f6f2ce70 .param/l "i" 0 6 33, +C4<01000>;
L_0x7fa5f6f4bed0 .functor AND 1, L_0x7fa5f6f4bd90, L_0x7fa5f6f4be30, C4<1>, C4<1>;
L_0x7fa5f6f4c320 .functor AND 1, L_0x7fa5f6f4c1e0, L_0x7fa5f6f4c280, C4<1>, C4<1>;
v0x7fa5f6f2cf00_0 .net *"_s0", 0 0, L_0x7fa5f6f4bd90;  1 drivers
v0x7fa5f6f2cfc0_0 .net *"_s1", 0 0, L_0x7fa5f6f4be30;  1 drivers
v0x7fa5f6f2d060_0 .net *"_s2", 0 0, L_0x7fa5f6f4bed0;  1 drivers
v0x7fa5f6f2d110_0 .net *"_s4", 0 0, L_0x7fa5f6f4c000;  1 drivers
v0x7fa5f6f2d1c0_0 .net *"_s5", 0 0, L_0x7fa5f6f4c0a0;  1 drivers
v0x7fa5f6f2d2b0_0 .net *"_s7", 0 0, L_0x7fa5f6f4c1e0;  1 drivers
v0x7fa5f6f2d360_0 .net *"_s8", 0 0, L_0x7fa5f6f4c280;  1 drivers
v0x7fa5f6f2d410_0 .net *"_s9", 0 0, L_0x7fa5f6f4c320;  1 drivers
L_0x7fa5f6f4c0a0 .arith/sum 1, L_0x7fa5f6f4bed0, L_0x7fa5f6f4c000;
S_0x7fa5f6f2d4c0 .scope generate, "genblk4[9]" "genblk4[9]" 6 33, 6 33 0, S_0x7fa5f6f1b230;
 .timescale 0 0;
P_0x7fa5f6f2d680 .param/l "i" 0 6 33, +C4<01001>;
L_0x7fa5f6f4b850 .functor AND 1, L_0x7fa5f6f4b710, L_0x7fa5f6f4b7b0, C4<1>, C4<1>;
L_0x7fa5f6f4bca0 .functor AND 1, L_0x7fa5f6f4bb60, L_0x7fa5f6f4bc00, C4<1>, C4<1>;
v0x7fa5f6f2d710_0 .net *"_s0", 0 0, L_0x7fa5f6f4b710;  1 drivers
v0x7fa5f6f2d7d0_0 .net *"_s1", 0 0, L_0x7fa5f6f4b7b0;  1 drivers
v0x7fa5f6f2d870_0 .net *"_s2", 0 0, L_0x7fa5f6f4b850;  1 drivers
v0x7fa5f6f2d920_0 .net *"_s4", 0 0, L_0x7fa5f6f4b980;  1 drivers
v0x7fa5f6f2d9d0_0 .net *"_s5", 0 0, L_0x7fa5f6f4ba20;  1 drivers
v0x7fa5f6f2dac0_0 .net *"_s7", 0 0, L_0x7fa5f6f4bb60;  1 drivers
v0x7fa5f6f2db70_0 .net *"_s8", 0 0, L_0x7fa5f6f4bc00;  1 drivers
v0x7fa5f6f2dc20_0 .net *"_s9", 0 0, L_0x7fa5f6f4bca0;  1 drivers
L_0x7fa5f6f4ba20 .arith/sum 1, L_0x7fa5f6f4b850, L_0x7fa5f6f4b980;
S_0x7fa5f6f2dcd0 .scope generate, "genblk4[10]" "genblk4[10]" 6 33, 6 33 0, S_0x7fa5f6f1b230;
 .timescale 0 0;
P_0x7fa5f6f2de90 .param/l "i" 0 6 33, +C4<01010>;
L_0x7fa5f6f49f60 .functor AND 1, L_0x7fa5f6f4ae80, L_0x7fa5f6f4af20, C4<1>, C4<1>;
L_0x7fa5f6f4b620 .functor AND 1, L_0x7fa5f6f4b4e0, L_0x7fa5f6f4b580, C4<1>, C4<1>;
v0x7fa5f6f2df20_0 .net *"_s0", 0 0, L_0x7fa5f6f4ae80;  1 drivers
v0x7fa5f6f2dfe0_0 .net *"_s1", 0 0, L_0x7fa5f6f4af20;  1 drivers
v0x7fa5f6f2e080_0 .net *"_s2", 0 0, L_0x7fa5f6f49f60;  1 drivers
v0x7fa5f6f2e130_0 .net *"_s4", 0 0, L_0x7fa5f6f4b200;  1 drivers
v0x7fa5f6f2e1e0_0 .net *"_s5", 0 0, L_0x7fa5f6f49680;  1 drivers
v0x7fa5f6f2e2d0_0 .net *"_s7", 0 0, L_0x7fa5f6f4b4e0;  1 drivers
v0x7fa5f6f2e380_0 .net *"_s8", 0 0, L_0x7fa5f6f4b580;  1 drivers
v0x7fa5f6f2e430_0 .net *"_s9", 0 0, L_0x7fa5f6f4b620;  1 drivers
L_0x7fa5f6f49680 .arith/sum 1, L_0x7fa5f6f49f60, L_0x7fa5f6f4b200;
S_0x7fa5f6f2e4e0 .scope generate, "genblk4[11]" "genblk4[11]" 6 33, 6 33 0, S_0x7fa5f6f1b230;
 .timescale 0 0;
P_0x7fa5f6f2e6a0 .param/l "i" 0 6 33, +C4<01011>;
L_0x7fa5f6f4a940 .functor AND 1, L_0x7fa5f6f4a800, L_0x7fa5f6f4a8a0, C4<1>, C4<1>;
L_0x7fa5f6f4ad90 .functor AND 1, L_0x7fa5f6f4ac50, L_0x7fa5f6f4acf0, C4<1>, C4<1>;
v0x7fa5f6f2e730_0 .net *"_s0", 0 0, L_0x7fa5f6f4a800;  1 drivers
v0x7fa5f6f2e7f0_0 .net *"_s1", 0 0, L_0x7fa5f6f4a8a0;  1 drivers
v0x7fa5f6f2e890_0 .net *"_s2", 0 0, L_0x7fa5f6f4a940;  1 drivers
v0x7fa5f6f2e940_0 .net *"_s4", 0 0, L_0x7fa5f6f4aa70;  1 drivers
v0x7fa5f6f2e9f0_0 .net *"_s5", 0 0, L_0x7fa5f6f4ab10;  1 drivers
v0x7fa5f6f2eae0_0 .net *"_s7", 0 0, L_0x7fa5f6f4ac50;  1 drivers
v0x7fa5f6f2eb90_0 .net *"_s8", 0 0, L_0x7fa5f6f4acf0;  1 drivers
v0x7fa5f6f2ec40_0 .net *"_s9", 0 0, L_0x7fa5f6f4ad90;  1 drivers
L_0x7fa5f6f4ab10 .arith/sum 1, L_0x7fa5f6f4a940, L_0x7fa5f6f4aa70;
S_0x7fa5f6f2ecf0 .scope generate, "genblk4[12]" "genblk4[12]" 6 33, 6 33 0, S_0x7fa5f6f1b230;
 .timescale 0 0;
P_0x7fa5f6f2eeb0 .param/l "i" 0 6 33, +C4<01100>;
L_0x7fa5f6f4a2c0 .functor AND 1, L_0x7fa5f6f4a180, L_0x7fa5f6f4a220, C4<1>, C4<1>;
L_0x7fa5f6f4a710 .functor AND 1, L_0x7fa5f6f4a5d0, L_0x7fa5f6f4a670, C4<1>, C4<1>;
v0x7fa5f6f2ef40_0 .net *"_s0", 0 0, L_0x7fa5f6f4a180;  1 drivers
v0x7fa5f6f2f000_0 .net *"_s1", 0 0, L_0x7fa5f6f4a220;  1 drivers
v0x7fa5f6f2f0a0_0 .net *"_s2", 0 0, L_0x7fa5f6f4a2c0;  1 drivers
v0x7fa5f6f2f150_0 .net *"_s4", 0 0, L_0x7fa5f6f4a3f0;  1 drivers
v0x7fa5f6f2f200_0 .net *"_s5", 0 0, L_0x7fa5f6f4a490;  1 drivers
v0x7fa5f6f2f2f0_0 .net *"_s7", 0 0, L_0x7fa5f6f4a5d0;  1 drivers
v0x7fa5f6f2f3a0_0 .net *"_s8", 0 0, L_0x7fa5f6f4a670;  1 drivers
v0x7fa5f6f2f450_0 .net *"_s9", 0 0, L_0x7fa5f6f4a710;  1 drivers
L_0x7fa5f6f4a490 .arith/sum 1, L_0x7fa5f6f4a2c0, L_0x7fa5f6f4a3f0;
S_0x7fa5f6f2f500 .scope generate, "genblk4[13]" "genblk4[13]" 6 33, 6 33 0, S_0x7fa5f6f1b230;
 .timescale 0 0;
P_0x7fa5f6f2f6c0 .param/l "i" 0 6 33, +C4<01101>;
L_0x7fa5f6f49bb0 .functor AND 1, L_0x7fa5f6f49a70, L_0x7fa5f6f49b10, C4<1>, C4<1>;
L_0x7fa5f6f49490 .functor AND 1, L_0x7fa5f6f49ec0, L_0x7fa5f6f4a060, C4<1>, C4<1>;
v0x7fa5f6f2f750_0 .net *"_s0", 0 0, L_0x7fa5f6f49a70;  1 drivers
v0x7fa5f6f2f810_0 .net *"_s1", 0 0, L_0x7fa5f6f49b10;  1 drivers
v0x7fa5f6f2f8b0_0 .net *"_s2", 0 0, L_0x7fa5f6f49bb0;  1 drivers
v0x7fa5f6f2f960_0 .net *"_s4", 0 0, L_0x7fa5f6f49ce0;  1 drivers
v0x7fa5f6f2fa10_0 .net *"_s5", 0 0, L_0x7fa5f6f49d80;  1 drivers
v0x7fa5f6f2fb00_0 .net *"_s7", 0 0, L_0x7fa5f6f49ec0;  1 drivers
v0x7fa5f6f2fbb0_0 .net *"_s8", 0 0, L_0x7fa5f6f4a060;  1 drivers
v0x7fa5f6f2fc60_0 .net *"_s9", 0 0, L_0x7fa5f6f49490;  1 drivers
L_0x7fa5f6f49d80 .arith/sum 1, L_0x7fa5f6f49bb0, L_0x7fa5f6f49ce0;
S_0x7fa5f6f2fd10 .scope generate, "genblk4[14]" "genblk4[14]" 6 33, 6 33 0, S_0x7fa5f6f1b230;
 .timescale 0 0;
P_0x7fa5f6f2fed0 .param/l "i" 0 6 33, +C4<01110>;
L_0x7fa5f6f49510 .functor AND 1, L_0x7fa5f6f49350, L_0x7fa5f6f493f0, C4<1>, C4<1>;
L_0x7fa5f6f499c0 .functor AND 1, L_0x7fa5f6f49880, L_0x7fa5f6f49920, C4<1>, C4<1>;
v0x7fa5f6f2ff60_0 .net *"_s0", 0 0, L_0x7fa5f6f49350;  1 drivers
v0x7fa5f6f30020_0 .net *"_s1", 0 0, L_0x7fa5f6f493f0;  1 drivers
v0x7fa5f6f300c0_0 .net *"_s2", 0 0, L_0x7fa5f6f49510;  1 drivers
v0x7fa5f6f30170_0 .net *"_s4", 0 0, L_0x7fa5f6f495e0;  1 drivers
v0x7fa5f6f30220_0 .net *"_s5", 0 0, L_0x7fa5f6f49780;  1 drivers
v0x7fa5f6f30310_0 .net *"_s7", 0 0, L_0x7fa5f6f49880;  1 drivers
v0x7fa5f6f303c0_0 .net *"_s8", 0 0, L_0x7fa5f6f49920;  1 drivers
v0x7fa5f6f30470_0 .net *"_s9", 0 0, L_0x7fa5f6f499c0;  1 drivers
L_0x7fa5f6f49780 .arith/sum 1, L_0x7fa5f6f49510, L_0x7fa5f6f495e0;
S_0x7fa5f6f30520 .scope generate, "genblk4[15]" "genblk4[15]" 6 33, 6 33 0, S_0x7fa5f6f1b230;
 .timescale 0 0;
P_0x7fa5f6f306e0 .param/l "i" 0 6 33, +C4<01111>;
L_0x7fa5f6f48dd0 .functor AND 1, L_0x7fa5f6f48c70, L_0x7fa5f6f48d30, C4<1>, C4<1>;
L_0x7fa5f6f49260 .functor AND 1, L_0x7fa5f6f490e0, L_0x7fa5f6f491c0, C4<1>, C4<1>;
v0x7fa5f6f30770_0 .net *"_s0", 0 0, L_0x7fa5f6f48c70;  1 drivers
v0x7fa5f6f30830_0 .net *"_s1", 0 0, L_0x7fa5f6f48d30;  1 drivers
v0x7fa5f6f308d0_0 .net *"_s2", 0 0, L_0x7fa5f6f48dd0;  1 drivers
v0x7fa5f6f30980_0 .net *"_s4", 0 0, L_0x7fa5f6f48f00;  1 drivers
v0x7fa5f6f30a30_0 .net *"_s5", 0 0, L_0x7fa5f6f48fa0;  1 drivers
v0x7fa5f6f30b20_0 .net *"_s7", 0 0, L_0x7fa5f6f490e0;  1 drivers
v0x7fa5f6f30bd0_0 .net *"_s8", 0 0, L_0x7fa5f6f491c0;  1 drivers
v0x7fa5f6f30c80_0 .net *"_s9", 0 0, L_0x7fa5f6f49260;  1 drivers
L_0x7fa5f6f48fa0 .arith/sum 1, L_0x7fa5f6f48dd0, L_0x7fa5f6f48f00;
S_0x7fa5f6f30d30 .scope generate, "genblk5[0]" "genblk5[0]" 6 38, 6 38 0, S_0x7fa5f6f1b230;
 .timescale 0 0;
P_0x7fa5f6f30ef0 .param/l "i" 0 6 38, +C4<00>;
v0x7fa5f6f30f90_0 .net *"_s0", 0 0, L_0x7fa5f6f4e110;  1 drivers
S_0x7fa5f6f31020 .scope generate, "genblk5[1]" "genblk5[1]" 6 38, 6 38 0, S_0x7fa5f6f1b230;
 .timescale 0 0;
P_0x7fa5f6f311e0 .param/l "i" 0 6 38, +C4<01>;
v0x7fa5f6f31280_0 .net *"_s0", 0 0, L_0x7fa5f6f4e1f0;  1 drivers
S_0x7fa5f6f31330 .scope generate, "genblk5[2]" "genblk5[2]" 6 38, 6 38 0, S_0x7fa5f6f1b230;
 .timescale 0 0;
P_0x7fa5f6f314f0 .param/l "i" 0 6 38, +C4<010>;
v0x7fa5f6f31590_0 .net *"_s0", 0 0, L_0x7fa5f6f4e290;  1 drivers
S_0x7fa5f6f31640 .scope generate, "genblk5[3]" "genblk5[3]" 6 38, 6 38 0, S_0x7fa5f6f1b230;
 .timescale 0 0;
P_0x7fa5f6f31800 .param/l "i" 0 6 38, +C4<011>;
v0x7fa5f6f318a0_0 .net *"_s0", 0 0, L_0x7fa5f6f4e3b0;  1 drivers
S_0x7fa5f6f31950 .scope generate, "genblk5[4]" "genblk5[4]" 6 38, 6 38 0, S_0x7fa5f6f1b230;
 .timescale 0 0;
P_0x7fa5f6f31b10 .param/l "i" 0 6 38, +C4<0100>;
v0x7fa5f6f31bb0_0 .net *"_s0", 0 0, L_0x7fa5f6f4e450;  1 drivers
S_0x7fa5f6f31c60 .scope generate, "genblk5[5]" "genblk5[5]" 6 38, 6 38 0, S_0x7fa5f6f1b230;
 .timescale 0 0;
P_0x7fa5f6f31e20 .param/l "i" 0 6 38, +C4<0101>;
v0x7fa5f6f31ec0_0 .net *"_s0", 0 0, L_0x7fa5f6f4e4f0;  1 drivers
S_0x7fa5f6f31f70 .scope generate, "genblk5[6]" "genblk5[6]" 6 38, 6 38 0, S_0x7fa5f6f1b230;
 .timescale 0 0;
P_0x7fa5f6f32130 .param/l "i" 0 6 38, +C4<0110>;
v0x7fa5f6f321d0_0 .net *"_s0", 0 0, L_0x7fa5f6f4e590;  1 drivers
S_0x7fa5f6f32280 .scope generate, "genblk5[7]" "genblk5[7]" 6 38, 6 38 0, S_0x7fa5f6f1b230;
 .timescale 0 0;
P_0x7fa5f6f32440 .param/l "i" 0 6 38, +C4<0111>;
v0x7fa5f6f324e0_0 .net *"_s0", 0 0, L_0x7fa5f6f4e730;  1 drivers
S_0x7fa5f6f32590 .scope generate, "genblk6[8]" "genblk6[8]" 6 41, 6 41 0, S_0x7fa5f6f1b230;
 .timescale 0 0;
P_0x7fa5f6f32750 .param/l "i" 0 6 41, +C4<01000>;
L_0x7fa5f6f50ca0 .functor AND 1, L_0x7fa5f6f50a60, L_0x7fa5f6f50b00, C4<1>, C4<1>;
v0x7fa5f6f32800_0 .net *"_s0", 0 0, L_0x7fa5f6f50a60;  1 drivers
v0x7fa5f6f328c0_0 .net *"_s1", 0 0, L_0x7fa5f6f50b00;  1 drivers
v0x7fa5f6f32960_0 .net *"_s2", 0 0, L_0x7fa5f6f50ca0;  1 drivers
v0x7fa5f6f32a10_0 .net *"_s4", 0 0, L_0x7fa5f6f50d10;  1 drivers
v0x7fa5f6f32ac0_0 .net *"_s5", 0 0, L_0x7fa5f6f50db0;  1 drivers
L_0x7fa5f6f50db0 .arith/sum 1, L_0x7fa5f6f50ca0, L_0x7fa5f6f50d10;
S_0x7fa5f6f32bb0 .scope generate, "genblk6[9]" "genblk6[9]" 6 41, 6 41 0, S_0x7fa5f6f1b230;
 .timescale 0 0;
P_0x7fa5f6f32d70 .param/l "i" 0 6 41, +C4<01001>;
L_0x7fa5f6f50260 .functor AND 1, L_0x7fa5f6f50120, L_0x7fa5f6f501c0, C4<1>, C4<1>;
v0x7fa5f6f32e00_0 .net *"_s0", 0 0, L_0x7fa5f6f50120;  1 drivers
v0x7fa5f6f32ec0_0 .net *"_s1", 0 0, L_0x7fa5f6f501c0;  1 drivers
v0x7fa5f6f32f60_0 .net *"_s2", 0 0, L_0x7fa5f6f50260;  1 drivers
v0x7fa5f6f33010_0 .net *"_s4", 0 0, L_0x7fa5f6f50350;  1 drivers
v0x7fa5f6f330c0_0 .net *"_s5", 0 0, L_0x7fa5f6f503f0;  1 drivers
L_0x7fa5f6f503f0 .arith/sum 1, L_0x7fa5f6f50260, L_0x7fa5f6f50350;
S_0x7fa5f6f331b0 .scope generate, "genblk6[10]" "genblk6[10]" 6 41, 6 41 0, S_0x7fa5f6f1b230;
 .timescale 0 0;
P_0x7fa5f6f33370 .param/l "i" 0 6 41, +C4<01010>;
L_0x7fa5f6f4fe50 .functor AND 1, L_0x7fa5f6f4fd10, L_0x7fa5f6f4fdb0, C4<1>, C4<1>;
v0x7fa5f6f33400_0 .net *"_s0", 0 0, L_0x7fa5f6f4fd10;  1 drivers
v0x7fa5f6f334c0_0 .net *"_s1", 0 0, L_0x7fa5f6f4fdb0;  1 drivers
v0x7fa5f6f33560_0 .net *"_s2", 0 0, L_0x7fa5f6f4fe50;  1 drivers
v0x7fa5f6f33610_0 .net *"_s4", 0 0, L_0x7fa5f6f4ff40;  1 drivers
v0x7fa5f6f336c0_0 .net *"_s5", 0 0, L_0x7fa5f6f4ffe0;  1 drivers
L_0x7fa5f6f4ffe0 .arith/sum 1, L_0x7fa5f6f4fe50, L_0x7fa5f6f4ff40;
S_0x7fa5f6f337b0 .scope generate, "genblk6[11]" "genblk6[11]" 6 41, 6 41 0, S_0x7fa5f6f1b230;
 .timescale 0 0;
P_0x7fa5f6f33970 .param/l "i" 0 6 41, +C4<01011>;
L_0x7fa5f6f4fa40 .functor AND 1, L_0x7fa5f6f4f900, L_0x7fa5f6f4f9a0, C4<1>, C4<1>;
v0x7fa5f6f33a00_0 .net *"_s0", 0 0, L_0x7fa5f6f4f900;  1 drivers
v0x7fa5f6f33ac0_0 .net *"_s1", 0 0, L_0x7fa5f6f4f9a0;  1 drivers
v0x7fa5f6f33b60_0 .net *"_s2", 0 0, L_0x7fa5f6f4fa40;  1 drivers
v0x7fa5f6f33c10_0 .net *"_s4", 0 0, L_0x7fa5f6f4fb30;  1 drivers
v0x7fa5f6f33cc0_0 .net *"_s5", 0 0, L_0x7fa5f6f4fbd0;  1 drivers
L_0x7fa5f6f4fbd0 .arith/sum 1, L_0x7fa5f6f4fa40, L_0x7fa5f6f4fb30;
S_0x7fa5f6f33db0 .scope generate, "genblk6[12]" "genblk6[12]" 6 41, 6 41 0, S_0x7fa5f6f1b230;
 .timescale 0 0;
P_0x7fa5f6f33f70 .param/l "i" 0 6 41, +C4<01100>;
L_0x7fa5f6f4f6b0 .functor AND 1, L_0x7fa5f6f4f390, L_0x7fa5f6f4e630, C4<1>, C4<1>;
v0x7fa5f6f34000_0 .net *"_s0", 0 0, L_0x7fa5f6f4f390;  1 drivers
v0x7fa5f6f340c0_0 .net *"_s1", 0 0, L_0x7fa5f6f4e630;  1 drivers
v0x7fa5f6f34160_0 .net *"_s2", 0 0, L_0x7fa5f6f4f6b0;  1 drivers
v0x7fa5f6f34210_0 .net *"_s4", 0 0, L_0x7fa5f6f4f720;  1 drivers
v0x7fa5f6f342c0_0 .net *"_s5", 0 0, L_0x7fa5f6f4f7c0;  1 drivers
L_0x7fa5f6f4f7c0 .arith/sum 1, L_0x7fa5f6f4f6b0, L_0x7fa5f6f4f720;
S_0x7fa5f6f343b0 .scope generate, "genblk6[13]" "genblk6[13]" 6 41, 6 41 0, S_0x7fa5f6f1b230;
 .timescale 0 0;
P_0x7fa5f6f34570 .param/l "i" 0 6 41, +C4<01101>;
L_0x7fa5f6f4f0c0 .functor AND 1, L_0x7fa5f6f4ef80, L_0x7fa5f6f4f020, C4<1>, C4<1>;
v0x7fa5f6f34600_0 .net *"_s0", 0 0, L_0x7fa5f6f4ef80;  1 drivers
v0x7fa5f6f346c0_0 .net *"_s1", 0 0, L_0x7fa5f6f4f020;  1 drivers
v0x7fa5f6f34760_0 .net *"_s2", 0 0, L_0x7fa5f6f4f0c0;  1 drivers
v0x7fa5f6f34810_0 .net *"_s4", 0 0, L_0x7fa5f6f4f1b0;  1 drivers
v0x7fa5f6f348c0_0 .net *"_s5", 0 0, L_0x7fa5f6f4f250;  1 drivers
L_0x7fa5f6f4f250 .arith/sum 1, L_0x7fa5f6f4f0c0, L_0x7fa5f6f4f1b0;
S_0x7fa5f6f349b0 .scope generate, "genblk6[14]" "genblk6[14]" 6 41, 6 41 0, S_0x7fa5f6f1b230;
 .timescale 0 0;
P_0x7fa5f6f34b70 .param/l "i" 0 6 41, +C4<01110>;
L_0x7fa5f6f4ecb0 .functor AND 1, L_0x7fa5f6f4eb30, L_0x7fa5f6f4ebd0, C4<1>, C4<1>;
v0x7fa5f6f34c00_0 .net *"_s0", 0 0, L_0x7fa5f6f4eb30;  1 drivers
v0x7fa5f6f34cc0_0 .net *"_s1", 0 0, L_0x7fa5f6f4ebd0;  1 drivers
v0x7fa5f6f34d60_0 .net *"_s2", 0 0, L_0x7fa5f6f4ecb0;  1 drivers
v0x7fa5f6f34e10_0 .net *"_s4", 0 0, L_0x7fa5f6f4eda0;  1 drivers
v0x7fa5f6f34ec0_0 .net *"_s5", 0 0, L_0x7fa5f6f4ee40;  1 drivers
L_0x7fa5f6f4ee40 .arith/sum 1, L_0x7fa5f6f4ecb0, L_0x7fa5f6f4eda0;
S_0x7fa5f6f34fb0 .scope generate, "genblk6[15]" "genblk6[15]" 6 41, 6 41 0, S_0x7fa5f6f1b230;
 .timescale 0 0;
P_0x7fa5f6f35170 .param/l "i" 0 6 41, +C4<01111>;
L_0x7fa5f6f4e330 .functor AND 1, L_0x7fa5f6f4e7d0, L_0x7fa5f6f4e870, C4<1>, C4<1>;
v0x7fa5f6f35200_0 .net *"_s0", 0 0, L_0x7fa5f6f4e7d0;  1 drivers
v0x7fa5f6f352c0_0 .net *"_s1", 0 0, L_0x7fa5f6f4e870;  1 drivers
v0x7fa5f6f35360_0 .net *"_s2", 0 0, L_0x7fa5f6f4e330;  1 drivers
v0x7fa5f6f35410_0 .net *"_s4", 0 0, L_0x7fa5f6f4e950;  1 drivers
v0x7fa5f6f354c0_0 .net *"_s5", 0 0, L_0x7fa5f6f4e9f0;  1 drivers
L_0x7fa5f6f4e9f0 .arith/sum 1, L_0x7fa5f6f4e330, L_0x7fa5f6f4e950;
    .scope S_0x7fa5f6f038d0;
T_0 ;
    %pushi/vec4 20, 0, 16;
    %store/vec4 v0x7fa5f6f36e00_0, 0, 16;
    %pushi/vec4 30, 0, 16;
    %store/vec4 v0x7fa5f6f36e90_0, 0, 16;
    %pushi/vec4 0, 0, 1;
    %store/vec4 v0x7fa5f6f36f30_0, 0, 1;
    %end;
    .thread T_0;
    .scope S_0x7fa5f6f038d0;
T_1 ;
    %vpi_call 2 22 "$monitor", "Time = %2d, a = %d, b = %d, overflow = %d, Sum = %d", $time, v0x7fa5f6f36e00_0, v0x7fa5f6f36e90_0, v0x7fa5f6f37000_0, v0x7fa5f6f37090_0 {0 0 0};
    %vpi_call 2 23 "$dumpfile", "Adder.vcd" {0 0 0};
    %vpi_call 2 24 "$dumpvars", 32'sb00000000000000000000000000000000, S_0x7fa5f6f038d0 {0 0 0};
    %end;
    .thread T_1;
# The file index is used to find the file name in the following table.
:file_names 7;
    "N/A";
    "<interactive>";
    "Adder_tb.v";
    "./../16bit_Adder/Main.v";
    "./../16bit_Adder/KGP_module.v";
    "./../16bit_Adder/XOR.v";
    "./../16bit_Adder/Parallel_prefix.v";
