#! /usr/local/Cellar/icarus-verilog/10.2_1/bin/vvp
:ivl_version "10.2 (stable)" "(v10_2)";
:ivl_delay_selection "TYPICAL";
:vpi_time_precision + 0;
:vpi_module "system";
:vpi_module "vhdl_sys";
:vpi_module "v2005_math";
:vpi_module "va_math";
S_0x7f9fbfd13560 .scope module, "top" "top" 2 3;
 .timescale 0 0;
v0x7f9fbfd46810_0 .var "a", 15 0;
v0x7f9fbfd468c0_0 .var "b", 15 0;
v0x7f9fbfd46960_0 .net "overflow", 0 0, L_0x7f9fbfd62110;  1 drivers
v0x7f9fbfd46a10_0 .net "sum", 15 0, L_0x7f9fbfd61a30;  1 drivers
S_0x7f9fbfd136c0 .scope module, "main_0" "Main" 2 10, 3 5 0, S_0x7f9fbfd13560;
 .timescale 0 0;
    .port_info 0 /INPUT 16 "a"
    .port_info 1 /INPUT 16 "b"
    .port_info 2 /OUTPUT 1 "overflow"
    .port_info 3 /OUTPUT 16 "sum"
L_0x7f9fbfd61a30 .functor XOR 16, L_0x7f9fbfd46ac0, L_0x7f9fbfd5fe20, C4<0000000000000000>, C4<0000000000000000>;
L_0x7f9fbfd61c20 .functor XOR 1, L_0x7f9fbfd61ae0, L_0x7f9fbfd61b80, C4<0>, C4<0>;
L_0x7f9fbfd61e30 .functor AND 1, L_0x7f9fbfd61c20, L_0x7f9fbfd61d10, C4<1>, C4<1>;
L_0x7f9fbfd62020 .functor AND 1, L_0x7f9fbfd61ee0, L_0x7f9fbfd61f80, C4<1>, C4<1>;
v0x7f9fbfd45c20_0 .net *"_s10", 0 0, L_0x7f9fbfd61e30;  1 drivers
v0x7f9fbfd45ce0_0 .net *"_s13", 0 0, L_0x7f9fbfd61ee0;  1 drivers
v0x7f9fbfd45d80_0 .net *"_s15", 0 0, L_0x7f9fbfd61f80;  1 drivers
v0x7f9fbfd45e30_0 .net *"_s16", 0 0, L_0x7f9fbfd62020;  1 drivers
v0x7f9fbfd45ee0_0 .net *"_s3", 0 0, L_0x7f9fbfd61ae0;  1 drivers
v0x7f9fbfd45fd0_0 .net *"_s5", 0 0, L_0x7f9fbfd61b80;  1 drivers
v0x7f9fbfd46080_0 .net *"_s6", 0 0, L_0x7f9fbfd61c20;  1 drivers
v0x7f9fbfd46130_0 .net *"_s9", 0 0, L_0x7f9fbfd61d10;  1 drivers
v0x7f9fbfd461e0_0 .net "a", 15 0, v0x7f9fbfd46810_0;  1 drivers
v0x7f9fbfd462f0_0 .net "b", 15 0, v0x7f9fbfd468c0_0;  1 drivers
v0x7f9fbfd463c0_0 .net "final_kgp", 15 0, L_0x7f9fbfd5fe20;  1 drivers
v0x7f9fbfd46450_0 .net "kgp_one", 16 0, L_0x7f9fbfd4bb20;  1 drivers
v0x7f9fbfd46520_0 .net "kgp_two", 16 0, L_0x7f9fbfd4b960;  1 drivers
v0x7f9fbfd465f0_0 .net "overflow", 0 0, L_0x7f9fbfd62110;  alias, 1 drivers
v0x7f9fbfd46680_0 .net "sum", 15 0, L_0x7f9fbfd61a30;  alias, 1 drivers
v0x7f9fbfd46720_0 .net "xor_output", 15 0, L_0x7f9fbfd46ac0;  1 drivers
L_0x7f9fbfd61ae0 .part v0x7f9fbfd46810_0, 15, 1;
L_0x7f9fbfd61b80 .part v0x7f9fbfd468c0_0, 15, 1;
L_0x7f9fbfd61d10 .part L_0x7f9fbfd5fe20, 14, 1;
L_0x7f9fbfd61ee0 .part v0x7f9fbfd46810_0, 15, 1;
L_0x7f9fbfd61f80 .part v0x7f9fbfd468c0_0, 15, 1;
L_0x7f9fbfd62110 .arith/sum 1, L_0x7f9fbfd61e30, L_0x7f9fbfd62020;
S_0x7f9fbfd13880 .scope module, "generate_kgp" "KGP" 3 16, 4 1 0, S_0x7f9fbfd136c0;
 .timescale 0 0;
    .port_info 0 /INPUT 16 "a"
    .port_info 1 /INPUT 16 "b"
    .port_info 2 /OUTPUT 17 "kgp_one"
    .port_info 3 /OUTPUT 17 "kgp_two"
L_0x103336008 .functor BUFT 1, C4<0>, C4<0>, C4<0>, C4<0>;
v0x7f9fbfd2a480_0 .net/2u *"_s131", 0 0, L_0x103336008;  1 drivers
L_0x103336050 .functor BUFT 1, C4<0>, C4<0>, C4<0>, C4<0>;
v0x7f9fbfd2a540_0 .net/2u *"_s136", 0 0, L_0x103336050;  1 drivers
v0x7f9fbfd2a5e0_0 .net "a", 15 0, v0x7f9fbfd46810_0;  alias, 1 drivers
v0x7f9fbfd2a690_0 .net "b", 15 0, v0x7f9fbfd468c0_0;  alias, 1 drivers
v0x7f9fbfd2a740_0 .net "kgp_one", 16 0, L_0x7f9fbfd4bb20;  alias, 1 drivers
v0x7f9fbfd2a830_0 .net "kgp_two", 16 0, L_0x7f9fbfd4b960;  alias, 1 drivers
L_0x7f9fbfd46c90 .part v0x7f9fbfd46810_0, 0, 1;
L_0x7f9fbfd46d30 .part v0x7f9fbfd468c0_0, 0, 1;
L_0x7f9fbfd46ec0 .part v0x7f9fbfd46810_0, 0, 1;
L_0x7f9fbfd46f60 .part v0x7f9fbfd468c0_0, 0, 1;
L_0x7f9fbfd47130 .part v0x7f9fbfd46810_0, 1, 1;
L_0x7f9fbfd47200 .part v0x7f9fbfd468c0_0, 1, 1;
L_0x7f9fbfd473b0 .part v0x7f9fbfd46810_0, 1, 1;
L_0x7f9fbfd47590 .part v0x7f9fbfd468c0_0, 1, 1;
L_0x7f9fbfd47750 .part v0x7f9fbfd46810_0, 2, 1;
L_0x7f9fbfd47840 .part v0x7f9fbfd468c0_0, 2, 1;
L_0x7f9fbfd479d0 .part v0x7f9fbfd46810_0, 2, 1;
L_0x7f9fbfd47ad0 .part v0x7f9fbfd468c0_0, 2, 1;
L_0x7f9fbfd47c60 .part v0x7f9fbfd46810_0, 3, 1;
L_0x7f9fbfd47d70 .part v0x7f9fbfd468c0_0, 3, 1;
L_0x7f9fbfd47f00 .part v0x7f9fbfd46810_0, 3, 1;
L_0x7f9fbfd48020 .part v0x7f9fbfd468c0_0, 3, 1;
L_0x7f9fbfd48160 .part v0x7f9fbfd46810_0, 4, 1;
L_0x7f9fbfd48290 .part v0x7f9fbfd468c0_0, 4, 1;
L_0x7f9fbfd483f0 .part v0x7f9fbfd46810_0, 4, 1;
L_0x7f9fbfd48530 .part v0x7f9fbfd468c0_0, 4, 1;
L_0x7f9fbfd48670 .part v0x7f9fbfd46810_0, 5, 1;
L_0x7f9fbfd48490 .part v0x7f9fbfd468c0_0, 5, 1;
L_0x7f9fbfd488f0 .part v0x7f9fbfd46810_0, 5, 1;
L_0x7f9fbfd48b90 .part v0x7f9fbfd468c0_0, 5, 1;
L_0x7f9fbfd47670 .part v0x7f9fbfd46810_0, 6, 1;
L_0x7f9fbfd48f00 .part v0x7f9fbfd468c0_0, 6, 1;
L_0x7f9fbfd49020 .part v0x7f9fbfd46810_0, 6, 1;
L_0x7f9fbfd491a0 .part v0x7f9fbfd468c0_0, 6, 1;
L_0x7f9fbfd49280 .part v0x7f9fbfd46810_0, 7, 1;
L_0x7f9fbfd49410 .part v0x7f9fbfd468c0_0, 7, 1;
L_0x7f9fbfd49530 .part v0x7f9fbfd46810_0, 7, 1;
L_0x7f9fbfd496d0 .part v0x7f9fbfd468c0_0, 7, 1;
L_0x7f9fbfd49770 .part v0x7f9fbfd46810_0, 8, 1;
L_0x7f9fbfd495d0 .part v0x7f9fbfd468c0_0, 8, 1;
L_0x7f9fbfd49a10 .part v0x7f9fbfd46810_0, 8, 1;
L_0x7f9fbfd49810 .part v0x7f9fbfd468c0_0, 8, 1;
L_0x7f9fbfd49c50 .part v0x7f9fbfd46810_0, 9, 1;
L_0x7f9fbfd49ab0 .part v0x7f9fbfd468c0_0, 9, 1;
L_0x7f9fbfd49ee0 .part v0x7f9fbfd46810_0, 9, 1;
L_0x7f9fbfd49cf0 .part v0x7f9fbfd468c0_0, 9, 1;
L_0x7f9fbfd4a140 .part v0x7f9fbfd46810_0, 10, 1;
L_0x7f9fbfd49f80 .part v0x7f9fbfd468c0_0, 10, 1;
L_0x7f9fbfd4a3d0 .part v0x7f9fbfd46810_0, 10, 1;
L_0x7f9fbfd4a1e0 .part v0x7f9fbfd468c0_0, 10, 1;
L_0x7f9fbfd4a650 .part v0x7f9fbfd46810_0, 11, 1;
L_0x7f9fbfd4a470 .part v0x7f9fbfd468c0_0, 11, 1;
L_0x7f9fbfd4a8e0 .part v0x7f9fbfd46810_0, 11, 1;
L_0x7f9fbfd4a6f0 .part v0x7f9fbfd468c0_0, 11, 1;
L_0x7f9fbfd4ab40 .part v0x7f9fbfd46810_0, 12, 1;
L_0x7f9fbfd4a980 .part v0x7f9fbfd468c0_0, 12, 1;
L_0x7f9fbfd4adb0 .part v0x7f9fbfd46810_0, 12, 1;
L_0x7f9fbfd4abe0 .part v0x7f9fbfd468c0_0, 12, 1;
L_0x7f9fbfd4b030 .part v0x7f9fbfd46810_0, 13, 1;
L_0x7f9fbfd4ae50 .part v0x7f9fbfd468c0_0, 13, 1;
L_0x7f9fbfd4b2c0 .part v0x7f9fbfd46810_0, 13, 1;
L_0x7f9fbfd4b0d0 .part v0x7f9fbfd468c0_0, 13, 1;
L_0x7f9fbfd48c30 .part v0x7f9fbfd46810_0, 14, 1;
L_0x7f9fbfd48cd0 .part v0x7f9fbfd468c0_0, 14, 1;
L_0x7f9fbfd489d0 .part v0x7f9fbfd46810_0, 14, 1;
L_0x7f9fbfd48a70 .part v0x7f9fbfd468c0_0, 14, 1;
L_0x7f9fbfd4b5f0 .part v0x7f9fbfd46810_0, 15, 1;
L_0x7f9fbfd4b360 .part v0x7f9fbfd468c0_0, 15, 1;
L_0x7f9fbfd4b880 .part v0x7f9fbfd46810_0, 15, 1;
L_0x7f9fbfd4b690 .part v0x7f9fbfd468c0_0, 15, 1;
LS_0x7f9fbfd4bb20_0_0 .concat8 [ 1 1 1 1], L_0x103336008, L_0x7f9fbfd46dd0, L_0x7f9fbfd472a0, L_0x7f9fbfd478e0;
LS_0x7f9fbfd4bb20_0_4 .concat8 [ 1 1 1 1], L_0x7f9fbfd47e10, L_0x7f9fbfd47fa0, L_0x7f9fbfd487c0, L_0x7f9fbfd47450;
LS_0x7f9fbfd4bb20_0_8 .concat8 [ 1 1 1 1], L_0x7f9fbfd490c0, L_0x7f9fbfd49920, L_0x7f9fbfd49b50, L_0x7f9fbfd4a020;
LS_0x7f9fbfd4bb20_0_12 .concat8 [ 1 1 1 1], L_0x7f9fbfd4a510, L_0x7f9fbfd4aa20, L_0x7f9fbfd4aef0, L_0x7f9fbfd48d70;
LS_0x7f9fbfd4bb20_0_16 .concat8 [ 1 0 0 0], L_0x7f9fbfd4b400;
LS_0x7f9fbfd4bb20_1_0 .concat8 [ 4 4 4 4], LS_0x7f9fbfd4bb20_0_0, LS_0x7f9fbfd4bb20_0_4, LS_0x7f9fbfd4bb20_0_8, LS_0x7f9fbfd4bb20_0_12;
LS_0x7f9fbfd4bb20_1_4 .concat8 [ 1 0 0 0], LS_0x7f9fbfd4bb20_0_16;
L_0x7f9fbfd4bb20 .concat8 [ 16 1 0 0], LS_0x7f9fbfd4bb20_1_0, LS_0x7f9fbfd4bb20_1_4;
LS_0x7f9fbfd4b960_0_0 .concat8 [ 1 1 1 1], L_0x103336050, L_0x7f9fbfd47000, L_0x7f9fbfd46b90, L_0x7f9fbfd47b70;
LS_0x7f9fbfd4b960_0_4 .concat8 [ 1 1 1 1], L_0x7f9fbfd47d00, L_0x7f9fbfd48200, L_0x7f9fbfd48710, L_0x7f9fbfd48e30;
LS_0x7f9fbfd4b960_0_8 .concat8 [ 1 1 1 1], L_0x7f9fbfd49320, L_0x7f9fbfd498b0, L_0x7f9fbfd49d90, L_0x7f9fbfd4a280;
LS_0x7f9fbfd4b960_0_12 .concat8 [ 1 1 1 1], L_0x7f9fbfd4a790, L_0x7f9fbfd4ac80, L_0x7f9fbfd4b170, L_0x7f9fbfd4b540;
LS_0x7f9fbfd4b960_0_16 .concat8 [ 1 0 0 0], L_0x7f9fbfd4b730;
LS_0x7f9fbfd4b960_1_0 .concat8 [ 4 4 4 4], LS_0x7f9fbfd4b960_0_0, LS_0x7f9fbfd4b960_0_4, LS_0x7f9fbfd4b960_0_8, LS_0x7f9fbfd4b960_0_12;
LS_0x7f9fbfd4b960_1_4 .concat8 [ 1 0 0 0], LS_0x7f9fbfd4b960_0_16;
L_0x7f9fbfd4b960 .concat8 [ 16 1 0 0], LS_0x7f9fbfd4b960_1_0, LS_0x7f9fbfd4b960_1_4;
S_0x7f9fbfd13a90 .scope generate, "genblk1[1]" "genblk1[1]" 4 14, 4 14 0, S_0x7f9fbfd13880;
 .timescale 0 0;
P_0x7f9fbfd12c20 .param/l "i" 0 4 14, +C4<01>;
L_0x7f9fbfd46dd0 .functor AND 1, L_0x7f9fbfd46c90, L_0x7f9fbfd46d30, C4<1>, C4<1>;
L_0x7f9fbfd47000 .functor XOR 1, L_0x7f9fbfd46ec0, L_0x7f9fbfd46f60, C4<0>, C4<0>;
v0x7f9fbfd13c40_0 .net *"_s0", 0 0, L_0x7f9fbfd46c90;  1 drivers
v0x7f9fbfd23c00_0 .net *"_s1", 0 0, L_0x7f9fbfd46d30;  1 drivers
v0x7f9fbfd23cb0_0 .net *"_s2", 0 0, L_0x7f9fbfd46dd0;  1 drivers
v0x7f9fbfd23d70_0 .net *"_s4", 0 0, L_0x7f9fbfd46ec0;  1 drivers
v0x7f9fbfd23e20_0 .net *"_s5", 0 0, L_0x7f9fbfd46f60;  1 drivers
v0x7f9fbfd23f10_0 .net *"_s6", 0 0, L_0x7f9fbfd47000;  1 drivers
S_0x7f9fbfd23fc0 .scope generate, "genblk1[2]" "genblk1[2]" 4 14, 4 14 0, S_0x7f9fbfd13880;
 .timescale 0 0;
P_0x7f9fbfd24190 .param/l "i" 0 4 14, +C4<010>;
L_0x7f9fbfd472a0 .functor AND 1, L_0x7f9fbfd47130, L_0x7f9fbfd47200, C4<1>, C4<1>;
L_0x7f9fbfd46b90 .functor XOR 1, L_0x7f9fbfd473b0, L_0x7f9fbfd47590, C4<0>, C4<0>;
v0x7f9fbfd24210_0 .net *"_s0", 0 0, L_0x7f9fbfd47130;  1 drivers
v0x7f9fbfd242b0_0 .net *"_s1", 0 0, L_0x7f9fbfd47200;  1 drivers
v0x7f9fbfd24360_0 .net *"_s2", 0 0, L_0x7f9fbfd472a0;  1 drivers
v0x7f9fbfd24420_0 .net *"_s4", 0 0, L_0x7f9fbfd473b0;  1 drivers
v0x7f9fbfd244d0_0 .net *"_s5", 0 0, L_0x7f9fbfd47590;  1 drivers
v0x7f9fbfd245c0_0 .net *"_s6", 0 0, L_0x7f9fbfd46b90;  1 drivers
S_0x7f9fbfd24670 .scope generate, "genblk1[3]" "genblk1[3]" 4 14, 4 14 0, S_0x7f9fbfd13880;
 .timescale 0 0;
P_0x7f9fbfd24830 .param/l "i" 0 4 14, +C4<011>;
L_0x7f9fbfd478e0 .functor AND 1, L_0x7f9fbfd47750, L_0x7f9fbfd47840, C4<1>, C4<1>;
L_0x7f9fbfd47b70 .functor XOR 1, L_0x7f9fbfd479d0, L_0x7f9fbfd47ad0, C4<0>, C4<0>;
v0x7f9fbfd248c0_0 .net *"_s0", 0 0, L_0x7f9fbfd47750;  1 drivers
v0x7f9fbfd24970_0 .net *"_s1", 0 0, L_0x7f9fbfd47840;  1 drivers
v0x7f9fbfd24a20_0 .net *"_s2", 0 0, L_0x7f9fbfd478e0;  1 drivers
v0x7f9fbfd24ae0_0 .net *"_s4", 0 0, L_0x7f9fbfd479d0;  1 drivers
v0x7f9fbfd24b90_0 .net *"_s5", 0 0, L_0x7f9fbfd47ad0;  1 drivers
v0x7f9fbfd24c80_0 .net *"_s6", 0 0, L_0x7f9fbfd47b70;  1 drivers
S_0x7f9fbfd24d30 .scope generate, "genblk1[4]" "genblk1[4]" 4 14, 4 14 0, S_0x7f9fbfd13880;
 .timescale 0 0;
P_0x7f9fbfd24ef0 .param/l "i" 0 4 14, +C4<0100>;
L_0x7f9fbfd47e10 .functor AND 1, L_0x7f9fbfd47c60, L_0x7f9fbfd47d70, C4<1>, C4<1>;
L_0x7f9fbfd47d00 .functor XOR 1, L_0x7f9fbfd47f00, L_0x7f9fbfd48020, C4<0>, C4<0>;
v0x7f9fbfd24f90_0 .net *"_s0", 0 0, L_0x7f9fbfd47c60;  1 drivers
v0x7f9fbfd25020_0 .net *"_s1", 0 0, L_0x7f9fbfd47d70;  1 drivers
v0x7f9fbfd250d0_0 .net *"_s2", 0 0, L_0x7f9fbfd47e10;  1 drivers
v0x7f9fbfd25190_0 .net *"_s4", 0 0, L_0x7f9fbfd47f00;  1 drivers
v0x7f9fbfd25240_0 .net *"_s5", 0 0, L_0x7f9fbfd48020;  1 drivers
v0x7f9fbfd25330_0 .net *"_s6", 0 0, L_0x7f9fbfd47d00;  1 drivers
S_0x7f9fbfd253e0 .scope generate, "genblk1[5]" "genblk1[5]" 4 14, 4 14 0, S_0x7f9fbfd13880;
 .timescale 0 0;
P_0x7f9fbfd255e0 .param/l "i" 0 4 14, +C4<0101>;
L_0x7f9fbfd47fa0 .functor AND 1, L_0x7f9fbfd48160, L_0x7f9fbfd48290, C4<1>, C4<1>;
L_0x7f9fbfd48200 .functor XOR 1, L_0x7f9fbfd483f0, L_0x7f9fbfd48530, C4<0>, C4<0>;
v0x7f9fbfd25660_0 .net *"_s0", 0 0, L_0x7f9fbfd48160;  1 drivers
v0x7f9fbfd256f0_0 .net *"_s1", 0 0, L_0x7f9fbfd48290;  1 drivers
v0x7f9fbfd257a0_0 .net *"_s2", 0 0, L_0x7f9fbfd47fa0;  1 drivers
v0x7f9fbfd25860_0 .net *"_s4", 0 0, L_0x7f9fbfd483f0;  1 drivers
v0x7f9fbfd25910_0 .net *"_s5", 0 0, L_0x7f9fbfd48530;  1 drivers
v0x7f9fbfd25a00_0 .net *"_s6", 0 0, L_0x7f9fbfd48200;  1 drivers
S_0x7f9fbfd25ab0 .scope generate, "genblk1[6]" "genblk1[6]" 4 14, 4 14 0, S_0x7f9fbfd13880;
 .timescale 0 0;
P_0x7f9fbfd25c70 .param/l "i" 0 4 14, +C4<0110>;
L_0x7f9fbfd487c0 .functor AND 1, L_0x7f9fbfd48670, L_0x7f9fbfd48490, C4<1>, C4<1>;
L_0x7f9fbfd48710 .functor XOR 1, L_0x7f9fbfd488f0, L_0x7f9fbfd48b90, C4<0>, C4<0>;
v0x7f9fbfd25d10_0 .net *"_s0", 0 0, L_0x7f9fbfd48670;  1 drivers
v0x7f9fbfd25da0_0 .net *"_s1", 0 0, L_0x7f9fbfd48490;  1 drivers
v0x7f9fbfd25e50_0 .net *"_s2", 0 0, L_0x7f9fbfd487c0;  1 drivers
v0x7f9fbfd25f10_0 .net *"_s4", 0 0, L_0x7f9fbfd488f0;  1 drivers
v0x7f9fbfd25fc0_0 .net *"_s5", 0 0, L_0x7f9fbfd48b90;  1 drivers
v0x7f9fbfd260b0_0 .net *"_s6", 0 0, L_0x7f9fbfd48710;  1 drivers
S_0x7f9fbfd26160 .scope generate, "genblk1[7]" "genblk1[7]" 4 14, 4 14 0, S_0x7f9fbfd13880;
 .timescale 0 0;
P_0x7f9fbfd26320 .param/l "i" 0 4 14, +C4<0111>;
L_0x7f9fbfd47450 .functor AND 1, L_0x7f9fbfd47670, L_0x7f9fbfd48f00, C4<1>, C4<1>;
L_0x7f9fbfd48e30 .functor XOR 1, L_0x7f9fbfd49020, L_0x7f9fbfd491a0, C4<0>, C4<0>;
v0x7f9fbfd263c0_0 .net *"_s0", 0 0, L_0x7f9fbfd47670;  1 drivers
v0x7f9fbfd26450_0 .net *"_s1", 0 0, L_0x7f9fbfd48f00;  1 drivers
v0x7f9fbfd26500_0 .net *"_s2", 0 0, L_0x7f9fbfd47450;  1 drivers
v0x7f9fbfd265c0_0 .net *"_s4", 0 0, L_0x7f9fbfd49020;  1 drivers
v0x7f9fbfd26670_0 .net *"_s5", 0 0, L_0x7f9fbfd491a0;  1 drivers
v0x7f9fbfd26760_0 .net *"_s6", 0 0, L_0x7f9fbfd48e30;  1 drivers
S_0x7f9fbfd26810 .scope generate, "genblk1[8]" "genblk1[8]" 4 14, 4 14 0, S_0x7f9fbfd13880;
 .timescale 0 0;
P_0x7f9fbfd269d0 .param/l "i" 0 4 14, +C4<01000>;
L_0x7f9fbfd490c0 .functor AND 1, L_0x7f9fbfd49280, L_0x7f9fbfd49410, C4<1>, C4<1>;
L_0x7f9fbfd49320 .functor XOR 1, L_0x7f9fbfd49530, L_0x7f9fbfd496d0, C4<0>, C4<0>;
v0x7f9fbfd26a60_0 .net *"_s0", 0 0, L_0x7f9fbfd49280;  1 drivers
v0x7f9fbfd26b20_0 .net *"_s1", 0 0, L_0x7f9fbfd49410;  1 drivers
v0x7f9fbfd26bc0_0 .net *"_s2", 0 0, L_0x7f9fbfd490c0;  1 drivers
v0x7f9fbfd26c70_0 .net *"_s4", 0 0, L_0x7f9fbfd49530;  1 drivers
v0x7f9fbfd26d20_0 .net *"_s5", 0 0, L_0x7f9fbfd496d0;  1 drivers
v0x7f9fbfd26e10_0 .net *"_s6", 0 0, L_0x7f9fbfd49320;  1 drivers
S_0x7f9fbfd26ec0 .scope generate, "genblk1[9]" "genblk1[9]" 4 14, 4 14 0, S_0x7f9fbfd13880;
 .timescale 0 0;
P_0x7f9fbfd255a0 .param/l "i" 0 4 14, +C4<01001>;
L_0x7f9fbfd49920 .functor AND 1, L_0x7f9fbfd49770, L_0x7f9fbfd495d0, C4<1>, C4<1>;
L_0x7f9fbfd498b0 .functor XOR 1, L_0x7f9fbfd49a10, L_0x7f9fbfd49810, C4<0>, C4<0>;
v0x7f9fbfd27150_0 .net *"_s0", 0 0, L_0x7f9fbfd49770;  1 drivers
v0x7f9fbfd27210_0 .net *"_s1", 0 0, L_0x7f9fbfd495d0;  1 drivers
v0x7f9fbfd272b0_0 .net *"_s2", 0 0, L_0x7f9fbfd49920;  1 drivers
v0x7f9fbfd27360_0 .net *"_s4", 0 0, L_0x7f9fbfd49a10;  1 drivers
v0x7f9fbfd27410_0 .net *"_s5", 0 0, L_0x7f9fbfd49810;  1 drivers
v0x7f9fbfd27500_0 .net *"_s6", 0 0, L_0x7f9fbfd498b0;  1 drivers
S_0x7f9fbfd275b0 .scope generate, "genblk1[10]" "genblk1[10]" 4 14, 4 14 0, S_0x7f9fbfd13880;
 .timescale 0 0;
P_0x7f9fbfd27770 .param/l "i" 0 4 14, +C4<01010>;
L_0x7f9fbfd49b50 .functor AND 1, L_0x7f9fbfd49c50, L_0x7f9fbfd49ab0, C4<1>, C4<1>;
L_0x7f9fbfd49d90 .functor XOR 1, L_0x7f9fbfd49ee0, L_0x7f9fbfd49cf0, C4<0>, C4<0>;
v0x7f9fbfd27800_0 .net *"_s0", 0 0, L_0x7f9fbfd49c50;  1 drivers
v0x7f9fbfd278c0_0 .net *"_s1", 0 0, L_0x7f9fbfd49ab0;  1 drivers
v0x7f9fbfd27960_0 .net *"_s2", 0 0, L_0x7f9fbfd49b50;  1 drivers
v0x7f9fbfd27a10_0 .net *"_s4", 0 0, L_0x7f9fbfd49ee0;  1 drivers
v0x7f9fbfd27ac0_0 .net *"_s5", 0 0, L_0x7f9fbfd49cf0;  1 drivers
v0x7f9fbfd27bb0_0 .net *"_s6", 0 0, L_0x7f9fbfd49d90;  1 drivers
S_0x7f9fbfd27c60 .scope generate, "genblk1[11]" "genblk1[11]" 4 14, 4 14 0, S_0x7f9fbfd13880;
 .timescale 0 0;
P_0x7f9fbfd27e20 .param/l "i" 0 4 14, +C4<01011>;
L_0x7f9fbfd4a020 .functor AND 1, L_0x7f9fbfd4a140, L_0x7f9fbfd49f80, C4<1>, C4<1>;
L_0x7f9fbfd4a280 .functor XOR 1, L_0x7f9fbfd4a3d0, L_0x7f9fbfd4a1e0, C4<0>, C4<0>;
v0x7f9fbfd27eb0_0 .net *"_s0", 0 0, L_0x7f9fbfd4a140;  1 drivers
v0x7f9fbfd27f70_0 .net *"_s1", 0 0, L_0x7f9fbfd49f80;  1 drivers
v0x7f9fbfd28010_0 .net *"_s2", 0 0, L_0x7f9fbfd4a020;  1 drivers
v0x7f9fbfd280c0_0 .net *"_s4", 0 0, L_0x7f9fbfd4a3d0;  1 drivers
v0x7f9fbfd28170_0 .net *"_s5", 0 0, L_0x7f9fbfd4a1e0;  1 drivers
v0x7f9fbfd28260_0 .net *"_s6", 0 0, L_0x7f9fbfd4a280;  1 drivers
S_0x7f9fbfd28310 .scope generate, "genblk1[12]" "genblk1[12]" 4 14, 4 14 0, S_0x7f9fbfd13880;
 .timescale 0 0;
P_0x7f9fbfd284d0 .param/l "i" 0 4 14, +C4<01100>;
L_0x7f9fbfd4a510 .functor AND 1, L_0x7f9fbfd4a650, L_0x7f9fbfd4a470, C4<1>, C4<1>;
L_0x7f9fbfd4a790 .functor XOR 1, L_0x7f9fbfd4a8e0, L_0x7f9fbfd4a6f0, C4<0>, C4<0>;
v0x7f9fbfd28560_0 .net *"_s0", 0 0, L_0x7f9fbfd4a650;  1 drivers
v0x7f9fbfd28620_0 .net *"_s1", 0 0, L_0x7f9fbfd4a470;  1 drivers
v0x7f9fbfd286c0_0 .net *"_s2", 0 0, L_0x7f9fbfd4a510;  1 drivers
v0x7f9fbfd28770_0 .net *"_s4", 0 0, L_0x7f9fbfd4a8e0;  1 drivers
v0x7f9fbfd28820_0 .net *"_s5", 0 0, L_0x7f9fbfd4a6f0;  1 drivers
v0x7f9fbfd28910_0 .net *"_s6", 0 0, L_0x7f9fbfd4a790;  1 drivers
S_0x7f9fbfd289c0 .scope generate, "genblk1[13]" "genblk1[13]" 4 14, 4 14 0, S_0x7f9fbfd13880;
 .timescale 0 0;
P_0x7f9fbfd28b80 .param/l "i" 0 4 14, +C4<01101>;
L_0x7f9fbfd4aa20 .functor AND 1, L_0x7f9fbfd4ab40, L_0x7f9fbfd4a980, C4<1>, C4<1>;
L_0x7f9fbfd4ac80 .functor XOR 1, L_0x7f9fbfd4adb0, L_0x7f9fbfd4abe0, C4<0>, C4<0>;
v0x7f9fbfd28c10_0 .net *"_s0", 0 0, L_0x7f9fbfd4ab40;  1 drivers
v0x7f9fbfd28cd0_0 .net *"_s1", 0 0, L_0x7f9fbfd4a980;  1 drivers
v0x7f9fbfd28d70_0 .net *"_s2", 0 0, L_0x7f9fbfd4aa20;  1 drivers
v0x7f9fbfd28e20_0 .net *"_s4", 0 0, L_0x7f9fbfd4adb0;  1 drivers
v0x7f9fbfd28ed0_0 .net *"_s5", 0 0, L_0x7f9fbfd4abe0;  1 drivers
v0x7f9fbfd28fc0_0 .net *"_s6", 0 0, L_0x7f9fbfd4ac80;  1 drivers
S_0x7f9fbfd29070 .scope generate, "genblk1[14]" "genblk1[14]" 4 14, 4 14 0, S_0x7f9fbfd13880;
 .timescale 0 0;
P_0x7f9fbfd29230 .param/l "i" 0 4 14, +C4<01110>;
L_0x7f9fbfd4aef0 .functor AND 1, L_0x7f9fbfd4b030, L_0x7f9fbfd4ae50, C4<1>, C4<1>;
L_0x7f9fbfd4b170 .functor XOR 1, L_0x7f9fbfd4b2c0, L_0x7f9fbfd4b0d0, C4<0>, C4<0>;
v0x7f9fbfd292c0_0 .net *"_s0", 0 0, L_0x7f9fbfd4b030;  1 drivers
v0x7f9fbfd29380_0 .net *"_s1", 0 0, L_0x7f9fbfd4ae50;  1 drivers
v0x7f9fbfd29420_0 .net *"_s2", 0 0, L_0x7f9fbfd4aef0;  1 drivers
v0x7f9fbfd294d0_0 .net *"_s4", 0 0, L_0x7f9fbfd4b2c0;  1 drivers
v0x7f9fbfd29580_0 .net *"_s5", 0 0, L_0x7f9fbfd4b0d0;  1 drivers
v0x7f9fbfd29670_0 .net *"_s6", 0 0, L_0x7f9fbfd4b170;  1 drivers
S_0x7f9fbfd29720 .scope generate, "genblk1[15]" "genblk1[15]" 4 14, 4 14 0, S_0x7f9fbfd13880;
 .timescale 0 0;
P_0x7f9fbfd298e0 .param/l "i" 0 4 14, +C4<01111>;
L_0x7f9fbfd48d70 .functor AND 1, L_0x7f9fbfd48c30, L_0x7f9fbfd48cd0, C4<1>, C4<1>;
L_0x7f9fbfd4b540 .functor XOR 1, L_0x7f9fbfd489d0, L_0x7f9fbfd48a70, C4<0>, C4<0>;
v0x7f9fbfd29970_0 .net *"_s0", 0 0, L_0x7f9fbfd48c30;  1 drivers
v0x7f9fbfd29a30_0 .net *"_s1", 0 0, L_0x7f9fbfd48cd0;  1 drivers
v0x7f9fbfd29ad0_0 .net *"_s2", 0 0, L_0x7f9fbfd48d70;  1 drivers
v0x7f9fbfd29b80_0 .net *"_s4", 0 0, L_0x7f9fbfd489d0;  1 drivers
v0x7f9fbfd29c30_0 .net *"_s5", 0 0, L_0x7f9fbfd48a70;  1 drivers
v0x7f9fbfd29d20_0 .net *"_s6", 0 0, L_0x7f9fbfd4b540;  1 drivers
S_0x7f9fbfd29dd0 .scope generate, "genblk1[16]" "genblk1[16]" 4 14, 4 14 0, S_0x7f9fbfd13880;
 .timescale 0 0;
P_0x7f9fbfd29f90 .param/l "i" 0 4 14, +C4<010000>;
L_0x7f9fbfd4b400 .functor AND 1, L_0x7f9fbfd4b5f0, L_0x7f9fbfd4b360, C4<1>, C4<1>;
L_0x7f9fbfd4b730 .functor XOR 1, L_0x7f9fbfd4b880, L_0x7f9fbfd4b690, C4<0>, C4<0>;
v0x7f9fbfd2a020_0 .net *"_s0", 0 0, L_0x7f9fbfd4b5f0;  1 drivers
v0x7f9fbfd2a0e0_0 .net *"_s1", 0 0, L_0x7f9fbfd4b360;  1 drivers
v0x7f9fbfd2a180_0 .net *"_s2", 0 0, L_0x7f9fbfd4b400;  1 drivers
v0x7f9fbfd2a230_0 .net *"_s4", 0 0, L_0x7f9fbfd4b880;  1 drivers
v0x7f9fbfd2a2e0_0 .net *"_s5", 0 0, L_0x7f9fbfd4b690;  1 drivers
v0x7f9fbfd2a3d0_0 .net *"_s6", 0 0, L_0x7f9fbfd4b730;  1 drivers
S_0x7f9fbfd2a920 .scope module, "get_output" "XOR_sum" 3 15, 5 1 0, S_0x7f9fbfd136c0;
 .timescale 0 0;
    .port_info 0 /INPUT 16 "a"
    .port_info 1 /INPUT 16 "b"
    .port_info 2 /OUTPUT 16 "out"
L_0x7f9fbfd46ac0 .functor XOR 16, v0x7f9fbfd46810_0, v0x7f9fbfd468c0_0, C4<0000000000000000>, C4<0000000000000000>;
v0x7f9fbfd2ab30_0 .net "a", 15 0, v0x7f9fbfd46810_0;  alias, 1 drivers
v0x7f9fbfd2abf0_0 .net "b", 15 0, v0x7f9fbfd468c0_0;  alias, 1 drivers
v0x7f9fbfd2aca0_0 .net "out", 15 0, L_0x7f9fbfd46ac0;  alias, 1 drivers
S_0x7f9fbfd2ada0 .scope module, "parallel_prefix01" "Parallel_Prefix" 3 17, 6 1 0, S_0x7f9fbfd136c0;
 .timescale 0 0;
    .port_info 0 /INPUT 17 "kgp_one"
    .port_info 1 /INPUT 17 "kgp_two"
    .port_info 2 /OUTPUT 16 "final_kgp"
v0x7f9fbfd45120_0 .net *"_s451", 0 0, L_0x7f9fbfd60d10;  1 drivers
v0x7f9fbfd451e0_0 .net *"_s456", 0 0, L_0x7f9fbfd612e0;  1 drivers
v0x7f9fbfd45280_0 .net *"_s460", 0 0, L_0x7f9fbfd613c0;  1 drivers
v0x7f9fbfd45330_0 .net *"_s465", 0 0, L_0x7f9fbfd61950;  1 drivers
o0x103309ca8 .functor BUFZ 2, C4<zz>; HiZ drive
; Elide local net with no drivers, v0x7f9fbfd453e0_0 name=_s468
o0x103309cd8 .functor BUFZ 4, C4<zzzz>; HiZ drive
; Elide local net with no drivers, v0x7f9fbfd454d0_0 name=_s471
v0x7f9fbfd45580_0 .net "final_kgp", 15 0, L_0x7f9fbfd5fe20;  alias, 1 drivers
v0x7f9fbfd45630_0 .net "kgp_eight", 15 0, L_0x7f9fbfd62730;  1 drivers
v0x7f9fbfd456e0_0 .net "kgp_five", 15 0, L_0x7f9fbfd61460;  1 drivers
v0x7f9fbfd457f0_0 .net "kgp_four", 15 0, L_0x7f9fbfd60df0;  1 drivers
v0x7f9fbfd458a0_0 .net "kgp_one", 16 0, L_0x7f9fbfd4bb20;  alias, 1 drivers
v0x7f9fbfd45960_0 .net "kgp_seven", 15 0, L_0x7f9fbfd5cf10;  1 drivers
v0x7f9fbfd459f0_0 .net "kgp_six", 15 0, L_0x7f9fbfd62290;  1 drivers
v0x7f9fbfd45a80_0 .net "kgp_three", 15 0, L_0x7f9fbfd60820;  1 drivers
v0x7f9fbfd45b20_0 .net "kgp_two", 16 0, L_0x7f9fbfd4b960;  alias, 1 drivers
L_0x7f9fbfd4c4e0 .part L_0x7f9fbfd4bb20, 14, 1;
L_0x7f9fbfd4c600 .part L_0x7f9fbfd4b960, 15, 1;
L_0x7f9fbfd4c790 .part L_0x7f9fbfd4bb20, 15, 1;
L_0x7f9fbfd4c930 .part L_0x7f9fbfd4b960, 15, 1;
L_0x7f9fbfd4c9d0 .part L_0x7f9fbfd4b960, 14, 1;
L_0x7f9fbfd4cb60 .part L_0x7f9fbfd4bb20, 13, 1;
L_0x7f9fbfd4cc00 .part L_0x7f9fbfd4b960, 14, 1;
L_0x7f9fbfd4cdd0 .part L_0x7f9fbfd4bb20, 14, 1;
L_0x7f9fbfd4cfb0 .part L_0x7f9fbfd4b960, 14, 1;
L_0x7f9fbfd4d1a0 .part L_0x7f9fbfd4b960, 13, 1;
L_0x7f9fbfd4d280 .part L_0x7f9fbfd4bb20, 12, 1;
L_0x7f9fbfd4d480 .part L_0x7f9fbfd4b960, 13, 1;
L_0x7f9fbfd4d560 .part L_0x7f9fbfd4bb20, 13, 1;
L_0x7f9fbfd4d750 .part L_0x7f9fbfd4b960, 13, 1;
L_0x7f9fbfd4d7f0 .part L_0x7f9fbfd4b960, 12, 1;
L_0x7f9fbfd4d990 .part L_0x7f9fbfd4bb20, 11, 1;
L_0x7f9fbfd4da30 .part L_0x7f9fbfd4b960, 12, 1;
L_0x7f9fbfd4dbd0 .part L_0x7f9fbfd4bb20, 12, 1;
L_0x7f9fbfd4ddb0 .part L_0x7f9fbfd4b960, 12, 1;
L_0x7f9fbfd4def0 .part L_0x7f9fbfd4b960, 11, 1;
L_0x7f9fbfd4e010 .part L_0x7f9fbfd4bb20, 10, 1;
L_0x7f9fbfd4de50 .part L_0x7f9fbfd4b960, 11, 1;
L_0x7f9fbfd4e360 .part L_0x7f9fbfd4bb20, 11, 1;
L_0x7f9fbfd4e5c0 .part L_0x7f9fbfd4b960, 11, 1;
L_0x7f9fbfd4e660 .part L_0x7f9fbfd4b960, 10, 1;
L_0x7f9fbfd4e7d0 .part L_0x7f9fbfd4bb20, 9, 1;
L_0x7f9fbfd4e870 .part L_0x7f9fbfd4b960, 10, 1;
L_0x7f9fbfd4ea60 .part L_0x7f9fbfd4bb20, 10, 1;
L_0x7f9fbfd4eba0 .part L_0x7f9fbfd4b960, 10, 1;
L_0x7f9fbfd4ed30 .part L_0x7f9fbfd4b960, 9, 1;
L_0x7f9fbfd4ee10 .part L_0x7f9fbfd4bb20, 8, 1;
L_0x7f9fbfd4f0b0 .part L_0x7f9fbfd4b960, 9, 1;
L_0x7f9fbfd4f150 .part L_0x7f9fbfd4bb20, 9, 1;
L_0x7f9fbfd4f340 .part L_0x7f9fbfd4b960, 9, 1;
L_0x7f9fbfd4f3e0 .part L_0x7f9fbfd4b960, 8, 1;
L_0x7f9fbfd4f5a0 .part L_0x7f9fbfd4bb20, 7, 1;
L_0x7f9fbfd4f640 .part L_0x7f9fbfd4b960, 8, 1;
L_0x7f9fbfd4f810 .part L_0x7f9fbfd4bb20, 8, 1;
L_0x7f9fbfd4f9f0 .part L_0x7f9fbfd4b960, 8, 1;
L_0x7f9fbfd4f6e0 .part L_0x7f9fbfd4b960, 7, 1;
L_0x7f9fbfd4fc50 .part L_0x7f9fbfd4bb20, 6, 1;
L_0x7f9fbfd4fa90 .part L_0x7f9fbfd4b960, 7, 1;
L_0x7f9fbfd4fec0 .part L_0x7f9fbfd4bb20, 7, 1;
L_0x7f9fbfd500c0 .part L_0x7f9fbfd4b960, 7, 1;
L_0x7f9fbfd50160 .part L_0x7f9fbfd4b960, 6, 1;
L_0x7f9fbfd50370 .part L_0x7f9fbfd4bb20, 5, 1;
L_0x7f9fbfd50410 .part L_0x7f9fbfd4b960, 6, 1;
L_0x7f9fbfd50280 .part L_0x7f9fbfd4bb20, 6, 1;
L_0x7f9fbfd50730 .part L_0x7f9fbfd4b960, 6, 1;
L_0x7f9fbfd504b0 .part L_0x7f9fbfd4b960, 5, 1;
L_0x7f9fbfd507d0 .part L_0x7f9fbfd4bb20, 4, 1;
L_0x7f9fbfd4e160 .part L_0x7f9fbfd4b960, 5, 1;
L_0x7f9fbfd50a10 .part L_0x7f9fbfd4bb20, 5, 1;
L_0x7f9fbfd50950 .part L_0x7f9fbfd4b960, 5, 1;
L_0x7f9fbfd50c60 .part L_0x7f9fbfd4b960, 4, 1;
L_0x7f9fbfd50ba0 .part L_0x7f9fbfd4bb20, 3, 1;
L_0x7f9fbfd50ec0 .part L_0x7f9fbfd4b960, 4, 1;
L_0x7f9fbfd50df0 .part L_0x7f9fbfd4bb20, 4, 1;
L_0x7f9fbfd51270 .part L_0x7f9fbfd4b960, 4, 1;
L_0x7f9fbfd50f60 .part L_0x7f9fbfd4b960, 3, 1;
L_0x7f9fbfd514f0 .part L_0x7f9fbfd4bb20, 2, 1;
L_0x7f9fbfd51310 .part L_0x7f9fbfd4b960, 3, 1;
L_0x7f9fbfd51780 .part L_0x7f9fbfd4bb20, 3, 1;
L_0x7f9fbfd51630 .part L_0x7f9fbfd4b960, 3, 1;
L_0x7f9fbfd516d0 .part L_0x7f9fbfd4b960, 2, 1;
L_0x7f9fbfd51b20 .part L_0x7f9fbfd4bb20, 1, 1;
L_0x7f9fbfd51bc0 .part L_0x7f9fbfd4b960, 2, 1;
L_0x7f9fbfd51930 .part L_0x7f9fbfd4bb20, 2, 1;
L_0x7f9fbfd51f60 .part L_0x7f9fbfd4b960, 2, 1;
L_0x7f9fbfd51c60 .part L_0x7f9fbfd4b960, 1, 1;
L_0x7f9fbfd52230 .part L_0x7f9fbfd4bb20, 0, 1;
L_0x7f9fbfd4eeb0 .part L_0x7f9fbfd4b960, 1, 1;
L_0x7f9fbfd4eff0 .part L_0x7f9fbfd4bb20, 1, 1;
L_0x7f9fbfd52120 .part L_0x7f9fbfd4b960, 1, 1;
L_0x7f9fbfd52520 .part L_0x7f9fbfd4b960, 0, 1;
L_0x7f9fbfd52370 .part L_0x7f9fbfd60820, 13, 1;
L_0x7f9fbfd52410 .part L_0x7f9fbfd60df0, 15, 1;
L_0x7f9fbfd52940 .part L_0x7f9fbfd60820, 15, 1;
L_0x7f9fbfd52b60 .part L_0x7f9fbfd60df0, 15, 1;
L_0x7f9fbfd525c0 .part L_0x7f9fbfd60df0, 13, 1;
L_0x7f9fbfd52750 .part L_0x7f9fbfd60820, 12, 1;
L_0x7f9fbfd52ed0 .part L_0x7f9fbfd60df0, 14, 1;
L_0x7f9fbfd53060 .part L_0x7f9fbfd60820, 14, 1;
L_0x7f9fbfd52d20 .part L_0x7f9fbfd60df0, 14, 1;
L_0x7f9fbfd52dc0 .part L_0x7f9fbfd60df0, 12, 1;
L_0x7f9fbfd534d0 .part L_0x7f9fbfd60820, 11, 1;
L_0x7f9fbfd53570 .part L_0x7f9fbfd60df0, 13, 1;
L_0x7f9fbfd532b0 .part L_0x7f9fbfd60820, 13, 1;
L_0x7f9fbfd53930 .part L_0x7f9fbfd60df0, 13, 1;
L_0x7f9fbfd53610 .part L_0x7f9fbfd60df0, 11, 1;
L_0x7f9fbfd53730 .part L_0x7f9fbfd60820, 10, 1;
L_0x7f9fbfd537d0 .part L_0x7f9fbfd60df0, 12, 1;
L_0x7f9fbfd53ea0 .part L_0x7f9fbfd60820, 12, 1;
L_0x7f9fbfd53b70 .part L_0x7f9fbfd60df0, 12, 1;
L_0x7f9fbfd53c10 .part L_0x7f9fbfd60df0, 10, 1;
L_0x7f9fbfd54340 .part L_0x7f9fbfd60820, 9, 1;
L_0x7f9fbfd543e0 .part L_0x7f9fbfd60df0, 11, 1;
L_0x7f9fbfd54170 .part L_0x7f9fbfd60820, 11, 1;
L_0x7f9fbfd54790 .part L_0x7f9fbfd60df0, 11, 1;
L_0x7f9fbfd54480 .part L_0x7f9fbfd60df0, 9, 1;
L_0x7f9fbfd54630 .part L_0x7f9fbfd60820, 8, 1;
L_0x7f9fbfd546d0 .part L_0x7f9fbfd60df0, 10, 1;
L_0x7f9fbfd54da0 .part L_0x7f9fbfd60820, 10, 1;
L_0x7f9fbfd54950 .part L_0x7f9fbfd60df0, 10, 1;
L_0x7f9fbfd549f0 .part L_0x7f9fbfd60df0, 8, 1;
L_0x7f9fbfd551d0 .part L_0x7f9fbfd60820, 7, 1;
L_0x7f9fbfd55270 .part L_0x7f9fbfd60df0, 9, 1;
L_0x7f9fbfd54f50 .part L_0x7f9fbfd60820, 9, 1;
L_0x7f9fbfd55670 .part L_0x7f9fbfd60df0, 9, 1;
L_0x7f9fbfd55310 .part L_0x7f9fbfd60df0, 7, 1;
L_0x7f9fbfd55450 .part L_0x7f9fbfd60820, 6, 1;
L_0x7f9fbfd554f0 .part L_0x7f9fbfd60df0, 8, 1;
L_0x7f9fbfd55b10 .part L_0x7f9fbfd60820, 8, 1;
L_0x7f9fbfd55750 .part L_0x7f9fbfd60df0, 8, 1;
L_0x7f9fbfd557f0 .part L_0x7f9fbfd60df0, 6, 1;
L_0x7f9fbfd55980 .part L_0x7f9fbfd60820, 5, 1;
L_0x7f9fbfd56150 .part L_0x7f9fbfd60df0, 7, 1;
L_0x7f9fbfd55e50 .part L_0x7f9fbfd60820, 7, 1;
L_0x7f9fbfd56010 .part L_0x7f9fbfd60df0, 7, 1;
L_0x7f9fbfd560b0 .part L_0x7f9fbfd60df0, 5, 1;
L_0x7f9fbfd566e0 .part L_0x7f9fbfd60820, 4, 1;
L_0x7f9fbfd561f0 .part L_0x7f9fbfd60df0, 6, 1;
L_0x7f9fbfd563c0 .part L_0x7f9fbfd60820, 6, 1;
L_0x7f9fbfd56b60 .part L_0x7f9fbfd60df0, 6, 1;
L_0x7f9fbfd56c00 .part L_0x7f9fbfd60df0, 4, 1;
L_0x7f9fbfd56870 .part L_0x7f9fbfd60820, 3, 1;
L_0x7f9fbfd56910 .part L_0x7f9fbfd60df0, 5, 1;
L_0x7f9fbfd56ca0 .part L_0x7f9fbfd60820, 5, 1;
L_0x7f9fbfd56e20 .part L_0x7f9fbfd60df0, 5, 1;
L_0x7f9fbfd56ec0 .part L_0x7f9fbfd60df0, 3, 1;
L_0x7f9fbfd54b60 .part L_0x7f9fbfd60820, 2, 1;
L_0x7f9fbfd54c00 .part L_0x7f9fbfd60df0, 4, 1;
L_0x7f9fbfd570d0 .part L_0x7f9fbfd60820, 4, 1;
L_0x7f9fbfd572b0 .part L_0x7f9fbfd60df0, 4, 1;
L_0x7f9fbfd57350 .part L_0x7f9fbfd60df0, 2, 1;
L_0x7f9fbfd574e0 .part L_0x7f9fbfd60820, 1, 1;
L_0x7f9fbfd57580 .part L_0x7f9fbfd60df0, 3, 1;
L_0x7f9fbfd57730 .part L_0x7f9fbfd60820, 3, 1;
L_0x7f9fbfd57910 .part L_0x7f9fbfd60df0, 3, 1;
L_0x7f9fbfd579b0 .part L_0x7f9fbfd60df0, 1, 1;
L_0x7f9fbfd57b40 .part L_0x7f9fbfd60820, 0, 1;
L_0x7f9fbfd57be0 .part L_0x7f9fbfd60df0, 2, 1;
L_0x7f9fbfd57db0 .part L_0x7f9fbfd60820, 2, 1;
L_0x7f9fbfd57f90 .part L_0x7f9fbfd60df0, 2, 1;
L_0x7f9fbfd58030 .part L_0x7f9fbfd60df0, 0, 1;
L_0x7f9fbfd581e0 .part L_0x7f9fbfd61460, 0, 1;
L_0x7f9fbfd58280 .part L_0x7f9fbfd61460, 1, 1;
L_0x7f9fbfd58380 .part L_0x7f9fbfd61460, 2, 1;
L_0x7f9fbfd58420 .part L_0x7f9fbfd61460, 3, 1;
L_0x7f9fbfd58560 .part L_0x7f9fbfd61460, 11, 1;
L_0x7f9fbfd58620 .part L_0x7f9fbfd62290, 15, 1;
L_0x7f9fbfd587f0 .part L_0x7f9fbfd61460, 15, 1;
L_0x7f9fbfd589d0 .part L_0x7f9fbfd62290, 15, 1;
L_0x7f9fbfd58ab0 .part L_0x7f9fbfd62290, 11, 1;
L_0x7f9fbfd58c40 .part L_0x7f9fbfd61460, 10, 1;
L_0x7f9fbfd58ce0 .part L_0x7f9fbfd62290, 14, 1;
L_0x7f9fbfd58ed0 .part L_0x7f9fbfd61460, 14, 1;
L_0x7f9fbfd59170 .part L_0x7f9fbfd62290, 14, 1;
L_0x7f9fbfd59210 .part L_0x7f9fbfd62290, 10, 1;
L_0x7f9fbfd59360 .part L_0x7f9fbfd61460, 9, 1;
L_0x7f9fbfd59400 .part L_0x7f9fbfd62290, 13, 1;
L_0x7f9fbfd595d0 .part L_0x7f9fbfd61460, 13, 1;
L_0x7f9fbfd597b0 .part L_0x7f9fbfd62290, 13, 1;
L_0x7f9fbfd59950 .part L_0x7f9fbfd62290, 9, 1;
L_0x7f9fbfd59a70 .part L_0x7f9fbfd61460, 8, 1;
L_0x7f9fbfd59b10 .part L_0x7f9fbfd62290, 12, 1;
L_0x7f9fbfd59ce0 .part L_0x7f9fbfd61460, 12, 1;
L_0x7f9fbfd59ec0 .part L_0x7f9fbfd62290, 12, 1;
L_0x7f9fbfd59f60 .part L_0x7f9fbfd62290, 8, 1;
L_0x7f9fbfd5a0f0 .part L_0x7f9fbfd61460, 7, 1;
L_0x7f9fbfd5a190 .part L_0x7f9fbfd62290, 11, 1;
L_0x7f9fbfd5a360 .part L_0x7f9fbfd61460, 11, 1;
L_0x7f9fbfd5a540 .part L_0x7f9fbfd62290, 11, 1;
L_0x7f9fbfd5a5e0 .part L_0x7f9fbfd62290, 7, 1;
L_0x7f9fbfd5a770 .part L_0x7f9fbfd61460, 6, 1;
L_0x7f9fbfd5a810 .part L_0x7f9fbfd62290, 10, 1;
L_0x7f9fbfd5aaf0 .part L_0x7f9fbfd61460, 10, 1;
L_0x7f9fbfd5add0 .part L_0x7f9fbfd62290, 10, 1;
L_0x7f9fbfd5ae70 .part L_0x7f9fbfd62290, 6, 1;
L_0x7f9fbfd5b000 .part L_0x7f9fbfd61460, 5, 1;
L_0x7f9fbfd5b0a0 .part L_0x7f9fbfd62290, 9, 1;
L_0x7f9fbfd5b270 .part L_0x7f9fbfd61460, 9, 1;
L_0x7f9fbfd5b450 .part L_0x7f9fbfd62290, 9, 1;
L_0x7f9fbfd5b4f0 .part L_0x7f9fbfd62290, 5, 1;
L_0x7f9fbfd5b680 .part L_0x7f9fbfd61460, 4, 1;
L_0x7f9fbfd5b720 .part L_0x7f9fbfd62290, 8, 1;
L_0x7f9fbfd5b8f0 .part L_0x7f9fbfd61460, 8, 1;
L_0x7f9fbfd5bad0 .part L_0x7f9fbfd62290, 8, 1;
L_0x7f9fbfd5bb70 .part L_0x7f9fbfd62290, 4, 1;
L_0x7f9fbfd5bd00 .part L_0x7f9fbfd61460, 3, 1;
L_0x7f9fbfd5bda0 .part L_0x7f9fbfd62290, 7, 1;
L_0x7f9fbfd5bf70 .part L_0x7f9fbfd61460, 7, 1;
L_0x7f9fbfd5c150 .part L_0x7f9fbfd62290, 7, 1;
L_0x7f9fbfd5c1f0 .part L_0x7f9fbfd62290, 3, 1;
L_0x7f9fbfd5c3a0 .part L_0x7f9fbfd61460, 2, 1;
L_0x7f9fbfd5c440 .part L_0x7f9fbfd62290, 6, 1;
L_0x7f9fbfd5c610 .part L_0x7f9fbfd61460, 6, 1;
L_0x7f9fbfd5c7f0 .part L_0x7f9fbfd62290, 6, 1;
L_0x7f9fbfd5c890 .part L_0x7f9fbfd62290, 2, 1;
L_0x7f9fbfd5ca20 .part L_0x7f9fbfd61460, 1, 1;
L_0x7f9fbfd5cac0 .part L_0x7f9fbfd62290, 5, 1;
L_0x7f9fbfd5cc90 .part L_0x7f9fbfd61460, 5, 1;
L_0x7f9fbfd5ce70 .part L_0x7f9fbfd62290, 5, 1;
L_0x7f9fbfd5a8b0 .part L_0x7f9fbfd62290, 1, 1;
LS_0x7f9fbfd5cf10_0_0 .concat8 [ 1 1 1 1], L_0x7f9fbfd581e0, L_0x7f9fbfd58280, L_0x7f9fbfd58380, L_0x7f9fbfd58420;
LS_0x7f9fbfd5cf10_0_4 .concat8 [ 1 1 1 1], L_0x7f9fbfd5d650, L_0x7f9fbfd5cd30, L_0x7f9fbfd5c6b0, L_0x7f9fbfd5c010;
LS_0x7f9fbfd5cf10_0_8 .concat8 [ 1 1 1 1], L_0x7f9fbfd5b990, L_0x7f9fbfd5b310, L_0x7f9fbfd58f70, L_0x7f9fbfd5a400;
LS_0x7f9fbfd5cf10_0_12 .concat8 [ 1 1 1 1], L_0x7f9fbfd59d80, L_0x7f9fbfd59670, L_0x7f9fbfd59070, L_0x7f9fbfd58890;
L_0x7f9fbfd5cf10 .concat8 [ 4 4 4 4], LS_0x7f9fbfd5cf10_0_0, LS_0x7f9fbfd5cf10_0_4, LS_0x7f9fbfd5cf10_0_8, LS_0x7f9fbfd5cf10_0_12;
L_0x7f9fbfd5d380 .part L_0x7f9fbfd61460, 0, 1;
L_0x7f9fbfd5d420 .part L_0x7f9fbfd62290, 4, 1;
L_0x7f9fbfd5d5b0 .part L_0x7f9fbfd61460, 4, 1;
L_0x7f9fbfd5d7d0 .part L_0x7f9fbfd62290, 4, 1;
L_0x7f9fbfd5d870 .part L_0x7f9fbfd62290, 0, 1;
L_0x7f9fbfd5da00 .part L_0x7f9fbfd5cf10, 0, 1;
L_0x7f9fbfd5dae0 .part L_0x7f9fbfd5cf10, 1, 1;
L_0x7f9fbfd5db80 .part L_0x7f9fbfd5cf10, 2, 1;
L_0x7f9fbfd5dca0 .part L_0x7f9fbfd5cf10, 3, 1;
L_0x7f9fbfd5dd40 .part L_0x7f9fbfd5cf10, 4, 1;
L_0x7f9fbfd5dde0 .part L_0x7f9fbfd5cf10, 5, 1;
L_0x7f9fbfd5de80 .part L_0x7f9fbfd5cf10, 6, 1;
L_0x7f9fbfd5e020 .part L_0x7f9fbfd5cf10, 7, 1;
L_0x7f9fbfd5e0c0 .part L_0x7f9fbfd5cf10, 7, 1;
L_0x7f9fbfd5e160 .part L_0x7f9fbfd62730, 15, 1;
L_0x7f9fbfd5e240 .part L_0x7f9fbfd5cf10, 15, 1;
L_0x7f9fbfd5e420 .part L_0x7f9fbfd5cf10, 6, 1;
L_0x7f9fbfd5e4c0 .part L_0x7f9fbfd62730, 14, 1;
L_0x7f9fbfd5e690 .part L_0x7f9fbfd5cf10, 14, 1;
L_0x7f9fbfd5e870 .part L_0x7f9fbfd5cf10, 5, 1;
L_0x7f9fbfd5e910 .part L_0x7f9fbfd62730, 13, 1;
L_0x7f9fbfd5eaa0 .part L_0x7f9fbfd5cf10, 13, 1;
L_0x7f9fbfd5ec80 .part L_0x7f9fbfd5cf10, 4, 1;
L_0x7f9fbfd5df20 .part L_0x7f9fbfd62730, 12, 1;
L_0x7f9fbfd5f010 .part L_0x7f9fbfd5cf10, 12, 1;
L_0x7f9fbfd5f1f0 .part L_0x7f9fbfd5cf10, 3, 1;
L_0x7f9fbfd5f290 .part L_0x7f9fbfd62730, 11, 1;
L_0x7f9fbfd5f420 .part L_0x7f9fbfd5cf10, 11, 1;
L_0x7f9fbfd5f600 .part L_0x7f9fbfd5cf10, 2, 1;
L_0x7f9fbfd5f6a0 .part L_0x7f9fbfd62730, 10, 1;
L_0x7f9fbfd5f830 .part L_0x7f9fbfd5cf10, 10, 1;
L_0x7f9fbfd5fa10 .part L_0x7f9fbfd5cf10, 1, 1;
L_0x7f9fbfd5fab0 .part L_0x7f9fbfd62730, 9, 1;
L_0x7f9fbfd5fc40 .part L_0x7f9fbfd5cf10, 9, 1;
LS_0x7f9fbfd5fe20_0_0 .concat8 [ 1 1 1 1], L_0x7f9fbfd5da00, L_0x7f9fbfd5dae0, L_0x7f9fbfd5db80, L_0x7f9fbfd5dca0;
LS_0x7f9fbfd5fe20_0_4 .concat8 [ 1 1 1 1], L_0x7f9fbfd5dd40, L_0x7f9fbfd5dde0, L_0x7f9fbfd5de80, L_0x7f9fbfd5e020;
LS_0x7f9fbfd5fe20_0_8 .concat8 [ 1 1 1 1], L_0x7f9fbfd606a0, L_0x7f9fbfd5fce0, L_0x7f9fbfd5f8d0, L_0x7f9fbfd5f4c0;
LS_0x7f9fbfd5fe20_0_12 .concat8 [ 1 1 1 1], L_0x7f9fbfd5f0b0, L_0x7f9fbfd5eb40, L_0x7f9fbfd5e730, L_0x7f9fbfd5e2e0;
L_0x7f9fbfd5fe20 .concat8 [ 4 4 4 4], LS_0x7f9fbfd5fe20_0_0, LS_0x7f9fbfd5fe20_0_4, LS_0x7f9fbfd5fe20_0_8, LS_0x7f9fbfd5fe20_0_12;
L_0x7f9fbfd60350 .part L_0x7f9fbfd5cf10, 0, 1;
L_0x7f9fbfd603f0 .part L_0x7f9fbfd62730, 8, 1;
L_0x7f9fbfd60600 .part L_0x7f9fbfd5cf10, 8, 1;
LS_0x7f9fbfd60820_0_0 .concat8 [ 1 1 1 1], L_0x7f9fbfd60d10, L_0x7f9fbfd52000, L_0x7f9fbfd51e80, L_0x7f9fbfd51590;
LS_0x7f9fbfd60820_0_4 .concat8 [ 1 1 1 1], L_0x7f9fbfd51130, L_0x7f9fbfd50870, L_0x7f9fbfd50630, L_0x7f9fbfd4fcf0;
LS_0x7f9fbfd60820_0_8 .concat8 [ 1 1 1 1], L_0x7f9fbfd4f8b0, L_0x7f9fbfd4d320, L_0x7f9fbfd4eb00, L_0x7f9fbfd4e4c0;
LS_0x7f9fbfd60820_0_12 .concat8 [ 1 1 1 1], L_0x7f9fbfd4dc70, L_0x7f9fbfd4d670, L_0x7f9fbfd4ce70, L_0x7f9fbfd4c830;
L_0x7f9fbfd60820 .concat8 [ 4 4 4 4], LS_0x7f9fbfd60820_0_0, LS_0x7f9fbfd60820_0_4, LS_0x7f9fbfd60820_0_8, LS_0x7f9fbfd60820_0_12;
L_0x7f9fbfd60d10 .part L_0x7f9fbfd4bb20, 0, 1;
LS_0x7f9fbfd60df0_0_0 .concat8 [ 1 1 1 1], L_0x7f9fbfd612e0, L_0x7f9fbfd521c0, L_0x7f9fbfd51d00, L_0x7f9fbfd51a30;
LS_0x7f9fbfd60df0_0_4 .concat8 [ 1 1 1 1], L_0x7f9fbfd51000, L_0x7f9fbfd50ab0, L_0x7f9fbfd4e2f0, L_0x7f9fbfd4ff60;
LS_0x7f9fbfd60df0_0_8 .concat8 [ 1 1 1 1], L_0x7f9fbfd4f780, L_0x7f9fbfd4f1f0, L_0x7f9fbfd4e910, L_0x7f9fbfd4e0f0;
LS_0x7f9fbfd60df0_0_12 .concat8 [ 1 1 1 1], L_0x7f9fbfd4dad0, L_0x7f9fbfd4d600, L_0x7f9fbfd4c6a0, L_0x7f9fbfd4ca70;
L_0x7f9fbfd60df0 .concat8 [ 4 4 4 4], LS_0x7f9fbfd60df0_0_0, LS_0x7f9fbfd60df0_0_4, LS_0x7f9fbfd60df0_0_8, LS_0x7f9fbfd60df0_0_12;
L_0x7f9fbfd612e0 .part L_0x7f9fbfd4b960, 0, 1;
L_0x7f9fbfd613c0 .part L_0x7f9fbfd60820, 0, 1;
LS_0x7f9fbfd61460_0_0 .concat8 [ 1 1 1 1], L_0x7f9fbfd613c0, L_0x7f9fbfd61950, L_0x7f9fbfd57e50, L_0x7f9fbfd577d0;
LS_0x7f9fbfd61460_0_4 .concat8 [ 1 1 1 1], L_0x7f9fbfd57170, L_0x7f9fbfd56d40, L_0x7f9fbfd56460, L_0x7f9fbfd55ef0;
LS_0x7f9fbfd61460_0_8 .concat8 [ 1 1 1 1], L_0x7f9fbfd53f40, L_0x7f9fbfd54ff0, L_0x7f9fbfd54830, L_0x7f9fbfd54210;
LS_0x7f9fbfd61460_0_12 .concat8 [ 1 1 1 1], L_0x7f9fbfd53ad0, L_0x7f9fbfd53350, L_0x7f9fbfd52c40, L_0x7f9fbfd52a20;
L_0x7f9fbfd61460 .concat8 [ 4 4 4 4], LS_0x7f9fbfd61460_0_0, LS_0x7f9fbfd61460_0_4, LS_0x7f9fbfd61460_0_8, LS_0x7f9fbfd61460_0_12;
L_0x7f9fbfd61950 .part L_0x7f9fbfd60820, 1, 1;
LS_0x7f9fbfd62290_0_0 .concat [ 2 1 1 1], o0x103309ca8, L_0x7f9fbfd580d0, L_0x7f9fbfd57a50, L_0x7f9fbfd573f0;
LS_0x7f9fbfd62290_0_4 .concat [ 1 1 1 1], L_0x7f9fbfd56f60, L_0x7f9fbfd56780, L_0x7f9fbfd565b0, L_0x7f9fbfd55890;
LS_0x7f9fbfd62290_0_8 .concat [ 1 1 1 1], L_0x7f9fbfd55110, L_0x7f9fbfd54a90, L_0x7f9fbfd54520, L_0x7f9fbfd53cb0;
LS_0x7f9fbfd62290_0_12 .concat [ 1 1 1 0], L_0x7f9fbfd52f70, L_0x7f9fbfd52e60, L_0x7f9fbfd52660;
L_0x7f9fbfd62290 .concat [ 5 4 4 3], LS_0x7f9fbfd62290_0_0, LS_0x7f9fbfd62290_0_4, LS_0x7f9fbfd62290_0_8, LS_0x7f9fbfd62290_0_12;
LS_0x7f9fbfd62730_0_0 .concat [ 4 1 1 1], o0x103309cd8, L_0x7f9fbfd5d910, L_0x7f9fbfd5a950, L_0x7f9fbfd5c930;
LS_0x7f9fbfd62730_0_4 .concat [ 1 1 1 1], L_0x7f9fbfd5c290, L_0x7f9fbfd5bc10, L_0x7f9fbfd5b590, L_0x7f9fbfd5af10;
LS_0x7f9fbfd62730_0_8 .concat [ 1 1 1 1], L_0x7f9fbfd5a680, L_0x7f9fbfd5a000, L_0x7f9fbfd58d80, L_0x7f9fbfd592b0;
LS_0x7f9fbfd62730_0_12 .concat [ 1 0 0 0], L_0x7f9fbfd58b50;
L_0x7f9fbfd62730 .concat [ 7 4 4 1], LS_0x7f9fbfd62730_0_0, LS_0x7f9fbfd62730_0_4, LS_0x7f9fbfd62730_0_8, LS_0x7f9fbfd62730_0_12;
S_0x7f9fbfd2afc0 .scope generate, "genblk1[1]" "genblk1[1]" 6 18, 6 18 0, S_0x7f9fbfd2ada0;
 .timescale 0 0;
P_0x7f9fbfd2b180 .param/l "i" 0 6 18, +C4<01>;
L_0x7f9fbfd51df0 .functor AND 1, L_0x7f9fbfd52230, L_0x7f9fbfd4eeb0, C4<1>, C4<1>;
L_0x7f9fbfd521c0 .functor AND 1, L_0x7f9fbfd52120, L_0x7f9fbfd52520, C4<1>, C4<1>;
v0x7f9fbfd2b220_0 .net *"_s0", 0 0, L_0x7f9fbfd52230;  1 drivers
v0x7f9fbfd2b2d0_0 .net *"_s1", 0 0, L_0x7f9fbfd4eeb0;  1 drivers
v0x7f9fbfd2b380_0 .net *"_s2", 0 0, L_0x7f9fbfd51df0;  1 drivers
v0x7f9fbfd2b440_0 .net *"_s4", 0 0, L_0x7f9fbfd4eff0;  1 drivers
v0x7f9fbfd2b4f0_0 .net *"_s5", 0 0, L_0x7f9fbfd52000;  1 drivers
v0x7f9fbfd2b5e0_0 .net *"_s7", 0 0, L_0x7f9fbfd52120;  1 drivers
v0x7f9fbfd2b690_0 .net *"_s8", 0 0, L_0x7f9fbfd52520;  1 drivers
v0x7f9fbfd2b740_0 .net *"_s9", 0 0, L_0x7f9fbfd521c0;  1 drivers
L_0x7f9fbfd52000 .arith/sum 1, L_0x7f9fbfd51df0, L_0x7f9fbfd4eff0;
S_0x7f9fbfd2b7f0 .scope generate, "genblk1[2]" "genblk1[2]" 6 18, 6 18 0, S_0x7f9fbfd2ada0;
 .timescale 0 0;
P_0x7f9fbfd2b9c0 .param/l "i" 0 6 18, +C4<010>;
L_0x7f9fbfd51820 .functor AND 1, L_0x7f9fbfd51b20, L_0x7f9fbfd51bc0, C4<1>, C4<1>;
L_0x7f9fbfd51d00 .functor AND 1, L_0x7f9fbfd51f60, L_0x7f9fbfd51c60, C4<1>, C4<1>;
v0x7f9fbfd2ba40_0 .net *"_s0", 0 0, L_0x7f9fbfd51b20;  1 drivers
v0x7f9fbfd2bae0_0 .net *"_s1", 0 0, L_0x7f9fbfd51bc0;  1 drivers
v0x7f9fbfd2bb90_0 .net *"_s2", 0 0, L_0x7f9fbfd51820;  1 drivers
v0x7f9fbfd2bc50_0 .net *"_s4", 0 0, L_0x7f9fbfd51930;  1 drivers
v0x7f9fbfd2bd00_0 .net *"_s5", 0 0, L_0x7f9fbfd51e80;  1 drivers
v0x7f9fbfd2bdf0_0 .net *"_s7", 0 0, L_0x7f9fbfd51f60;  1 drivers
v0x7f9fbfd2bea0_0 .net *"_s8", 0 0, L_0x7f9fbfd51c60;  1 drivers
v0x7f9fbfd2bf50_0 .net *"_s9", 0 0, L_0x7f9fbfd51d00;  1 drivers
L_0x7f9fbfd51e80 .arith/sum 1, L_0x7f9fbfd51820, L_0x7f9fbfd51930;
S_0x7f9fbfd2c000 .scope generate, "genblk1[3]" "genblk1[3]" 6 18, 6 18 0, S_0x7f9fbfd2ada0;
 .timescale 0 0;
P_0x7f9fbfd2c1c0 .param/l "i" 0 6 18, +C4<011>;
L_0x7f9fbfd513b0 .functor AND 1, L_0x7f9fbfd514f0, L_0x7f9fbfd51310, C4<1>, C4<1>;
L_0x7f9fbfd51a30 .functor AND 1, L_0x7f9fbfd51630, L_0x7f9fbfd516d0, C4<1>, C4<1>;
v0x7f9fbfd2c250_0 .net *"_s0", 0 0, L_0x7f9fbfd514f0;  1 drivers
v0x7f9fbfd2c300_0 .net *"_s1", 0 0, L_0x7f9fbfd51310;  1 drivers
v0x7f9fbfd2c3b0_0 .net *"_s2", 0 0, L_0x7f9fbfd513b0;  1 drivers
v0x7f9fbfd2c470_0 .net *"_s4", 0 0, L_0x7f9fbfd51780;  1 drivers
v0x7f9fbfd2c520_0 .net *"_s5", 0 0, L_0x7f9fbfd51590;  1 drivers
v0x7f9fbfd2c610_0 .net *"_s7", 0 0, L_0x7f9fbfd51630;  1 drivers
v0x7f9fbfd2c6c0_0 .net *"_s8", 0 0, L_0x7f9fbfd516d0;  1 drivers
v0x7f9fbfd2c770_0 .net *"_s9", 0 0, L_0x7f9fbfd51a30;  1 drivers
L_0x7f9fbfd51590 .arith/sum 1, L_0x7f9fbfd513b0, L_0x7f9fbfd51780;
S_0x7f9fbfd2c820 .scope generate, "genblk1[4]" "genblk1[4]" 6 18, 6 18 0, S_0x7f9fbfd2ada0;
 .timescale 0 0;
P_0x7f9fbfd2c9e0 .param/l "i" 0 6 18, +C4<0100>;
L_0x7f9fbfd50d00 .functor AND 1, L_0x7f9fbfd50ba0, L_0x7f9fbfd50ec0, C4<1>, C4<1>;
L_0x7f9fbfd51000 .functor AND 1, L_0x7f9fbfd51270, L_0x7f9fbfd50f60, C4<1>, C4<1>;
v0x7f9fbfd2ca80_0 .net *"_s0", 0 0, L_0x7f9fbfd50ba0;  1 drivers
v0x7f9fbfd2cb10_0 .net *"_s1", 0 0, L_0x7f9fbfd50ec0;  1 drivers
v0x7f9fbfd2cbc0_0 .net *"_s2", 0 0, L_0x7f9fbfd50d00;  1 drivers
v0x7f9fbfd2cc80_0 .net *"_s4", 0 0, L_0x7f9fbfd50df0;  1 drivers
v0x7f9fbfd2cd30_0 .net *"_s5", 0 0, L_0x7f9fbfd51130;  1 drivers
v0x7f9fbfd2ce20_0 .net *"_s7", 0 0, L_0x7f9fbfd51270;  1 drivers
v0x7f9fbfd2ced0_0 .net *"_s8", 0 0, L_0x7f9fbfd50f60;  1 drivers
v0x7f9fbfd2cf80_0 .net *"_s9", 0 0, L_0x7f9fbfd51000;  1 drivers
L_0x7f9fbfd51130 .arith/sum 1, L_0x7f9fbfd50d00, L_0x7f9fbfd50df0;
S_0x7f9fbfd2d030 .scope generate, "genblk1[5]" "genblk1[5]" 6 18, 6 18 0, S_0x7f9fbfd2ada0;
 .timescale 0 0;
P_0x7f9fbfd2d230 .param/l "i" 0 6 18, +C4<0101>;
L_0x7f9fbfd4e200 .functor AND 1, L_0x7f9fbfd507d0, L_0x7f9fbfd4e160, C4<1>, C4<1>;
L_0x7f9fbfd50ab0 .functor AND 1, L_0x7f9fbfd50950, L_0x7f9fbfd50c60, C4<1>, C4<1>;
v0x7f9fbfd2d2b0_0 .net *"_s0", 0 0, L_0x7f9fbfd507d0;  1 drivers
v0x7f9fbfd2d340_0 .net *"_s1", 0 0, L_0x7f9fbfd4e160;  1 drivers
v0x7f9fbfd2d3f0_0 .net *"_s2", 0 0, L_0x7f9fbfd4e200;  1 drivers
v0x7f9fbfd2d4b0_0 .net *"_s4", 0 0, L_0x7f9fbfd50a10;  1 drivers
v0x7f9fbfd2d560_0 .net *"_s5", 0 0, L_0x7f9fbfd50870;  1 drivers
v0x7f9fbfd2d650_0 .net *"_s7", 0 0, L_0x7f9fbfd50950;  1 drivers
v0x7f9fbfd2d700_0 .net *"_s8", 0 0, L_0x7f9fbfd50c60;  1 drivers
v0x7f9fbfd2d7b0_0 .net *"_s9", 0 0, L_0x7f9fbfd50ab0;  1 drivers
L_0x7f9fbfd50870 .arith/sum 1, L_0x7f9fbfd4e200, L_0x7f9fbfd50a10;
S_0x7f9fbfd2d860 .scope generate, "genblk1[6]" "genblk1[6]" 6 18, 6 18 0, S_0x7f9fbfd2ada0;
 .timescale 0 0;
P_0x7f9fbfd2da20 .param/l "i" 0 6 18, +C4<0110>;
L_0x7f9fbfd50050 .functor AND 1, L_0x7f9fbfd50370, L_0x7f9fbfd50410, C4<1>, C4<1>;
L_0x7f9fbfd4e2f0 .functor AND 1, L_0x7f9fbfd50730, L_0x7f9fbfd504b0, C4<1>, C4<1>;
v0x7f9fbfd2dac0_0 .net *"_s0", 0 0, L_0x7f9fbfd50370;  1 drivers
v0x7f9fbfd2db50_0 .net *"_s1", 0 0, L_0x7f9fbfd50410;  1 drivers
v0x7f9fbfd2dc00_0 .net *"_s2", 0 0, L_0x7f9fbfd50050;  1 drivers
v0x7f9fbfd2dcc0_0 .net *"_s4", 0 0, L_0x7f9fbfd50280;  1 drivers
v0x7f9fbfd2dd70_0 .net *"_s5", 0 0, L_0x7f9fbfd50630;  1 drivers
v0x7f9fbfd2de60_0 .net *"_s7", 0 0, L_0x7f9fbfd50730;  1 drivers
v0x7f9fbfd2df10_0 .net *"_s8", 0 0, L_0x7f9fbfd504b0;  1 drivers
v0x7f9fbfd2dfc0_0 .net *"_s9", 0 0, L_0x7f9fbfd4e2f0;  1 drivers
L_0x7f9fbfd50630 .arith/sum 1, L_0x7f9fbfd50050, L_0x7f9fbfd50280;
S_0x7f9fbfd2e070 .scope generate, "genblk1[7]" "genblk1[7]" 6 18, 6 18 0, S_0x7f9fbfd2ada0;
 .timescale 0 0;
P_0x7f9fbfd2e230 .param/l "i" 0 6 18, +C4<0111>;
L_0x7f9fbfd4fb30 .functor AND 1, L_0x7f9fbfd4fc50, L_0x7f9fbfd4fa90, C4<1>, C4<1>;
L_0x7f9fbfd4ff60 .functor AND 1, L_0x7f9fbfd500c0, L_0x7f9fbfd50160, C4<1>, C4<1>;
v0x7f9fbfd2e2d0_0 .net *"_s0", 0 0, L_0x7f9fbfd4fc50;  1 drivers
v0x7f9fbfd2e360_0 .net *"_s1", 0 0, L_0x7f9fbfd4fa90;  1 drivers
v0x7f9fbfd2e410_0 .net *"_s2", 0 0, L_0x7f9fbfd4fb30;  1 drivers
v0x7f9fbfd2e4d0_0 .net *"_s4", 0 0, L_0x7f9fbfd4fec0;  1 drivers
v0x7f9fbfd2e580_0 .net *"_s5", 0 0, L_0x7f9fbfd4fcf0;  1 drivers
v0x7f9fbfd2e670_0 .net *"_s7", 0 0, L_0x7f9fbfd500c0;  1 drivers
v0x7f9fbfd2e720_0 .net *"_s8", 0 0, L_0x7f9fbfd50160;  1 drivers
v0x7f9fbfd2e7d0_0 .net *"_s9", 0 0, L_0x7f9fbfd4ff60;  1 drivers
L_0x7f9fbfd4fcf0 .arith/sum 1, L_0x7f9fbfd4fb30, L_0x7f9fbfd4fec0;
S_0x7f9fbfd2e880 .scope generate, "genblk1[8]" "genblk1[8]" 6 18, 6 18 0, S_0x7f9fbfd2ada0;
 .timescale 0 0;
P_0x7f9fbfd2ea40 .param/l "i" 0 6 18, +C4<01000>;
L_0x7f9fbfd4f480 .functor AND 1, L_0x7f9fbfd4f5a0, L_0x7f9fbfd4f640, C4<1>, C4<1>;
L_0x7f9fbfd4f780 .functor AND 1, L_0x7f9fbfd4f9f0, L_0x7f9fbfd4f6e0, C4<1>, C4<1>;
v0x7f9fbfd2ead0_0 .net *"_s0", 0 0, L_0x7f9fbfd4f5a0;  1 drivers
v0x7f9fbfd2eb90_0 .net *"_s1", 0 0, L_0x7f9fbfd4f640;  1 drivers
v0x7f9fbfd2ec30_0 .net *"_s2", 0 0, L_0x7f9fbfd4f480;  1 drivers
v0x7f9fbfd2ece0_0 .net *"_s4", 0 0, L_0x7f9fbfd4f810;  1 drivers
v0x7f9fbfd2ed90_0 .net *"_s5", 0 0, L_0x7f9fbfd4f8b0;  1 drivers
v0x7f9fbfd2ee80_0 .net *"_s7", 0 0, L_0x7f9fbfd4f9f0;  1 drivers
v0x7f9fbfd2ef30_0 .net *"_s8", 0 0, L_0x7f9fbfd4f6e0;  1 drivers
v0x7f9fbfd2efe0_0 .net *"_s9", 0 0, L_0x7f9fbfd4f780;  1 drivers
L_0x7f9fbfd4f8b0 .arith/sum 1, L_0x7f9fbfd4f480, L_0x7f9fbfd4f810;
S_0x7f9fbfd2f090 .scope generate, "genblk1[9]" "genblk1[9]" 6 18, 6 18 0, S_0x7f9fbfd2ada0;
 .timescale 0 0;
P_0x7f9fbfd2d1f0 .param/l "i" 0 6 18, +C4<01001>;
L_0x7f9fbfd4ec40 .functor AND 1, L_0x7f9fbfd4ee10, L_0x7f9fbfd4f0b0, C4<1>, C4<1>;
L_0x7f9fbfd4f1f0 .functor AND 1, L_0x7f9fbfd4f340, L_0x7f9fbfd4f3e0, C4<1>, C4<1>;
v0x7f9fbfd2f320_0 .net *"_s0", 0 0, L_0x7f9fbfd4ee10;  1 drivers
v0x7f9fbfd2f3e0_0 .net *"_s1", 0 0, L_0x7f9fbfd4f0b0;  1 drivers
v0x7f9fbfd2f480_0 .net *"_s2", 0 0, L_0x7f9fbfd4ec40;  1 drivers
v0x7f9fbfd2f530_0 .net *"_s4", 0 0, L_0x7f9fbfd4f150;  1 drivers
v0x7f9fbfd2f5e0_0 .net *"_s5", 0 0, L_0x7f9fbfd4d320;  1 drivers
v0x7f9fbfd2f6d0_0 .net *"_s7", 0 0, L_0x7f9fbfd4f340;  1 drivers
v0x7f9fbfd2f780_0 .net *"_s8", 0 0, L_0x7f9fbfd4f3e0;  1 drivers
v0x7f9fbfd2f830_0 .net *"_s9", 0 0, L_0x7f9fbfd4f1f0;  1 drivers
L_0x7f9fbfd4d320 .arith/sum 1, L_0x7f9fbfd4ec40, L_0x7f9fbfd4f150;
S_0x7f9fbfd2f8e0 .scope generate, "genblk1[10]" "genblk1[10]" 6 18, 6 18 0, S_0x7f9fbfd2ada0;
 .timescale 0 0;
P_0x7f9fbfd2faa0 .param/l "i" 0 6 18, +C4<01010>;
L_0x7f9fbfd4e9f0 .functor AND 1, L_0x7f9fbfd4e7d0, L_0x7f9fbfd4e870, C4<1>, C4<1>;
L_0x7f9fbfd4e910 .functor AND 1, L_0x7f9fbfd4eba0, L_0x7f9fbfd4ed30, C4<1>, C4<1>;
v0x7f9fbfd2fb30_0 .net *"_s0", 0 0, L_0x7f9fbfd4e7d0;  1 drivers
v0x7f9fbfd2fbf0_0 .net *"_s1", 0 0, L_0x7f9fbfd4e870;  1 drivers
v0x7f9fbfd2fc90_0 .net *"_s2", 0 0, L_0x7f9fbfd4e9f0;  1 drivers
v0x7f9fbfd2fd40_0 .net *"_s4", 0 0, L_0x7f9fbfd4ea60;  1 drivers
v0x7f9fbfd2fdf0_0 .net *"_s5", 0 0, L_0x7f9fbfd4eb00;  1 drivers
v0x7f9fbfd2fee0_0 .net *"_s7", 0 0, L_0x7f9fbfd4eba0;  1 drivers
v0x7f9fbfd2ff90_0 .net *"_s8", 0 0, L_0x7f9fbfd4ed30;  1 drivers
v0x7f9fbfd30040_0 .net *"_s9", 0 0, L_0x7f9fbfd4e910;  1 drivers
L_0x7f9fbfd4eb00 .arith/sum 1, L_0x7f9fbfd4e9f0, L_0x7f9fbfd4ea60;
S_0x7f9fbfd300f0 .scope generate, "genblk1[11]" "genblk1[11]" 6 18, 6 18 0, S_0x7f9fbfd2ada0;
 .timescale 0 0;
P_0x7f9fbfd302b0 .param/l "i" 0 6 18, +C4<01011>;
L_0x7f9fbfd4d050 .functor AND 1, L_0x7f9fbfd4e010, L_0x7f9fbfd4de50, C4<1>, C4<1>;
L_0x7f9fbfd4e0f0 .functor AND 1, L_0x7f9fbfd4e5c0, L_0x7f9fbfd4e660, C4<1>, C4<1>;
v0x7f9fbfd30340_0 .net *"_s0", 0 0, L_0x7f9fbfd4e010;  1 drivers
v0x7f9fbfd30400_0 .net *"_s1", 0 0, L_0x7f9fbfd4de50;  1 drivers
v0x7f9fbfd304a0_0 .net *"_s2", 0 0, L_0x7f9fbfd4d050;  1 drivers
v0x7f9fbfd30550_0 .net *"_s4", 0 0, L_0x7f9fbfd4e360;  1 drivers
v0x7f9fbfd30600_0 .net *"_s5", 0 0, L_0x7f9fbfd4e4c0;  1 drivers
v0x7f9fbfd306f0_0 .net *"_s7", 0 0, L_0x7f9fbfd4e5c0;  1 drivers
v0x7f9fbfd307a0_0 .net *"_s8", 0 0, L_0x7f9fbfd4e660;  1 drivers
v0x7f9fbfd30850_0 .net *"_s9", 0 0, L_0x7f9fbfd4e0f0;  1 drivers
L_0x7f9fbfd4e4c0 .arith/sum 1, L_0x7f9fbfd4d050, L_0x7f9fbfd4e360;
S_0x7f9fbfd30900 .scope generate, "genblk1[12]" "genblk1[12]" 6 18, 6 18 0, S_0x7f9fbfd2ada0;
 .timescale 0 0;
P_0x7f9fbfd30ac0 .param/l "i" 0 6 18, +C4<01100>;
L_0x7f9fbfd4db60 .functor AND 1, L_0x7f9fbfd4d990, L_0x7f9fbfd4da30, C4<1>, C4<1>;
L_0x7f9fbfd4dad0 .functor AND 1, L_0x7f9fbfd4ddb0, L_0x7f9fbfd4def0, C4<1>, C4<1>;
v0x7f9fbfd30b50_0 .net *"_s0", 0 0, L_0x7f9fbfd4d990;  1 drivers
v0x7f9fbfd30c10_0 .net *"_s1", 0 0, L_0x7f9fbfd4da30;  1 drivers
v0x7f9fbfd30cb0_0 .net *"_s2", 0 0, L_0x7f9fbfd4db60;  1 drivers
v0x7f9fbfd30d60_0 .net *"_s4", 0 0, L_0x7f9fbfd4dbd0;  1 drivers
v0x7f9fbfd30e10_0 .net *"_s5", 0 0, L_0x7f9fbfd4dc70;  1 drivers
v0x7f9fbfd30f00_0 .net *"_s7", 0 0, L_0x7f9fbfd4ddb0;  1 drivers
v0x7f9fbfd30fb0_0 .net *"_s8", 0 0, L_0x7f9fbfd4def0;  1 drivers
v0x7f9fbfd31060_0 .net *"_s9", 0 0, L_0x7f9fbfd4dad0;  1 drivers
L_0x7f9fbfd4dc70 .arith/sum 1, L_0x7f9fbfd4db60, L_0x7f9fbfd4dbd0;
S_0x7f9fbfd31110 .scope generate, "genblk1[13]" "genblk1[13]" 6 18, 6 18 0, S_0x7f9fbfd2ada0;
 .timescale 0 0;
P_0x7f9fbfd312d0 .param/l "i" 0 6 18, +C4<01101>;
L_0x7f9fbfd4c580 .functor AND 1, L_0x7f9fbfd4d280, L_0x7f9fbfd4d480, C4<1>, C4<1>;
L_0x7f9fbfd4d600 .functor AND 1, L_0x7f9fbfd4d750, L_0x7f9fbfd4d7f0, C4<1>, C4<1>;
v0x7f9fbfd31360_0 .net *"_s0", 0 0, L_0x7f9fbfd4d280;  1 drivers
v0x7f9fbfd31420_0 .net *"_s1", 0 0, L_0x7f9fbfd4d480;  1 drivers
v0x7f9fbfd314c0_0 .net *"_s2", 0 0, L_0x7f9fbfd4c580;  1 drivers
v0x7f9fbfd31570_0 .net *"_s4", 0 0, L_0x7f9fbfd4d560;  1 drivers
v0x7f9fbfd31620_0 .net *"_s5", 0 0, L_0x7f9fbfd4d670;  1 drivers
v0x7f9fbfd31710_0 .net *"_s7", 0 0, L_0x7f9fbfd4d750;  1 drivers
v0x7f9fbfd317c0_0 .net *"_s8", 0 0, L_0x7f9fbfd4d7f0;  1 drivers
v0x7f9fbfd31870_0 .net *"_s9", 0 0, L_0x7f9fbfd4d600;  1 drivers
L_0x7f9fbfd4d670 .arith/sum 1, L_0x7f9fbfd4c580, L_0x7f9fbfd4d560;
S_0x7f9fbfd31920 .scope generate, "genblk1[14]" "genblk1[14]" 6 18, 6 18 0, S_0x7f9fbfd2ada0;
 .timescale 0 0;
P_0x7f9fbfd31ae0 .param/l "i" 0 6 18, +C4<01110>;
L_0x7f9fbfd4cce0 .functor AND 1, L_0x7f9fbfd4cb60, L_0x7f9fbfd4cc00, C4<1>, C4<1>;
L_0x7f9fbfd4c6a0 .functor AND 1, L_0x7f9fbfd4cfb0, L_0x7f9fbfd4d1a0, C4<1>, C4<1>;
v0x7f9fbfd31b70_0 .net *"_s0", 0 0, L_0x7f9fbfd4cb60;  1 drivers
v0x7f9fbfd31c30_0 .net *"_s1", 0 0, L_0x7f9fbfd4cc00;  1 drivers
v0x7f9fbfd31cd0_0 .net *"_s2", 0 0, L_0x7f9fbfd4cce0;  1 drivers
v0x7f9fbfd31d80_0 .net *"_s4", 0 0, L_0x7f9fbfd4cdd0;  1 drivers
v0x7f9fbfd31e30_0 .net *"_s5", 0 0, L_0x7f9fbfd4ce70;  1 drivers
v0x7f9fbfd31f20_0 .net *"_s7", 0 0, L_0x7f9fbfd4cfb0;  1 drivers
v0x7f9fbfd31fd0_0 .net *"_s8", 0 0, L_0x7f9fbfd4d1a0;  1 drivers
v0x7f9fbfd32080_0 .net *"_s9", 0 0, L_0x7f9fbfd4c6a0;  1 drivers
L_0x7f9fbfd4ce70 .arith/sum 1, L_0x7f9fbfd4cce0, L_0x7f9fbfd4cdd0;
S_0x7f9fbfd32130 .scope generate, "genblk1[15]" "genblk1[15]" 6 18, 6 18 0, S_0x7f9fbfd2ada0;
 .timescale 0 0;
P_0x7f9fbfd322f0 .param/l "i" 0 6 18, +C4<01111>;
L_0x7f9fbfd4c720 .functor AND 1, L_0x7f9fbfd4c4e0, L_0x7f9fbfd4c600, C4<1>, C4<1>;
L_0x7f9fbfd4ca70 .functor AND 1, L_0x7f9fbfd4c930, L_0x7f9fbfd4c9d0, C4<1>, C4<1>;
v0x7f9fbfd32380_0 .net *"_s0", 0 0, L_0x7f9fbfd4c4e0;  1 drivers
v0x7f9fbfd32440_0 .net *"_s1", 0 0, L_0x7f9fbfd4c600;  1 drivers
v0x7f9fbfd324e0_0 .net *"_s2", 0 0, L_0x7f9fbfd4c720;  1 drivers
v0x7f9fbfd32590_0 .net *"_s4", 0 0, L_0x7f9fbfd4c790;  1 drivers
v0x7f9fbfd32640_0 .net *"_s5", 0 0, L_0x7f9fbfd4c830;  1 drivers
v0x7f9fbfd32730_0 .net *"_s7", 0 0, L_0x7f9fbfd4c930;  1 drivers
v0x7f9fbfd327e0_0 .net *"_s8", 0 0, L_0x7f9fbfd4c9d0;  1 drivers
v0x7f9fbfd32890_0 .net *"_s9", 0 0, L_0x7f9fbfd4ca70;  1 drivers
L_0x7f9fbfd4c830 .arith/sum 1, L_0x7f9fbfd4c720, L_0x7f9fbfd4c790;
S_0x7f9fbfd32940 .scope generate, "genblk2[2]" "genblk2[2]" 6 25, 6 25 0, S_0x7f9fbfd2ada0;
 .timescale 0 0;
P_0x7f9fbfd32b00 .param/l "i" 0 6 25, +C4<010>;
L_0x7f9fbfd57c80 .functor AND 1, L_0x7f9fbfd57b40, L_0x7f9fbfd57be0, C4<1>, C4<1>;
L_0x7f9fbfd580d0 .functor AND 1, L_0x7f9fbfd57f90, L_0x7f9fbfd58030, C4<1>, C4<1>;
v0x7f9fbfd32ba0_0 .net *"_s0", 0 0, L_0x7f9fbfd57b40;  1 drivers
v0x7f9fbfd32c30_0 .net *"_s1", 0 0, L_0x7f9fbfd57be0;  1 drivers
v0x7f9fbfd32ce0_0 .net *"_s2", 0 0, L_0x7f9fbfd57c80;  1 drivers
v0x7f9fbfd32da0_0 .net *"_s4", 0 0, L_0x7f9fbfd57db0;  1 drivers
v0x7f9fbfd32e50_0 .net *"_s5", 0 0, L_0x7f9fbfd57e50;  1 drivers
v0x7f9fbfd32f40_0 .net *"_s7", 0 0, L_0x7f9fbfd57f90;  1 drivers
v0x7f9fbfd32ff0_0 .net *"_s8", 0 0, L_0x7f9fbfd58030;  1 drivers
v0x7f9fbfd330a0_0 .net *"_s9", 0 0, L_0x7f9fbfd580d0;  1 drivers
L_0x7f9fbfd57e50 .arith/sum 1, L_0x7f9fbfd57c80, L_0x7f9fbfd57db0;
S_0x7f9fbfd33150 .scope generate, "genblk2[3]" "genblk2[3]" 6 25, 6 25 0, S_0x7f9fbfd2ada0;
 .timescale 0 0;
P_0x7f9fbfd33410 .param/l "i" 0 6 25, +C4<011>;
L_0x7f9fbfd57620 .functor AND 1, L_0x7f9fbfd574e0, L_0x7f9fbfd57580, C4<1>, C4<1>;
L_0x7f9fbfd57a50 .functor AND 1, L_0x7f9fbfd57910, L_0x7f9fbfd579b0, C4<1>, C4<1>;
v0x7f9fbfd33490_0 .net *"_s0", 0 0, L_0x7f9fbfd574e0;  1 drivers
v0x7f9fbfd33520_0 .net *"_s1", 0 0, L_0x7f9fbfd57580;  1 drivers
v0x7f9fbfd335b0_0 .net *"_s2", 0 0, L_0x7f9fbfd57620;  1 drivers
v0x7f9fbfd33640_0 .net *"_s4", 0 0, L_0x7f9fbfd57730;  1 drivers
v0x7f9fbfd336e0_0 .net *"_s5", 0 0, L_0x7f9fbfd577d0;  1 drivers
v0x7f9fbfd337d0_0 .net *"_s7", 0 0, L_0x7f9fbfd57910;  1 drivers
v0x7f9fbfd33880_0 .net *"_s8", 0 0, L_0x7f9fbfd579b0;  1 drivers
v0x7f9fbfd33930_0 .net *"_s9", 0 0, L_0x7f9fbfd57a50;  1 drivers
L_0x7f9fbfd577d0 .arith/sum 1, L_0x7f9fbfd57620, L_0x7f9fbfd57730;
S_0x7f9fbfd339e0 .scope generate, "genblk2[4]" "genblk2[4]" 6 25, 6 25 0, S_0x7f9fbfd2ada0;
 .timescale 0 0;
P_0x7f9fbfd33ba0 .param/l "i" 0 6 25, +C4<0100>;
L_0x7f9fbfd54ca0 .functor AND 1, L_0x7f9fbfd54b60, L_0x7f9fbfd54c00, C4<1>, C4<1>;
L_0x7f9fbfd573f0 .functor AND 1, L_0x7f9fbfd572b0, L_0x7f9fbfd57350, C4<1>, C4<1>;
v0x7f9fbfd33c40_0 .net *"_s0", 0 0, L_0x7f9fbfd54b60;  1 drivers
v0x7f9fbfd33cd0_0 .net *"_s1", 0 0, L_0x7f9fbfd54c00;  1 drivers
v0x7f9fbfd33d80_0 .net *"_s2", 0 0, L_0x7f9fbfd54ca0;  1 drivers
v0x7f9fbfd33e40_0 .net *"_s4", 0 0, L_0x7f9fbfd570d0;  1 drivers
v0x7f9fbfd33ef0_0 .net *"_s5", 0 0, L_0x7f9fbfd57170;  1 drivers
v0x7f9fbfd33fe0_0 .net *"_s7", 0 0, L_0x7f9fbfd572b0;  1 drivers
v0x7f9fbfd34090_0 .net *"_s8", 0 0, L_0x7f9fbfd57350;  1 drivers
v0x7f9fbfd34140_0 .net *"_s9", 0 0, L_0x7f9fbfd573f0;  1 drivers
L_0x7f9fbfd57170 .arith/sum 1, L_0x7f9fbfd54ca0, L_0x7f9fbfd570d0;
S_0x7f9fbfd341f0 .scope generate, "genblk2[5]" "genblk2[5]" 6 25, 6 25 0, S_0x7f9fbfd2ada0;
 .timescale 0 0;
P_0x7f9fbfd343b0 .param/l "i" 0 6 25, +C4<0101>;
L_0x7f9fbfd569b0 .functor AND 1, L_0x7f9fbfd56870, L_0x7f9fbfd56910, C4<1>, C4<1>;
L_0x7f9fbfd56f60 .functor AND 1, L_0x7f9fbfd56e20, L_0x7f9fbfd56ec0, C4<1>, C4<1>;
v0x7f9fbfd34450_0 .net *"_s0", 0 0, L_0x7f9fbfd56870;  1 drivers
v0x7f9fbfd344e0_0 .net *"_s1", 0 0, L_0x7f9fbfd56910;  1 drivers
v0x7f9fbfd34590_0 .net *"_s2", 0 0, L_0x7f9fbfd569b0;  1 drivers
v0x7f9fbfd34650_0 .net *"_s4", 0 0, L_0x7f9fbfd56ca0;  1 drivers
v0x7f9fbfd34700_0 .net *"_s5", 0 0, L_0x7f9fbfd56d40;  1 drivers
v0x7f9fbfd347f0_0 .net *"_s7", 0 0, L_0x7f9fbfd56e20;  1 drivers
v0x7f9fbfd348a0_0 .net *"_s8", 0 0, L_0x7f9fbfd56ec0;  1 drivers
v0x7f9fbfd34950_0 .net *"_s9", 0 0, L_0x7f9fbfd56f60;  1 drivers
L_0x7f9fbfd56d40 .arith/sum 1, L_0x7f9fbfd569b0, L_0x7f9fbfd56ca0;
S_0x7f9fbfd34a00 .scope generate, "genblk2[6]" "genblk2[6]" 6 25, 6 25 0, S_0x7f9fbfd2ada0;
 .timescale 0 0;
P_0x7f9fbfd34bc0 .param/l "i" 0 6 25, +C4<0110>;
L_0x7f9fbfd56290 .functor AND 1, L_0x7f9fbfd566e0, L_0x7f9fbfd561f0, C4<1>, C4<1>;
L_0x7f9fbfd56780 .functor AND 1, L_0x7f9fbfd56b60, L_0x7f9fbfd56c00, C4<1>, C4<1>;
v0x7f9fbfd34c60_0 .net *"_s0", 0 0, L_0x7f9fbfd566e0;  1 drivers
v0x7f9fbfd34cf0_0 .net *"_s1", 0 0, L_0x7f9fbfd561f0;  1 drivers
v0x7f9fbfd34da0_0 .net *"_s2", 0 0, L_0x7f9fbfd56290;  1 drivers
v0x7f9fbfd34e60_0 .net *"_s4", 0 0, L_0x7f9fbfd563c0;  1 drivers
v0x7f9fbfd34f10_0 .net *"_s5", 0 0, L_0x7f9fbfd56460;  1 drivers
v0x7f9fbfd35000_0 .net *"_s7", 0 0, L_0x7f9fbfd56b60;  1 drivers
v0x7f9fbfd350b0_0 .net *"_s8", 0 0, L_0x7f9fbfd56c00;  1 drivers
v0x7f9fbfd35160_0 .net *"_s9", 0 0, L_0x7f9fbfd56780;  1 drivers
L_0x7f9fbfd56460 .arith/sum 1, L_0x7f9fbfd56290, L_0x7f9fbfd563c0;
S_0x7f9fbfd35210 .scope generate, "genblk2[7]" "genblk2[7]" 6 25, 6 25 0, S_0x7f9fbfd2ada0;
 .timescale 0 0;
P_0x7f9fbfd353d0 .param/l "i" 0 6 25, +C4<0111>;
L_0x7f9fbfd55a20 .functor AND 1, L_0x7f9fbfd55980, L_0x7f9fbfd56150, C4<1>, C4<1>;
L_0x7f9fbfd565b0 .functor AND 1, L_0x7f9fbfd56010, L_0x7f9fbfd560b0, C4<1>, C4<1>;
v0x7f9fbfd35470_0 .net *"_s0", 0 0, L_0x7f9fbfd55980;  1 drivers
v0x7f9fbfd35500_0 .net *"_s1", 0 0, L_0x7f9fbfd56150;  1 drivers
v0x7f9fbfd355b0_0 .net *"_s2", 0 0, L_0x7f9fbfd55a20;  1 drivers
v0x7f9fbfd35670_0 .net *"_s4", 0 0, L_0x7f9fbfd55e50;  1 drivers
v0x7f9fbfd35720_0 .net *"_s5", 0 0, L_0x7f9fbfd55ef0;  1 drivers
v0x7f9fbfd35810_0 .net *"_s7", 0 0, L_0x7f9fbfd56010;  1 drivers
v0x7f9fbfd358c0_0 .net *"_s8", 0 0, L_0x7f9fbfd560b0;  1 drivers
v0x7f9fbfd35970_0 .net *"_s9", 0 0, L_0x7f9fbfd565b0;  1 drivers
L_0x7f9fbfd55ef0 .arith/sum 1, L_0x7f9fbfd55a20, L_0x7f9fbfd55e50;
S_0x7f9fbfd35a20 .scope generate, "genblk2[8]" "genblk2[8]" 6 25, 6 25 0, S_0x7f9fbfd2ada0;
 .timescale 0 0;
P_0x7f9fbfd35be0 .param/l "i" 0 6 25, +C4<01000>;
L_0x7f9fbfd55590 .functor AND 1, L_0x7f9fbfd55450, L_0x7f9fbfd554f0, C4<1>, C4<1>;
L_0x7f9fbfd55890 .functor AND 1, L_0x7f9fbfd55750, L_0x7f9fbfd557f0, C4<1>, C4<1>;
v0x7f9fbfd35c70_0 .net *"_s0", 0 0, L_0x7f9fbfd55450;  1 drivers
v0x7f9fbfd35d30_0 .net *"_s1", 0 0, L_0x7f9fbfd554f0;  1 drivers
v0x7f9fbfd35dd0_0 .net *"_s2", 0 0, L_0x7f9fbfd55590;  1 drivers
v0x7f9fbfd35e80_0 .net *"_s4", 0 0, L_0x7f9fbfd55b10;  1 drivers
v0x7f9fbfd35f30_0 .net *"_s5", 0 0, L_0x7f9fbfd53f40;  1 drivers
v0x7f9fbfd36020_0 .net *"_s7", 0 0, L_0x7f9fbfd55750;  1 drivers
v0x7f9fbfd360d0_0 .net *"_s8", 0 0, L_0x7f9fbfd557f0;  1 drivers
v0x7f9fbfd36180_0 .net *"_s9", 0 0, L_0x7f9fbfd55890;  1 drivers
L_0x7f9fbfd53f40 .arith/sum 1, L_0x7f9fbfd55590, L_0x7f9fbfd55b10;
S_0x7f9fbfd36230 .scope generate, "genblk2[9]" "genblk2[9]" 6 25, 6 25 0, S_0x7f9fbfd2ada0;
 .timescale 0 0;
P_0x7f9fbfd363f0 .param/l "i" 0 6 25, +C4<01001>;
L_0x7f9fbfd54e40 .functor AND 1, L_0x7f9fbfd551d0, L_0x7f9fbfd55270, C4<1>, C4<1>;
L_0x7f9fbfd55110 .functor AND 1, L_0x7f9fbfd55670, L_0x7f9fbfd55310, C4<1>, C4<1>;
v0x7f9fbfd36480_0 .net *"_s0", 0 0, L_0x7f9fbfd551d0;  1 drivers
v0x7f9fbfd36540_0 .net *"_s1", 0 0, L_0x7f9fbfd55270;  1 drivers
v0x7f9fbfd365e0_0 .net *"_s2", 0 0, L_0x7f9fbfd54e40;  1 drivers
v0x7f9fbfd36690_0 .net *"_s4", 0 0, L_0x7f9fbfd54f50;  1 drivers
v0x7f9fbfd36740_0 .net *"_s5", 0 0, L_0x7f9fbfd54ff0;  1 drivers
v0x7f9fbfd36830_0 .net *"_s7", 0 0, L_0x7f9fbfd55670;  1 drivers
v0x7f9fbfd368e0_0 .net *"_s8", 0 0, L_0x7f9fbfd55310;  1 drivers
v0x7f9fbfd36990_0 .net *"_s9", 0 0, L_0x7f9fbfd55110;  1 drivers
L_0x7f9fbfd54ff0 .arith/sum 1, L_0x7f9fbfd54e40, L_0x7f9fbfd54f50;
S_0x7f9fbfd36a40 .scope generate, "genblk2[10]" "genblk2[10]" 6 25, 6 25 0, S_0x7f9fbfd2ada0;
 .timescale 0 0;
P_0x7f9fbfd36c00 .param/l "i" 0 6 25, +C4<01010>;
L_0x7f9fbfd539d0 .functor AND 1, L_0x7f9fbfd54630, L_0x7f9fbfd546d0, C4<1>, C4<1>;
L_0x7f9fbfd54a90 .functor AND 1, L_0x7f9fbfd54950, L_0x7f9fbfd549f0, C4<1>, C4<1>;
v0x7f9fbfd36c90_0 .net *"_s0", 0 0, L_0x7f9fbfd54630;  1 drivers
v0x7f9fbfd36d50_0 .net *"_s1", 0 0, L_0x7f9fbfd546d0;  1 drivers
v0x7f9fbfd36df0_0 .net *"_s2", 0 0, L_0x7f9fbfd539d0;  1 drivers
v0x7f9fbfd36ea0_0 .net *"_s4", 0 0, L_0x7f9fbfd54da0;  1 drivers
v0x7f9fbfd36f50_0 .net *"_s5", 0 0, L_0x7f9fbfd54830;  1 drivers
v0x7f9fbfd37040_0 .net *"_s7", 0 0, L_0x7f9fbfd54950;  1 drivers
v0x7f9fbfd370f0_0 .net *"_s8", 0 0, L_0x7f9fbfd549f0;  1 drivers
v0x7f9fbfd371a0_0 .net *"_s9", 0 0, L_0x7f9fbfd54a90;  1 drivers
L_0x7f9fbfd54830 .arith/sum 1, L_0x7f9fbfd539d0, L_0x7f9fbfd54da0;
S_0x7f9fbfd37250 .scope generate, "genblk2[11]" "genblk2[11]" 6 25, 6 25 0, S_0x7f9fbfd2ada0;
 .timescale 0 0;
P_0x7f9fbfd37410 .param/l "i" 0 6 25, +C4<01011>;
L_0x7f9fbfd54040 .functor AND 1, L_0x7f9fbfd54340, L_0x7f9fbfd543e0, C4<1>, C4<1>;
L_0x7f9fbfd54520 .functor AND 1, L_0x7f9fbfd54790, L_0x7f9fbfd54480, C4<1>, C4<1>;
v0x7f9fbfd374a0_0 .net *"_s0", 0 0, L_0x7f9fbfd54340;  1 drivers
v0x7f9fbfd37560_0 .net *"_s1", 0 0, L_0x7f9fbfd543e0;  1 drivers
v0x7f9fbfd37600_0 .net *"_s2", 0 0, L_0x7f9fbfd54040;  1 drivers
v0x7f9fbfd376b0_0 .net *"_s4", 0 0, L_0x7f9fbfd54170;  1 drivers
v0x7f9fbfd37760_0 .net *"_s5", 0 0, L_0x7f9fbfd54210;  1 drivers
v0x7f9fbfd37850_0 .net *"_s7", 0 0, L_0x7f9fbfd54790;  1 drivers
v0x7f9fbfd37900_0 .net *"_s8", 0 0, L_0x7f9fbfd54480;  1 drivers
v0x7f9fbfd379b0_0 .net *"_s9", 0 0, L_0x7f9fbfd54520;  1 drivers
L_0x7f9fbfd54210 .arith/sum 1, L_0x7f9fbfd54040, L_0x7f9fbfd54170;
S_0x7f9fbfd37a60 .scope generate, "genblk2[12]" "genblk2[12]" 6 25, 6 25 0, S_0x7f9fbfd2ada0;
 .timescale 0 0;
P_0x7f9fbfd37c20 .param/l "i" 0 6 25, +C4<01100>;
L_0x7f9fbfd53db0 .functor AND 1, L_0x7f9fbfd53730, L_0x7f9fbfd537d0, C4<1>, C4<1>;
L_0x7f9fbfd53cb0 .functor AND 1, L_0x7f9fbfd53b70, L_0x7f9fbfd53c10, C4<1>, C4<1>;
v0x7f9fbfd37cb0_0 .net *"_s0", 0 0, L_0x7f9fbfd53730;  1 drivers
v0x7f9fbfd37d70_0 .net *"_s1", 0 0, L_0x7f9fbfd537d0;  1 drivers
v0x7f9fbfd37e10_0 .net *"_s2", 0 0, L_0x7f9fbfd53db0;  1 drivers
v0x7f9fbfd37ec0_0 .net *"_s4", 0 0, L_0x7f9fbfd53ea0;  1 drivers
v0x7f9fbfd37f70_0 .net *"_s5", 0 0, L_0x7f9fbfd53ad0;  1 drivers
v0x7f9fbfd38060_0 .net *"_s7", 0 0, L_0x7f9fbfd53b70;  1 drivers
v0x7f9fbfd38110_0 .net *"_s8", 0 0, L_0x7f9fbfd53c10;  1 drivers
v0x7f9fbfd381c0_0 .net *"_s9", 0 0, L_0x7f9fbfd53cb0;  1 drivers
L_0x7f9fbfd53ad0 .arith/sum 1, L_0x7f9fbfd53db0, L_0x7f9fbfd53ea0;
S_0x7f9fbfd38270 .scope generate, "genblk2[13]" "genblk2[13]" 6 25, 6 25 0, S_0x7f9fbfd2ada0;
 .timescale 0 0;
P_0x7f9fbfd38430 .param/l "i" 0 6 25, +C4<01101>;
L_0x7f9fbfd53180 .functor AND 1, L_0x7f9fbfd534d0, L_0x7f9fbfd53570, C4<1>, C4<1>;
L_0x7f9fbfd52f70 .functor AND 1, L_0x7f9fbfd53930, L_0x7f9fbfd53610, C4<1>, C4<1>;
v0x7f9fbfd384c0_0 .net *"_s0", 0 0, L_0x7f9fbfd534d0;  1 drivers
v0x7f9fbfd38580_0 .net *"_s1", 0 0, L_0x7f9fbfd53570;  1 drivers
v0x7f9fbfd38620_0 .net *"_s2", 0 0, L_0x7f9fbfd53180;  1 drivers
v0x7f9fbfd386d0_0 .net *"_s4", 0 0, L_0x7f9fbfd532b0;  1 drivers
v0x7f9fbfd38780_0 .net *"_s5", 0 0, L_0x7f9fbfd53350;  1 drivers
v0x7f9fbfd38870_0 .net *"_s7", 0 0, L_0x7f9fbfd53930;  1 drivers
v0x7f9fbfd38920_0 .net *"_s8", 0 0, L_0x7f9fbfd53610;  1 drivers
v0x7f9fbfd389d0_0 .net *"_s9", 0 0, L_0x7f9fbfd52f70;  1 drivers
L_0x7f9fbfd53350 .arith/sum 1, L_0x7f9fbfd53180, L_0x7f9fbfd532b0;
S_0x7f9fbfd38a80 .scope generate, "genblk2[14]" "genblk2[14]" 6 25, 6 25 0, S_0x7f9fbfd2ada0;
 .timescale 0 0;
P_0x7f9fbfd38c40 .param/l "i" 0 6 25, +C4<01110>;
L_0x7f9fbfd52ff0 .functor AND 1, L_0x7f9fbfd52750, L_0x7f9fbfd52ed0, C4<1>, C4<1>;
L_0x7f9fbfd52e60 .functor AND 1, L_0x7f9fbfd52d20, L_0x7f9fbfd52dc0, C4<1>, C4<1>;
v0x7f9fbfd38cd0_0 .net *"_s0", 0 0, L_0x7f9fbfd52750;  1 drivers
v0x7f9fbfd38d90_0 .net *"_s1", 0 0, L_0x7f9fbfd52ed0;  1 drivers
v0x7f9fbfd38e30_0 .net *"_s2", 0 0, L_0x7f9fbfd52ff0;  1 drivers
v0x7f9fbfd38ee0_0 .net *"_s4", 0 0, L_0x7f9fbfd53060;  1 drivers
v0x7f9fbfd38f90_0 .net *"_s5", 0 0, L_0x7f9fbfd52c40;  1 drivers
v0x7f9fbfd39080_0 .net *"_s7", 0 0, L_0x7f9fbfd52d20;  1 drivers
v0x7f9fbfd39130_0 .net *"_s8", 0 0, L_0x7f9fbfd52dc0;  1 drivers
v0x7f9fbfd391e0_0 .net *"_s9", 0 0, L_0x7f9fbfd52e60;  1 drivers
L_0x7f9fbfd52c40 .arith/sum 1, L_0x7f9fbfd52ff0, L_0x7f9fbfd53060;
S_0x7f9fbfd39290 .scope generate, "genblk2[15]" "genblk2[15]" 6 25, 6 25 0, S_0x7f9fbfd2ada0;
 .timescale 0 0;
P_0x7f9fbfd39450 .param/l "i" 0 6 25, +C4<01111>;
L_0x7f9fbfd52830 .functor AND 1, L_0x7f9fbfd52370, L_0x7f9fbfd52410, C4<1>, C4<1>;
L_0x7f9fbfd52660 .functor AND 1, L_0x7f9fbfd52b60, L_0x7f9fbfd525c0, C4<1>, C4<1>;
v0x7f9fbfd394e0_0 .net *"_s0", 0 0, L_0x7f9fbfd52370;  1 drivers
v0x7f9fbfd395a0_0 .net *"_s1", 0 0, L_0x7f9fbfd52410;  1 drivers
v0x7f9fbfd39640_0 .net *"_s2", 0 0, L_0x7f9fbfd52830;  1 drivers
v0x7f9fbfd396f0_0 .net *"_s4", 0 0, L_0x7f9fbfd52940;  1 drivers
v0x7f9fbfd397a0_0 .net *"_s5", 0 0, L_0x7f9fbfd52a20;  1 drivers
v0x7f9fbfd39890_0 .net *"_s7", 0 0, L_0x7f9fbfd52b60;  1 drivers
v0x7f9fbfd39940_0 .net *"_s8", 0 0, L_0x7f9fbfd525c0;  1 drivers
v0x7f9fbfd399f0_0 .net *"_s9", 0 0, L_0x7f9fbfd52660;  1 drivers
L_0x7f9fbfd52a20 .arith/sum 1, L_0x7f9fbfd52830, L_0x7f9fbfd52940;
S_0x7f9fbfd39aa0 .scope generate, "genblk3[0]" "genblk3[0]" 6 30, 6 30 0, S_0x7f9fbfd2ada0;
 .timescale 0 0;
P_0x7f9fbfd39c60 .param/l "i" 0 6 30, +C4<00>;
v0x7f9fbfd39d00_0 .net *"_s0", 0 0, L_0x7f9fbfd581e0;  1 drivers
S_0x7f9fbfd39d90 .scope generate, "genblk3[1]" "genblk3[1]" 6 30, 6 30 0, S_0x7f9fbfd2ada0;
 .timescale 0 0;
P_0x7f9fbfd39f50 .param/l "i" 0 6 30, +C4<01>;
v0x7f9fbfd39ff0_0 .net *"_s0", 0 0, L_0x7f9fbfd58280;  1 drivers
S_0x7f9fbfd3a0a0 .scope generate, "genblk3[2]" "genblk3[2]" 6 30, 6 30 0, S_0x7f9fbfd2ada0;
 .timescale 0 0;
P_0x7f9fbfd3a260 .param/l "i" 0 6 30, +C4<010>;
v0x7f9fbfd3a300_0 .net *"_s0", 0 0, L_0x7f9fbfd58380;  1 drivers
S_0x7f9fbfd3a3b0 .scope generate, "genblk3[3]" "genblk3[3]" 6 30, 6 30 0, S_0x7f9fbfd2ada0;
 .timescale 0 0;
P_0x7f9fbfd33310 .param/l "i" 0 6 30, +C4<011>;
v0x7f9fbfd3a770_0 .net *"_s0", 0 0, L_0x7f9fbfd58420;  1 drivers
S_0x7f9fbfd3a800 .scope generate, "genblk4[4]" "genblk4[4]" 6 33, 6 33 0, S_0x7f9fbfd2ada0;
 .timescale 0 0;
P_0x7f9fbfd3a9b0 .param/l "i" 0 6 33, +C4<0100>;
L_0x7f9fbfd5d4c0 .functor AND 1, L_0x7f9fbfd5d380, L_0x7f9fbfd5d420, C4<1>, C4<1>;
L_0x7f9fbfd5d910 .functor AND 1, L_0x7f9fbfd5d7d0, L_0x7f9fbfd5d870, C4<1>, C4<1>;
v0x7f9fbfd3aa30_0 .net *"_s0", 0 0, L_0x7f9fbfd5d380;  1 drivers
v0x7f9fbfd3aad0_0 .net *"_s1", 0 0, L_0x7f9fbfd5d420;  1 drivers
v0x7f9fbfd3ab80_0 .net *"_s2", 0 0, L_0x7f9fbfd5d4c0;  1 drivers
v0x7f9fbfd3ac40_0 .net *"_s4", 0 0, L_0x7f9fbfd5d5b0;  1 drivers
v0x7f9fbfd3acf0_0 .net *"_s5", 0 0, L_0x7f9fbfd5d650;  1 drivers
v0x7f9fbfd3ade0_0 .net *"_s7", 0 0, L_0x7f9fbfd5d7d0;  1 drivers
v0x7f9fbfd3ae90_0 .net *"_s8", 0 0, L_0x7f9fbfd5d870;  1 drivers
v0x7f9fbfd3af40_0 .net *"_s9", 0 0, L_0x7f9fbfd5d910;  1 drivers
L_0x7f9fbfd5d650 .arith/sum 1, L_0x7f9fbfd5d4c0, L_0x7f9fbfd5d5b0;
S_0x7f9fbfd3aff0 .scope generate, "genblk4[5]" "genblk4[5]" 6 33, 6 33 0, S_0x7f9fbfd2ada0;
 .timescale 0 0;
P_0x7f9fbfd3b1b0 .param/l "i" 0 6 33, +C4<0101>;
L_0x7f9fbfd5cb60 .functor AND 1, L_0x7f9fbfd5ca20, L_0x7f9fbfd5cac0, C4<1>, C4<1>;
L_0x7f9fbfd5a950 .functor AND 1, L_0x7f9fbfd5ce70, L_0x7f9fbfd5a8b0, C4<1>, C4<1>;
v0x7f9fbfd3b250_0 .net *"_s0", 0 0, L_0x7f9fbfd5ca20;  1 drivers
v0x7f9fbfd3b2e0_0 .net *"_s1", 0 0, L_0x7f9fbfd5cac0;  1 drivers
v0x7f9fbfd3b390_0 .net *"_s2", 0 0, L_0x7f9fbfd5cb60;  1 drivers
v0x7f9fbfd3b450_0 .net *"_s4", 0 0, L_0x7f9fbfd5cc90;  1 drivers
v0x7f9fbfd3b500_0 .net *"_s5", 0 0, L_0x7f9fbfd5cd30;  1 drivers
v0x7f9fbfd3b5f0_0 .net *"_s7", 0 0, L_0x7f9fbfd5ce70;  1 drivers
v0x7f9fbfd3b6a0_0 .net *"_s8", 0 0, L_0x7f9fbfd5a8b0;  1 drivers
v0x7f9fbfd3b750_0 .net *"_s9", 0 0, L_0x7f9fbfd5a950;  1 drivers
L_0x7f9fbfd5cd30 .arith/sum 1, L_0x7f9fbfd5cb60, L_0x7f9fbfd5cc90;
S_0x7f9fbfd3b800 .scope generate, "genblk4[6]" "genblk4[6]" 6 33, 6 33 0, S_0x7f9fbfd2ada0;
 .timescale 0 0;
P_0x7f9fbfd3b9c0 .param/l "i" 0 6 33, +C4<0110>;
L_0x7f9fbfd5c4e0 .functor AND 1, L_0x7f9fbfd5c3a0, L_0x7f9fbfd5c440, C4<1>, C4<1>;
L_0x7f9fbfd5c930 .functor AND 1, L_0x7f9fbfd5c7f0, L_0x7f9fbfd5c890, C4<1>, C4<1>;
v0x7f9fbfd3ba60_0 .net *"_s0", 0 0, L_0x7f9fbfd5c3a0;  1 drivers
v0x7f9fbfd3baf0_0 .net *"_s1", 0 0, L_0x7f9fbfd5c440;  1 drivers
v0x7f9fbfd3bba0_0 .net *"_s2", 0 0, L_0x7f9fbfd5c4e0;  1 drivers
v0x7f9fbfd3bc60_0 .net *"_s4", 0 0, L_0x7f9fbfd5c610;  1 drivers
v0x7f9fbfd3bd10_0 .net *"_s5", 0 0, L_0x7f9fbfd5c6b0;  1 drivers
v0x7f9fbfd3be00_0 .net *"_s7", 0 0, L_0x7f9fbfd5c7f0;  1 drivers
v0x7f9fbfd3beb0_0 .net *"_s8", 0 0, L_0x7f9fbfd5c890;  1 drivers
v0x7f9fbfd3bf60_0 .net *"_s9", 0 0, L_0x7f9fbfd5c930;  1 drivers
L_0x7f9fbfd5c6b0 .arith/sum 1, L_0x7f9fbfd5c4e0, L_0x7f9fbfd5c610;
S_0x7f9fbfd3c010 .scope generate, "genblk4[7]" "genblk4[7]" 6 33, 6 33 0, S_0x7f9fbfd2ada0;
 .timescale 0 0;
P_0x7f9fbfd3c1d0 .param/l "i" 0 6 33, +C4<0111>;
L_0x7f9fbfd5be40 .functor AND 1, L_0x7f9fbfd5bd00, L_0x7f9fbfd5bda0, C4<1>, C4<1>;
L_0x7f9fbfd5c290 .functor AND 1, L_0x7f9fbfd5c150, L_0x7f9fbfd5c1f0, C4<1>, C4<1>;
v0x7f9fbfd3c270_0 .net *"_s0", 0 0, L_0x7f9fbfd5bd00;  1 drivers
v0x7f9fbfd3c300_0 .net *"_s1", 0 0, L_0x7f9fbfd5bda0;  1 drivers
v0x7f9fbfd3c3b0_0 .net *"_s2", 0 0, L_0x7f9fbfd5be40;  1 drivers
v0x7f9fbfd3c470_0 .net *"_s4", 0 0, L_0x7f9fbfd5bf70;  1 drivers
v0x7f9fbfd3c520_0 .net *"_s5", 0 0, L_0x7f9fbfd5c010;  1 drivers
v0x7f9fbfd3c610_0 .net *"_s7", 0 0, L_0x7f9fbfd5c150;  1 drivers
v0x7f9fbfd3c6c0_0 .net *"_s8", 0 0, L_0x7f9fbfd5c1f0;  1 drivers
v0x7f9fbfd3c770_0 .net *"_s9", 0 0, L_0x7f9fbfd5c290;  1 drivers
L_0x7f9fbfd5c010 .arith/sum 1, L_0x7f9fbfd5be40, L_0x7f9fbfd5bf70;
S_0x7f9fbfd3c820 .scope generate, "genblk4[8]" "genblk4[8]" 6 33, 6 33 0, S_0x7f9fbfd2ada0;
 .timescale 0 0;
P_0x7f9fbfd3c9e0 .param/l "i" 0 6 33, +C4<01000>;
L_0x7f9fbfd5b7c0 .functor AND 1, L_0x7f9fbfd5b680, L_0x7f9fbfd5b720, C4<1>, C4<1>;
L_0x7f9fbfd5bc10 .functor AND 1, L_0x7f9fbfd5bad0, L_0x7f9fbfd5bb70, C4<1>, C4<1>;
v0x7f9fbfd3ca70_0 .net *"_s0", 0 0, L_0x7f9fbfd5b680;  1 drivers
v0x7f9fbfd3cb30_0 .net *"_s1", 0 0, L_0x7f9fbfd5b720;  1 drivers
v0x7f9fbfd3cbd0_0 .net *"_s2", 0 0, L_0x7f9fbfd5b7c0;  1 drivers
v0x7f9fbfd3cc80_0 .net *"_s4", 0 0, L_0x7f9fbfd5b8f0;  1 drivers
v0x7f9fbfd3cd30_0 .net *"_s5", 0 0, L_0x7f9fbfd5b990;  1 drivers
v0x7f9fbfd3ce20_0 .net *"_s7", 0 0, L_0x7f9fbfd5bad0;  1 drivers
v0x7f9fbfd3ced0_0 .net *"_s8", 0 0, L_0x7f9fbfd5bb70;  1 drivers
v0x7f9fbfd3cf80_0 .net *"_s9", 0 0, L_0x7f9fbfd5bc10;  1 drivers
L_0x7f9fbfd5b990 .arith/sum 1, L_0x7f9fbfd5b7c0, L_0x7f9fbfd5b8f0;
S_0x7f9fbfd3d030 .scope generate, "genblk4[9]" "genblk4[9]" 6 33, 6 33 0, S_0x7f9fbfd2ada0;
 .timescale 0 0;
P_0x7f9fbfd3d1f0 .param/l "i" 0 6 33, +C4<01001>;
L_0x7f9fbfd5b140 .functor AND 1, L_0x7f9fbfd5b000, L_0x7f9fbfd5b0a0, C4<1>, C4<1>;
L_0x7f9fbfd5b590 .functor AND 1, L_0x7f9fbfd5b450, L_0x7f9fbfd5b4f0, C4<1>, C4<1>;
v0x7f9fbfd3d280_0 .net *"_s0", 0 0, L_0x7f9fbfd5b000;  1 drivers
v0x7f9fbfd3d340_0 .net *"_s1", 0 0, L_0x7f9fbfd5b0a0;  1 drivers
v0x7f9fbfd3d3e0_0 .net *"_s2", 0 0, L_0x7f9fbfd5b140;  1 drivers
v0x7f9fbfd3d490_0 .net *"_s4", 0 0, L_0x7f9fbfd5b270;  1 drivers
v0x7f9fbfd3d540_0 .net *"_s5", 0 0, L_0x7f9fbfd5b310;  1 drivers
v0x7f9fbfd3d630_0 .net *"_s7", 0 0, L_0x7f9fbfd5b450;  1 drivers
v0x7f9fbfd3d6e0_0 .net *"_s8", 0 0, L_0x7f9fbfd5b4f0;  1 drivers
v0x7f9fbfd3d790_0 .net *"_s9", 0 0, L_0x7f9fbfd5b590;  1 drivers
L_0x7f9fbfd5b310 .arith/sum 1, L_0x7f9fbfd5b140, L_0x7f9fbfd5b270;
S_0x7f9fbfd3d840 .scope generate, "genblk4[10]" "genblk4[10]" 6 33, 6 33 0, S_0x7f9fbfd2ada0;
 .timescale 0 0;
P_0x7f9fbfd3da00 .param/l "i" 0 6 33, +C4<01010>;
L_0x7f9fbfd59850 .functor AND 1, L_0x7f9fbfd5a770, L_0x7f9fbfd5a810, C4<1>, C4<1>;
L_0x7f9fbfd5af10 .functor AND 1, L_0x7f9fbfd5add0, L_0x7f9fbfd5ae70, C4<1>, C4<1>;
v0x7f9fbfd3da90_0 .net *"_s0", 0 0, L_0x7f9fbfd5a770;  1 drivers
v0x7f9fbfd3db50_0 .net *"_s1", 0 0, L_0x7f9fbfd5a810;  1 drivers
v0x7f9fbfd3dbf0_0 .net *"_s2", 0 0, L_0x7f9fbfd59850;  1 drivers
v0x7f9fbfd3dca0_0 .net *"_s4", 0 0, L_0x7f9fbfd5aaf0;  1 drivers
v0x7f9fbfd3dd50_0 .net *"_s5", 0 0, L_0x7f9fbfd58f70;  1 drivers
v0x7f9fbfd3de40_0 .net *"_s7", 0 0, L_0x7f9fbfd5add0;  1 drivers
v0x7f9fbfd3def0_0 .net *"_s8", 0 0, L_0x7f9fbfd5ae70;  1 drivers
v0x7f9fbfd3dfa0_0 .net *"_s9", 0 0, L_0x7f9fbfd5af10;  1 drivers
L_0x7f9fbfd58f70 .arith/sum 1, L_0x7f9fbfd59850, L_0x7f9fbfd5aaf0;
S_0x7f9fbfd3e050 .scope generate, "genblk4[11]" "genblk4[11]" 6 33, 6 33 0, S_0x7f9fbfd2ada0;
 .timescale 0 0;
P_0x7f9fbfd3e210 .param/l "i" 0 6 33, +C4<01011>;
L_0x7f9fbfd5a230 .functor AND 1, L_0x7f9fbfd5a0f0, L_0x7f9fbfd5a190, C4<1>, C4<1>;
L_0x7f9fbfd5a680 .functor AND 1, L_0x7f9fbfd5a540, L_0x7f9fbfd5a5e0, C4<1>, C4<1>;
v0x7f9fbfd3e2a0_0 .net *"_s0", 0 0, L_0x7f9fbfd5a0f0;  1 drivers
v0x7f9fbfd3e360_0 .net *"_s1", 0 0, L_0x7f9fbfd5a190;  1 drivers
v0x7f9fbfd3e400_0 .net *"_s2", 0 0, L_0x7f9fbfd5a230;  1 drivers
v0x7f9fbfd3e4b0_0 .net *"_s4", 0 0, L_0x7f9fbfd5a360;  1 drivers
v0x7f9fbfd3e560_0 .net *"_s5", 0 0, L_0x7f9fbfd5a400;  1 drivers
v0x7f9fbfd3e650_0 .net *"_s7", 0 0, L_0x7f9fbfd5a540;  1 drivers
v0x7f9fbfd3e700_0 .net *"_s8", 0 0, L_0x7f9fbfd5a5e0;  1 drivers
v0x7f9fbfd3e7b0_0 .net *"_s9", 0 0, L_0x7f9fbfd5a680;  1 drivers
L_0x7f9fbfd5a400 .arith/sum 1, L_0x7f9fbfd5a230, L_0x7f9fbfd5a360;
S_0x7f9fbfd3e860 .scope generate, "genblk4[12]" "genblk4[12]" 6 33, 6 33 0, S_0x7f9fbfd2ada0;
 .timescale 0 0;
P_0x7f9fbfd3ea20 .param/l "i" 0 6 33, +C4<01100>;
L_0x7f9fbfd59bb0 .functor AND 1, L_0x7f9fbfd59a70, L_0x7f9fbfd59b10, C4<1>, C4<1>;
L_0x7f9fbfd5a000 .functor AND 1, L_0x7f9fbfd59ec0, L_0x7f9fbfd59f60, C4<1>, C4<1>;
v0x7f9fbfd3eab0_0 .net *"_s0", 0 0, L_0x7f9fbfd59a70;  1 drivers
v0x7f9fbfd3eb70_0 .net *"_s1", 0 0, L_0x7f9fbfd59b10;  1 drivers
v0x7f9fbfd3ec10_0 .net *"_s2", 0 0, L_0x7f9fbfd59bb0;  1 drivers
v0x7f9fbfd3ecc0_0 .net *"_s4", 0 0, L_0x7f9fbfd59ce0;  1 drivers
v0x7f9fbfd3ed70_0 .net *"_s5", 0 0, L_0x7f9fbfd59d80;  1 drivers
v0x7f9fbfd3ee60_0 .net *"_s7", 0 0, L_0x7f9fbfd59ec0;  1 drivers
v0x7f9fbfd3ef10_0 .net *"_s8", 0 0, L_0x7f9fbfd59f60;  1 drivers
v0x7f9fbfd3efc0_0 .net *"_s9", 0 0, L_0x7f9fbfd5a000;  1 drivers
L_0x7f9fbfd59d80 .arith/sum 1, L_0x7f9fbfd59bb0, L_0x7f9fbfd59ce0;
S_0x7f9fbfd3f070 .scope generate, "genblk4[13]" "genblk4[13]" 6 33, 6 33 0, S_0x7f9fbfd2ada0;
 .timescale 0 0;
P_0x7f9fbfd3f230 .param/l "i" 0 6 33, +C4<01101>;
L_0x7f9fbfd594a0 .functor AND 1, L_0x7f9fbfd59360, L_0x7f9fbfd59400, C4<1>, C4<1>;
L_0x7f9fbfd58d80 .functor AND 1, L_0x7f9fbfd597b0, L_0x7f9fbfd59950, C4<1>, C4<1>;
v0x7f9fbfd3f2c0_0 .net *"_s0", 0 0, L_0x7f9fbfd59360;  1 drivers
v0x7f9fbfd3f380_0 .net *"_s1", 0 0, L_0x7f9fbfd59400;  1 drivers
v0x7f9fbfd3f420_0 .net *"_s2", 0 0, L_0x7f9fbfd594a0;  1 drivers
v0x7f9fbfd3f4d0_0 .net *"_s4", 0 0, L_0x7f9fbfd595d0;  1 drivers
v0x7f9fbfd3f580_0 .net *"_s5", 0 0, L_0x7f9fbfd59670;  1 drivers
v0x7f9fbfd3f670_0 .net *"_s7", 0 0, L_0x7f9fbfd597b0;  1 drivers
v0x7f9fbfd3f720_0 .net *"_s8", 0 0, L_0x7f9fbfd59950;  1 drivers
v0x7f9fbfd3f7d0_0 .net *"_s9", 0 0, L_0x7f9fbfd58d80;  1 drivers
L_0x7f9fbfd59670 .arith/sum 1, L_0x7f9fbfd594a0, L_0x7f9fbfd595d0;
S_0x7f9fbfd3f880 .scope generate, "genblk4[14]" "genblk4[14]" 6 33, 6 33 0, S_0x7f9fbfd2ada0;
 .timescale 0 0;
P_0x7f9fbfd3fa40 .param/l "i" 0 6 33, +C4<01110>;
L_0x7f9fbfd58e00 .functor AND 1, L_0x7f9fbfd58c40, L_0x7f9fbfd58ce0, C4<1>, C4<1>;
L_0x7f9fbfd592b0 .functor AND 1, L_0x7f9fbfd59170, L_0x7f9fbfd59210, C4<1>, C4<1>;
v0x7f9fbfd3fad0_0 .net *"_s0", 0 0, L_0x7f9fbfd58c40;  1 drivers
v0x7f9fbfd3fb90_0 .net *"_s1", 0 0, L_0x7f9fbfd58ce0;  1 drivers
v0x7f9fbfd3fc30_0 .net *"_s2", 0 0, L_0x7f9fbfd58e00;  1 drivers
v0x7f9fbfd3fce0_0 .net *"_s4", 0 0, L_0x7f9fbfd58ed0;  1 drivers
v0x7f9fbfd3fd90_0 .net *"_s5", 0 0, L_0x7f9fbfd59070;  1 drivers
v0x7f9fbfd3fe80_0 .net *"_s7", 0 0, L_0x7f9fbfd59170;  1 drivers
v0x7f9fbfd3ff30_0 .net *"_s8", 0 0, L_0x7f9fbfd59210;  1 drivers
v0x7f9fbfd3ffe0_0 .net *"_s9", 0 0, L_0x7f9fbfd592b0;  1 drivers
L_0x7f9fbfd59070 .arith/sum 1, L_0x7f9fbfd58e00, L_0x7f9fbfd58ed0;
S_0x7f9fbfd40090 .scope generate, "genblk4[15]" "genblk4[15]" 6 33, 6 33 0, S_0x7f9fbfd2ada0;
 .timescale 0 0;
P_0x7f9fbfd40250 .param/l "i" 0 6 33, +C4<01111>;
L_0x7f9fbfd586c0 .functor AND 1, L_0x7f9fbfd58560, L_0x7f9fbfd58620, C4<1>, C4<1>;
L_0x7f9fbfd58b50 .functor AND 1, L_0x7f9fbfd589d0, L_0x7f9fbfd58ab0, C4<1>, C4<1>;
v0x7f9fbfd402e0_0 .net *"_s0", 0 0, L_0x7f9fbfd58560;  1 drivers
v0x7f9fbfd403a0_0 .net *"_s1", 0 0, L_0x7f9fbfd58620;  1 drivers
v0x7f9fbfd40440_0 .net *"_s2", 0 0, L_0x7f9fbfd586c0;  1 drivers
v0x7f9fbfd404f0_0 .net *"_s4", 0 0, L_0x7f9fbfd587f0;  1 drivers
v0x7f9fbfd405a0_0 .net *"_s5", 0 0, L_0x7f9fbfd58890;  1 drivers
v0x7f9fbfd40690_0 .net *"_s7", 0 0, L_0x7f9fbfd589d0;  1 drivers
v0x7f9fbfd40740_0 .net *"_s8", 0 0, L_0x7f9fbfd58ab0;  1 drivers
v0x7f9fbfd407f0_0 .net *"_s9", 0 0, L_0x7f9fbfd58b50;  1 drivers
L_0x7f9fbfd58890 .arith/sum 1, L_0x7f9fbfd586c0, L_0x7f9fbfd587f0;
S_0x7f9fbfd408a0 .scope generate, "genblk5[0]" "genblk5[0]" 6 38, 6 38 0, S_0x7f9fbfd2ada0;
 .timescale 0 0;
P_0x7f9fbfd40a60 .param/l "i" 0 6 38, +C4<00>;
v0x7f9fbfd40b00_0 .net *"_s0", 0 0, L_0x7f9fbfd5da00;  1 drivers
S_0x7f9fbfd40b90 .scope generate, "genblk5[1]" "genblk5[1]" 6 38, 6 38 0, S_0x7f9fbfd2ada0;
 .timescale 0 0;
P_0x7f9fbfd40d50 .param/l "i" 0 6 38, +C4<01>;
v0x7f9fbfd40df0_0 .net *"_s0", 0 0, L_0x7f9fbfd5dae0;  1 drivers
S_0x7f9fbfd40ea0 .scope generate, "genblk5[2]" "genblk5[2]" 6 38, 6 38 0, S_0x7f9fbfd2ada0;
 .timescale 0 0;
P_0x7f9fbfd41060 .param/l "i" 0 6 38, +C4<010>;
v0x7f9fbfd41100_0 .net *"_s0", 0 0, L_0x7f9fbfd5db80;  1 drivers
S_0x7f9fbfd411b0 .scope generate, "genblk5[3]" "genblk5[3]" 6 38, 6 38 0, S_0x7f9fbfd2ada0;
 .timescale 0 0;
P_0x7f9fbfd41370 .param/l "i" 0 6 38, +C4<011>;
v0x7f9fbfd41410_0 .net *"_s0", 0 0, L_0x7f9fbfd5dca0;  1 drivers
S_0x7f9fbfd414c0 .scope generate, "genblk5[4]" "genblk5[4]" 6 38, 6 38 0, S_0x7f9fbfd2ada0;
 .timescale 0 0;
P_0x7f9fbfd41680 .param/l "i" 0 6 38, +C4<0100>;
v0x7f9fbfd41720_0 .net *"_s0", 0 0, L_0x7f9fbfd5dd40;  1 drivers
S_0x7f9fbfd417d0 .scope generate, "genblk5[5]" "genblk5[5]" 6 38, 6 38 0, S_0x7f9fbfd2ada0;
 .timescale 0 0;
P_0x7f9fbfd41990 .param/l "i" 0 6 38, +C4<0101>;
v0x7f9fbfd41a30_0 .net *"_s0", 0 0, L_0x7f9fbfd5dde0;  1 drivers
S_0x7f9fbfd41ae0 .scope generate, "genblk5[6]" "genblk5[6]" 6 38, 6 38 0, S_0x7f9fbfd2ada0;
 .timescale 0 0;
P_0x7f9fbfd41ca0 .param/l "i" 0 6 38, +C4<0110>;
v0x7f9fbfd41d40_0 .net *"_s0", 0 0, L_0x7f9fbfd5de80;  1 drivers
S_0x7f9fbfd41df0 .scope generate, "genblk5[7]" "genblk5[7]" 6 38, 6 38 0, S_0x7f9fbfd2ada0;
 .timescale 0 0;
P_0x7f9fbfd41fb0 .param/l "i" 0 6 38, +C4<0111>;
v0x7f9fbfd42050_0 .net *"_s0", 0 0, L_0x7f9fbfd5e020;  1 drivers
S_0x7f9fbfd42100 .scope generate, "genblk6[8]" "genblk6[8]" 6 41, 6 41 0, S_0x7f9fbfd2ada0;
 .timescale 0 0;
P_0x7f9fbfd422c0 .param/l "i" 0 6 41, +C4<01000>;
L_0x7f9fbfd60590 .functor AND 1, L_0x7f9fbfd60350, L_0x7f9fbfd603f0, C4<1>, C4<1>;
v0x7f9fbfd42370_0 .net *"_s0", 0 0, L_0x7f9fbfd60350;  1 drivers
v0x7f9fbfd42430_0 .net *"_s1", 0 0, L_0x7f9fbfd603f0;  1 drivers
v0x7f9fbfd424d0_0 .net *"_s2", 0 0, L_0x7f9fbfd60590;  1 drivers
v0x7f9fbfd42580_0 .net *"_s4", 0 0, L_0x7f9fbfd60600;  1 drivers
v0x7f9fbfd42630_0 .net *"_s5", 0 0, L_0x7f9fbfd606a0;  1 drivers
L_0x7f9fbfd606a0 .arith/sum 1, L_0x7f9fbfd60590, L_0x7f9fbfd60600;
S_0x7f9fbfd42720 .scope generate, "genblk6[9]" "genblk6[9]" 6 41, 6 41 0, S_0x7f9fbfd2ada0;
 .timescale 0 0;
P_0x7f9fbfd428e0 .param/l "i" 0 6 41, +C4<01001>;
L_0x7f9fbfd5fb50 .functor AND 1, L_0x7f9fbfd5fa10, L_0x7f9fbfd5fab0, C4<1>, C4<1>;
v0x7f9fbfd42970_0 .net *"_s0", 0 0, L_0x7f9fbfd5fa10;  1 drivers
v0x7f9fbfd42a30_0 .net *"_s1", 0 0, L_0x7f9fbfd5fab0;  1 drivers
v0x7f9fbfd42ad0_0 .net *"_s2", 0 0, L_0x7f9fbfd5fb50;  1 drivers
v0x7f9fbfd42b80_0 .net *"_s4", 0 0, L_0x7f9fbfd5fc40;  1 drivers
v0x7f9fbfd42c30_0 .net *"_s5", 0 0, L_0x7f9fbfd5fce0;  1 drivers
L_0x7f9fbfd5fce0 .arith/sum 1, L_0x7f9fbfd5fb50, L_0x7f9fbfd5fc40;
S_0x7f9fbfd42d20 .scope generate, "genblk6[10]" "genblk6[10]" 6 41, 6 41 0, S_0x7f9fbfd2ada0;
 .timescale 0 0;
P_0x7f9fbfd42ee0 .param/l "i" 0 6 41, +C4<01010>;
L_0x7f9fbfd5f740 .functor AND 1, L_0x7f9fbfd5f600, L_0x7f9fbfd5f6a0, C4<1>, C4<1>;
v0x7f9fbfd42f70_0 .net *"_s0", 0 0, L_0x7f9fbfd5f600;  1 drivers
v0x7f9fbfd43030_0 .net *"_s1", 0 0, L_0x7f9fbfd5f6a0;  1 drivers
v0x7f9fbfd430d0_0 .net *"_s2", 0 0, L_0x7f9fbfd5f740;  1 drivers
v0x7f9fbfd43180_0 .net *"_s4", 0 0, L_0x7f9fbfd5f830;  1 drivers
v0x7f9fbfd43230_0 .net *"_s5", 0 0, L_0x7f9fbfd5f8d0;  1 drivers
L_0x7f9fbfd5f8d0 .arith/sum 1, L_0x7f9fbfd5f740, L_0x7f9fbfd5f830;
S_0x7f9fbfd43320 .scope generate, "genblk6[11]" "genblk6[11]" 6 41, 6 41 0, S_0x7f9fbfd2ada0;
 .timescale 0 0;
P_0x7f9fbfd434e0 .param/l "i" 0 6 41, +C4<01011>;
L_0x7f9fbfd5f330 .functor AND 1, L_0x7f9fbfd5f1f0, L_0x7f9fbfd5f290, C4<1>, C4<1>;
v0x7f9fbfd43570_0 .net *"_s0", 0 0, L_0x7f9fbfd5f1f0;  1 drivers
v0x7f9fbfd43630_0 .net *"_s1", 0 0, L_0x7f9fbfd5f290;  1 drivers
v0x7f9fbfd436d0_0 .net *"_s2", 0 0, L_0x7f9fbfd5f330;  1 drivers
v0x7f9fbfd43780_0 .net *"_s4", 0 0, L_0x7f9fbfd5f420;  1 drivers
v0x7f9fbfd43830_0 .net *"_s5", 0 0, L_0x7f9fbfd5f4c0;  1 drivers
L_0x7f9fbfd5f4c0 .arith/sum 1, L_0x7f9fbfd5f330, L_0x7f9fbfd5f420;
S_0x7f9fbfd43920 .scope generate, "genblk6[12]" "genblk6[12]" 6 41, 6 41 0, S_0x7f9fbfd2ada0;
 .timescale 0 0;
P_0x7f9fbfd43ae0 .param/l "i" 0 6 41, +C4<01100>;
L_0x7f9fbfd5efa0 .functor AND 1, L_0x7f9fbfd5ec80, L_0x7f9fbfd5df20, C4<1>, C4<1>;
v0x7f9fbfd43b70_0 .net *"_s0", 0 0, L_0x7f9fbfd5ec80;  1 drivers
v0x7f9fbfd43c30_0 .net *"_s1", 0 0, L_0x7f9fbfd5df20;  1 drivers
v0x7f9fbfd43cd0_0 .net *"_s2", 0 0, L_0x7f9fbfd5efa0;  1 drivers
v0x7f9fbfd43d80_0 .net *"_s4", 0 0, L_0x7f9fbfd5f010;  1 drivers
v0x7f9fbfd43e30_0 .net *"_s5", 0 0, L_0x7f9fbfd5f0b0;  1 drivers
L_0x7f9fbfd5f0b0 .arith/sum 1, L_0x7f9fbfd5efa0, L_0x7f9fbfd5f010;
S_0x7f9fbfd43f20 .scope generate, "genblk6[13]" "genblk6[13]" 6 41, 6 41 0, S_0x7f9fbfd2ada0;
 .timescale 0 0;
P_0x7f9fbfd440e0 .param/l "i" 0 6 41, +C4<01101>;
L_0x7f9fbfd5e9b0 .functor AND 1, L_0x7f9fbfd5e870, L_0x7f9fbfd5e910, C4<1>, C4<1>;
v0x7f9fbfd44170_0 .net *"_s0", 0 0, L_0x7f9fbfd5e870;  1 drivers
v0x7f9fbfd44230_0 .net *"_s1", 0 0, L_0x7f9fbfd5e910;  1 drivers
v0x7f9fbfd442d0_0 .net *"_s2", 0 0, L_0x7f9fbfd5e9b0;  1 drivers
v0x7f9fbfd44380_0 .net *"_s4", 0 0, L_0x7f9fbfd5eaa0;  1 drivers
v0x7f9fbfd44430_0 .net *"_s5", 0 0, L_0x7f9fbfd5eb40;  1 drivers
L_0x7f9fbfd5eb40 .arith/sum 1, L_0x7f9fbfd5e9b0, L_0x7f9fbfd5eaa0;
S_0x7f9fbfd44520 .scope generate, "genblk6[14]" "genblk6[14]" 6 41, 6 41 0, S_0x7f9fbfd2ada0;
 .timescale 0 0;
P_0x7f9fbfd446e0 .param/l "i" 0 6 41, +C4<01110>;
L_0x7f9fbfd5e5a0 .functor AND 1, L_0x7f9fbfd5e420, L_0x7f9fbfd5e4c0, C4<1>, C4<1>;
v0x7f9fbfd44770_0 .net *"_s0", 0 0, L_0x7f9fbfd5e420;  1 drivers
v0x7f9fbfd44830_0 .net *"_s1", 0 0, L_0x7f9fbfd5e4c0;  1 drivers
v0x7f9fbfd448d0_0 .net *"_s2", 0 0, L_0x7f9fbfd5e5a0;  1 drivers
v0x7f9fbfd44980_0 .net *"_s4", 0 0, L_0x7f9fbfd5e690;  1 drivers
v0x7f9fbfd44a30_0 .net *"_s5", 0 0, L_0x7f9fbfd5e730;  1 drivers
L_0x7f9fbfd5e730 .arith/sum 1, L_0x7f9fbfd5e5a0, L_0x7f9fbfd5e690;
S_0x7f9fbfd44b20 .scope generate, "genblk6[15]" "genblk6[15]" 6 41, 6 41 0, S_0x7f9fbfd2ada0;
 .timescale 0 0;
P_0x7f9fbfd44ce0 .param/l "i" 0 6 41, +C4<01111>;
L_0x7f9fbfd5dc20 .functor AND 1, L_0x7f9fbfd5e0c0, L_0x7f9fbfd5e160, C4<1>, C4<1>;
v0x7f9fbfd44d70_0 .net *"_s0", 0 0, L_0x7f9fbfd5e0c0;  1 drivers
v0x7f9fbfd44e30_0 .net *"_s1", 0 0, L_0x7f9fbfd5e160;  1 drivers
v0x7f9fbfd44ed0_0 .net *"_s2", 0 0, L_0x7f9fbfd5dc20;  1 drivers
v0x7f9fbfd44f80_0 .net *"_s4", 0 0, L_0x7f9fbfd5e240;  1 drivers
v0x7f9fbfd45030_0 .net *"_s5", 0 0, L_0x7f9fbfd5e2e0;  1 drivers
L_0x7f9fbfd5e2e0 .arith/sum 1, L_0x7f9fbfd5dc20, L_0x7f9fbfd5e240;
    .scope S_0x7f9fbfd13560;
T_0 ;
    %pushi/vec4 43981, 0, 16;
    %store/vec4 v0x7f9fbfd46810_0, 0, 16;
    %pushi/vec4 1, 0, 16;
    %store/vec4 v0x7f9fbfd468c0_0, 0, 16;
    %end;
    .thread T_0;
    .scope S_0x7f9fbfd13560;
T_1 ;
    %vpi_call 2 20 "$monitor", "Time = %2d, a = %b, b = %b, overflow = %h, Sum = %h", $time, v0x7f9fbfd46810_0, v0x7f9fbfd468c0_0, v0x7f9fbfd46960_0, v0x7f9fbfd46a10_0 {0 0 0};
    %vpi_call 2 21 "$dumpfile", "Adder.vcd" {0 0 0};
    %vpi_call 2 22 "$dumpvars", 32'sb00000000000000000000000000000000, S_0x7f9fbfd13560 {0 0 0};
    %end;
    .thread T_1;
# The file index is used to find the file name in the following table.
:file_names 7;
    "N/A";
    "<interactive>";
    "Adder_tb.v";
    "./Main.v";
    "./KGP_module.v";
    "./XOR.v";
    "./Parallel_prefix.v";
