#! /usr/bin/vvp
:ivl_version "10.1 (stable)";
:ivl_delay_selection "TYPICAL";
:vpi_time_precision + 0;
:vpi_module "system";
:vpi_module "vhdl_sys";
:vpi_module "v2005_math";
:vpi_module "va_math";
S_0x5638ebce7b80 .scope module, "top" "top" 2 2;
 .timescale 0 0;
v0x5638ebd081e0_0 .var "clk", 0 0;
v0x5638ebd082b0_0 .net "counter", 63 0, L_0x5638ebd08480;  1 drivers
v0x5638ebd08380_0 .var "reset", 0 0;
S_0x5638ebce7d00 .scope module, "dut" "count" 2 6, 3 1 0, S_0x5638ebce7b80;
 .timescale 0 0;
    .port_info 0 /INPUT 1 "clk"
    .port_info 1 /INPUT 1 "reset"
    .port_info 2 /OUTPUT 64 "counter"
L_0x5638ebd08480 .functor BUFZ 64, v0x5638ebd07fe0_0, C4<0000000000000000000000000000000000000000000000000000000000000000>, C4<0000000000000000000000000000000000000000000000000000000000000000>, C4<0000000000000000000000000000000000000000000000000000000000000000>;
v0x5638ebce7f20_0 .net "clk", 0 0, v0x5638ebd081e0_0;  1 drivers
v0x5638ebd07f00_0 .net "counter", 63 0, L_0x5638ebd08480;  alias, 1 drivers
v0x5638ebd07fe0_0 .var "counter_up", 63 0;
v0x5638ebd080a0_0 .net "reset", 0 0, v0x5638ebd08380_0;  1 drivers
E_0x5638ebcadb70 .event posedge, v0x5638ebd080a0_0, v0x5638ebce7f20_0;
    .scope S_0x5638ebce7d00;
T_0 ;
    %wait E_0x5638ebcadb70;
    %load/vec4 v0x5638ebd080a0_0;
    %flag_set/vec4 8;
    %jmp/0xz  T_0.0, 8;
    %pushi/vec4 0, 0, 64;
    %assign/vec4 v0x5638ebd07fe0_0, 0;
    %jmp T_0.1;
T_0.0 ;
    %load/vec4 v0x5638ebd07fe0_0;
    %addi 1, 0, 64;
    %assign/vec4 v0x5638ebd07fe0_0, 0;
T_0.1 ;
    %jmp T_0;
    .thread T_0;
    .scope S_0x5638ebce7b80;
T_1 ;
    %pushi/vec4 0, 0, 1;
    %store/vec4 v0x5638ebd081e0_0, 0, 1;
    %pushi/vec4 1, 0, 1;
    %store/vec4 v0x5638ebd08380_0, 0, 1;
T_1.0 ;
    %delay 5, 0;
    %load/vec4 v0x5638ebd081e0_0;
    %inv;
    %store/vec4 v0x5638ebd081e0_0, 0, 1;
    %jmp T_1.0;
    %end;
    .thread T_1;
    .scope S_0x5638ebce7b80;
T_2 ;
    %delay 1, 0;
    %pushi/vec4 0, 0, 1;
    %store/vec4 v0x5638ebd08380_0, 0, 1;
    %vpi_call 2 17 "$monitor", "%d", v0x5638ebd082b0_0 {0 0 0};
    %delay 1000, 0;
    %vpi_call 2 18 "$finish" {0 0 0};
    %end;
    .thread T_2;
# The file index is used to find the file name in the following table.
:file_names 4;
    "N/A";
    "<interactive>";
    "counter_tb.v";
    "./counter.v";
