#! /usr/bin/vvp
:ivl_version "10.1 (stable)";
:ivl_delay_selection "TYPICAL";
:vpi_time_precision + 0;
:vpi_module "system";
:vpi_module "vhdl_sys";
:vpi_module "v2005_math";
:vpi_module "va_math";
S_0x55dcd0c0e5a0 .scope module, "top" "top" 2 2;
 .timescale 0 0;
v0x55dcd0c4f940_0 .var "a", 3 0;
v0x55dcd0c4fa00_0 .var "b", 3 0;
v0x55dcd0c4fad0_0 .net "p", 7 0, L_0x55dcd0c5cfe0;  1 drivers
S_0x55dcd0c0ba30 .scope module, "AM1" "arrmul" 2 6, 3 2 0, S_0x55dcd0c0e5a0;
 .timescale 0 0;
    .port_info 0 /INPUT 4 "a"
    .port_info 1 /INPUT 4 "b"
    .port_info 2 /OUTPUT 8 "out"
v0x55dcd0c4edc0_0 .net *"_s192", 0 0, L_0x55dcd0c5c560;  1 drivers
v0x55dcd0c4eec0_0 .net *"_s196", 0 0, L_0x55dcd0c5c600;  1 drivers
v0x55dcd0c4efa0_0 .net *"_s200", 0 0, L_0x55dcd0c5c8d0;  1 drivers
v0x55dcd0c4f090_0 .net *"_s204", 0 0, L_0x55dcd0c5c970;  1 drivers
v0x55dcd0c4f170_0 .net *"_s208", 0 0, L_0x55dcd0c5cc50;  1 drivers
v0x55dcd0c4f2a0_0 .net *"_s212", 0 0, L_0x55dcd0c5ccf0;  1 drivers
v0x55dcd0c4f380_0 .net *"_s217", 0 0, L_0x55dcd0c5d350;  1 drivers
v0x55dcd0c4f460_0 .net *"_s67", 0 0, L_0x55dcd0c530a0;  1 drivers
v0x55dcd0c4f540_0 .net "a", 3 0, v0x55dcd0c4f940_0;  1 drivers
v0x55dcd0c4f620_0 .net "b", 3 0, v0x55dcd0c4fa00_0;  1 drivers
v0x55dcd0c4f700_0 .net "out", 7 0, L_0x55dcd0c5cfe0;  alias, 1 drivers
v0x55dcd0c4f7e0_0 .net "w", 39 0, L_0x55dcd0c5b710;  1 drivers
L_0x55dcd0c4fbd0 .part v0x55dcd0c4f940_0, 0, 1;
L_0x55dcd0c4fca0 .part v0x55dcd0c4fa00_0, 0, 1;
L_0x55dcd0c4fea0 .part v0x55dcd0c4f940_0, 1, 1;
L_0x55dcd0c4ff40 .part v0x55dcd0c4fa00_0, 0, 1;
L_0x55dcd0c50150 .part v0x55dcd0c4f940_0, 2, 1;
L_0x55dcd0c50280 .part v0x55dcd0c4fa00_0, 0, 1;
L_0x55dcd0c50460 .part v0x55dcd0c4f940_0, 3, 1;
L_0x55dcd0c50500 .part v0x55dcd0c4fa00_0, 0, 1;
L_0x55dcd0c50730 .part v0x55dcd0c4f940_0, 0, 1;
L_0x55dcd0c507d0 .part v0x55dcd0c4fa00_0, 1, 1;
L_0x55dcd0c509c0 .part v0x55dcd0c4f940_0, 1, 1;
L_0x55dcd0c50a60 .part v0x55dcd0c4fa00_0, 1, 1;
L_0x55dcd0c50cb0 .part v0x55dcd0c4f940_0, 2, 1;
L_0x55dcd0c50e60 .part v0x55dcd0c4fa00_0, 1, 1;
L_0x55dcd0c51160 .part v0x55dcd0c4f940_0, 3, 1;
L_0x55dcd0c51200 .part v0x55dcd0c4fa00_0, 1, 1;
L_0x55dcd0c51470 .part v0x55dcd0c4f940_0, 0, 1;
L_0x55dcd0c51510 .part v0x55dcd0c4fa00_0, 2, 1;
L_0x55dcd0c51790 .part v0x55dcd0c4f940_0, 1, 1;
L_0x55dcd0c51830 .part v0x55dcd0c4fa00_0, 2, 1;
L_0x55dcd0c515b0 .part v0x55dcd0c4f940_0, 2, 1;
L_0x55dcd0c51ac0 .part v0x55dcd0c4fa00_0, 2, 1;
L_0x55dcd0c51d60 .part v0x55dcd0c4f940_0, 3, 1;
L_0x55dcd0c51e00 .part v0x55dcd0c4fa00_0, 2, 1;
L_0x55dcd0c520b0 .part v0x55dcd0c4f940_0, 0, 1;
L_0x55dcd0c52150 .part v0x55dcd0c4fa00_0, 3, 1;
L_0x55dcd0c52410 .part v0x55dcd0c4f940_0, 1, 1;
L_0x55dcd0c524b0 .part v0x55dcd0c4fa00_0, 3, 1;
L_0x55dcd0c52780 .part v0x55dcd0c4f940_0, 2, 1;
L_0x55dcd0c52820 .part v0x55dcd0c4fa00_0, 3, 1;
L_0x55dcd0c52d10 .part v0x55dcd0c4f940_0, 3, 1;
L_0x55dcd0c52db0 .part v0x55dcd0c4fa00_0, 3, 1;
L_0x55dcd0c530a0 .part L_0x55dcd0c5b710, 0, 1;
L_0x55dcd0c53830 .part L_0x55dcd0c5b710, 1, 1;
L_0x55dcd0c539f0 .part L_0x55dcd0c5b710, 4, 1;
L_0x55dcd0c54080 .part L_0x55dcd0c5b710, 2, 1;
L_0x55dcd0c538d0 .part L_0x55dcd0c5b710, 5, 1;
L_0x55dcd0c54910 .part L_0x55dcd0c5b710, 3, 1;
L_0x55dcd0c54b80 .part L_0x55dcd0c5b710, 6, 1;
L_0x55dcd0c55220 .part L_0x55dcd0c5b710, 8, 1;
L_0x55dcd0c554a0 .part L_0x55dcd0c5b710, 17, 1;
L_0x55dcd0c55540 .part L_0x55dcd0c5b710, 18, 1;
L_0x55dcd0c55d10 .part L_0x55dcd0c5b710, 9, 1;
L_0x55dcd0c55e40 .part L_0x55dcd0c5b710, 19, 1;
L_0x55dcd0c560e0 .part L_0x55dcd0c5b710, 20, 1;
L_0x55dcd0c56750 .part L_0x55dcd0c5b710, 10, 1;
L_0x55dcd0c56a00 .part L_0x55dcd0c5b710, 7, 1;
L_0x55dcd0c56b30 .part L_0x55dcd0c5b710, 21, 1;
L_0x55dcd0c57540 .part L_0x55dcd0c5b710, 12, 1;
L_0x55dcd0c57670 .part L_0x55dcd0c5b710, 23, 1;
L_0x55dcd0c57940 .part L_0x55dcd0c5b710, 24, 1;
L_0x55dcd0c57fb0 .part L_0x55dcd0c5b710, 13, 1;
L_0x55dcd0c58290 .part L_0x55dcd0c5b710, 25, 1;
L_0x55dcd0c583c0 .part L_0x55dcd0c5b710, 26, 1;
L_0x55dcd0c58bf0 .part L_0x55dcd0c5b710, 14, 1;
L_0x55dcd0c58d20 .part L_0x55dcd0c5b710, 11, 1;
L_0x55dcd0c59020 .part L_0x55dcd0c5b710, 27, 1;
L_0x55dcd0c59720 .part L_0x55dcd0c5b710, 29, 1;
L_0x55dcd0c59a30 .part L_0x55dcd0c5b710, 30, 1;
L_0x55dcd0c5a0a0 .part L_0x55dcd0c5b710, 31, 1;
L_0x55dcd0c5a3c0 .part L_0x55dcd0c5b710, 32, 1;
L_0x55dcd0c5a4f0 .part L_0x55dcd0c5b710, 35, 1;
L_0x55dcd0c5ad60 .part L_0x55dcd0c5b710, 15, 1;
L_0x55dcd0c5ae90 .part L_0x55dcd0c5b710, 33, 1;
L_0x55dcd0c5b5e0 .part L_0x55dcd0c5b710, 37, 1;
LS_0x55dcd0c5b710_0_0 .concat8 [ 1 1 1 1], L_0x55dcd0c4fd90, L_0x55dcd0c50010, L_0x55dcd0c503f0, L_0x55dcd0c505f0;
LS_0x55dcd0c5b710_0_4 .concat8 [ 1 1 1 1], L_0x55dcd0c508d0, L_0x55dcd0c50b70, L_0x55dcd0c50b00, L_0x55dcd0c51330;
LS_0x55dcd0c5b710_0_8 .concat8 [ 1 1 1 1], L_0x55dcd0c51650, L_0x55dcd0c51980, L_0x55dcd0c51c20, L_0x55dcd0c51f70;
LS_0x55dcd0c5b710_0_12 .concat8 [ 1 1 1 1], L_0x55dcd0c522d0, L_0x55dcd0c52640, L_0x55dcd0c52bd0, L_0x55dcd0c52f60;
LS_0x55dcd0c5b710_0_16 .concat8 [ 1 1 1 1], L_0x55dcd0c53240, L_0x55dcd0c53720, L_0x55dcd0c53b00, L_0x55dcd0c53ee0;
LS_0x55dcd0c5b710_0_20 .concat8 [ 1 1 1 1], L_0x55dcd0c54400, L_0x55dcd0c54770, L_0x55dcd0c54d20, L_0x55dcd0c55110;
LS_0x55dcd0c5b710_0_24 .concat8 [ 1 1 1 1], L_0x55dcd0c55840, L_0x55dcd0c55c00, L_0x55dcd0c56280, L_0x55dcd0c56640;
LS_0x55dcd0c5b710_0_28 .concat8 [ 1 1 1 1], L_0x55dcd0c57070, L_0x55dcd0c57430, L_0x55dcd0c57ae0, L_0x55dcd0c57ea0;
LS_0x55dcd0c5b710_0_32 .concat8 [ 1 1 1 1], L_0x55dcd0c58720, L_0x55dcd0c58ae0, L_0x55dcd0c591c0, L_0x55dcd0c59580;
LS_0x55dcd0c5b710_0_36 .concat8 [ 1 1 1 1], L_0x55dcd0c59bd0, L_0x55dcd0c59f90, L_0x55dcd0c5a890, L_0x55dcd0c5ac50;
LS_0x55dcd0c5b710_1_0 .concat8 [ 4 4 4 4], LS_0x55dcd0c5b710_0_0, LS_0x55dcd0c5b710_0_4, LS_0x55dcd0c5b710_0_8, LS_0x55dcd0c5b710_0_12;
LS_0x55dcd0c5b710_1_4 .concat8 [ 4 4 4 4], LS_0x55dcd0c5b710_0_16, LS_0x55dcd0c5b710_0_20, LS_0x55dcd0c5b710_0_24, LS_0x55dcd0c5b710_0_28;
LS_0x55dcd0c5b710_1_8 .concat8 [ 4 4 0 0], LS_0x55dcd0c5b710_0_32, LS_0x55dcd0c5b710_0_36;
L_0x55dcd0c5b710 .concat8 [ 16 16 8 0], LS_0x55dcd0c5b710_1_0, LS_0x55dcd0c5b710_1_4, LS_0x55dcd0c5b710_1_8;
L_0x55dcd0c5c560 .part L_0x55dcd0c5b710, 16, 1;
L_0x55dcd0c5c600 .part L_0x55dcd0c5b710, 22, 1;
L_0x55dcd0c5c8d0 .part L_0x55dcd0c5b710, 28, 1;
L_0x55dcd0c5c970 .part L_0x55dcd0c5b710, 34, 1;
L_0x55dcd0c5cc50 .part L_0x55dcd0c5b710, 36, 1;
L_0x55dcd0c5ccf0 .part L_0x55dcd0c5b710, 38, 1;
LS_0x55dcd0c5cfe0_0_0 .concat8 [ 1 1 1 1], L_0x55dcd0c530a0, L_0x55dcd0c5c560, L_0x55dcd0c5c600, L_0x55dcd0c5c8d0;
LS_0x55dcd0c5cfe0_0_4 .concat8 [ 1 1 1 1], L_0x55dcd0c5c970, L_0x55dcd0c5cc50, L_0x55dcd0c5ccf0, L_0x55dcd0c5d350;
L_0x55dcd0c5cfe0 .concat8 [ 4 4 0 0], LS_0x55dcd0c5cfe0_0_0, LS_0x55dcd0c5cfe0_0_4;
L_0x55dcd0c5d350 .part L_0x55dcd0c5b710, 39, 1;
S_0x55dcd0c0b4d0 .scope module, "a17" "fulladder" 3 29, 4 1 0, S_0x55dcd0c0ba30;
 .timescale 0 0;
    .port_info 0 /INPUT 1 "a"
    .port_info 1 /INPUT 1 "b"
    .port_info 2 /INPUT 1 "c"
    .port_info 3 /OUTPUT 1 "s"
    .port_info 4 /OUTPUT 1 "ca"
L_0x7f0e51aaf018 .functor BUFT 1, C4<0>, C4<0>, C4<0>, C4<0>;
L_0x55dcd0c53140 .functor XOR 1, L_0x7f0e51aaf018, L_0x55dcd0c53830, C4<0>, C4<0>;
L_0x55dcd0c53240 .functor XOR 1, L_0x55dcd0c53140, L_0x55dcd0c539f0, C4<0>, C4<0>;
L_0x55dcd0c53330 .functor AND 1, L_0x7f0e51aaf018, L_0x55dcd0c53830, C4<1>, C4<1>;
L_0x55dcd0c53470 .functor AND 1, L_0x55dcd0c53830, L_0x55dcd0c539f0, C4<1>, C4<1>;
L_0x55dcd0c53560 .functor OR 1, L_0x55dcd0c53330, L_0x55dcd0c53470, C4<0>, C4<0>;
L_0x55dcd0c53670 .functor AND 1, L_0x55dcd0c539f0, L_0x7f0e51aaf018, C4<1>, C4<1>;
L_0x55dcd0c53720 .functor OR 1, L_0x55dcd0c53560, L_0x55dcd0c53670, C4<0>, C4<0>;
v0x55dcd0bfa360_0 .net *"_s0", 0 0, L_0x55dcd0c53140;  1 drivers
v0x55dcd0c03540_0 .net *"_s10", 0 0, L_0x55dcd0c53670;  1 drivers
v0x55dcd0bf77a0_0 .net *"_s4", 0 0, L_0x55dcd0c53330;  1 drivers
v0x55dcd0bf6900_0 .net *"_s6", 0 0, L_0x55dcd0c53470;  1 drivers
v0x55dcd0bf5a60_0 .net *"_s8", 0 0, L_0x55dcd0c53560;  1 drivers
v0x55dcd0bf4a70_0 .net "a", 0 0, L_0x7f0e51aaf018;  1 drivers
v0x55dcd0c41240_0 .net "b", 0 0, L_0x55dcd0c53830;  1 drivers
v0x55dcd0c41300_0 .net "c", 0 0, L_0x55dcd0c539f0;  1 drivers
v0x55dcd0c413c0_0 .net "ca", 0 0, L_0x55dcd0c53720;  1 drivers
v0x55dcd0c41480_0 .net "s", 0 0, L_0x55dcd0c53240;  1 drivers
S_0x55dcd0c415e0 .scope module, "a18" "fulladder" 3 30, 4 1 0, S_0x55dcd0c0ba30;
 .timescale 0 0;
    .port_info 0 /INPUT 1 "a"
    .port_info 1 /INPUT 1 "b"
    .port_info 2 /INPUT 1 "c"
    .port_info 3 /OUTPUT 1 "s"
    .port_info 4 /OUTPUT 1 "ca"
L_0x7f0e51aaf060 .functor BUFT 1, C4<0>, C4<0>, C4<0>, C4<0>;
L_0x55dcd0c53a90 .functor XOR 1, L_0x7f0e51aaf060, L_0x55dcd0c54080, C4<0>, C4<0>;
L_0x55dcd0c53b00 .functor XOR 1, L_0x55dcd0c53a90, L_0x55dcd0c538d0, C4<0>, C4<0>;
L_0x55dcd0c53b70 .functor AND 1, L_0x7f0e51aaf060, L_0x55dcd0c54080, C4<1>, C4<1>;
L_0x55dcd0c53c30 .functor AND 1, L_0x55dcd0c54080, L_0x55dcd0c538d0, C4<1>, C4<1>;
L_0x55dcd0c53d20 .functor OR 1, L_0x55dcd0c53b70, L_0x55dcd0c53c30, C4<0>, C4<0>;
L_0x55dcd0c53e30 .functor AND 1, L_0x55dcd0c538d0, L_0x7f0e51aaf060, C4<1>, C4<1>;
L_0x55dcd0c53ee0 .functor OR 1, L_0x55dcd0c53d20, L_0x55dcd0c53e30, C4<0>, C4<0>;
v0x55dcd0c41780_0 .net *"_s0", 0 0, L_0x55dcd0c53a90;  1 drivers
v0x55dcd0c41860_0 .net *"_s10", 0 0, L_0x55dcd0c53e30;  1 drivers
v0x55dcd0c41940_0 .net *"_s4", 0 0, L_0x55dcd0c53b70;  1 drivers
v0x55dcd0c41a00_0 .net *"_s6", 0 0, L_0x55dcd0c53c30;  1 drivers
v0x55dcd0c41ae0_0 .net *"_s8", 0 0, L_0x55dcd0c53d20;  1 drivers
v0x55dcd0c41c10_0 .net "a", 0 0, L_0x7f0e51aaf060;  1 drivers
v0x55dcd0c41cd0_0 .net "b", 0 0, L_0x55dcd0c54080;  1 drivers
v0x55dcd0c41d90_0 .net "c", 0 0, L_0x55dcd0c538d0;  1 drivers
v0x55dcd0c41e50_0 .net "ca", 0 0, L_0x55dcd0c53ee0;  1 drivers
v0x55dcd0c41fa0_0 .net "s", 0 0, L_0x55dcd0c53b00;  1 drivers
S_0x55dcd0c42100 .scope module, "a19" "fulladder" 3 31, 4 1 0, S_0x55dcd0c0ba30;
 .timescale 0 0;
    .port_info 0 /INPUT 1 "a"
    .port_info 1 /INPUT 1 "b"
    .port_info 2 /INPUT 1 "c"
    .port_info 3 /OUTPUT 1 "s"
    .port_info 4 /OUTPUT 1 "ca"
L_0x7f0e51aaf0a8 .functor BUFT 1, C4<0>, C4<0>, C4<0>, C4<0>;
L_0x55dcd0c53970 .functor XOR 1, L_0x7f0e51aaf0a8, L_0x55dcd0c54910, C4<0>, C4<0>;
L_0x55dcd0c54400 .functor XOR 1, L_0x55dcd0c53970, L_0x55dcd0c54b80, C4<0>, C4<0>;
L_0x55dcd0c54470 .functor AND 1, L_0x7f0e51aaf0a8, L_0x55dcd0c54910, C4<1>, C4<1>;
L_0x55dcd0c54510 .functor AND 1, L_0x55dcd0c54910, L_0x55dcd0c54b80, C4<1>, C4<1>;
L_0x55dcd0c545b0 .functor OR 1, L_0x55dcd0c54470, L_0x55dcd0c54510, C4<0>, C4<0>;
L_0x55dcd0c546c0 .functor AND 1, L_0x55dcd0c54b80, L_0x7f0e51aaf0a8, C4<1>, C4<1>;
L_0x55dcd0c54770 .functor OR 1, L_0x55dcd0c545b0, L_0x55dcd0c546c0, C4<0>, C4<0>;
v0x55dcd0c42280_0 .net *"_s0", 0 0, L_0x55dcd0c53970;  1 drivers
v0x55dcd0c42360_0 .net *"_s10", 0 0, L_0x55dcd0c546c0;  1 drivers
v0x55dcd0c42440_0 .net *"_s4", 0 0, L_0x55dcd0c54470;  1 drivers
v0x55dcd0c42500_0 .net *"_s6", 0 0, L_0x55dcd0c54510;  1 drivers
v0x55dcd0c425e0_0 .net *"_s8", 0 0, L_0x55dcd0c545b0;  1 drivers
v0x55dcd0c42710_0 .net "a", 0 0, L_0x7f0e51aaf0a8;  1 drivers
v0x55dcd0c427d0_0 .net "b", 0 0, L_0x55dcd0c54910;  1 drivers
v0x55dcd0c42890_0 .net "c", 0 0, L_0x55dcd0c54b80;  1 drivers
v0x55dcd0c42950_0 .net "ca", 0 0, L_0x55dcd0c54770;  1 drivers
v0x55dcd0c42aa0_0 .net "s", 0 0, L_0x55dcd0c54400;  1 drivers
S_0x55dcd0c42c00 .scope module, "a20" "fulladder" 3 33, 4 1 0, S_0x55dcd0c0ba30;
 .timescale 0 0;
    .port_info 0 /INPUT 1 "a"
    .port_info 1 /INPUT 1 "b"
    .port_info 2 /INPUT 1 "c"
    .port_info 3 /OUTPUT 1 "s"
    .port_info 4 /OUTPUT 1 "ca"
L_0x55dcd0c54cb0 .functor XOR 1, L_0x55dcd0c55220, L_0x55dcd0c554a0, C4<0>, C4<0>;
L_0x55dcd0c54d20 .functor XOR 1, L_0x55dcd0c54cb0, L_0x55dcd0c55540, C4<0>, C4<0>;
L_0x55dcd0c54dc0 .functor AND 1, L_0x55dcd0c55220, L_0x55dcd0c554a0, C4<1>, C4<1>;
L_0x55dcd0c54e60 .functor AND 1, L_0x55dcd0c554a0, L_0x55dcd0c55540, C4<1>, C4<1>;
L_0x55dcd0c54f50 .functor OR 1, L_0x55dcd0c54dc0, L_0x55dcd0c54e60, C4<0>, C4<0>;
L_0x55dcd0c55060 .functor AND 1, L_0x55dcd0c55540, L_0x55dcd0c55220, C4<1>, C4<1>;
L_0x55dcd0c55110 .functor OR 1, L_0x55dcd0c54f50, L_0x55dcd0c55060, C4<0>, C4<0>;
v0x55dcd0c42d80_0 .net *"_s0", 0 0, L_0x55dcd0c54cb0;  1 drivers
v0x55dcd0c42e80_0 .net *"_s10", 0 0, L_0x55dcd0c55060;  1 drivers
v0x55dcd0c42f60_0 .net *"_s4", 0 0, L_0x55dcd0c54dc0;  1 drivers
v0x55dcd0c43050_0 .net *"_s6", 0 0, L_0x55dcd0c54e60;  1 drivers
v0x55dcd0c43130_0 .net *"_s8", 0 0, L_0x55dcd0c54f50;  1 drivers
v0x55dcd0c43260_0 .net "a", 0 0, L_0x55dcd0c55220;  1 drivers
v0x55dcd0c43320_0 .net "b", 0 0, L_0x55dcd0c554a0;  1 drivers
v0x55dcd0c433e0_0 .net "c", 0 0, L_0x55dcd0c55540;  1 drivers
v0x55dcd0c434a0_0 .net "ca", 0 0, L_0x55dcd0c55110;  1 drivers
v0x55dcd0c435f0_0 .net "s", 0 0, L_0x55dcd0c54d20;  1 drivers
S_0x55dcd0c43750 .scope module, "a21" "fulladder" 3 34, 4 1 0, S_0x55dcd0c0ba30;
 .timescale 0 0;
    .port_info 0 /INPUT 1 "a"
    .port_info 1 /INPUT 1 "b"
    .port_info 2 /INPUT 1 "c"
    .port_info 3 /OUTPUT 1 "s"
    .port_info 4 /OUTPUT 1 "ca"
L_0x55dcd0c557d0 .functor XOR 1, L_0x55dcd0c55d10, L_0x55dcd0c55e40, C4<0>, C4<0>;
L_0x55dcd0c55840 .functor XOR 1, L_0x55dcd0c557d0, L_0x55dcd0c560e0, C4<0>, C4<0>;
L_0x55dcd0c558b0 .functor AND 1, L_0x55dcd0c55d10, L_0x55dcd0c55e40, C4<1>, C4<1>;
L_0x55dcd0c55950 .functor AND 1, L_0x55dcd0c55e40, L_0x55dcd0c560e0, C4<1>, C4<1>;
L_0x55dcd0c55a40 .functor OR 1, L_0x55dcd0c558b0, L_0x55dcd0c55950, C4<0>, C4<0>;
L_0x55dcd0c55b50 .functor AND 1, L_0x55dcd0c560e0, L_0x55dcd0c55d10, C4<1>, C4<1>;
L_0x55dcd0c55c00 .functor OR 1, L_0x55dcd0c55a40, L_0x55dcd0c55b50, C4<0>, C4<0>;
v0x55dcd0c43920_0 .net *"_s0", 0 0, L_0x55dcd0c557d0;  1 drivers
v0x55dcd0c43a20_0 .net *"_s10", 0 0, L_0x55dcd0c55b50;  1 drivers
v0x55dcd0c43b00_0 .net *"_s4", 0 0, L_0x55dcd0c558b0;  1 drivers
v0x55dcd0c43bc0_0 .net *"_s6", 0 0, L_0x55dcd0c55950;  1 drivers
v0x55dcd0c43ca0_0 .net *"_s8", 0 0, L_0x55dcd0c55a40;  1 drivers
v0x55dcd0c43dd0_0 .net "a", 0 0, L_0x55dcd0c55d10;  1 drivers
v0x55dcd0c43e90_0 .net "b", 0 0, L_0x55dcd0c55e40;  1 drivers
v0x55dcd0c43f50_0 .net "c", 0 0, L_0x55dcd0c560e0;  1 drivers
v0x55dcd0c44010_0 .net "ca", 0 0, L_0x55dcd0c55c00;  1 drivers
v0x55dcd0c44160_0 .net "s", 0 0, L_0x55dcd0c55840;  1 drivers
S_0x55dcd0c442c0 .scope module, "a22" "fulladder" 3 35, 4 1 0, S_0x55dcd0c0ba30;
 .timescale 0 0;
    .port_info 0 /INPUT 1 "a"
    .port_info 1 /INPUT 1 "b"
    .port_info 2 /INPUT 1 "c"
    .port_info 3 /OUTPUT 1 "s"
    .port_info 4 /OUTPUT 1 "ca"
L_0x55dcd0c56210 .functor XOR 1, L_0x55dcd0c56750, L_0x55dcd0c56a00, C4<0>, C4<0>;
L_0x55dcd0c56280 .functor XOR 1, L_0x55dcd0c56210, L_0x55dcd0c56b30, C4<0>, C4<0>;
L_0x55dcd0c562f0 .functor AND 1, L_0x55dcd0c56750, L_0x55dcd0c56a00, C4<1>, C4<1>;
L_0x55dcd0c56390 .functor AND 1, L_0x55dcd0c56a00, L_0x55dcd0c56b30, C4<1>, C4<1>;
L_0x55dcd0c56480 .functor OR 1, L_0x55dcd0c562f0, L_0x55dcd0c56390, C4<0>, C4<0>;
L_0x55dcd0c56590 .functor AND 1, L_0x55dcd0c56b30, L_0x55dcd0c56750, C4<1>, C4<1>;
L_0x55dcd0c56640 .functor OR 1, L_0x55dcd0c56480, L_0x55dcd0c56590, C4<0>, C4<0>;
v0x55dcd0c44440_0 .net *"_s0", 0 0, L_0x55dcd0c56210;  1 drivers
v0x55dcd0c44540_0 .net *"_s10", 0 0, L_0x55dcd0c56590;  1 drivers
v0x55dcd0c44620_0 .net *"_s4", 0 0, L_0x55dcd0c562f0;  1 drivers
v0x55dcd0c44710_0 .net *"_s6", 0 0, L_0x55dcd0c56390;  1 drivers
v0x55dcd0c447f0_0 .net *"_s8", 0 0, L_0x55dcd0c56480;  1 drivers
v0x55dcd0c44920_0 .net "a", 0 0, L_0x55dcd0c56750;  1 drivers
v0x55dcd0c449e0_0 .net "b", 0 0, L_0x55dcd0c56a00;  1 drivers
v0x55dcd0c44aa0_0 .net "c", 0 0, L_0x55dcd0c56b30;  1 drivers
v0x55dcd0c44b60_0 .net "ca", 0 0, L_0x55dcd0c56640;  1 drivers
v0x55dcd0c44cb0_0 .net "s", 0 0, L_0x55dcd0c56280;  1 drivers
S_0x55dcd0c44e10 .scope module, "a23" "fulladder" 3 37, 4 1 0, S_0x55dcd0c0ba30;
 .timescale 0 0;
    .port_info 0 /INPUT 1 "a"
    .port_info 1 /INPUT 1 "b"
    .port_info 2 /INPUT 1 "c"
    .port_info 3 /OUTPUT 1 "s"
    .port_info 4 /OUTPUT 1 "ca"
L_0x55dcd0c57000 .functor XOR 1, L_0x55dcd0c57540, L_0x55dcd0c57670, C4<0>, C4<0>;
L_0x55dcd0c57070 .functor XOR 1, L_0x55dcd0c57000, L_0x55dcd0c57940, C4<0>, C4<0>;
L_0x55dcd0c570e0 .functor AND 1, L_0x55dcd0c57540, L_0x55dcd0c57670, C4<1>, C4<1>;
L_0x55dcd0c57180 .functor AND 1, L_0x55dcd0c57670, L_0x55dcd0c57940, C4<1>, C4<1>;
L_0x55dcd0c57270 .functor OR 1, L_0x55dcd0c570e0, L_0x55dcd0c57180, C4<0>, C4<0>;
L_0x55dcd0c57380 .functor AND 1, L_0x55dcd0c57940, L_0x55dcd0c57540, C4<1>, C4<1>;
L_0x55dcd0c57430 .functor OR 1, L_0x55dcd0c57270, L_0x55dcd0c57380, C4<0>, C4<0>;
v0x55dcd0c45010_0 .net *"_s0", 0 0, L_0x55dcd0c57000;  1 drivers
v0x55dcd0c45110_0 .net *"_s10", 0 0, L_0x55dcd0c57380;  1 drivers
v0x55dcd0c451f0_0 .net *"_s4", 0 0, L_0x55dcd0c570e0;  1 drivers
v0x55dcd0c452e0_0 .net *"_s6", 0 0, L_0x55dcd0c57180;  1 drivers
v0x55dcd0c453c0_0 .net *"_s8", 0 0, L_0x55dcd0c57270;  1 drivers
v0x55dcd0c454f0_0 .net "a", 0 0, L_0x55dcd0c57540;  1 drivers
v0x55dcd0c455b0_0 .net "b", 0 0, L_0x55dcd0c57670;  1 drivers
v0x55dcd0c45670_0 .net "c", 0 0, L_0x55dcd0c57940;  1 drivers
v0x55dcd0c45730_0 .net "ca", 0 0, L_0x55dcd0c57430;  1 drivers
v0x55dcd0c45880_0 .net "s", 0 0, L_0x55dcd0c57070;  1 drivers
S_0x55dcd0c459e0 .scope module, "a24" "fulladder" 3 38, 4 1 0, S_0x55dcd0c0ba30;
 .timescale 0 0;
    .port_info 0 /INPUT 1 "a"
    .port_info 1 /INPUT 1 "b"
    .port_info 2 /INPUT 1 "c"
    .port_info 3 /OUTPUT 1 "s"
    .port_info 4 /OUTPUT 1 "ca"
L_0x55dcd0c57a70 .functor XOR 1, L_0x55dcd0c57fb0, L_0x55dcd0c58290, C4<0>, C4<0>;
L_0x55dcd0c57ae0 .functor XOR 1, L_0x55dcd0c57a70, L_0x55dcd0c583c0, C4<0>, C4<0>;
L_0x55dcd0c57b50 .functor AND 1, L_0x55dcd0c57fb0, L_0x55dcd0c58290, C4<1>, C4<1>;
L_0x55dcd0c57bf0 .functor AND 1, L_0x55dcd0c58290, L_0x55dcd0c583c0, C4<1>, C4<1>;
L_0x55dcd0c57ce0 .functor OR 1, L_0x55dcd0c57b50, L_0x55dcd0c57bf0, C4<0>, C4<0>;
L_0x55dcd0c57df0 .functor AND 1, L_0x55dcd0c583c0, L_0x55dcd0c57fb0, C4<1>, C4<1>;
L_0x55dcd0c57ea0 .functor OR 1, L_0x55dcd0c57ce0, L_0x55dcd0c57df0, C4<0>, C4<0>;
v0x55dcd0c45be0_0 .net *"_s0", 0 0, L_0x55dcd0c57a70;  1 drivers
v0x55dcd0c45ce0_0 .net *"_s10", 0 0, L_0x55dcd0c57df0;  1 drivers
v0x55dcd0c45dc0_0 .net *"_s4", 0 0, L_0x55dcd0c57b50;  1 drivers
v0x55dcd0c45eb0_0 .net *"_s6", 0 0, L_0x55dcd0c57bf0;  1 drivers
v0x55dcd0c45f90_0 .net *"_s8", 0 0, L_0x55dcd0c57ce0;  1 drivers
v0x55dcd0c460c0_0 .net "a", 0 0, L_0x55dcd0c57fb0;  1 drivers
v0x55dcd0c46180_0 .net "b", 0 0, L_0x55dcd0c58290;  1 drivers
v0x55dcd0c46240_0 .net "c", 0 0, L_0x55dcd0c583c0;  1 drivers
v0x55dcd0c46300_0 .net "ca", 0 0, L_0x55dcd0c57ea0;  1 drivers
v0x55dcd0c46450_0 .net "s", 0 0, L_0x55dcd0c57ae0;  1 drivers
S_0x55dcd0c465b0 .scope module, "a25" "fulladder" 3 39, 4 1 0, S_0x55dcd0c0ba30;
 .timescale 0 0;
    .port_info 0 /INPUT 1 "a"
    .port_info 1 /INPUT 1 "b"
    .port_info 2 /INPUT 1 "c"
    .port_info 3 /OUTPUT 1 "s"
    .port_info 4 /OUTPUT 1 "ca"
L_0x55dcd0c586b0 .functor XOR 1, L_0x55dcd0c58bf0, L_0x55dcd0c58d20, C4<0>, C4<0>;
L_0x55dcd0c58720 .functor XOR 1, L_0x55dcd0c586b0, L_0x55dcd0c59020, C4<0>, C4<0>;
L_0x55dcd0c58790 .functor AND 1, L_0x55dcd0c58bf0, L_0x55dcd0c58d20, C4<1>, C4<1>;
L_0x55dcd0c58830 .functor AND 1, L_0x55dcd0c58d20, L_0x55dcd0c59020, C4<1>, C4<1>;
L_0x55dcd0c58920 .functor OR 1, L_0x55dcd0c58790, L_0x55dcd0c58830, C4<0>, C4<0>;
L_0x55dcd0c58a30 .functor AND 1, L_0x55dcd0c59020, L_0x55dcd0c58bf0, C4<1>, C4<1>;
L_0x55dcd0c58ae0 .functor OR 1, L_0x55dcd0c58920, L_0x55dcd0c58a30, C4<0>, C4<0>;
v0x55dcd0c46840_0 .net *"_s0", 0 0, L_0x55dcd0c586b0;  1 drivers
v0x55dcd0c46940_0 .net *"_s10", 0 0, L_0x55dcd0c58a30;  1 drivers
v0x55dcd0c46a20_0 .net *"_s4", 0 0, L_0x55dcd0c58790;  1 drivers
v0x55dcd0c46b10_0 .net *"_s6", 0 0, L_0x55dcd0c58830;  1 drivers
v0x55dcd0c46bf0_0 .net *"_s8", 0 0, L_0x55dcd0c58920;  1 drivers
v0x55dcd0c46cd0_0 .net "a", 0 0, L_0x55dcd0c58bf0;  1 drivers
v0x55dcd0c46d90_0 .net "b", 0 0, L_0x55dcd0c58d20;  1 drivers
v0x55dcd0c46e50_0 .net "c", 0 0, L_0x55dcd0c59020;  1 drivers
v0x55dcd0c46f10_0 .net "ca", 0 0, L_0x55dcd0c58ae0;  1 drivers
v0x55dcd0c47060_0 .net "s", 0 0, L_0x55dcd0c58720;  1 drivers
S_0x55dcd0c471c0 .scope module, "a26" "fulladder" 3 41, 4 1 0, S_0x55dcd0c0ba30;
 .timescale 0 0;
    .port_info 0 /INPUT 1 "a"
    .port_info 1 /INPUT 1 "b"
    .port_info 2 /INPUT 1 "c"
    .port_info 3 /OUTPUT 1 "s"
    .port_info 4 /OUTPUT 1 "ca"
L_0x7f0e51aaf0f0 .functor BUFT 1, C4<0>, C4<0>, C4<0>, C4<0>;
L_0x55dcd0c59150 .functor XOR 1, L_0x7f0e51aaf0f0, L_0x55dcd0c59720, C4<0>, C4<0>;
L_0x55dcd0c591c0 .functor XOR 1, L_0x55dcd0c59150, L_0x55dcd0c59a30, C4<0>, C4<0>;
L_0x55dcd0c59230 .functor AND 1, L_0x7f0e51aaf0f0, L_0x55dcd0c59720, C4<1>, C4<1>;
L_0x55dcd0c592d0 .functor AND 1, L_0x55dcd0c59720, L_0x55dcd0c59a30, C4<1>, C4<1>;
L_0x55dcd0c593c0 .functor OR 1, L_0x55dcd0c59230, L_0x55dcd0c592d0, C4<0>, C4<0>;
L_0x55dcd0c594d0 .functor AND 1, L_0x55dcd0c59a30, L_0x7f0e51aaf0f0, C4<1>, C4<1>;
L_0x55dcd0c59580 .functor OR 1, L_0x55dcd0c593c0, L_0x55dcd0c594d0, C4<0>, C4<0>;
v0x55dcd0c473c0_0 .net *"_s0", 0 0, L_0x55dcd0c59150;  1 drivers
v0x55dcd0c474c0_0 .net *"_s10", 0 0, L_0x55dcd0c594d0;  1 drivers
v0x55dcd0c475a0_0 .net *"_s4", 0 0, L_0x55dcd0c59230;  1 drivers
v0x55dcd0c47690_0 .net *"_s6", 0 0, L_0x55dcd0c592d0;  1 drivers
v0x55dcd0c47770_0 .net *"_s8", 0 0, L_0x55dcd0c593c0;  1 drivers
v0x55dcd0c478a0_0 .net "a", 0 0, L_0x7f0e51aaf0f0;  1 drivers
v0x55dcd0c47960_0 .net "b", 0 0, L_0x55dcd0c59720;  1 drivers
v0x55dcd0c47a20_0 .net "c", 0 0, L_0x55dcd0c59a30;  1 drivers
v0x55dcd0c47ae0_0 .net "ca", 0 0, L_0x55dcd0c59580;  1 drivers
v0x55dcd0c47c30_0 .net "s", 0 0, L_0x55dcd0c591c0;  1 drivers
S_0x55dcd0c47d90 .scope module, "a27" "fulladder" 3 42, 4 1 0, S_0x55dcd0c0ba30;
 .timescale 0 0;
    .port_info 0 /INPUT 1 "a"
    .port_info 1 /INPUT 1 "b"
    .port_info 2 /INPUT 1 "c"
    .port_info 3 /OUTPUT 1 "s"
    .port_info 4 /OUTPUT 1 "ca"
L_0x55dcd0c59b60 .functor XOR 1, L_0x55dcd0c5a0a0, L_0x55dcd0c5a3c0, C4<0>, C4<0>;
L_0x55dcd0c59bd0 .functor XOR 1, L_0x55dcd0c59b60, L_0x55dcd0c5a4f0, C4<0>, C4<0>;
L_0x55dcd0c59c40 .functor AND 1, L_0x55dcd0c5a0a0, L_0x55dcd0c5a3c0, C4<1>, C4<1>;
L_0x55dcd0c59ce0 .functor AND 1, L_0x55dcd0c5a3c0, L_0x55dcd0c5a4f0, C4<1>, C4<1>;
L_0x55dcd0c59dd0 .functor OR 1, L_0x55dcd0c59c40, L_0x55dcd0c59ce0, C4<0>, C4<0>;
L_0x55dcd0c59ee0 .functor AND 1, L_0x55dcd0c5a4f0, L_0x55dcd0c5a0a0, C4<1>, C4<1>;
L_0x55dcd0c59f90 .functor OR 1, L_0x55dcd0c59dd0, L_0x55dcd0c59ee0, C4<0>, C4<0>;
v0x55dcd0c47f90_0 .net *"_s0", 0 0, L_0x55dcd0c59b60;  1 drivers
v0x55dcd0c48090_0 .net *"_s10", 0 0, L_0x55dcd0c59ee0;  1 drivers
v0x55dcd0c48170_0 .net *"_s4", 0 0, L_0x55dcd0c59c40;  1 drivers
v0x55dcd0c48260_0 .net *"_s6", 0 0, L_0x55dcd0c59ce0;  1 drivers
v0x55dcd0c48340_0 .net *"_s8", 0 0, L_0x55dcd0c59dd0;  1 drivers
v0x55dcd0c48470_0 .net "a", 0 0, L_0x55dcd0c5a0a0;  1 drivers
v0x55dcd0c48530_0 .net "b", 0 0, L_0x55dcd0c5a3c0;  1 drivers
v0x55dcd0c485f0_0 .net "c", 0 0, L_0x55dcd0c5a4f0;  1 drivers
v0x55dcd0c486b0_0 .net "ca", 0 0, L_0x55dcd0c59f90;  1 drivers
v0x55dcd0c48800_0 .net "s", 0 0, L_0x55dcd0c59bd0;  1 drivers
S_0x55dcd0c48960 .scope module, "a28" "fulladder" 3 43, 4 1 0, S_0x55dcd0c0ba30;
 .timescale 0 0;
    .port_info 0 /INPUT 1 "a"
    .port_info 1 /INPUT 1 "b"
    .port_info 2 /INPUT 1 "c"
    .port_info 3 /OUTPUT 1 "s"
    .port_info 4 /OUTPUT 1 "ca"
L_0x55dcd0c5a820 .functor XOR 1, L_0x55dcd0c5ad60, L_0x55dcd0c5ae90, C4<0>, C4<0>;
L_0x55dcd0c5a890 .functor XOR 1, L_0x55dcd0c5a820, L_0x55dcd0c5b5e0, C4<0>, C4<0>;
L_0x55dcd0c5a900 .functor AND 1, L_0x55dcd0c5ad60, L_0x55dcd0c5ae90, C4<1>, C4<1>;
L_0x55dcd0c5a9a0 .functor AND 1, L_0x55dcd0c5ae90, L_0x55dcd0c5b5e0, C4<1>, C4<1>;
L_0x55dcd0c5aa90 .functor OR 1, L_0x55dcd0c5a900, L_0x55dcd0c5a9a0, C4<0>, C4<0>;
L_0x55dcd0c5aba0 .functor AND 1, L_0x55dcd0c5b5e0, L_0x55dcd0c5ad60, C4<1>, C4<1>;
L_0x55dcd0c5ac50 .functor OR 1, L_0x55dcd0c5aa90, L_0x55dcd0c5aba0, C4<0>, C4<0>;
v0x55dcd0c48b60_0 .net *"_s0", 0 0, L_0x55dcd0c5a820;  1 drivers
v0x55dcd0c48c60_0 .net *"_s10", 0 0, L_0x55dcd0c5aba0;  1 drivers
v0x55dcd0c48d40_0 .net *"_s4", 0 0, L_0x55dcd0c5a900;  1 drivers
v0x55dcd0c48e30_0 .net *"_s6", 0 0, L_0x55dcd0c5a9a0;  1 drivers
v0x55dcd0c48f10_0 .net *"_s8", 0 0, L_0x55dcd0c5aa90;  1 drivers
v0x55dcd0c49040_0 .net "a", 0 0, L_0x55dcd0c5ad60;  1 drivers
v0x55dcd0c49100_0 .net "b", 0 0, L_0x55dcd0c5ae90;  1 drivers
v0x55dcd0c491c0_0 .net "c", 0 0, L_0x55dcd0c5b5e0;  1 drivers
v0x55dcd0c49280_0 .net "ca", 0 0, L_0x55dcd0c5ac50;  1 drivers
v0x55dcd0c493d0_0 .net "s", 0 0, L_0x55dcd0c5a890;  1 drivers
S_0x55dcd0c49530 .scope generate, "genblk1[0]" "genblk1[0]" 3 8, 3 8 0, S_0x55dcd0c0ba30;
 .timescale 0 0;
P_0x55dcd0c496d0 .param/l "i" 0 3 8, +C4<00>;
L_0x55dcd0c4fd90 .functor AND 1, L_0x55dcd0c4fbd0, L_0x55dcd0c4fca0, C4<1>, C4<1>;
v0x55dcd0c497b0_0 .net *"_s0", 0 0, L_0x55dcd0c4fbd0;  1 drivers
v0x55dcd0c49890_0 .net *"_s1", 0 0, L_0x55dcd0c4fca0;  1 drivers
v0x55dcd0c49970_0 .net *"_s2", 0 0, L_0x55dcd0c4fd90;  1 drivers
S_0x55dcd0c49a30 .scope generate, "genblk1[1]" "genblk1[1]" 3 8, 3 8 0, S_0x55dcd0c0ba30;
 .timescale 0 0;
P_0x55dcd0c49c20 .param/l "i" 0 3 8, +C4<01>;
L_0x55dcd0c50010 .functor AND 1, L_0x55dcd0c4fea0, L_0x55dcd0c4ff40, C4<1>, C4<1>;
v0x55dcd0c49d00_0 .net *"_s0", 0 0, L_0x55dcd0c4fea0;  1 drivers
v0x55dcd0c49de0_0 .net *"_s1", 0 0, L_0x55dcd0c4ff40;  1 drivers
v0x55dcd0c49ec0_0 .net *"_s2", 0 0, L_0x55dcd0c50010;  1 drivers
S_0x55dcd0c49fb0 .scope generate, "genblk1[2]" "genblk1[2]" 3 8, 3 8 0, S_0x55dcd0c0ba30;
 .timescale 0 0;
P_0x55dcd0c4a1a0 .param/l "i" 0 3 8, +C4<010>;
L_0x55dcd0c503f0 .functor AND 1, L_0x55dcd0c50150, L_0x55dcd0c50280, C4<1>, C4<1>;
v0x55dcd0c4a280_0 .net *"_s0", 0 0, L_0x55dcd0c50150;  1 drivers
v0x55dcd0c4a360_0 .net *"_s1", 0 0, L_0x55dcd0c50280;  1 drivers
v0x55dcd0c4a440_0 .net *"_s2", 0 0, L_0x55dcd0c503f0;  1 drivers
S_0x55dcd0c4a530 .scope generate, "genblk1[3]" "genblk1[3]" 3 8, 3 8 0, S_0x55dcd0c0ba30;
 .timescale 0 0;
P_0x55dcd0c4a720 .param/l "i" 0 3 8, +C4<011>;
L_0x55dcd0c505f0 .functor AND 1, L_0x55dcd0c50460, L_0x55dcd0c50500, C4<1>, C4<1>;
v0x55dcd0c4a800_0 .net *"_s0", 0 0, L_0x55dcd0c50460;  1 drivers
v0x55dcd0c4a8e0_0 .net *"_s1", 0 0, L_0x55dcd0c50500;  1 drivers
v0x55dcd0c4a9c0_0 .net *"_s2", 0 0, L_0x55dcd0c505f0;  1 drivers
S_0x55dcd0c4aab0 .scope generate, "genblk2[4]" "genblk2[4]" 3 13, 3 13 0, S_0x55dcd0c0ba30;
 .timescale 0 0;
P_0x55dcd0c4adb0 .param/l "i" 0 3 13, +C4<0100>;
L_0x55dcd0c508d0 .functor AND 1, L_0x55dcd0c50730, L_0x55dcd0c507d0, C4<1>, C4<1>;
v0x55dcd0c4ae90_0 .net *"_s0", 0 0, L_0x55dcd0c50730;  1 drivers
v0x55dcd0c4af70_0 .net *"_s1", 0 0, L_0x55dcd0c507d0;  1 drivers
v0x55dcd0c4b050_0 .net *"_s2", 0 0, L_0x55dcd0c508d0;  1 drivers
S_0x55dcd0c4b140 .scope generate, "genblk2[5]" "genblk2[5]" 3 13, 3 13 0, S_0x55dcd0c0ba30;
 .timescale 0 0;
P_0x55dcd0c4b330 .param/l "i" 0 3 13, +C4<0101>;
L_0x55dcd0c50b70 .functor AND 1, L_0x55dcd0c509c0, L_0x55dcd0c50a60, C4<1>, C4<1>;
v0x55dcd0c4b410_0 .net *"_s0", 0 0, L_0x55dcd0c509c0;  1 drivers
v0x55dcd0c4b4f0_0 .net *"_s1", 0 0, L_0x55dcd0c50a60;  1 drivers
v0x55dcd0c4b5d0_0 .net *"_s2", 0 0, L_0x55dcd0c50b70;  1 drivers
S_0x55dcd0c4b6c0 .scope generate, "genblk2[6]" "genblk2[6]" 3 13, 3 13 0, S_0x55dcd0c0ba30;
 .timescale 0 0;
P_0x55dcd0c4b8b0 .param/l "i" 0 3 13, +C4<0110>;
L_0x55dcd0c50b00 .functor AND 1, L_0x55dcd0c50cb0, L_0x55dcd0c50e60, C4<1>, C4<1>;
v0x55dcd0c4b990_0 .net *"_s0", 0 0, L_0x55dcd0c50cb0;  1 drivers
v0x55dcd0c4ba70_0 .net *"_s1", 0 0, L_0x55dcd0c50e60;  1 drivers
v0x55dcd0c4bb50_0 .net *"_s2", 0 0, L_0x55dcd0c50b00;  1 drivers
S_0x55dcd0c4bc40 .scope generate, "genblk2[7]" "genblk2[7]" 3 13, 3 13 0, S_0x55dcd0c0ba30;
 .timescale 0 0;
P_0x55dcd0c4be30 .param/l "i" 0 3 13, +C4<0111>;
L_0x55dcd0c51330 .functor AND 1, L_0x55dcd0c51160, L_0x55dcd0c51200, C4<1>, C4<1>;
v0x55dcd0c4bf10_0 .net *"_s0", 0 0, L_0x55dcd0c51160;  1 drivers
v0x55dcd0c4bff0_0 .net *"_s1", 0 0, L_0x55dcd0c51200;  1 drivers
v0x55dcd0c4c0d0_0 .net *"_s2", 0 0, L_0x55dcd0c51330;  1 drivers
S_0x55dcd0c4c1c0 .scope generate, "genblk3[8]" "genblk3[8]" 3 18, 3 18 0, S_0x55dcd0c0ba30;
 .timescale 0 0;
P_0x55dcd0c4c3b0 .param/l "i" 0 3 18, +C4<01000>;
L_0x55dcd0c51650 .functor AND 1, L_0x55dcd0c51470, L_0x55dcd0c51510, C4<1>, C4<1>;
v0x55dcd0c4c490_0 .net *"_s0", 0 0, L_0x55dcd0c51470;  1 drivers
v0x55dcd0c4c570_0 .net *"_s1", 0 0, L_0x55dcd0c51510;  1 drivers
v0x55dcd0c4c650_0 .net *"_s2", 0 0, L_0x55dcd0c51650;  1 drivers
S_0x55dcd0c4c740 .scope generate, "genblk3[9]" "genblk3[9]" 3 18, 3 18 0, S_0x55dcd0c0ba30;
 .timescale 0 0;
P_0x55dcd0c4c930 .param/l "i" 0 3 18, +C4<01001>;
L_0x55dcd0c51980 .functor AND 1, L_0x55dcd0c51790, L_0x55dcd0c51830, C4<1>, C4<1>;
v0x55dcd0c4ca10_0 .net *"_s0", 0 0, L_0x55dcd0c51790;  1 drivers
v0x55dcd0c4caf0_0 .net *"_s1", 0 0, L_0x55dcd0c51830;  1 drivers
v0x55dcd0c4cbd0_0 .net *"_s2", 0 0, L_0x55dcd0c51980;  1 drivers
S_0x55dcd0c4ccc0 .scope generate, "genblk3[10]" "genblk3[10]" 3 18, 3 18 0, S_0x55dcd0c0ba30;
 .timescale 0 0;
P_0x55dcd0c4ceb0 .param/l "i" 0 3 18, +C4<01010>;
L_0x55dcd0c51c20 .functor AND 1, L_0x55dcd0c515b0, L_0x55dcd0c51ac0, C4<1>, C4<1>;
v0x55dcd0c4cf90_0 .net *"_s0", 0 0, L_0x55dcd0c515b0;  1 drivers
v0x55dcd0c4d070_0 .net *"_s1", 0 0, L_0x55dcd0c51ac0;  1 drivers
v0x55dcd0c4d150_0 .net *"_s2", 0 0, L_0x55dcd0c51c20;  1 drivers
S_0x55dcd0c4d240 .scope generate, "genblk3[11]" "genblk3[11]" 3 18, 3 18 0, S_0x55dcd0c0ba30;
 .timescale 0 0;
P_0x55dcd0c4d430 .param/l "i" 0 3 18, +C4<01011>;
L_0x55dcd0c51f70 .functor AND 1, L_0x55dcd0c51d60, L_0x55dcd0c51e00, C4<1>, C4<1>;
v0x55dcd0c4d510_0 .net *"_s0", 0 0, L_0x55dcd0c51d60;  1 drivers
v0x55dcd0c4d5f0_0 .net *"_s1", 0 0, L_0x55dcd0c51e00;  1 drivers
v0x55dcd0c4d6d0_0 .net *"_s2", 0 0, L_0x55dcd0c51f70;  1 drivers
S_0x55dcd0c4d7c0 .scope generate, "genblk4[12]" "genblk4[12]" 3 23, 3 23 0, S_0x55dcd0c0ba30;
 .timescale 0 0;
P_0x55dcd0c4d9b0 .param/l "i" 0 3 23, +C4<01100>;
L_0x55dcd0c522d0 .functor AND 1, L_0x55dcd0c520b0, L_0x55dcd0c52150, C4<1>, C4<1>;
v0x55dcd0c4da90_0 .net *"_s0", 0 0, L_0x55dcd0c520b0;  1 drivers
v0x55dcd0c4db70_0 .net *"_s1", 0 0, L_0x55dcd0c52150;  1 drivers
v0x55dcd0c4dc50_0 .net *"_s2", 0 0, L_0x55dcd0c522d0;  1 drivers
S_0x55dcd0c4dd40 .scope generate, "genblk4[13]" "genblk4[13]" 3 23, 3 23 0, S_0x55dcd0c0ba30;
 .timescale 0 0;
P_0x55dcd0c4df30 .param/l "i" 0 3 23, +C4<01101>;
L_0x55dcd0c52640 .functor AND 1, L_0x55dcd0c52410, L_0x55dcd0c524b0, C4<1>, C4<1>;
v0x55dcd0c4e010_0 .net *"_s0", 0 0, L_0x55dcd0c52410;  1 drivers
v0x55dcd0c4e0f0_0 .net *"_s1", 0 0, L_0x55dcd0c524b0;  1 drivers
v0x55dcd0c4e1d0_0 .net *"_s2", 0 0, L_0x55dcd0c52640;  1 drivers
S_0x55dcd0c4e2c0 .scope generate, "genblk4[14]" "genblk4[14]" 3 23, 3 23 0, S_0x55dcd0c0ba30;
 .timescale 0 0;
P_0x55dcd0c4e4b0 .param/l "i" 0 3 23, +C4<01110>;
L_0x55dcd0c52bd0 .functor AND 1, L_0x55dcd0c52780, L_0x55dcd0c52820, C4<1>, C4<1>;
v0x55dcd0c4e590_0 .net *"_s0", 0 0, L_0x55dcd0c52780;  1 drivers
v0x55dcd0c4e670_0 .net *"_s1", 0 0, L_0x55dcd0c52820;  1 drivers
v0x55dcd0c4e750_0 .net *"_s2", 0 0, L_0x55dcd0c52bd0;  1 drivers
S_0x55dcd0c4e840 .scope generate, "genblk4[15]" "genblk4[15]" 3 23, 3 23 0, S_0x55dcd0c0ba30;
 .timescale 0 0;
P_0x55dcd0c4ea30 .param/l "i" 0 3 23, +C4<01111>;
L_0x55dcd0c52f60 .functor AND 1, L_0x55dcd0c52d10, L_0x55dcd0c52db0, C4<1>, C4<1>;
v0x55dcd0c4eb10_0 .net *"_s0", 0 0, L_0x55dcd0c52d10;  1 drivers
v0x55dcd0c4ebf0_0 .net *"_s1", 0 0, L_0x55dcd0c52db0;  1 drivers
v0x55dcd0c4ecd0_0 .net *"_s2", 0 0, L_0x55dcd0c52f60;  1 drivers
    .scope S_0x55dcd0c0e5a0;
T_0 ;
    %pushi/vec4 5, 0, 4;
    %store/vec4 v0x55dcd0c4f940_0, 0, 4;
    %pushi/vec4 10, 0, 4;
    %store/vec4 v0x55dcd0c4fa00_0, 0, 4;
    %end;
    .thread T_0;
    .scope S_0x55dcd0c0e5a0;
T_1 ;
    %vpi_call 2 15 "$monitor", $time, "  a=%d , b=%d , mul=%d ", v0x55dcd0c4f940_0, v0x55dcd0c4fa00_0, v0x55dcd0c4fad0_0 {0 0 0};
    %vpi_call 2 16 "$dumpfile", "arrmul.vcd" {0 0 0};
    %vpi_call 2 17 "$dumpvars" {0 0 0};
    %end;
    .thread T_1;
# The file index is used to find the file name in the following table.
:file_names 5;
    "N/A";
    "<interactive>";
    "tb.v";
    "./arrmul.v";
    "./fullAdder.v";
