#! /usr/bin/vvp
:ivl_version "10.1 (stable)";
:ivl_delay_selection "TYPICAL";
:vpi_time_precision + 0;
:vpi_module "system";
:vpi_module "vhdl_sys";
:vpi_module "v2005_math";
:vpi_module "va_math";
S_0x558c64d67850 .scope module, "top" "top" 2 2;
 .timescale 0 0;
v0x558c64d98970_0 .var "a", 3 0;
v0x558c64d98a50_0 .var "clk", 0 0;
v0x558c64d98af0_0 .net "q", 3 0, L_0x558c64d9b3d0;  1 drivers
v0x558c64d98b90_0 .var "reset", 0 0;
v0x558c64d98c30_0 .var "s", 1 0;
E_0x558c64d1eda0 .event edge, v0x558c64d98270_0;
S_0x558c64d67d80 .scope module, "k" "shiftreg" 2 14, 3 4 0, S_0x558c64d67850;
 .timescale 0 0;
    .port_info 0 /INPUT 4 "a"
    .port_info 1 /INPUT 2 "s"
    .port_info 2 /OUTPUT 4 "q"
    .port_info 3 /INPUT 1 "clk"
    .port_info 4 /INPUT 1 "reset"
v0x558c64d98020_0 .net "a", 3 0, v0x558c64d98970_0;  1 drivers
v0x558c64d98120_0 .net "clk", 0 0, v0x558c64d98a50_0;  1 drivers
v0x558c64d98270_0 .net "q", 3 0, L_0x558c64d9b3d0;  alias, 1 drivers
v0x558c64d98340_0 .net "reset", 0 0, v0x558c64d98b90_0;  1 drivers
v0x558c64d98470_0 .net "s", 1 0, v0x558c64d98c30_0;  1 drivers
v0x558c64d985c0_0 .net "x0", 0 0, L_0x558c64d991d0;  1 drivers
v0x558c64d98660_0 .net "x1", 0 0, L_0x558c64d99b20;  1 drivers
v0x558c64d98700_0 .net "x2", 0 0, L_0x558c64d9a490;  1 drivers
v0x558c64d987a0_0 .net "x3", 0 0, L_0x558c64d9adf0;  1 drivers
L_0x558c64d993a0 .part L_0x558c64d9b3d0, 0, 1;
L_0x558c64d994e0 .part L_0x558c64d9b3d0, 1, 1;
L_0x558c64d99620 .part v0x558c64d98970_0, 0, 1;
L_0x558c64d99cf0 .part L_0x558c64d9b3d0, 1, 1;
L_0x558c64d99e10 .part L_0x558c64d9b3d0, 2, 1;
L_0x558c64d99eb0 .part L_0x558c64d9b3d0, 0, 1;
L_0x558c64d99fe0 .part v0x558c64d98970_0, 1, 1;
L_0x558c64d9a660 .part L_0x558c64d9b3d0, 2, 1;
L_0x558c64d9a7a0 .part L_0x558c64d9b3d0, 3, 1;
L_0x558c64d9a890 .part L_0x558c64d9b3d0, 1, 1;
L_0x558c64d9a9e0 .part v0x558c64d98970_0, 2, 1;
L_0x558c64d9afc0 .part L_0x558c64d9b3d0, 3, 1;
L_0x558c64d9b170 .part L_0x558c64d9b3d0, 2, 1;
L_0x558c64d9b260 .part v0x558c64d98970_0, 3, 1;
L_0x558c64d9b3d0 .concat8 [ 1 1 1 1], v0x558c64d6b9e0_0, v0x558c64d68820_0, v0x558c64d94640_0, v0x558c64d94c10_0;
S_0x558c64d721b0 .scope module, "d1" "dff" 3 12, 4 1 0, S_0x558c64d67d80;
 .timescale 0 0;
    .port_info 0 /INPUT 1 "d"
    .port_info 1 /INPUT 1 "clk"
    .port_info 2 /INPUT 1 "reset"
    .port_info 3 /OUTPUT 1 "q"
v0x558c64d6f0a0_0 .net "clk", 0 0, v0x558c64d98a50_0;  alias, 1 drivers
v0x558c64d6f140_0 .net "d", 0 0, L_0x558c64d991d0;  alias, 1 drivers
v0x558c64d6b9e0_0 .var "q", 0 0;
v0x558c64d6ba80_0 .net "reset", 0 0, v0x558c64d98b90_0;  alias, 1 drivers
E_0x558c64d1ec90 .event posedge, v0x558c64d6ba80_0, v0x558c64d6f0a0_0;
S_0x558c64d93e30 .scope module, "d2" "dff" 3 15, 4 1 0, S_0x558c64d67d80;
 .timescale 0 0;
    .port_info 0 /INPUT 1 "d"
    .port_info 1 /INPUT 1 "clk"
    .port_info 2 /INPUT 1 "reset"
    .port_info 3 /OUTPUT 1 "q"
v0x558c64d6f5a0_0 .net "clk", 0 0, v0x558c64d98a50_0;  alias, 1 drivers
v0x558c64d6bee0_0 .net "d", 0 0, L_0x558c64d99b20;  alias, 1 drivers
v0x558c64d68820_0 .var "q", 0 0;
v0x558c64d940c0_0 .net "reset", 0 0, v0x558c64d98b90_0;  alias, 1 drivers
S_0x558c64d94220 .scope module, "d3" "dff" 3 18, 4 1 0, S_0x558c64d67d80;
 .timescale 0 0;
    .port_info 0 /INPUT 1 "d"
    .port_info 1 /INPUT 1 "clk"
    .port_info 2 /INPUT 1 "reset"
    .port_info 3 /OUTPUT 1 "q"
v0x558c64d94490_0 .net "clk", 0 0, v0x558c64d98a50_0;  alias, 1 drivers
v0x558c64d94580_0 .net "d", 0 0, L_0x558c64d9a490;  alias, 1 drivers
v0x558c64d94640_0 .var "q", 0 0;
v0x558c64d946e0_0 .net "reset", 0 0, v0x558c64d98b90_0;  alias, 1 drivers
S_0x558c64d94850 .scope module, "d4" "dff" 3 21, 4 1 0, S_0x558c64d67d80;
 .timescale 0 0;
    .port_info 0 /INPUT 1 "d"
    .port_info 1 /INPUT 1 "clk"
    .port_info 2 /INPUT 1 "reset"
    .port_info 3 /OUTPUT 1 "q"
v0x558c64d94a90_0 .net "clk", 0 0, v0x558c64d98a50_0;  alias, 1 drivers
v0x558c64d94b50_0 .net "d", 0 0, L_0x558c64d9adf0;  alias, 1 drivers
v0x558c64d94c10_0 .var "q", 0 0;
v0x558c64d94ce0_0 .net "reset", 0 0, v0x558c64d98b90_0;  alias, 1 drivers
S_0x558c64d94e30 .scope module, "m1" "mux" 3 11, 5 1 0, S_0x558c64d67d80;
 .timescale 0 0;
    .port_info 0 /INPUT 1 "a"
    .port_info 1 /INPUT 1 "b"
    .port_info 2 /INPUT 1 "c"
    .port_info 3 /INPUT 1 "d"
    .port_info 4 /INPUT 2 "s"
    .port_info 5 /OUTPUT 1 "out"
v0x558c64d950f0_0 .net *"_s1", 0 0, L_0x558c64d98d20;  1 drivers
v0x558c64d951f0_0 .net *"_s3", 0 0, L_0x558c64d98dc0;  1 drivers
v0x558c64d952d0_0 .net *"_s4", 0 0, L_0x558c64d98e60;  1 drivers
v0x558c64d95390_0 .net *"_s7", 0 0, L_0x558c64d98f80;  1 drivers
v0x558c64d95470_0 .net *"_s8", 0 0, L_0x558c64d99080;  1 drivers
v0x558c64d955a0_0 .net "a", 0 0, L_0x558c64d993a0;  1 drivers
v0x558c64d95660_0 .net "b", 0 0, L_0x558c64d994e0;  1 drivers
L_0x7f9746e81018 .functor BUFT 1, C4<0>, C4<0>, C4<0>, C4<0>;
v0x558c64d95720_0 .net "c", 0 0, L_0x7f9746e81018;  1 drivers
v0x558c64d957e0_0 .net "d", 0 0, L_0x558c64d99620;  1 drivers
v0x558c64d958a0_0 .net "out", 0 0, L_0x558c64d991d0;  alias, 1 drivers
v0x558c64d95940_0 .net "s", 1 0, v0x558c64d98c30_0;  alias, 1 drivers
L_0x558c64d98d20 .part v0x558c64d98c30_0, 1, 1;
L_0x558c64d98dc0 .part v0x558c64d98c30_0, 0, 1;
L_0x558c64d98e60 .functor MUXZ 1, L_0x7f9746e81018, L_0x558c64d99620, L_0x558c64d98dc0, C4<>;
L_0x558c64d98f80 .part v0x558c64d98c30_0, 0, 1;
L_0x558c64d99080 .functor MUXZ 1, L_0x558c64d993a0, L_0x558c64d994e0, L_0x558c64d98f80, C4<>;
L_0x558c64d991d0 .functor MUXZ 1, L_0x558c64d99080, L_0x558c64d98e60, L_0x558c64d98d20, C4<>;
S_0x558c64d95ac0 .scope module, "m2" "mux" 3 14, 5 1 0, S_0x558c64d67d80;
 .timescale 0 0;
    .port_info 0 /INPUT 1 "a"
    .port_info 1 /INPUT 1 "b"
    .port_info 2 /INPUT 1 "c"
    .port_info 3 /INPUT 1 "d"
    .port_info 4 /INPUT 2 "s"
    .port_info 5 /OUTPUT 1 "out"
v0x558c64d95ce0_0 .net *"_s1", 0 0, L_0x558c64d99760;  1 drivers
v0x558c64d95de0_0 .net *"_s3", 0 0, L_0x558c64d99800;  1 drivers
v0x558c64d95ec0_0 .net *"_s4", 0 0, L_0x558c64d998a0;  1 drivers
v0x558c64d95f80_0 .net *"_s7", 0 0, L_0x558c64d99990;  1 drivers
v0x558c64d96060_0 .net *"_s8", 0 0, L_0x558c64d99a30;  1 drivers
v0x558c64d96190_0 .net "a", 0 0, L_0x558c64d99cf0;  1 drivers
v0x558c64d96250_0 .net "b", 0 0, L_0x558c64d99e10;  1 drivers
v0x558c64d96310_0 .net "c", 0 0, L_0x558c64d99eb0;  1 drivers
v0x558c64d963d0_0 .net "d", 0 0, L_0x558c64d99fe0;  1 drivers
v0x558c64d96490_0 .net "out", 0 0, L_0x558c64d99b20;  alias, 1 drivers
v0x558c64d96530_0 .net "s", 1 0, v0x558c64d98c30_0;  alias, 1 drivers
L_0x558c64d99760 .part v0x558c64d98c30_0, 1, 1;
L_0x558c64d99800 .part v0x558c64d98c30_0, 0, 1;
L_0x558c64d998a0 .functor MUXZ 1, L_0x558c64d99eb0, L_0x558c64d99fe0, L_0x558c64d99800, C4<>;
L_0x558c64d99990 .part v0x558c64d98c30_0, 0, 1;
L_0x558c64d99a30 .functor MUXZ 1, L_0x558c64d99cf0, L_0x558c64d99e10, L_0x558c64d99990, C4<>;
L_0x558c64d99b20 .functor MUXZ 1, L_0x558c64d99a30, L_0x558c64d998a0, L_0x558c64d99760, C4<>;
S_0x558c64d966a0 .scope module, "m3" "mux" 3 17, 5 1 0, S_0x558c64d67d80;
 .timescale 0 0;
    .port_info 0 /INPUT 1 "a"
    .port_info 1 /INPUT 1 "b"
    .port_info 2 /INPUT 1 "c"
    .port_info 3 /INPUT 1 "d"
    .port_info 4 /INPUT 2 "s"
    .port_info 5 /OUTPUT 1 "out"
v0x558c64d968c0_0 .net *"_s1", 0 0, L_0x558c64d9a0d0;  1 drivers
v0x558c64d969c0_0 .net *"_s3", 0 0, L_0x558c64d9a170;  1 drivers
v0x558c64d96aa0_0 .net *"_s4", 0 0, L_0x558c64d9a210;  1 drivers
v0x558c64d96b90_0 .net *"_s7", 0 0, L_0x558c64d9a300;  1 drivers
v0x558c64d96c70_0 .net *"_s8", 0 0, L_0x558c64d9a3a0;  1 drivers
v0x558c64d96da0_0 .net "a", 0 0, L_0x558c64d9a660;  1 drivers
v0x558c64d96e60_0 .net "b", 0 0, L_0x558c64d9a7a0;  1 drivers
v0x558c64d96f20_0 .net "c", 0 0, L_0x558c64d9a890;  1 drivers
v0x558c64d96fe0_0 .net "d", 0 0, L_0x558c64d9a9e0;  1 drivers
v0x558c64d97130_0 .net "out", 0 0, L_0x558c64d9a490;  alias, 1 drivers
v0x558c64d971d0_0 .net "s", 1 0, v0x558c64d98c30_0;  alias, 1 drivers
L_0x558c64d9a0d0 .part v0x558c64d98c30_0, 1, 1;
L_0x558c64d9a170 .part v0x558c64d98c30_0, 0, 1;
L_0x558c64d9a210 .functor MUXZ 1, L_0x558c64d9a890, L_0x558c64d9a9e0, L_0x558c64d9a170, C4<>;
L_0x558c64d9a300 .part v0x558c64d98c30_0, 0, 1;
L_0x558c64d9a3a0 .functor MUXZ 1, L_0x558c64d9a660, L_0x558c64d9a7a0, L_0x558c64d9a300, C4<>;
L_0x558c64d9a490 .functor MUXZ 1, L_0x558c64d9a3a0, L_0x558c64d9a210, L_0x558c64d9a0d0, C4<>;
S_0x558c64d97330 .scope module, "m4" "mux" 3 20, 5 1 0, S_0x558c64d67d80;
 .timescale 0 0;
    .port_info 0 /INPUT 1 "a"
    .port_info 1 /INPUT 1 "b"
    .port_info 2 /INPUT 1 "c"
    .port_info 3 /INPUT 1 "d"
    .port_info 4 /INPUT 2 "s"
    .port_info 5 /OUTPUT 1 "out"
v0x558c64d975a0_0 .net *"_s1", 0 0, L_0x558c64d9aa80;  1 drivers
v0x558c64d976a0_0 .net *"_s3", 0 0, L_0x558c64d9ab20;  1 drivers
v0x558c64d97780_0 .net *"_s4", 0 0, L_0x558c64d9abc0;  1 drivers
v0x558c64d97840_0 .net *"_s7", 0 0, L_0x558c64d9ac60;  1 drivers
v0x558c64d97920_0 .net *"_s8", 0 0, L_0x558c64d9ad00;  1 drivers
v0x558c64d97a50_0 .net "a", 0 0, L_0x558c64d9afc0;  1 drivers
L_0x7f9746e81060 .functor BUFT 1, C4<0>, C4<0>, C4<0>, C4<0>;
v0x558c64d97b10_0 .net "b", 0 0, L_0x7f9746e81060;  1 drivers
v0x558c64d97bd0_0 .net "c", 0 0, L_0x558c64d9b170;  1 drivers
v0x558c64d97c90_0 .net "d", 0 0, L_0x558c64d9b260;  1 drivers
v0x558c64d97de0_0 .net "out", 0 0, L_0x558c64d9adf0;  alias, 1 drivers
v0x558c64d97e80_0 .net "s", 1 0, v0x558c64d98c30_0;  alias, 1 drivers
L_0x558c64d9aa80 .part v0x558c64d98c30_0, 1, 1;
L_0x558c64d9ab20 .part v0x558c64d98c30_0, 0, 1;
L_0x558c64d9abc0 .functor MUXZ 1, L_0x558c64d9b170, L_0x558c64d9b260, L_0x558c64d9ab20, C4<>;
L_0x558c64d9ac60 .part v0x558c64d98c30_0, 0, 1;
L_0x558c64d9ad00 .functor MUXZ 1, L_0x558c64d9afc0, L_0x7f9746e81060, L_0x558c64d9ac60, C4<>;
L_0x558c64d9adf0 .functor MUXZ 1, L_0x558c64d9ad00, L_0x558c64d9abc0, L_0x558c64d9aa80, C4<>;
    .scope S_0x558c64d721b0;
T_0 ;
    %wait E_0x558c64d1ec90;
    %load/vec4 v0x558c64d6ba80_0;
    %flag_set/vec4 8;
    %jmp/0xz  T_0.0, 8;
    %pushi/vec4 0, 0, 1;
    %assign/vec4 v0x558c64d6b9e0_0, 0;
    %jmp T_0.1;
T_0.0 ;
    %load/vec4 v0x558c64d6f140_0;
    %assign/vec4 v0x558c64d6b9e0_0, 0;
T_0.1 ;
    %jmp T_0;
    .thread T_0;
    .scope S_0x558c64d93e30;
T_1 ;
    %wait E_0x558c64d1ec90;
    %load/vec4 v0x558c64d940c0_0;
    %flag_set/vec4 8;
    %jmp/0xz  T_1.0, 8;
    %pushi/vec4 0, 0, 1;
    %assign/vec4 v0x558c64d68820_0, 0;
    %jmp T_1.1;
T_1.0 ;
    %load/vec4 v0x558c64d6bee0_0;
    %assign/vec4 v0x558c64d68820_0, 0;
T_1.1 ;
    %jmp T_1;
    .thread T_1;
    .scope S_0x558c64d94220;
T_2 ;
    %wait E_0x558c64d1ec90;
    %load/vec4 v0x558c64d946e0_0;
    %flag_set/vec4 8;
    %jmp/0xz  T_2.0, 8;
    %pushi/vec4 0, 0, 1;
    %assign/vec4 v0x558c64d94640_0, 0;
    %jmp T_2.1;
T_2.0 ;
    %load/vec4 v0x558c64d94580_0;
    %assign/vec4 v0x558c64d94640_0, 0;
T_2.1 ;
    %jmp T_2;
    .thread T_2;
    .scope S_0x558c64d94850;
T_3 ;
    %wait E_0x558c64d1ec90;
    %load/vec4 v0x558c64d94ce0_0;
    %flag_set/vec4 8;
    %jmp/0xz  T_3.0, 8;
    %pushi/vec4 0, 0, 1;
    %assign/vec4 v0x558c64d94c10_0, 0;
    %jmp T_3.1;
T_3.0 ;
    %load/vec4 v0x558c64d94b50_0;
    %assign/vec4 v0x558c64d94c10_0, 0;
T_3.1 ;
    %jmp T_3;
    .thread T_3;
    .scope S_0x558c64d67850;
T_4 ;
    %vpi_call 2 10 "$dumpfile", "shiftreg_tb.vcd" {0 0 0};
    %vpi_call 2 11 "$dumpvars", 32'sb00000000000000000000000000000000, S_0x558c64d67850 {0 0 0};
    %end;
    .thread T_4;
    .scope S_0x558c64d67850;
T_5 ;
    %pushi/vec4 15, 0, 4;
    %store/vec4 v0x558c64d98970_0, 0, 4;
    %pushi/vec4 1, 0, 1;
    %store/vec4 v0x558c64d98a50_0, 0, 1;
    %pushi/vec4 1, 0, 1;
    %store/vec4 v0x558c64d98b90_0, 0, 1;
    %pushi/vec4 3, 0, 2;
    %store/vec4 v0x558c64d98c30_0, 0, 2;
    %delay 10, 0;
    %pushi/vec4 0, 0, 1;
    %store/vec4 v0x558c64d98b90_0, 0, 1;
    %pushi/vec4 1, 0, 2;
    %store/vec4 v0x558c64d98c30_0, 0, 2;
    %end;
    .thread T_5;
    .scope S_0x558c64d67850;
T_6 ;
    %delay 5, 0;
    %load/vec4 v0x558c64d98a50_0;
    %nor/r;
    %store/vec4 v0x558c64d98a50_0, 0, 1;
    %jmp T_6;
    .thread T_6;
    .scope S_0x558c64d67850;
T_7 ;
    %wait E_0x558c64d1eda0;
    %vpi_call 2 35 "$display", $time, " d=%b, clk=%b, rst=%b,q=%b ,s=%b", v0x558c64d98970_0, v0x558c64d98a50_0, v0x558c64d98b90_0, v0x558c64d98af0_0, v0x558c64d98c30_0 {0 0 0};
    %jmp T_7;
    .thread T_7, $push;
    .scope S_0x558c64d67850;
T_8 ;
    %delay 60, 0;
    %vpi_call 2 40 "$finish" {0 0 0};
    %end;
    .thread T_8;
# The file index is used to find the file name in the following table.
:file_names 6;
    "N/A";
    "<interactive>";
    "shiftreg_tb.v";
    "shiftreg.v";
    "./dff.v";
    "./mux.v";
