#! /usr/bin/vvp
:ivl_version "10.1 (stable)";
:ivl_delay_selection "TYPICAL";
:vpi_time_precision + 0;
:vpi_module "system";
:vpi_module "vhdl_sys";
:vpi_module "v2005_math";
:vpi_module "va_math";
S_0x55a403077cd0 .scope module, "top" "top" 2 2;
 .timescale 0 0;
v0x55a403098450_0 .var "a", 15 0;
v0x55a403098530_0 .var "b", 15 0;
v0x55a403098600_0 .net "out", 15 0, v0x55a4030981d0_0;  1 drivers
v0x55a403098700_0 .var "select", 2 0;
S_0x55a403077e50 .scope module, "l1" "lu_new" 2 7, 3 2 0, S_0x55a403077cd0;
 .timescale 0 0;
    .port_info 0 /INPUT 16 "a"
    .port_info 1 /INPUT 16 "b"
    .port_info 2 /OUTPUT 16 "out"
    .port_info 3 /INPUT 3 "select"
v0x55a403078090_0 .net "a", 15 0, v0x55a403098450_0;  1 drivers
v0x55a4030980f0_0 .net "b", 15 0, v0x55a403098530_0;  1 drivers
v0x55a4030981d0_0 .var "out", 15 0;
v0x55a4030982c0_0 .net "select", 2 0, v0x55a403098700_0;  1 drivers
E_0x55a403039d90 .event edge, v0x55a4030982c0_0, v0x55a403078090_0, v0x55a4030980f0_0;
    .scope S_0x55a403077e50;
T_0 ;
    %wait E_0x55a403039d90;
    %load/vec4 v0x55a4030982c0_0;
    %dup/vec4;
    %pushi/vec4 0, 0, 3;
    %cmp/u;
    %jmp/1 T_0.0, 6;
    %dup/vec4;
    %pushi/vec4 1, 0, 3;
    %cmp/u;
    %jmp/1 T_0.1, 6;
    %dup/vec4;
    %pushi/vec4 2, 0, 3;
    %cmp/u;
    %jmp/1 T_0.2, 6;
    %dup/vec4;
    %pushi/vec4 3, 0, 3;
    %cmp/u;
    %jmp/1 T_0.3, 6;
    %dup/vec4;
    %pushi/vec4 4, 0, 3;
    %cmp/u;
    %jmp/1 T_0.4, 6;
    %dup/vec4;
    %pushi/vec4 5, 0, 3;
    %cmp/u;
    %jmp/1 T_0.5, 6;
    %dup/vec4;
    %pushi/vec4 6, 0, 3;
    %cmp/u;
    %jmp/1 T_0.6, 6;
    %dup/vec4;
    %pushi/vec4 7, 0, 3;
    %cmp/u;
    %jmp/1 T_0.7, 6;
    %jmp T_0.8;
T_0.0 ;
    %load/vec4 v0x55a403078090_0;
    %load/vec4 v0x55a4030980f0_0;
    %and;
    %store/vec4 v0x55a4030981d0_0, 0, 16;
    %jmp T_0.8;
T_0.1 ;
    %load/vec4 v0x55a403078090_0;
    %load/vec4 v0x55a4030980f0_0;
    %or;
    %store/vec4 v0x55a4030981d0_0, 0, 16;
    %jmp T_0.8;
T_0.2 ;
    %load/vec4 v0x55a403078090_0;
    %load/vec4 v0x55a4030980f0_0;
    %and;
    %inv;
    %store/vec4 v0x55a4030981d0_0, 0, 16;
    %jmp T_0.8;
T_0.3 ;
    %load/vec4 v0x55a403078090_0;
    %load/vec4 v0x55a4030980f0_0;
    %or;
    %inv;
    %store/vec4 v0x55a4030981d0_0, 0, 16;
    %jmp T_0.8;
T_0.4 ;
    %load/vec4 v0x55a403078090_0;
    %inv;
    %store/vec4 v0x55a4030981d0_0, 0, 16;
    %jmp T_0.8;
T_0.5 ;
    %load/vec4 v0x55a403078090_0;
    %load/vec4 v0x55a4030980f0_0;
    %xor;
    %store/vec4 v0x55a4030981d0_0, 0, 16;
    %jmp T_0.8;
T_0.6 ;
    %load/vec4 v0x55a403078090_0;
    %load/vec4 v0x55a4030980f0_0;
    %xor;
    %inv;
    %store/vec4 v0x55a4030981d0_0, 0, 16;
    %jmp T_0.8;
T_0.7 ;
    %load/vec4 v0x55a403078090_0;
    %inv;
    %addi 1, 0, 16;
    %store/vec4 v0x55a4030981d0_0, 0, 16;
    %jmp T_0.8;
T_0.8 ;
    %pop/vec4 1;
    %jmp T_0;
    .thread T_0, $push;
    .scope S_0x55a403077cd0;
T_1 ;
    %pushi/vec4 10, 0, 16;
    %store/vec4 v0x55a403098450_0, 0, 16;
    %pushi/vec4 12, 0, 16;
    %store/vec4 v0x55a403098530_0, 0, 16;
    %pushi/vec4 0, 0, 3;
    %store/vec4 v0x55a403098700_0, 0, 3;
    %delay 5, 0;
    %pushi/vec4 1, 0, 3;
    %store/vec4 v0x55a403098700_0, 0, 3;
    %delay 5, 0;
    %pushi/vec4 2, 0, 3;
    %store/vec4 v0x55a403098700_0, 0, 3;
    %delay 5, 0;
    %pushi/vec4 3, 0, 3;
    %store/vec4 v0x55a403098700_0, 0, 3;
    %delay 5, 0;
    %pushi/vec4 4, 0, 3;
    %store/vec4 v0x55a403098700_0, 0, 3;
    %delay 5, 0;
    %pushi/vec4 5, 0, 3;
    %store/vec4 v0x55a403098700_0, 0, 3;
    %delay 5, 0;
    %pushi/vec4 6, 0, 3;
    %store/vec4 v0x55a403098700_0, 0, 3;
    %delay 5, 0;
    %pushi/vec4 7, 0, 3;
    %store/vec4 v0x55a403098700_0, 0, 3;
    %end;
    .thread T_1;
    .scope S_0x55a403077cd0;
T_2 ;
    %vpi_call 2 21 "$monitor", "a=%b    b=%b     res=%b", v0x55a403098450_0, v0x55a403098530_0, v0x55a403098600_0 {0 0 0};
    %end;
    .thread T_2;
# The file index is used to find the file name in the following table.
:file_names 4;
    "N/A";
    "<interactive>";
    "tb.v";
    "./main.v";
