#! /usr/local/Cellar/icarus-verilog/10.2_1/bin/vvp
:ivl_version "10.2 (stable)" "(v10_2)";
:ivl_delay_selection "TYPICAL";
:vpi_time_precision + 0;
:vpi_module "system";
:vpi_module "vhdl_sys";
:vpi_module "v2005_math";
:vpi_module "va_math";
S_0x7fb3a1c09c00 .scope module, "RegFile" "RegFile" 2 1;
 .timescale 0 0;
    .port_info 0 /INPUT 4 "read1"
    .port_info 1 /INPUT 4 "read2"
    .port_info 2 /INPUT 4 "write"
    .port_info 3 /INPUT 16 "dataToWrite"
    .port_info 4 /OUTPUT 16 "dataRead1"
    .port_info 5 /OUTPUT 16 "dataRead2"
o0x1026dd2a8 .functor BUFZ 4, C4<zzzz>; HiZ drive
L_0x10270f008 .functor BUFT 1, C4<1111>, C4<0>, C4<0>, C4<0>;
L_0x7fb3a1c1e340 .functor AND 4, o0x1026dd2a8, L_0x10270f008, C4<1111>, C4<1111>;
L_0x7fb3a1c1e590 .functor BUFZ 16, L_0x7fb3a1c1e2a0, C4<0000000000000000>, C4<0000000000000000>, C4<0000000000000000>;
o0x1026dd2d8 .functor BUFZ 4, C4<zzzz>; HiZ drive
L_0x10270f098 .functor BUFT 1, C4<1111>, C4<0>, C4<0>, C4<0>;
L_0x7fb3a1c1e740 .functor AND 4, o0x1026dd2d8, L_0x10270f098, C4<1111>, C4<1111>;
L_0x7fb3a1c1e9b0 .functor BUFZ 16, L_0x7fb3a1c1e640, C4<0000000000000000>, C4<0000000000000000>, C4<0000000000000000>;
o0x1026dd308 .functor BUFZ 1, C4<z>; HiZ drive
L_0x7fb3a1c1ea60 .functor NOT 1, o0x1026dd308, C4<0>, C4<0>, C4<0>;
v0x7fb3a1c035b0_0 .net *"_s0", 15 0, L_0x7fb3a1c1e2a0;  1 drivers
v0x7fb3a1c1d480_0 .net *"_s12", 15 0, L_0x7fb3a1c1e640;  1 drivers
v0x7fb3a1c1d520_0 .net/2u *"_s14", 3 0, L_0x10270f098;  1 drivers
v0x7fb3a1c1d5d0_0 .net *"_s16", 3 0, L_0x7fb3a1c1e740;  1 drivers
v0x7fb3a1c1d680_0 .net *"_s18", 5 0, L_0x7fb3a1c1e830;  1 drivers
v0x7fb3a1c1d770_0 .net/2u *"_s2", 3 0, L_0x10270f008;  1 drivers
L_0x10270f0e0 .functor BUFT 1, C4<00>, C4<0>, C4<0>, C4<0>;
v0x7fb3a1c1d820_0 .net *"_s21", 1 0, L_0x10270f0e0;  1 drivers
v0x7fb3a1c1d8d0_0 .net *"_s27", 0 0, L_0x7fb3a1c1ea60;  1 drivers
v0x7fb3a1c1d980_0 .net *"_s4", 3 0, L_0x7fb3a1c1e340;  1 drivers
v0x7fb3a1c1da90_0 .net *"_s6", 5 0, L_0x7fb3a1c1e430;  1 drivers
L_0x10270f050 .functor BUFT 1, C4<00>, C4<0>, C4<0>, C4<0>;
v0x7fb3a1c1db40_0 .net *"_s9", 1 0, L_0x10270f050;  1 drivers
v0x7fb3a1c1dbf0_0 .net "dataRead1", 15 0, L_0x7fb3a1c1e590;  1 drivers
v0x7fb3a1c1dca0_0 .net "dataRead2", 15 0, L_0x7fb3a1c1e9b0;  1 drivers
o0x1026dd278 .functor BUFZ 16, C4<zzzzzzzzzzzzzzzz>; HiZ drive
v0x7fb3a1c1dd50_0 .net "dataToWrite", 15 0, o0x1026dd278;  0 drivers
v0x7fb3a1c1de00 .array "imem", 15 0, 15 0;
v0x7fb3a1c1dea0_0 .net "read1", 3 0, o0x1026dd2a8;  0 drivers
v0x7fb3a1c1df50_0 .net "read2", 3 0, o0x1026dd2d8;  0 drivers
v0x7fb3a1c1e0e0_0 .net "reset", 0 0, o0x1026dd308;  0 drivers
o0x1026dd338 .functor BUFZ 4, C4<zzzz>; HiZ drive
v0x7fb3a1c1e170_0 .net "write", 3 0, o0x1026dd338;  0 drivers
E_0x7fb3a1c04080 .event edge, L_0x7fb3a1c1ea60;
E_0x7fb3a1c04220 .event edge, v0x7fb3a1c1e0e0_0;
L_0x7fb3a1c1e2a0 .array/port v0x7fb3a1c1de00, L_0x7fb3a1c1e430;
L_0x7fb3a1c1e430 .concat [ 4 2 0 0], L_0x7fb3a1c1e340, L_0x10270f050;
L_0x7fb3a1c1e640 .array/port v0x7fb3a1c1de00, L_0x7fb3a1c1e830;
L_0x7fb3a1c1e830 .concat [ 4 2 0 0], L_0x7fb3a1c1e740, L_0x10270f0e0;
    .scope S_0x7fb3a1c09c00;
T_0 ;
    %wait E_0x7fb3a1c04220;
    %pushi/vec4 1, 0, 16;
    %ix/load 4, 0, 0;
    %flag_set/imm 4, 0;
    %store/vec4a v0x7fb3a1c1de00, 4, 0;
    %pushi/vec4 2, 0, 16;
    %ix/load 4, 1, 0;
    %flag_set/imm 4, 0;
    %store/vec4a v0x7fb3a1c1de00, 4, 0;
    %pushi/vec4 3, 0, 16;
    %ix/load 4, 2, 0;
    %flag_set/imm 4, 0;
    %store/vec4a v0x7fb3a1c1de00, 4, 0;
    %pushi/vec4 4, 0, 16;
    %ix/load 4, 3, 0;
    %flag_set/imm 4, 0;
    %store/vec4a v0x7fb3a1c1de00, 4, 0;
    %pushi/vec4 5, 0, 16;
    %ix/load 4, 4, 0;
    %flag_set/imm 4, 0;
    %store/vec4a v0x7fb3a1c1de00, 4, 0;
    %pushi/vec4 6, 0, 16;
    %ix/load 4, 5, 0;
    %flag_set/imm 4, 0;
    %store/vec4a v0x7fb3a1c1de00, 4, 0;
    %pushi/vec4 7, 0, 16;
    %ix/load 4, 6, 0;
    %flag_set/imm 4, 0;
    %store/vec4a v0x7fb3a1c1de00, 4, 0;
    %pushi/vec4 8, 0, 16;
    %ix/load 4, 7, 0;
    %flag_set/imm 4, 0;
    %store/vec4a v0x7fb3a1c1de00, 4, 0;
    %pushi/vec4 9, 0, 16;
    %ix/load 4, 8, 0;
    %flag_set/imm 4, 0;
    %store/vec4a v0x7fb3a1c1de00, 4, 0;
    %pushi/vec4 10, 0, 16;
    %ix/load 4, 9, 0;
    %flag_set/imm 4, 0;
    %store/vec4a v0x7fb3a1c1de00, 4, 0;
    %pushi/vec4 11, 0, 16;
    %ix/load 4, 10, 0;
    %flag_set/imm 4, 0;
    %store/vec4a v0x7fb3a1c1de00, 4, 0;
    %pushi/vec4 12, 0, 16;
    %ix/load 4, 11, 0;
    %flag_set/imm 4, 0;
    %store/vec4a v0x7fb3a1c1de00, 4, 0;
    %pushi/vec4 13, 0, 16;
    %ix/load 4, 12, 0;
    %flag_set/imm 4, 0;
    %store/vec4a v0x7fb3a1c1de00, 4, 0;
    %pushi/vec4 14, 0, 16;
    %ix/load 4, 13, 0;
    %flag_set/imm 4, 0;
    %store/vec4a v0x7fb3a1c1de00, 4, 0;
    %pushi/vec4 15, 0, 16;
    %ix/load 4, 14, 0;
    %flag_set/imm 4, 0;
    %store/vec4a v0x7fb3a1c1de00, 4, 0;
    %pushi/vec4 0, 0, 16;
    %ix/load 4, 15, 0;
    %flag_set/imm 4, 0;
    %store/vec4a v0x7fb3a1c1de00, 4, 0;
    %jmp T_0;
    .thread T_0, $push;
    .scope S_0x7fb3a1c09c00;
T_1 ;
    %wait E_0x7fb3a1c04080;
    %load/vec4 v0x7fb3a1c1dd50_0;
    %load/vec4 v0x7fb3a1c1e170_0;
    %pushi/vec4 15, 0, 4;
    %and;
    %pad/u 6;
    %ix/vec4 4;
    %store/vec4a v0x7fb3a1c1de00, 4, 0;
    %jmp T_1;
    .thread T_1, $push;
# The file index is used to find the file name in the following table.
:file_names 3;
    "N/A";
    "<interactive>";
    "Main.v";
