#! /usr/bin/vvp
:ivl_version "10.3 (stable)";
:ivl_delay_selection "TYPICAL";
:vpi_time_precision + 0;
:vpi_module "system";
:vpi_module "vhdl_sys";
:vpi_module "v2005_math";
:vpi_module "va_math";
S_0x55d137d96a30 .scope module, "top" "top" 2 3;
 .timescale 0 0;
v0x55d137db7940_0 .var "address", 15 0;
v0x55d137db7a20_0 .var "clk", 0 0;
v0x55d137db7ac0_0 .net "readdata", 15 0, v0x55d137db6cc0_0;  1 drivers
v0x55d137db7b60_0 .net "readhitmiss", 0 0, v0x55d137db6da0_0;  1 drivers
v0x55d137db7c00_0 .var "readwriteEn", 0 0;
v0x55d137db7ca0_0 .var "writedata", 15 0;
v0x55d137db7d70_0 .net "writehitmiss", 0 0, v0x55d137db7500_0;  1 drivers
S_0x55d137d96bb0 .scope module, "ins" "InsCache" 2 13, 3 3 0, S_0x55d137d96a30;
 .timescale 0 0;
    .port_info 0 /INPUT 1 "clk"
    .port_info 1 /INPUT 16 "address"
    .port_info 2 /INPUT 1 "readwriteEn"
    .port_info 3 /INPUT 16 "writedata"
    .port_info 4 /OUTPUT 1 "readhitmiss"
    .port_info 5 /OUTPUT 1 "writehitmiss"
    .port_info 6 /OUTPUT 16 "readdata"
v0x55d137d95890 .array "CacheData", 0 1023, 127 0;
v0x55d137d95930 .array "MemoryData", 0 65535, 15 0;
v0x55d137d826e0_0 .net "address", 15 0, v0x55d137db7940_0;  1 drivers
v0x55d137db6a10_0 .net "clk", 0 0, v0x55d137db7a20_0;  1 drivers
v0x55d137db6ad0_0 .var "dirty", 1023 0;
v0x55d137db6c00_0 .var "readcomparator", 0 0;
v0x55d137db6cc0_0 .var "readdata", 15 0;
v0x55d137db6da0_0 .var "readhitmiss", 0 0;
v0x55d137db6e60_0 .net "readoff", 2 0, L_0x55d137db81d0;  1 drivers
v0x55d137db6f40_0 .net "readset", 9 0, L_0x55d137db8000;  1 drivers
v0x55d137db7020_0 .net "readtag", 2 0, L_0x55d137db7e40;  1 drivers
v0x55d137db7100_0 .net "readwriteEn", 0 0, v0x55d137db7c00_0;  1 drivers
v0x55d137db71c0 .array "tag", 0 1023, 2 0;
v0x55d137db7280_0 .var "valid", 1023 0;
v0x55d137db7360_0 .var "writecomparator", 0 0;
v0x55d137db7420_0 .net "writedata", 15 0, v0x55d137db7ca0_0;  1 drivers
v0x55d137db7500_0 .var "writehitmiss", 0 0;
v0x55d137db75c0_0 .net "writeoff", 2 0, L_0x55d137db82a0;  1 drivers
v0x55d137db76a0_0 .net "writeset", 9 0, L_0x55d137db80d0;  1 drivers
v0x55d137db7780_0 .net "writetag", 2 0, L_0x55d137db7f60;  1 drivers
E_0x55d137d42480 .event edge, v0x55d137db6a10_0;
L_0x55d137db7e40 .part v0x55d137db7940_0, 13, 3;
L_0x55d137db7f60 .part v0x55d137db7940_0, 13, 3;
L_0x55d137db8000 .part v0x55d137db7940_0, 3, 10;
L_0x55d137db80d0 .part v0x55d137db7940_0, 3, 10;
L_0x55d137db81d0 .part v0x55d137db7940_0, 0, 3;
L_0x55d137db82a0 .part v0x55d137db7940_0, 0, 3;
    .scope S_0x55d137d96bb0;
T_0 ;
    %pushi/vec4 0, 0, 1024;
    %assign/vec4 v0x55d137db7280_0, 0;
    %pushi/vec4 0, 0, 1024;
    %assign/vec4 v0x55d137db6ad0_0, 0;
    %pushi/vec4 0, 0, 1024;
    %ix/load 3, 0, 0;
    %flag_set/imm 4, 0;
    %ix/load 4, 0, 0; Constant delay
    %assign/vec4/a/d v0x55d137db71c0, 0, 4;
    %pushi/vec4 0, 0, 1024;
    %ix/load 3, 1, 0;
    %flag_set/imm 4, 0;
    %ix/load 4, 0, 0; Constant delay
    %assign/vec4/a/d v0x55d137db71c0, 0, 4;
    %pushi/vec4 0, 0, 1024;
    %ix/load 3, 2, 0;
    %flag_set/imm 4, 0;
    %ix/load 4, 0, 0; Constant delay
    %assign/vec4/a/d v0x55d137db71c0, 0, 4;
    %end;
    .thread T_0;
    .scope S_0x55d137d96bb0;
T_1 ;
    %wait E_0x55d137d42480;
    %load/vec4 v0x55d137db7020_0;
    %parti/s 1, 2, 3;
    %load/vec4 v0x55d137db6f40_0;
    %pad/u 12;
    %ix/vec4 4;
    %load/vec4a v0x55d137db71c0, 4;
    %parti/s 1, 2, 3;
    %xor;
    %nor/r;
    %load/vec4 v0x55d137db7020_0;
    %parti/s 1, 1, 2;
    %load/vec4 v0x55d137db6f40_0;
    %pad/u 12;
    %ix/vec4 4;
    %load/vec4a v0x55d137db71c0, 4;
    %parti/s 1, 1, 2;
    %xor;
    %nor/r;
    %and;
    %load/vec4 v0x55d137db7020_0;
    %parti/s 1, 0, 2;
    %load/vec4 v0x55d137db6f40_0;
    %pad/u 12;
    %ix/vec4 4;
    %load/vec4a v0x55d137db71c0, 4;
    %parti/s 1, 0, 2;
    %xor;
    %nor/r;
    %and;
    %assign/vec4 v0x55d137db6c00_0, 0;
    %load/vec4 v0x55d137db6c00_0;
    %load/vec4 v0x55d137db7280_0;
    %load/vec4 v0x55d137db6f40_0;
    %part/u 1;
    %and;
    %assign/vec4 v0x55d137db6da0_0, 0;
    %load/vec4 v0x55d137db7780_0;
    %parti/s 1, 2, 3;
    %load/vec4 v0x55d137db76a0_0;
    %pad/u 12;
    %ix/vec4 4;
    %load/vec4a v0x55d137db71c0, 4;
    %parti/s 1, 2, 3;
    %xor;
    %nor/r;
    %load/vec4 v0x55d137db7780_0;
    %parti/s 1, 1, 2;
    %load/vec4 v0x55d137db76a0_0;
    %pad/u 12;
    %ix/vec4 4;
    %load/vec4a v0x55d137db71c0, 4;
    %parti/s 1, 1, 2;
    %xor;
    %nor/r;
    %and;
    %load/vec4 v0x55d137db7780_0;
    %parti/s 1, 0, 2;
    %load/vec4 v0x55d137db76a0_0;
    %pad/u 12;
    %ix/vec4 4;
    %load/vec4a v0x55d137db71c0, 4;
    %parti/s 1, 0, 2;
    %xor;
    %nor/r;
    %and;
    %assign/vec4 v0x55d137db7360_0, 0;
    %load/vec4 v0x55d137db7360_0;
    %load/vec4 v0x55d137db7280_0;
    %load/vec4 v0x55d137db76a0_0;
    %part/u 1;
    %and;
    %assign/vec4 v0x55d137db7500_0, 0;
    %load/vec4 v0x55d137db6da0_0;
    %pushi/vec4 1, 0, 1;
    %cmp/e;
    %flag_get/vec4 4;
    %load/vec4 v0x55d137db7100_0;
    %pushi/vec4 0, 0, 1;
    %cmp/e;
    %flag_get/vec4 4;
    %and;
    %flag_set/vec4 8;
    %jmp/0xz  T_1.0, 8;
    %load/vec4 v0x55d137db6e60_0;
    %cmpi/e 0, 0, 3;
    %jmp/0xz  T_1.2, 4;
    %load/vec4 v0x55d137db6f40_0;
    %pad/u 12;
    %ix/vec4 4;
    %load/vec4a v0x55d137d95890, 4;
    %parti/s 16, 0, 2;
    %store/vec4 v0x55d137db6cc0_0, 0, 16;
    %jmp T_1.3;
T_1.2 ;
    %load/vec4 v0x55d137db6e60_0;
    %cmpi/e 1, 0, 3;
    %jmp/0xz  T_1.4, 4;
    %load/vec4 v0x55d137db6f40_0;
    %pad/u 12;
    %ix/vec4 4;
    %load/vec4a v0x55d137d95890, 4;
    %parti/s 16, 16, 6;
    %store/vec4 v0x55d137db6cc0_0, 0, 16;
    %jmp T_1.5;
T_1.4 ;
    %load/vec4 v0x55d137db6e60_0;
    %cmpi/e 2, 0, 3;
    %jmp/0xz  T_1.6, 4;
    %load/vec4 v0x55d137db6f40_0;
    %pad/u 12;
    %ix/vec4 4;
    %load/vec4a v0x55d137d95890, 4;
    %parti/s 16, 32, 7;
    %store/vec4 v0x55d137db6cc0_0, 0, 16;
    %jmp T_1.7;
T_1.6 ;
    %load/vec4 v0x55d137db6e60_0;
    %cmpi/e 3, 0, 3;
    %jmp/0xz  T_1.8, 4;
    %load/vec4 v0x55d137db6f40_0;
    %pad/u 12;
    %ix/vec4 4;
    %load/vec4a v0x55d137d95890, 4;
    %parti/s 16, 48, 7;
    %store/vec4 v0x55d137db6cc0_0, 0, 16;
    %jmp T_1.9;
T_1.8 ;
    %load/vec4 v0x55d137db6e60_0;
    %cmpi/e 4, 0, 3;
    %jmp/0xz  T_1.10, 4;
    %load/vec4 v0x55d137db6f40_0;
    %pad/u 12;
    %ix/vec4 4;
    %load/vec4a v0x55d137d95890, 4;
    %parti/s 16, 64, 8;
    %store/vec4 v0x55d137db6cc0_0, 0, 16;
    %jmp T_1.11;
T_1.10 ;
    %load/vec4 v0x55d137db6e60_0;
    %cmpi/e 5, 0, 3;
    %jmp/0xz  T_1.12, 4;
    %load/vec4 v0x55d137db6f40_0;
    %pad/u 12;
    %ix/vec4 4;
    %load/vec4a v0x55d137d95890, 4;
    %parti/s 16, 80, 8;
    %store/vec4 v0x55d137db6cc0_0, 0, 16;
    %jmp T_1.13;
T_1.12 ;
    %load/vec4 v0x55d137db6e60_0;
    %cmpi/e 6, 0, 3;
    %jmp/0xz  T_1.14, 4;
    %load/vec4 v0x55d137db6f40_0;
    %pad/u 12;
    %ix/vec4 4;
    %load/vec4a v0x55d137d95890, 4;
    %parti/s 16, 96, 8;
    %store/vec4 v0x55d137db6cc0_0, 0, 16;
    %jmp T_1.15;
T_1.14 ;
    %load/vec4 v0x55d137db6e60_0;
    %cmpi/e 7, 0, 3;
    %jmp/0xz  T_1.16, 4;
    %load/vec4 v0x55d137db6f40_0;
    %pad/u 12;
    %ix/vec4 4;
    %load/vec4a v0x55d137d95890, 4;
    %parti/s 16, 112, 8;
    %store/vec4 v0x55d137db6cc0_0, 0, 16;
T_1.16 ;
T_1.15 ;
T_1.13 ;
T_1.11 ;
T_1.9 ;
T_1.7 ;
T_1.5 ;
T_1.3 ;
    %jmp T_1.1;
T_1.0 ;
    %load/vec4 v0x55d137db6da0_0;
    %pushi/vec4 0, 0, 1;
    %cmp/e;
    %flag_get/vec4 4;
    %load/vec4 v0x55d137db7100_0;
    %pushi/vec4 0, 0, 1;
    %cmp/e;
    %flag_get/vec4 4;
    %and;
    %flag_set/vec4 8;
    %jmp/0xz  T_1.18, 8;
    %load/vec4 v0x55d137db6ad0_0;
    %load/vec4 v0x55d137db6f40_0;
    %part/u 1;
    %cmpi/e 1, 0, 1;
    %jmp/0xz  T_1.20, 4;
    %load/vec4 v0x55d137db6f40_0;
    %pad/u 12;
    %ix/vec4 4;
    %load/vec4a v0x55d137d95890, 4;
    %parti/s 16, 0, 2;
    %load/vec4 v0x55d137db6f40_0;
    %pad/u 12;
    %ix/vec4 5;
    %load/vec4a v0x55d137db71c0, 5;
    %load/vec4 v0x55d137db6f40_0;
    %concat/vec4; draw_concat_vec4
    %concati/vec4 0, 0, 3;
    %pad/u 18;
    %ix/vec4 4;
    %store/vec4a v0x55d137d95930, 4, 0;
    %load/vec4 v0x55d137db6f40_0;
    %pad/u 12;
    %ix/vec4 4;
    %load/vec4a v0x55d137d95890, 4;
    %parti/s 16, 16, 6;
    %load/vec4 v0x55d137db6f40_0;
    %pad/u 12;
    %ix/vec4 5;
    %load/vec4a v0x55d137db71c0, 5;
    %load/vec4 v0x55d137db6f40_0;
    %concat/vec4; draw_concat_vec4
    %concati/vec4 1, 0, 3;
    %pad/u 18;
    %ix/vec4 4;
    %store/vec4a v0x55d137d95930, 4, 0;
    %load/vec4 v0x55d137db6f40_0;
    %pad/u 12;
    %ix/vec4 4;
    %load/vec4a v0x55d137d95890, 4;
    %parti/s 16, 32, 7;
    %load/vec4 v0x55d137db6f40_0;
    %pad/u 12;
    %ix/vec4 5;
    %load/vec4a v0x55d137db71c0, 5;
    %load/vec4 v0x55d137db6f40_0;
    %concat/vec4; draw_concat_vec4
    %concati/vec4 2, 0, 3;
    %pad/u 18;
    %ix/vec4 4;
    %store/vec4a v0x55d137d95930, 4, 0;
    %load/vec4 v0x55d137db6f40_0;
    %pad/u 12;
    %ix/vec4 4;
    %load/vec4a v0x55d137d95890, 4;
    %parti/s 16, 48, 7;
    %load/vec4 v0x55d137db6f40_0;
    %pad/u 12;
    %ix/vec4 5;
    %load/vec4a v0x55d137db71c0, 5;
    %load/vec4 v0x55d137db6f40_0;
    %concat/vec4; draw_concat_vec4
    %concati/vec4 3, 0, 3;
    %pad/u 18;
    %ix/vec4 4;
    %store/vec4a v0x55d137d95930, 4, 0;
    %load/vec4 v0x55d137db6f40_0;
    %pad/u 12;
    %ix/vec4 4;
    %load/vec4a v0x55d137d95890, 4;
    %parti/s 16, 64, 8;
    %load/vec4 v0x55d137db6f40_0;
    %pad/u 12;
    %ix/vec4 5;
    %load/vec4a v0x55d137db71c0, 5;
    %load/vec4 v0x55d137db6f40_0;
    %concat/vec4; draw_concat_vec4
    %concati/vec4 4, 0, 3;
    %pad/u 18;
    %ix/vec4 4;
    %store/vec4a v0x55d137d95930, 4, 0;
    %load/vec4 v0x55d137db6f40_0;
    %pad/u 12;
    %ix/vec4 4;
    %load/vec4a v0x55d137d95890, 4;
    %parti/s 16, 80, 8;
    %load/vec4 v0x55d137db6f40_0;
    %pad/u 12;
    %ix/vec4 5;
    %load/vec4a v0x55d137db71c0, 5;
    %load/vec4 v0x55d137db6f40_0;
    %concat/vec4; draw_concat_vec4
    %concati/vec4 5, 0, 3;
    %pad/u 18;
    %ix/vec4 4;
    %store/vec4a v0x55d137d95930, 4, 0;
    %load/vec4 v0x55d137db6f40_0;
    %pad/u 12;
    %ix/vec4 4;
    %load/vec4a v0x55d137d95890, 4;
    %parti/s 16, 96, 8;
    %load/vec4 v0x55d137db6f40_0;
    %pad/u 12;
    %ix/vec4 5;
    %load/vec4a v0x55d137db71c0, 5;
    %load/vec4 v0x55d137db6f40_0;
    %concat/vec4; draw_concat_vec4
    %concati/vec4 6, 0, 3;
    %pad/u 18;
    %ix/vec4 4;
    %store/vec4a v0x55d137d95930, 4, 0;
    %load/vec4 v0x55d137db6f40_0;
    %pad/u 12;
    %ix/vec4 4;
    %load/vec4a v0x55d137d95890, 4;
    %parti/s 16, 112, 8;
    %load/vec4 v0x55d137db6f40_0;
    %pad/u 12;
    %ix/vec4 5;
    %load/vec4a v0x55d137db71c0, 5;
    %load/vec4 v0x55d137db6f40_0;
    %concat/vec4; draw_concat_vec4
    %concati/vec4 7, 0, 3;
    %pad/u 18;
    %ix/vec4 4;
    %store/vec4a v0x55d137d95930, 4, 0;
    %pushi/vec4 0, 0, 1;
    %ix/getv 4, v0x55d137db6f40_0;
    %store/vec4 v0x55d137db6ad0_0, 4, 1;
T_1.20 ;
    %load/vec4 v0x55d137db7020_0;
    %load/vec4 v0x55d137db6f40_0;
    %concat/vec4; draw_concat_vec4
    %concati/vec4 0, 0, 3;
    %pad/u 18;
    %ix/vec4 4;
    %load/vec4a v0x55d137d95930, 4;
    %load/vec4 v0x55d137db6f40_0;
    %pad/u 12;
    %ix/vec4 4;
    %flag_mov 8, 4;
    %ix/load 5, 0, 0;
    %flag_set/imm 4, 0;
    %flag_or 4, 8;
    %store/vec4a v0x55d137d95890, 4, 5;
    %load/vec4 v0x55d137db7020_0;
    %load/vec4 v0x55d137db6f40_0;
    %concat/vec4; draw_concat_vec4
    %concati/vec4 1, 0, 3;
    %pad/u 18;
    %ix/vec4 4;
    %load/vec4a v0x55d137d95930, 4;
    %load/vec4 v0x55d137db6f40_0;
    %pad/u 12;
    %ix/vec4 4;
    %flag_mov 8, 4;
    %ix/load 5, 16, 0;
    %flag_set/imm 4, 0;
    %flag_or 4, 8;
    %store/vec4a v0x55d137d95890, 4, 5;
    %load/vec4 v0x55d137db7020_0;
    %load/vec4 v0x55d137db6f40_0;
    %concat/vec4; draw_concat_vec4
    %concati/vec4 2, 0, 3;
    %pad/u 18;
    %ix/vec4 4;
    %load/vec4a v0x55d137d95930, 4;
    %load/vec4 v0x55d137db6f40_0;
    %pad/u 12;
    %ix/vec4 4;
    %flag_mov 8, 4;
    %ix/load 5, 32, 0;
    %flag_set/imm 4, 0;
    %flag_or 4, 8;
    %store/vec4a v0x55d137d95890, 4, 5;
    %load/vec4 v0x55d137db7020_0;
    %load/vec4 v0x55d137db6f40_0;
    %concat/vec4; draw_concat_vec4
    %concati/vec4 3, 0, 3;
    %pad/u 18;
    %ix/vec4 4;
    %load/vec4a v0x55d137d95930, 4;
    %load/vec4 v0x55d137db6f40_0;
    %pad/u 12;
    %ix/vec4 4;
    %flag_mov 8, 4;
    %ix/load 5, 48, 0;
    %flag_set/imm 4, 0;
    %flag_or 4, 8;
    %store/vec4a v0x55d137d95890, 4, 5;
    %load/vec4 v0x55d137db7020_0;
    %load/vec4 v0x55d137db6f40_0;
    %concat/vec4; draw_concat_vec4
    %concati/vec4 4, 0, 3;
    %pad/u 18;
    %ix/vec4 4;
    %load/vec4a v0x55d137d95930, 4;
    %load/vec4 v0x55d137db6f40_0;
    %pad/u 12;
    %ix/vec4 4;
    %flag_mov 8, 4;
    %ix/load 5, 64, 0;
    %flag_set/imm 4, 0;
    %flag_or 4, 8;
    %store/vec4a v0x55d137d95890, 4, 5;
    %load/vec4 v0x55d137db7020_0;
    %load/vec4 v0x55d137db6f40_0;
    %concat/vec4; draw_concat_vec4
    %concati/vec4 5, 0, 3;
    %pad/u 18;
    %ix/vec4 4;
    %load/vec4a v0x55d137d95930, 4;
    %load/vec4 v0x55d137db6f40_0;
    %pad/u 12;
    %ix/vec4 4;
    %flag_mov 8, 4;
    %ix/load 5, 80, 0;
    %flag_set/imm 4, 0;
    %flag_or 4, 8;
    %store/vec4a v0x55d137d95890, 4, 5;
    %load/vec4 v0x55d137db7020_0;
    %load/vec4 v0x55d137db6f40_0;
    %concat/vec4; draw_concat_vec4
    %concati/vec4 6, 0, 3;
    %pad/u 18;
    %ix/vec4 4;
    %load/vec4a v0x55d137d95930, 4;
    %load/vec4 v0x55d137db6f40_0;
    %pad/u 12;
    %ix/vec4 4;
    %flag_mov 8, 4;
    %ix/load 5, 96, 0;
    %flag_set/imm 4, 0;
    %flag_or 4, 8;
    %store/vec4a v0x55d137d95890, 4, 5;
    %load/vec4 v0x55d137db7020_0;
    %load/vec4 v0x55d137db6f40_0;
    %concat/vec4; draw_concat_vec4
    %concati/vec4 7, 0, 3;
    %pad/u 18;
    %ix/vec4 4;
    %load/vec4a v0x55d137d95930, 4;
    %load/vec4 v0x55d137db6f40_0;
    %pad/u 12;
    %ix/vec4 4;
    %flag_mov 8, 4;
    %ix/load 5, 112, 0;
    %flag_set/imm 4, 0;
    %flag_or 4, 8;
    %store/vec4a v0x55d137d95890, 4, 5;
    %load/vec4 v0x55d137db7020_0;
    %load/vec4 v0x55d137db6f40_0;
    %pad/u 12;
    %ix/vec4 4;
    %store/vec4a v0x55d137db71c0, 4, 0;
    %pushi/vec4 1, 0, 1;
    %ix/getv 4, v0x55d137db6f40_0;
    %store/vec4 v0x55d137db7280_0, 4, 1;
    %load/vec4 v0x55d137db6e60_0;
    %cmpi/e 0, 0, 3;
    %jmp/0xz  T_1.22, 4;
    %load/vec4 v0x55d137db6f40_0;
    %pad/u 12;
    %ix/vec4 4;
    %load/vec4a v0x55d137d95890, 4;
    %parti/s 16, 0, 2;
    %store/vec4 v0x55d137db6cc0_0, 0, 16;
    %jmp T_1.23;
T_1.22 ;
    %load/vec4 v0x55d137db6e60_0;
    %cmpi/e 1, 0, 3;
    %jmp/0xz  T_1.24, 4;
    %load/vec4 v0x55d137db6f40_0;
    %pad/u 12;
    %ix/vec4 4;
    %load/vec4a v0x55d137d95890, 4;
    %parti/s 16, 16, 6;
    %store/vec4 v0x55d137db6cc0_0, 0, 16;
    %jmp T_1.25;
T_1.24 ;
    %load/vec4 v0x55d137db6e60_0;
    %cmpi/e 2, 0, 3;
    %jmp/0xz  T_1.26, 4;
    %load/vec4 v0x55d137db6f40_0;
    %pad/u 12;
    %ix/vec4 4;
    %load/vec4a v0x55d137d95890, 4;
    %parti/s 16, 32, 7;
    %store/vec4 v0x55d137db6cc0_0, 0, 16;
    %jmp T_1.27;
T_1.26 ;
    %load/vec4 v0x55d137db6e60_0;
    %cmpi/e 3, 0, 3;
    %jmp/0xz  T_1.28, 4;
    %load/vec4 v0x55d137db6f40_0;
    %pad/u 12;
    %ix/vec4 4;
    %load/vec4a v0x55d137d95890, 4;
    %parti/s 16, 48, 7;
    %store/vec4 v0x55d137db6cc0_0, 0, 16;
    %jmp T_1.29;
T_1.28 ;
    %load/vec4 v0x55d137db6e60_0;
    %cmpi/e 4, 0, 3;
    %jmp/0xz  T_1.30, 4;
    %load/vec4 v0x55d137db6f40_0;
    %pad/u 12;
    %ix/vec4 4;
    %load/vec4a v0x55d137d95890, 4;
    %parti/s 16, 64, 8;
    %store/vec4 v0x55d137db6cc0_0, 0, 16;
    %jmp T_1.31;
T_1.30 ;
    %load/vec4 v0x55d137db6e60_0;
    %cmpi/e 5, 0, 3;
    %jmp/0xz  T_1.32, 4;
    %load/vec4 v0x55d137db6f40_0;
    %pad/u 12;
    %ix/vec4 4;
    %load/vec4a v0x55d137d95890, 4;
    %parti/s 16, 80, 8;
    %store/vec4 v0x55d137db6cc0_0, 0, 16;
    %jmp T_1.33;
T_1.32 ;
    %load/vec4 v0x55d137db6e60_0;
    %cmpi/e 6, 0, 3;
    %jmp/0xz  T_1.34, 4;
    %load/vec4 v0x55d137db6f40_0;
    %pad/u 12;
    %ix/vec4 4;
    %load/vec4a v0x55d137d95890, 4;
    %parti/s 16, 96, 8;
    %store/vec4 v0x55d137db6cc0_0, 0, 16;
    %jmp T_1.35;
T_1.34 ;
    %load/vec4 v0x55d137db6e60_0;
    %cmpi/e 7, 0, 3;
    %jmp/0xz  T_1.36, 4;
    %load/vec4 v0x55d137db6f40_0;
    %pad/u 12;
    %ix/vec4 4;
    %load/vec4a v0x55d137d95890, 4;
    %parti/s 16, 112, 8;
    %store/vec4 v0x55d137db6cc0_0, 0, 16;
T_1.36 ;
T_1.35 ;
T_1.33 ;
T_1.31 ;
T_1.29 ;
T_1.27 ;
T_1.25 ;
T_1.23 ;
    %jmp T_1.19;
T_1.18 ;
    %load/vec4 v0x55d137db7500_0;
    %pushi/vec4 1, 0, 1;
    %cmp/e;
    %flag_get/vec4 4;
    %load/vec4 v0x55d137db7100_0;
    %pushi/vec4 1, 0, 1;
    %cmp/e;
    %flag_get/vec4 4;
    %and;
    %flag_set/vec4 8;
    %jmp/0xz  T_1.38, 8;
    %load/vec4 v0x55d137db75c0_0;
    %cmpi/e 0, 0, 3;
    %jmp/0xz  T_1.40, 4;
    %load/vec4 v0x55d137db7420_0;
    %load/vec4 v0x55d137db76a0_0;
    %pad/u 12;
    %ix/vec4 4;
    %flag_mov 8, 4;
    %ix/load 5, 0, 0;
    %flag_set/imm 4, 0;
    %flag_or 4, 8;
    %store/vec4a v0x55d137d95890, 4, 5;
    %jmp T_1.41;
T_1.40 ;
    %load/vec4 v0x55d137db75c0_0;
    %cmpi/e 1, 0, 3;
    %jmp/0xz  T_1.42, 4;
    %load/vec4 v0x55d137db7420_0;
    %load/vec4 v0x55d137db76a0_0;
    %pad/u 12;
    %ix/vec4 4;
    %flag_mov 8, 4;
    %ix/load 5, 16, 0;
    %flag_set/imm 4, 0;
    %flag_or 4, 8;
    %store/vec4a v0x55d137d95890, 4, 5;
    %jmp T_1.43;
T_1.42 ;
    %load/vec4 v0x55d137db75c0_0;
    %cmpi/e 2, 0, 3;
    %jmp/0xz  T_1.44, 4;
    %load/vec4 v0x55d137db7420_0;
    %load/vec4 v0x55d137db76a0_0;
    %pad/u 12;
    %ix/vec4 4;
    %flag_mov 8, 4;
    %ix/load 5, 32, 0;
    %flag_set/imm 4, 0;
    %flag_or 4, 8;
    %store/vec4a v0x55d137d95890, 4, 5;
    %jmp T_1.45;
T_1.44 ;
    %load/vec4 v0x55d137db75c0_0;
    %cmpi/e 3, 0, 3;
    %jmp/0xz  T_1.46, 4;
    %load/vec4 v0x55d137db7420_0;
    %load/vec4 v0x55d137db76a0_0;
    %pad/u 12;
    %ix/vec4 4;
    %flag_mov 8, 4;
    %ix/load 5, 48, 0;
    %flag_set/imm 4, 0;
    %flag_or 4, 8;
    %store/vec4a v0x55d137d95890, 4, 5;
    %jmp T_1.47;
T_1.46 ;
    %load/vec4 v0x55d137db75c0_0;
    %cmpi/e 4, 0, 3;
    %jmp/0xz  T_1.48, 4;
    %load/vec4 v0x55d137db7420_0;
    %load/vec4 v0x55d137db76a0_0;
    %pad/u 12;
    %ix/vec4 4;
    %flag_mov 8, 4;
    %ix/load 5, 64, 0;
    %flag_set/imm 4, 0;
    %flag_or 4, 8;
    %store/vec4a v0x55d137d95890, 4, 5;
    %jmp T_1.49;
T_1.48 ;
    %load/vec4 v0x55d137db75c0_0;
    %cmpi/e 5, 0, 3;
    %jmp/0xz  T_1.50, 4;
    %load/vec4 v0x55d137db7420_0;
    %load/vec4 v0x55d137db76a0_0;
    %pad/u 12;
    %ix/vec4 4;
    %flag_mov 8, 4;
    %ix/load 5, 80, 0;
    %flag_set/imm 4, 0;
    %flag_or 4, 8;
    %store/vec4a v0x55d137d95890, 4, 5;
    %jmp T_1.51;
T_1.50 ;
    %load/vec4 v0x55d137db75c0_0;
    %cmpi/e 6, 0, 3;
    %jmp/0xz  T_1.52, 4;
    %load/vec4 v0x55d137db7420_0;
    %load/vec4 v0x55d137db76a0_0;
    %pad/u 12;
    %ix/vec4 4;
    %flag_mov 8, 4;
    %ix/load 5, 96, 0;
    %flag_set/imm 4, 0;
    %flag_or 4, 8;
    %store/vec4a v0x55d137d95890, 4, 5;
    %jmp T_1.53;
T_1.52 ;
    %load/vec4 v0x55d137db75c0_0;
    %cmpi/e 7, 0, 3;
    %jmp/0xz  T_1.54, 4;
    %load/vec4 v0x55d137db7420_0;
    %load/vec4 v0x55d137db76a0_0;
    %pad/u 12;
    %ix/vec4 4;
    %flag_mov 8, 4;
    %ix/load 5, 112, 0;
    %flag_set/imm 4, 0;
    %flag_or 4, 8;
    %store/vec4a v0x55d137d95890, 4, 5;
T_1.54 ;
T_1.53 ;
T_1.51 ;
T_1.49 ;
T_1.47 ;
T_1.45 ;
T_1.43 ;
T_1.41 ;
    %pushi/vec4 1, 0, 1;
    %ix/getv 4, v0x55d137db76a0_0;
    %store/vec4 v0x55d137db6ad0_0, 4, 1;
    %pushi/vec4 1, 0, 1;
    %ix/getv 4, v0x55d137db76a0_0;
    %store/vec4 v0x55d137db7280_0, 4, 1;
    %jmp T_1.39;
T_1.38 ;
    %load/vec4 v0x55d137db7500_0;
    %pushi/vec4 0, 0, 1;
    %cmp/e;
    %flag_get/vec4 4;
    %load/vec4 v0x55d137db7100_0;
    %pushi/vec4 1, 0, 1;
    %cmp/e;
    %flag_get/vec4 4;
    %and;
    %flag_set/vec4 8;
    %jmp/0xz  T_1.56, 8;
    %load/vec4 v0x55d137db6ad0_0;
    %load/vec4 v0x55d137db76a0_0;
    %part/u 1;
    %cmpi/e 1, 0, 1;
    %jmp/0xz  T_1.58, 4;
    %load/vec4 v0x55d137db76a0_0;
    %pad/u 12;
    %ix/vec4 4;
    %load/vec4a v0x55d137d95890, 4;
    %parti/s 16, 0, 2;
    %load/vec4 v0x55d137db76a0_0;
    %pad/u 12;
    %ix/vec4 5;
    %load/vec4a v0x55d137db71c0, 5;
    %load/vec4 v0x55d137db76a0_0;
    %concat/vec4; draw_concat_vec4
    %concati/vec4 0, 0, 3;
    %pad/u 18;
    %ix/vec4 4;
    %store/vec4a v0x55d137d95930, 4, 0;
    %load/vec4 v0x55d137db76a0_0;
    %pad/u 12;
    %ix/vec4 4;
    %load/vec4a v0x55d137d95890, 4;
    %parti/s 16, 16, 6;
    %load/vec4 v0x55d137db76a0_0;
    %pad/u 12;
    %ix/vec4 5;
    %load/vec4a v0x55d137db71c0, 5;
    %load/vec4 v0x55d137db76a0_0;
    %concat/vec4; draw_concat_vec4
    %concati/vec4 1, 0, 3;
    %pad/u 18;
    %ix/vec4 4;
    %store/vec4a v0x55d137d95930, 4, 0;
    %load/vec4 v0x55d137db76a0_0;
    %pad/u 12;
    %ix/vec4 4;
    %load/vec4a v0x55d137d95890, 4;
    %parti/s 16, 32, 7;
    %load/vec4 v0x55d137db76a0_0;
    %pad/u 12;
    %ix/vec4 5;
    %load/vec4a v0x55d137db71c0, 5;
    %load/vec4 v0x55d137db76a0_0;
    %concat/vec4; draw_concat_vec4
    %concati/vec4 2, 0, 3;
    %pad/u 18;
    %ix/vec4 4;
    %store/vec4a v0x55d137d95930, 4, 0;
    %load/vec4 v0x55d137db76a0_0;
    %pad/u 12;
    %ix/vec4 4;
    %load/vec4a v0x55d137d95890, 4;
    %parti/s 16, 48, 7;
    %load/vec4 v0x55d137db76a0_0;
    %pad/u 12;
    %ix/vec4 5;
    %load/vec4a v0x55d137db71c0, 5;
    %load/vec4 v0x55d137db76a0_0;
    %concat/vec4; draw_concat_vec4
    %concati/vec4 3, 0, 3;
    %pad/u 18;
    %ix/vec4 4;
    %store/vec4a v0x55d137d95930, 4, 0;
    %load/vec4 v0x55d137db76a0_0;
    %pad/u 12;
    %ix/vec4 4;
    %load/vec4a v0x55d137d95890, 4;
    %parti/s 16, 64, 8;
    %load/vec4 v0x55d137db76a0_0;
    %pad/u 12;
    %ix/vec4 5;
    %load/vec4a v0x55d137db71c0, 5;
    %load/vec4 v0x55d137db76a0_0;
    %concat/vec4; draw_concat_vec4
    %concati/vec4 4, 0, 3;
    %pad/u 18;
    %ix/vec4 4;
    %store/vec4a v0x55d137d95930, 4, 0;
    %load/vec4 v0x55d137db76a0_0;
    %pad/u 12;
    %ix/vec4 4;
    %load/vec4a v0x55d137d95890, 4;
    %parti/s 16, 80, 8;
    %load/vec4 v0x55d137db76a0_0;
    %pad/u 12;
    %ix/vec4 5;
    %load/vec4a v0x55d137db71c0, 5;
    %load/vec4 v0x55d137db76a0_0;
    %concat/vec4; draw_concat_vec4
    %concati/vec4 5, 0, 3;
    %pad/u 18;
    %ix/vec4 4;
    %store/vec4a v0x55d137d95930, 4, 0;
    %load/vec4 v0x55d137db76a0_0;
    %pad/u 12;
    %ix/vec4 4;
    %load/vec4a v0x55d137d95890, 4;
    %parti/s 16, 96, 8;
    %load/vec4 v0x55d137db76a0_0;
    %pad/u 12;
    %ix/vec4 5;
    %load/vec4a v0x55d137db71c0, 5;
    %load/vec4 v0x55d137db76a0_0;
    %concat/vec4; draw_concat_vec4
    %concati/vec4 6, 0, 3;
    %pad/u 18;
    %ix/vec4 4;
    %store/vec4a v0x55d137d95930, 4, 0;
    %load/vec4 v0x55d137db76a0_0;
    %pad/u 12;
    %ix/vec4 4;
    %load/vec4a v0x55d137d95890, 4;
    %parti/s 16, 112, 8;
    %load/vec4 v0x55d137db76a0_0;
    %pad/u 12;
    %ix/vec4 5;
    %load/vec4a v0x55d137db71c0, 5;
    %load/vec4 v0x55d137db76a0_0;
    %concat/vec4; draw_concat_vec4
    %concati/vec4 7, 0, 3;
    %pad/u 18;
    %ix/vec4 4;
    %store/vec4a v0x55d137d95930, 4, 0;
    %pushi/vec4 0, 0, 1;
    %ix/getv 4, v0x55d137db76a0_0;
    %store/vec4 v0x55d137db6ad0_0, 4, 1;
T_1.58 ;
    %load/vec4 v0x55d137db7780_0;
    %load/vec4 v0x55d137db76a0_0;
    %concat/vec4; draw_concat_vec4
    %concati/vec4 0, 0, 3;
    %pad/u 18;
    %ix/vec4 4;
    %load/vec4a v0x55d137d95930, 4;
    %load/vec4 v0x55d137db76a0_0;
    %pad/u 12;
    %ix/vec4 4;
    %flag_mov 8, 4;
    %ix/load 5, 0, 0;
    %flag_set/imm 4, 0;
    %flag_or 4, 8;
    %store/vec4a v0x55d137d95890, 4, 5;
    %load/vec4 v0x55d137db7780_0;
    %load/vec4 v0x55d137db76a0_0;
    %concat/vec4; draw_concat_vec4
    %concati/vec4 1, 0, 3;
    %pad/u 18;
    %ix/vec4 4;
    %load/vec4a v0x55d137d95930, 4;
    %load/vec4 v0x55d137db76a0_0;
    %pad/u 12;
    %ix/vec4 4;
    %flag_mov 8, 4;
    %ix/load 5, 16, 0;
    %flag_set/imm 4, 0;
    %flag_or 4, 8;
    %store/vec4a v0x55d137d95890, 4, 5;
    %load/vec4 v0x55d137db7780_0;
    %load/vec4 v0x55d137db76a0_0;
    %concat/vec4; draw_concat_vec4
    %concati/vec4 2, 0, 3;
    %pad/u 18;
    %ix/vec4 4;
    %load/vec4a v0x55d137d95930, 4;
    %load/vec4 v0x55d137db76a0_0;
    %pad/u 12;
    %ix/vec4 4;
    %flag_mov 8, 4;
    %ix/load 5, 32, 0;
    %flag_set/imm 4, 0;
    %flag_or 4, 8;
    %store/vec4a v0x55d137d95890, 4, 5;
    %load/vec4 v0x55d137db7780_0;
    %load/vec4 v0x55d137db76a0_0;
    %concat/vec4; draw_concat_vec4
    %concati/vec4 3, 0, 3;
    %pad/u 18;
    %ix/vec4 4;
    %load/vec4a v0x55d137d95930, 4;
    %load/vec4 v0x55d137db76a0_0;
    %pad/u 12;
    %ix/vec4 4;
    %flag_mov 8, 4;
    %ix/load 5, 48, 0;
    %flag_set/imm 4, 0;
    %flag_or 4, 8;
    %store/vec4a v0x55d137d95890, 4, 5;
    %load/vec4 v0x55d137db7780_0;
    %load/vec4 v0x55d137db76a0_0;
    %concat/vec4; draw_concat_vec4
    %concati/vec4 4, 0, 3;
    %pad/u 18;
    %ix/vec4 4;
    %load/vec4a v0x55d137d95930, 4;
    %load/vec4 v0x55d137db76a0_0;
    %pad/u 12;
    %ix/vec4 4;
    %flag_mov 8, 4;
    %ix/load 5, 64, 0;
    %flag_set/imm 4, 0;
    %flag_or 4, 8;
    %store/vec4a v0x55d137d95890, 4, 5;
    %load/vec4 v0x55d137db7780_0;
    %load/vec4 v0x55d137db76a0_0;
    %concat/vec4; draw_concat_vec4
    %concati/vec4 5, 0, 3;
    %pad/u 18;
    %ix/vec4 4;
    %load/vec4a v0x55d137d95930, 4;
    %load/vec4 v0x55d137db76a0_0;
    %pad/u 12;
    %ix/vec4 4;
    %flag_mov 8, 4;
    %ix/load 5, 80, 0;
    %flag_set/imm 4, 0;
    %flag_or 4, 8;
    %store/vec4a v0x55d137d95890, 4, 5;
    %load/vec4 v0x55d137db7780_0;
    %load/vec4 v0x55d137db76a0_0;
    %concat/vec4; draw_concat_vec4
    %concati/vec4 6, 0, 3;
    %pad/u 18;
    %ix/vec4 4;
    %load/vec4a v0x55d137d95930, 4;
    %load/vec4 v0x55d137db76a0_0;
    %pad/u 12;
    %ix/vec4 4;
    %flag_mov 8, 4;
    %ix/load 5, 96, 0;
    %flag_set/imm 4, 0;
    %flag_or 4, 8;
    %store/vec4a v0x55d137d95890, 4, 5;
    %load/vec4 v0x55d137db7780_0;
    %load/vec4 v0x55d137db76a0_0;
    %concat/vec4; draw_concat_vec4
    %concati/vec4 7, 0, 3;
    %pad/u 18;
    %ix/vec4 4;
    %load/vec4a v0x55d137d95930, 4;
    %load/vec4 v0x55d137db76a0_0;
    %pad/u 12;
    %ix/vec4 4;
    %flag_mov 8, 4;
    %ix/load 5, 112, 0;
    %flag_set/imm 4, 0;
    %flag_or 4, 8;
    %store/vec4a v0x55d137d95890, 4, 5;
    %load/vec4 v0x55d137db7780_0;
    %load/vec4 v0x55d137db76a0_0;
    %pad/u 12;
    %ix/vec4 4;
    %store/vec4a v0x55d137db71c0, 4, 0;
    %pushi/vec4 1, 0, 1;
    %ix/getv 4, v0x55d137db76a0_0;
    %store/vec4 v0x55d137db7280_0, 4, 1;
    %load/vec4 v0x55d137db75c0_0;
    %cmpi/e 0, 0, 3;
    %jmp/0xz  T_1.60, 4;
    %load/vec4 v0x55d137db7420_0;
    %load/vec4 v0x55d137db76a0_0;
    %pad/u 12;
    %ix/vec4 4;
    %flag_mov 8, 4;
    %ix/load 5, 0, 0;
    %flag_set/imm 4, 0;
    %flag_or 4, 8;
    %store/vec4a v0x55d137d95890, 4, 5;
    %jmp T_1.61;
T_1.60 ;
    %load/vec4 v0x55d137db75c0_0;
    %cmpi/e 1, 0, 3;
    %jmp/0xz  T_1.62, 4;
    %load/vec4 v0x55d137db7420_0;
    %load/vec4 v0x55d137db76a0_0;
    %pad/u 12;
    %ix/vec4 4;
    %flag_mov 8, 4;
    %ix/load 5, 16, 0;
    %flag_set/imm 4, 0;
    %flag_or 4, 8;
    %store/vec4a v0x55d137d95890, 4, 5;
    %jmp T_1.63;
T_1.62 ;
    %load/vec4 v0x55d137db75c0_0;
    %cmpi/e 2, 0, 3;
    %jmp/0xz  T_1.64, 4;
    %load/vec4 v0x55d137db7420_0;
    %load/vec4 v0x55d137db76a0_0;
    %pad/u 12;
    %ix/vec4 4;
    %flag_mov 8, 4;
    %ix/load 5, 32, 0;
    %flag_set/imm 4, 0;
    %flag_or 4, 8;
    %store/vec4a v0x55d137d95890, 4, 5;
    %jmp T_1.65;
T_1.64 ;
    %load/vec4 v0x55d137db75c0_0;
    %cmpi/e 3, 0, 3;
    %jmp/0xz  T_1.66, 4;
    %load/vec4 v0x55d137db7420_0;
    %load/vec4 v0x55d137db76a0_0;
    %pad/u 12;
    %ix/vec4 4;
    %flag_mov 8, 4;
    %ix/load 5, 48, 0;
    %flag_set/imm 4, 0;
    %flag_or 4, 8;
    %store/vec4a v0x55d137d95890, 4, 5;
    %jmp T_1.67;
T_1.66 ;
    %load/vec4 v0x55d137db75c0_0;
    %cmpi/e 4, 0, 3;
    %jmp/0xz  T_1.68, 4;
    %load/vec4 v0x55d137db7420_0;
    %load/vec4 v0x55d137db76a0_0;
    %pad/u 12;
    %ix/vec4 4;
    %flag_mov 8, 4;
    %ix/load 5, 64, 0;
    %flag_set/imm 4, 0;
    %flag_or 4, 8;
    %store/vec4a v0x55d137d95890, 4, 5;
    %jmp T_1.69;
T_1.68 ;
    %load/vec4 v0x55d137db75c0_0;
    %cmpi/e 5, 0, 3;
    %jmp/0xz  T_1.70, 4;
    %load/vec4 v0x55d137db7420_0;
    %load/vec4 v0x55d137db76a0_0;
    %pad/u 12;
    %ix/vec4 4;
    %flag_mov 8, 4;
    %ix/load 5, 80, 0;
    %flag_set/imm 4, 0;
    %flag_or 4, 8;
    %store/vec4a v0x55d137d95890, 4, 5;
    %jmp T_1.71;
T_1.70 ;
    %load/vec4 v0x55d137db75c0_0;
    %cmpi/e 6, 0, 3;
    %jmp/0xz  T_1.72, 4;
    %load/vec4 v0x55d137db7420_0;
    %load/vec4 v0x55d137db76a0_0;
    %pad/u 12;
    %ix/vec4 4;
    %flag_mov 8, 4;
    %ix/load 5, 96, 0;
    %flag_set/imm 4, 0;
    %flag_or 4, 8;
    %store/vec4a v0x55d137d95890, 4, 5;
    %jmp T_1.73;
T_1.72 ;
    %load/vec4 v0x55d137db75c0_0;
    %cmpi/e 7, 0, 3;
    %jmp/0xz  T_1.74, 4;
    %load/vec4 v0x55d137db7420_0;
    %load/vec4 v0x55d137db76a0_0;
    %pad/u 12;
    %ix/vec4 4;
    %flag_mov 8, 4;
    %ix/load 5, 112, 0;
    %flag_set/imm 4, 0;
    %flag_or 4, 8;
    %store/vec4a v0x55d137d95890, 4, 5;
T_1.74 ;
T_1.73 ;
T_1.71 ;
T_1.69 ;
T_1.67 ;
T_1.65 ;
T_1.63 ;
T_1.61 ;
    %pushi/vec4 1, 0, 1;
    %ix/getv 4, v0x55d137db76a0_0;
    %store/vec4 v0x55d137db6ad0_0, 4, 1;
T_1.56 ;
T_1.39 ;
T_1.19 ;
T_1.1 ;
    %jmp T_1;
    .thread T_1, $push;
    .scope S_0x55d137d96a30;
T_2 ;
    %pushi/vec4 0, 0, 1;
    %store/vec4 v0x55d137db7a20_0, 0, 1;
    %delay 5, 0;
    %pushi/vec4 1, 0, 16;
    %store/vec4 v0x55d137db7940_0, 0, 16;
    %pushi/vec4 0, 0, 1;
    %store/vec4 v0x55d137db7c00_0, 0, 1;
    %pushi/vec4 183, 0, 16;
    %store/vec4 v0x55d137db7ca0_0, 0, 16;
    %delay 5, 0;
    %pushi/vec4 2, 0, 16;
    %store/vec4 v0x55d137db7940_0, 0, 16;
    %pushi/vec4 1, 0, 1;
    %store/vec4 v0x55d137db7c00_0, 0, 1;
    %pushi/vec4 183, 0, 16;
    %store/vec4 v0x55d137db7ca0_0, 0, 16;
    %delay 5, 0;
    %pushi/vec4 1, 0, 16;
    %store/vec4 v0x55d137db7940_0, 0, 16;
    %pushi/vec4 1, 0, 1;
    %store/vec4 v0x55d137db7c00_0, 0, 1;
    %pushi/vec4 44, 0, 16;
    %store/vec4 v0x55d137db7ca0_0, 0, 16;
    %delay 5, 0;
    %pushi/vec4 1, 0, 16;
    %store/vec4 v0x55d137db7940_0, 0, 16;
    %pushi/vec4 0, 0, 1;
    %store/vec4 v0x55d137db7c00_0, 0, 1;
    %pushi/vec4 183, 0, 16;
    %store/vec4 v0x55d137db7ca0_0, 0, 16;
    %delay 5, 0;
    %pushi/vec4 2, 0, 16;
    %store/vec4 v0x55d137db7940_0, 0, 16;
    %pushi/vec4 0, 0, 1;
    %store/vec4 v0x55d137db7c00_0, 0, 1;
    %pushi/vec4 183, 0, 16;
    %store/vec4 v0x55d137db7ca0_0, 0, 16;
    %delay 5, 0;
    %pushi/vec4 1, 0, 16;
    %store/vec4 v0x55d137db7940_0, 0, 16;
    %pushi/vec4 1, 0, 1;
    %store/vec4 v0x55d137db7c00_0, 0, 1;
    %pushi/vec4 18, 0, 16;
    %store/vec4 v0x55d137db7ca0_0, 0, 16;
    %delay 5, 0;
    %pushi/vec4 2, 0, 16;
    %store/vec4 v0x55d137db7940_0, 0, 16;
    %pushi/vec4 0, 0, 1;
    %store/vec4 v0x55d137db7c00_0, 0, 1;
    %pushi/vec4 183, 0, 16;
    %store/vec4 v0x55d137db7ca0_0, 0, 16;
    %delay 5, 0;
    %pushi/vec4 1, 0, 16;
    %store/vec4 v0x55d137db7940_0, 0, 16;
    %pushi/vec4 0, 0, 1;
    %store/vec4 v0x55d137db7c00_0, 0, 1;
    %pushi/vec4 183, 0, 16;
    %store/vec4 v0x55d137db7ca0_0, 0, 16;
    %end;
    .thread T_2;
    .scope S_0x55d137d96a30;
T_3 ;
    %delay 5, 0;
    %load/vec4 v0x55d137db7a20_0;
    %nor/r;
    %store/vec4 v0x55d137db7a20_0, 0, 1;
    %jmp T_3;
    .thread T_3;
    .scope S_0x55d137d96a30;
T_4 ;
    %vpi_call 2 33 "$monitor", $time, " - address = %h , readwriteEn = %h , writedata = %h , readhitmiss = %h , writehitmiss = %h , readdata = %h", v0x55d137db7940_0, v0x55d137db7c00_0, v0x55d137db7ca0_0, v0x55d137db7b60_0, v0x55d137db7d70_0, v0x55d137db7ac0_0 {0 0 0};
    %delay 40, 0;
    %vpi_call 2 34 "$finish" {0 0 0};
    %end;
    .thread T_4;
# The file index is used to find the file name in the following table.
:file_names 4;
    "N/A";
    "<interactive>";
    "instruction_tb.v";
    "./instruction.v";
